# JRE version: OpenJDK Runtime Environment Temurin-21.0.12.1+1 (21.0.12.1+1) (build 21.0.12.1+1-LTS)
# Java VM: OpenJDK 64-Bit Server VM Temurin-21.0.12.1+1 (21.0.12.1+1-LTS, mixed mode, sharing, tiered, compressed oops, compressed class ptrs, g1 gc, windows-amd64)
GC Precious Log:
 CardTable entry size: 512
 Card Set container configuration: InlinePtr #cards 5 size 8 Array Of Cards #cards 12 size 40 Howl #buckets 4 coarsen threshold 1843 Howl Bitmap #cards 512 size 80 coarsen threshold 460 Card regions per heap region 1 cards per card region 2048
 CPUs: 8 total, 8 available
 Memory: 5965M
 Large Page Support: Disabled
 NUMA Support: Disabled
 Compressed Oops: Enabled (32-bit)
 Heap Region Size: 1M
 Heap Min Capacity: 8M
 Heap Initial Capacity: 94M
 Heap Max Capacity: 1G
 Pre-touch: Disabled
 Parallel Workers: 8
 Concurrent Workers: 2
 Concurrent Refinement Workers: 8
 Periodic GC: Disabled
Heap:
 garbage-first heap   total 130048K, used 95881K [0x00000000c0000000, 0x0000000100000000)
  region size 1024K, 23 young (23552K), 5 survivors (5120K)
 Metaspace       used 75322K, committed 77312K, reserved 1179648K
  class space    used 10541K, committed 11520K, reserved 1048576K
GC Heap History (20 events):
Event: 114.476 GC heap before
{Heap before GC invocations=18 (full 0):
 garbage-first heap   total 91136K, used 80160K [0x00000000c0000000, 0x0000000100000000)
  region size 1024K, 36 young (36864K), 4 survivors (4096K)
 Metaspace       used 52371K, committed 54144K, reserved 1114112K
  class space    used 7515K, committed 8384K, reserved 1048576K
}
Event: 114.489 GC heap after
{Heap after GC invocations=19 (full 0):
 garbage-first heap   total 91136K, used 49370K [0x00000000c0000000, 0x0000000100000000)
  region size 1024K, 4 young (4096K), 4 survivors (4096K)
 Metaspace       used 52371K, committed 54144K, reserved 1114112K
  class space    used 7515K, committed 8384K, reserved 1048576K
}
Event: 122.928 GC heap before
{Heap before GC invocations=19 (full 0):
 garbage-first heap   total 91136K, used 75994K [0x00000000c0000000, 0x0000000100000000)
  region size 1024K, 31 young (31744K), 4 survivors (4096K)
 Metaspace       used 55431K, committed 57152K, reserved 1114112K
  class space    used 7912K, committed 8768K, reserved 1048576K
}
Event: 122.936 GC heap after
{Heap after GC invocations=20 (full 0):
 garbage-first heap   total 91136K, used 50659K [0x00000000c0000000, 0x0000000100000000)
  region size 1024K, 2 young (2048K), 2 survivors (2048K)
 Metaspace       used 55431K, committed 57152K, reserved 1114112K
  class space    used 7912K, committed 8768K, reserved 1048576K
}
Event: 134.880 GC heap before
{Heap before GC invocations=21 (full 0):
 garbage-first heap   total 91136K, used 89571K [0x00000000c0000000, 0x0000000100000000)
  region size 1024K, 32 young (32768K), 2 survivors (2048K)
 Metaspace       used 55831K, committed 57600K, reserved 1114112K
  class space    used 7969K, committed 8832K, reserved 1048576K
}
Event: 134.898 GC heap after
{Heap after GC invocations=22 (full 0):
 garbage-first heap   total 102400K, used 68236K [0x00000000c0000000, 0x0000000100000000)
  region size 1024K, 5 young (5120K), 5 survivors (5120K)
 Metaspace       used 55831K, committed 57600K, reserved 1114112K
  class space    used 7969K, committed 8832K, reserved 1048576K
}
Event: 139.726 GC heap before
{Heap before GC invocations=22 (full 0):
 garbage-first heap   total 102400K, used 92812K [0x00000000c0000000, 0x0000000100000000)
  region size 1024K, 28 young (28672K), 5 survivors (5120K)
 Metaspace       used 57348K, committed 59136K, reserved 1114112K
  class space    used 8142K, committed 9024K, reserved 1048576K
}
Event: 139.734 GC heap after
{Heap after GC invocations=23 (full 0):
 garbage-first heap   total 102400K, used 70440K [0x00000000c0000000, 0x0000000100000000)
  region size 1024K, 2 young (2048K), 2 survivors (2048K)
 Metaspace       used 57348K, committed 59136K, reserved 1114112K
  class space    used 8142K, committed 9024K, reserved 1048576K
}
Event: 143.690 GC heap before
{Heap before GC invocations=23 (full 0):
 garbage-first heap   total 102400K, used 91944K [0x00000000c0000000, 0x0000000100000000)
  region size 1024K, 24 young (24576K), 2 survivors (2048K)
 Metaspace       used 59710K, committed 61568K, reserved 1114112K
  class space    used 8407K, committed 9344K, reserved 1048576K
}
Event: 143.699 GC heap after
{Heap after GC invocations=24 (full 0):
 garbage-first heap   total 102400K, used 71229K [0x00000000c0000000, 0x0000000100000000)
  region size 1024K, 1 young (1024K), 1 survivors (1024K)
 Metaspace       used 59710K, committed 61568K, reserved 1114112K
  class space    used 8407K, committed 9344K, reserved 1048576K
}
Event: 146.515 GC heap before
{Heap before GC invocations=25 (full 0):
 garbage-first heap   total 119808K, used 93757K [0x00000000c0000000, 0x0000000100000000)
  region size 1024K, 23 young (23552K), 1 survivors (1024K)
 Metaspace       used 61794K, committed 63616K, reserved 1114112K
  class space    used 8703K, committed 9600K, reserved 1048576K
}
Event: 146.520 GC heap after
{Heap after GC invocations=26 (full 0):
 garbage-first heap   total 119808K, used 72050K [0x00000000c0000000, 0x0000000100000000)
  region size 1024K, 2 young (2048K), 2 survivors (2048K)
 Metaspace       used 61794K, committed 63616K, reserved 1114112K
  class space    used 8703K, committed 9600K, reserved 1048576K
}
Event: 150.586 GC heap before
{Heap before GC invocations=26 (full 0):
 garbage-first heap   total 119808K, used 111986K [0x00000000c0000000, 0x0000000100000000)
  region size 1024K, 36 young (36864K), 2 survivors (2048K)
 Metaspace       used 64678K, committed 66560K, reserved 1114112K
  class space    used 9138K, committed 10048K, reserved 1048576K
}
Event: 150.600 GC heap after
{Heap after GC invocations=27 (full 0):
 garbage-first heap   total 120832K, used 74958K [0x00000000c0000000, 0x0000000100000000)
  region size 1024K, 5 young (5120K), 5 survivors (5120K)
 Metaspace       used 64678K, committed 66560K, reserved 1114112K
  class space    used 9138K, committed 10048K, reserved 1048576K
}
Event: 156.160 GC heap before
{Heap before GC invocations=27 (full 0):
 garbage-first heap   total 120832K, used 107726K [0x00000000c0000000, 0x0000000100000000)
  region size 1024K, 37 young (37888K), 5 survivors (5120K)
 Metaspace       used 67379K, committed 69376K, reserved 1114112K
  class space    used 9460K, committed 10496K, reserved 1048576K
}
Event: 156.172 GC heap after
{Heap after GC invocations=28 (full 0):
 garbage-first heap   total 120832K, used 77144K [0x00000000c0000000, 0x0000000100000000)
  region size 1024K, 2 young (2048K), 2 survivors (2048K)
 Metaspace       used 67379K, committed 69376K, reserved 1114112K
  class space    used 9460K, committed 10496K, reserved 1048576K
}
Event: 165.547 GC heap before
{Heap before GC invocations=29 (full 0):
 garbage-first heap   total 130048K, used 108888K [0x00000000c0000000, 0x0000000100000000)
  region size 1024K, 33 young (33792K), 2 survivors (2048K)
 Metaspace       used 70674K, committed 72704K, reserved 1114112K
  class space    used 9881K, committed 10880K, reserved 1048576K
}
Event: 165.561 GC heap after
{Heap after GC invocations=30 (full 0):
 garbage-first heap   total 130048K, used 78443K [0x00000000c0000000, 0x0000000100000000)
  region size 1024K, 4 young (4096K), 4 survivors (4096K)
 Metaspace       used 70674K, committed 72704K, reserved 1114112K
  class space    used 9881K, committed 10880K, reserved 1048576K
}
Event: 178.724 GC heap before
{Heap before GC invocations=30 (full 0):
 garbage-first heap   total 130048K, used 116331K [0x00000000c0000000, 0x0000000100000000)
  region size 1024K, 41 young (41984K), 4 survivors (4096K)
 Metaspace       used 74020K, committed 76032K, reserved 1114112K
  class space    used 10364K, committed 11328K, reserved 1048576K
}
Event: 178.755 GC heap after
{Heap after GC invocations=31 (full 0):
 garbage-first heap   total 130048K, used 78473K [0x00000000c0000000, 0x0000000100000000)
  region size 1024K, 5 young (5120K), 5 survivors (5120K)
 Metaspace       used 74020K, committed 76032K, reserved 1114112K
  class space    used 10364K, committed 11328K, reserved 1048576K
}

