# JRE version: OpenJDK Runtime Environment Temurin-21.0.12.1+1 (21.0.12.1+1) (build 21.0.12.1+1-LTS)
# Java VM: OpenJDK 64-Bit Server VM Temurin-21.0.12.1+1 (21.0.12.1+1-LTS, mixed mode, sharing, tiered, compressed oops, compressed class ptrs, g1 gc, windows-amd64)
GC Precious Log:
 CardTable entry size: 512
 Card Set container configuration: InlinePtr #cards 5 size 8 Array Of Cards #cards 12 size 40 Howl #buckets 4 coarsen threshold 1843 Howl Bitmap #cards 512 size 80 coarsen threshold 460 Card regions per heap region 1 cards per card region 2048
 CPUs: 8 total, 8 available
 Memory: 5965M
 Large Page Support: Disabled
 NUMA Support: Disabled
 Compressed Oops: Enabled (32-bit)
 Heap Region Size: 1M
 Heap Min Capacity: 8M
 Heap Initial Capacity: 94M
 Heap Max Capacity: 1G
 Pre-touch: Disabled
 Parallel Workers: 8
 Concurrent Workers: 2
 Concurrent Refinement Workers: 8
 Periodic GC: Disabled
Heap:
 garbage-first heap   total 99328K, used 65739K [0x00000000c0000000, 0x0000000100000000)
  region size 1024K, 2 young (2048K), 1 survivors (1024K)
 Metaspace       used 56542K, committed 58368K, reserved 1114112K
  class space    used 8013K, committed 8896K, reserved 1048576K
GC Heap History (20 events):
Event: 187.626 GC heap before
{Heap before GC invocations=12 (full 0):
 garbage-first heap   total 89088K, used 78207K [0x00000000c0000000, 0x0000000100000000)
  region size 1024K, 45 young (46080K), 4 survivors (4096K)
 Metaspace       used 47260K, committed 48896K, reserved 1114112K
  class space    used 6888K, committed 7680K, reserved 1048576K
}
Event: 187.653 GC heap after
{Heap after GC invocations=13 (full 0):
 garbage-first heap   total 89088K, used 38178K [0x00000000c0000000, 0x0000000100000000)
  region size 1024K, 3 young (3072K), 3 survivors (3072K)
 Metaspace       used 47260K, committed 48896K, reserved 1114112K
  class space    used 6888K, committed 7680K, reserved 1048576K
}
Event: 225.537 GC heap before
{Heap before GC invocations=13 (full 0):
 garbage-first heap   total 89088K, used 79138K [0x00000000c0000000, 0x0000000100000000)
  region size 1024K, 44 young (45056K), 3 survivors (3072K)
 Metaspace       used 50307K, committed 52032K, reserved 1114112K
  class space    used 7280K, committed 8128K, reserved 1048576K
}
Event: 225.639 GC heap after
{Heap after GC invocations=14 (full 0):
 garbage-first heap   total 89088K, used 42211K [0x00000000c0000000, 0x0000000100000000)
  region size 1024K, 6 young (6144K), 6 survivors (6144K)
 Metaspace       used 50307K, committed 52032K, reserved 1114112K
  class space    used 7280K, committed 8128K, reserved 1048576K
}
Event: 235.708 GC heap before
{Heap before GC invocations=14 (full 0):
 garbage-first heap   total 89088K, used 78051K [0x00000000c0000000, 0x0000000100000000)
  region size 1024K, 42 young (43008K), 6 survivors (6144K)
 Metaspace       used 50873K, committed 52608K, reserved 1114112K
  class space    used 7307K, committed 8128K, reserved 1048576K
}
Event: 235.732 GC heap after
{Heap after GC invocations=15 (full 0):
 garbage-first heap   total 89088K, used 44974K [0x00000000c0000000, 0x0000000100000000)
  region size 1024K, 3 young (3072K), 3 survivors (3072K)
 Metaspace       used 50873K, committed 52608K, reserved 1114112K
  class space    used 7307K, committed 8128K, reserved 1048576K
}
Event: 252.162 GC heap before
{Heap before GC invocations=15 (full 0):
 garbage-first heap   total 89088K, used 78766K [0x00000000c0000000, 0x0000000100000000)
  region size 1024K, 37 young (37888K), 3 survivors (3072K)
 Metaspace       used 51077K, committed 52800K, reserved 1114112K
  class space    used 7308K, committed 8128K, reserved 1048576K
}
Event: 252.218 GC heap after
{Heap after GC invocations=16 (full 0):
 garbage-first heap   total 89088K, used 47022K [0x00000000c0000000, 0x0000000100000000)
  region size 1024K, 5 young (5120K), 5 survivors (5120K)
 Metaspace       used 51077K, committed 52800K, reserved 1114112K
  class space    used 7308K, committed 8128K, reserved 1048576K
}
Event: 254.182 GC heap before
{Heap before GC invocations=17 (full 0):
 garbage-first heap   total 89088K, used 77742K [0x00000000c0000000, 0x0000000100000000)
  region size 1024K, 36 young (36864K), 5 survivors (5120K)
 Metaspace       used 51120K, committed 52864K, reserved 1114112K
  class space    used 7309K, committed 8192K, reserved 1048576K
}
Event: 254.197 GC heap after
{Heap after GC invocations=18 (full 0):
 garbage-first heap   total 89088K, used 48123K [0x00000000c0000000, 0x0000000100000000)
  region size 1024K, 4 young (4096K), 4 survivors (4096K)
 Metaspace       used 51120K, committed 52864K, reserved 1114112K
  class space    used 7309K, committed 8192K, reserved 1048576K
}
Event: 255.803 GC heap before
{Heap before GC invocations=18 (full 0):
 garbage-first heap   total 89088K, used 78843K [0x00000000c0000000, 0x0000000100000000)
  region size 1024K, 34 young (34816K), 4 survivors (4096K)
 Metaspace       used 51122K, committed 52864K, reserved 1114112K
  class space    used 7309K, committed 8192K, reserved 1048576K
}
Event: 255.813 GC heap after
{Heap after GC invocations=19 (full 0):
 garbage-first heap   total 89088K, used 48814K [0x00000000c0000000, 0x0000000100000000)
  region size 1024K, 4 young (4096K), 4 survivors (4096K)
 Metaspace       used 51122K, committed 52864K, reserved 1114112K
  class space    used 7309K, committed 8192K, reserved 1048576K
}
Event: 266.393 GC heap before
{Heap before GC invocations=19 (full 0):
 garbage-first heap   total 89088K, used 77486K [0x00000000c0000000, 0x0000000100000000)
  region size 1024K, 33 young (33792K), 4 survivors (4096K)
 Metaspace       used 54502K, committed 56192K, reserved 1114112K
  class space    used 7772K, committed 8640K, reserved 1048576K
}
Event: 266.408 GC heap after
{Heap after GC invocations=20 (full 0):
 garbage-first heap   total 89088K, used 47880K [0x00000000c0000000, 0x0000000100000000)
  region size 1024K, 2 young (2048K), 2 survivors (2048K)
 Metaspace       used 54502K, committed 56192K, reserved 1114112K
  class space    used 7772K, committed 8640K, reserved 1048576K
}
Event: 285.725 GC heap before
{Heap before GC invocations=21 (full 0):
 garbage-first heap   total 89088K, used 86792K [0x00000000c0000000, 0x0000000100000000)
  region size 1024K, 32 young (32768K), 2 survivors (2048K)
 Metaspace       used 55722K, committed 57536K, reserved 1114112K
  class space    used 7932K, committed 8832K, reserved 1048576K
}
Event: 285.756 GC heap after
{Heap after GC invocations=22 (full 0):
 garbage-first heap   total 97280K, used 62737K [0x00000000c0000000, 0x0000000100000000)
  region size 1024K, 5 young (5120K), 5 survivors (5120K)
 Metaspace       used 55722K, committed 57536K, reserved 1114112K
  class space    used 7932K, committed 8832K, reserved 1048576K
}
Event: 296.577 GC heap before
{Heap before GC invocations=22 (full 0):
 garbage-first heap   total 97280K, used 85265K [0x00000000c0000000, 0x0000000100000000)
  region size 1024K, 27 young (27648K), 5 survivors (5120K)
 Metaspace       used 56115K, committed 57920K, reserved 1114112K
  class space    used 7963K, committed 8832K, reserved 1048576K
}
Event: 296.594 GC heap after
{Heap after GC invocations=23 (full 0):
 garbage-first heap   total 97280K, used 64602K [0x00000000c0000000, 0x0000000100000000)
  region size 1024K, 2 young (2048K), 2 survivors (2048K)
 Metaspace       used 56115K, committed 57920K, reserved 1114112K
  class space    used 7963K, committed 8832K, reserved 1048576K
}
Event: 298.657 GC heap before
{Heap before GC invocations=23 (full 0):
 garbage-first heap   total 97280K, used 68698K [0x00000000c0000000, 0x0000000100000000)
  region size 1024K, 8 young (8192K), 2 survivors (2048K)
 Metaspace       used 56532K, committed 58368K, reserved 1114112K
  class space    used 8011K, committed 8896K, reserved 1048576K
}
Event: 298.716 GC heap after
{Heap after GC invocations=24 (full 0):
 garbage-first heap   total 97280K, used 64715K [0x00000000c0000000, 0x0000000100000000)
  region size 1024K, 1 young (1024K), 1 survivors (1024K)
 Metaspace       used 56532K, committed 58368K, reserved 1114112K
  class space    used 8011K, committed 8896K, reserved 1048576K
}

