# JRE version: OpenJDK Runtime Environment Temurin-21.0.12.1+1 (21.0.12.1+1) (build 21.0.12.1+1-LTS)
# Java VM: OpenJDK 64-Bit Server VM Temurin-21.0.12.1+1 (21.0.12.1+1-LTS, mixed mode, sharing, tiered, compressed oops, compressed class ptrs, g1 gc, windows-amd64)
GC Precious Log:
 CardTable entry size: 512
 Card Set container configuration: InlinePtr #cards 5 size 8 Array Of Cards #cards 12 size 40 Howl #buckets 4 coarsen threshold 1843 Howl Bitmap #cards 512 size 80 coarsen threshold 460 Card regions per heap region 1 cards per card region 2048
 CPUs: 8 total, 8 available
 Memory: 5965M
 Large Page Support: Disabled
 NUMA Support: Disabled
 Compressed Oops: Enabled (32-bit)
 Heap Region Size: 1M
 Heap Min Capacity: 8M
 Heap Initial Capacity: 94M
 Heap Max Capacity: 1G
 Pre-touch: Disabled
 Parallel Workers: 8
 Concurrent Workers: 2
 Concurrent Refinement Workers: 8
 Periodic GC: Disabled
Heap:
 garbage-first heap   total 86016K, used 55468K [0x00000000c0000000, 0x0000000100000000)
  region size 1024K, 21 young (21504K), 6 survivors (6144K)
 Metaspace       used 50505K, committed 52224K, reserved 1114112K
  class space    used 7335K, committed 8192K, reserved 1048576K
GC Heap History (20 events):
Event: 6.063 GC heap before
{Heap before GC invocations=2 (full 0):
 garbage-first heap   total 96256K, used 54626K [0x00000000c0000000, 0x0000000100000000)
  region size 1024K, 47 young (48128K), 5 survivors (5120K)
 Metaspace       used 4580K, committed 4800K, reserved 1114112K
  class space    used 582K, committed 704K, reserved 1048576K
}
Event: 6.079 GC heap after
{Heap after GC invocations=3 (full 0):
 garbage-first heap   total 96256K, used 16407K [0x00000000c0000000, 0x0000000100000000)
  region size 1024K, 5 young (5120K), 5 survivors (5120K)
 Metaspace       used 4580K, committed 4800K, reserved 1114112K
  class space    used 582K, committed 704K, reserved 1048576K
}
Event: 13.734 GC heap before
{Heap before GC invocations=3 (full 0):
 garbage-first heap   total 96256K, used 68631K [0x00000000c0000000, 0x0000000100000000)
  region size 1024K, 56 young (57344K), 5 survivors (5120K)
 Metaspace       used 14788K, committed 15168K, reserved 1114112K
  class space    used 2066K, committed 2240K, reserved 1048576K
}
Event: 13.834 GC heap after
{Heap after GC invocations=4 (full 0):
 garbage-first heap   total 96256K, used 21788K [0x00000000c0000000, 0x0000000100000000)
  region size 1024K, 6 young (6144K), 6 survivors (6144K)
 Metaspace       used 14788K, committed 15168K, reserved 1114112K
  class space    used 2066K, committed 2240K, reserved 1048576K
}
Event: 19.199 GC heap before
{Heap before GC invocations=4 (full 0):
 garbage-first heap   total 96256K, used 67868K [0x00000000c0000000, 0x0000000100000000)
  region size 1024K, 52 young (53248K), 6 survivors (6144K)
 Metaspace       used 20865K, committed 21504K, reserved 1114112K
  class space    used 3084K, committed 3392K, reserved 1048576K
}
Event: 19.212 GC heap after
{Heap after GC invocations=5 (full 0):
 garbage-first heap   total 96256K, used 24654K [0x00000000c0000000, 0x0000000100000000)
  region size 1024K, 4 young (4096K), 4 survivors (4096K)
 Metaspace       used 20865K, committed 21504K, reserved 1114112K
  class space    used 3084K, committed 3392K, reserved 1048576K
}
Event: 26.906 GC heap before
{Heap before GC invocations=6 (full 0):
 garbage-first heap   total 86016K, used 71758K [0x00000000c0000000, 0x0000000100000000)
  region size 1024K, 50 young (51200K), 4 survivors (4096K)
 Metaspace       used 27115K, committed 28096K, reserved 1114112K
  class space    used 4053K, committed 4544K, reserved 1048576K
}
Event: 26.924 GC heap after
{Heap after GC invocations=7 (full 0):
 garbage-first heap   total 86016K, used 26829K [0x00000000c0000000, 0x0000000100000000)
  region size 1024K, 6 young (6144K), 6 survivors (6144K)
 Metaspace       used 27115K, committed 28096K, reserved 1114112K
  class space    used 4053K, committed 4544K, reserved 1048576K
}
Event: 32.681 GC heap before
{Heap before GC invocations=7 (full 0):
 garbage-first heap   total 86016K, used 68813K [0x00000000c0000000, 0x0000000100000000)
  region size 1024K, 48 young (49152K), 6 survivors (6144K)
 Metaspace       used 32500K, committed 33536K, reserved 1114112K
  class space    used 4634K, committed 5120K, reserved 1048576K
}
Event: 32.694 GC heap after
{Heap after GC invocations=8 (full 0):
 garbage-first heap   total 86016K, used 31161K [0x00000000c0000000, 0x0000000100000000)
  region size 1024K, 6 young (6144K), 6 survivors (6144K)
 Metaspace       used 32500K, committed 33536K, reserved 1114112K
  class space    used 4634K, committed 5120K, reserved 1048576K
}
Event: 39.543 GC heap before
{Heap before GC invocations=8 (full 0):
 garbage-first heap   total 86016K, used 63929K [0x00000000c0000000, 0x0000000100000000)
  region size 1024K, 34 young (34816K), 6 survivors (6144K)
 Metaspace       used 36125K, committed 37248K, reserved 1114112K
  class space    used 5149K, committed 5696K, reserved 1048576K
}
Event: 39.551 GC heap after
{Heap after GC invocations=9 (full 0):
 garbage-first heap   total 86016K, used 33587K [0x00000000c0000000, 0x0000000100000000)
  region size 1024K, 3 young (3072K), 3 survivors (3072K)
 Metaspace       used 36125K, committed 37248K, reserved 1114112K
  class space    used 5149K, committed 5696K, reserved 1048576K
}
Event: 42.277 GC heap before
{Heap before GC invocations=10 (full 0):
 garbage-first heap   total 86016K, used 72499K [0x00000000c0000000, 0x0000000100000000)
  region size 1024K, 41 young (41984K), 3 survivors (3072K)
 Metaspace       used 40358K, committed 41856K, reserved 1114112K
  class space    used 5872K, committed 6592K, reserved 1048576K
}
Event: 42.283 GC heap after
{Heap after GC invocations=11 (full 0):
 garbage-first heap   total 86016K, used 35874K [0x00000000c0000000, 0x0000000100000000)
  region size 1024K, 5 young (5120K), 5 survivors (5120K)
 Metaspace       used 40358K, committed 41856K, reserved 1114112K
  class space    used 5872K, committed 6592K, reserved 1048576K
}
Event: 46.129 GC heap before
{Heap before GC invocations=11 (full 0):
 garbage-first heap   total 86016K, used 75810K [0x00000000c0000000, 0x0000000100000000)
  region size 1024K, 43 young (44032K), 5 survivors (5120K)
 Metaspace       used 43589K, committed 45184K, reserved 1114112K
  class space    used 6294K, committed 7040K, reserved 1048576K
}
Event: 46.136 GC heap after
{Heap after GC invocations=12 (full 0):
 garbage-first heap   total 86016K, used 36467K [0x00000000c0000000, 0x0000000100000000)
  region size 1024K, 4 young (4096K), 4 survivors (4096K)
 Metaspace       used 43589K, committed 45184K, reserved 1114112K
  class space    used 6294K, committed 7040K, reserved 1048576K
}
Event: 55.434 GC heap before
{Heap before GC invocations=12 (full 0):
 garbage-first heap   total 86016K, used 75379K [0x00000000c0000000, 0x0000000100000000)
  region size 1024K, 42 young (43008K), 4 survivors (4096K)
 Metaspace       used 46887K, committed 48576K, reserved 1114112K
  class space    used 6851K, committed 7680K, reserved 1048576K
}
Event: 55.441 GC heap after
{Heap after GC invocations=13 (full 0):
 garbage-first heap   total 86016K, used 37767K [0x00000000c0000000, 0x0000000100000000)
  region size 1024K, 3 young (3072K), 3 survivors (3072K)
 Metaspace       used 46887K, committed 48576K, reserved 1114112K
  class space    used 6851K, committed 7680K, reserved 1048576K
}
Event: 60.691 GC heap before
{Heap before GC invocations=13 (full 0):
 garbage-first heap   total 86016K, used 75655K [0x00000000c0000000, 0x0000000100000000)
  region size 1024K, 41 young (41984K), 3 survivors (3072K)
 Metaspace       used 49848K, committed 51584K, reserved 1114112K
  class space    used 7246K, committed 8128K, reserved 1048576K
}
Event: 60.700 GC heap after
{Heap after GC invocations=14 (full 0):
 garbage-first heap   total 86016K, used 42156K [0x00000000c0000000, 0x0000000100000000)
  region size 1024K, 6 young (6144K), 6 survivors (6144K)
 Metaspace       used 49848K, committed 51584K, reserved 1114112K
  class space    used 7246K, committed 8128K, reserved 1048576K
}

