# JRE version: OpenJDK Runtime Environment Temurin-21.0.12.1+1 (21.0.12.1+1) (build 21.0.12.1+1-LTS)
# Java VM: OpenJDK 64-Bit Server VM Temurin-21.0.12.1+1 (21.0.12.1+1-LTS, mixed mode, sharing, tiered, compressed oops, compressed class ptrs, parallel gc, windows-amd64)
GC Precious Log:
 CardTable entry size: 512
 CPUs: 8 total, 8 available
 Memory: 5965M
 Large Page Support: Disabled
 NUMA Support: Disabled
 Compressed Oops: Enabled (32-bit)
 Alignments: Space 512K, Generation 512K, Heap 2M
 Heap Min Capacity: 100M
 Heap Initial Capacity: 100M
 Heap Max Capacity: 2G
 Pre-touch: Disabled
 Parallel Workers: 8
Heap:
 PSYoungGen      total 16384K, used 12698K [0x00000000d5580000, 0x00000000d6680000, 0x0000000100000000)
  eden space 15360K, 80% used [0x00000000d5580000,0x00000000d6186ac8,0x00000000d6480000)
  from space 1024K, 37% used [0x00000000d6580000,0x00000000d65e0000,0x00000000d6680000)
  to   space 1024K, 0% used [0x00000000d6480000,0x00000000d6480000,0x00000000d6580000)
 ParOldGen       total 76288K, used 75805K [0x0000000080000000, 0x0000000084a80000, 0x00000000d5580000)
  object space 76288K, 99% used [0x0000000080000000,0x0000000084a07580,0x0000000084a80000)
 Metaspace       used 70485K, committed 72256K, reserved 1114112K
  class space    used 8778K, committed 9536K, reserved 1048576K
GC Heap History (20 events):
Event: 584.182 GC heap before
{Heap before GC invocations=154 (full 3):
 PSYoungGen      total 17408K, used 17408K [0x00000000d5580000, 0x00000000d6800000, 0x0000000100000000)
  eden space 16896K, 100% used [0x00000000d5580000,0x00000000d6600000,0x00000000d6600000)
  from space 512K, 100% used [0x00000000d6780000,0x00000000d6800000,0x00000000d6800000)
  to   space 1024K, 0% used [0x00000000d6600000,0x00000000d6600000,0x00000000d6700000)
 ParOldGen       total 71168K, used 71131K [0x0000000080000000, 0x0000000084580000, 0x00000000d5580000)
  object space 71168K, 99% used [0x0000000080000000,0x0000000084576ce8,0x0000000084580000)
 Metaspace       used 69797K, committed 71424K, reserved 1114112K
  class space    used 8689K, committed 9408K, reserved 1048576K
}
Event: 584.189 GC heap after
{Heap after GC invocations=154 (full 3):
 PSYoungGen      total 17920K, used 764K [0x00000000d5580000, 0x00000000d6800000, 0x0000000100000000)
  eden space 16896K, 0% used [0x00000000d5580000,0x00000000d5580000,0x00000000d6600000)
  from space 1024K, 74% used [0x00000000d6600000,0x00000000d66bf2c0,0x00000000d6700000)
  to   space 1024K, 0% used [0x00000000d6700000,0x00000000d6700000,0x00000000d6800000)
 ParOldGen       total 71680K, used 71267K [0x0000000080000000, 0x0000000084600000, 0x00000000d5580000)
  object space 71680K, 99% used [0x0000000080000000,0x0000000084598cf8,0x0000000084600000)
 Metaspace       used 69797K, committed 71424K, reserved 1114112K
  class space    used 8689K, committed 9408K, reserved 1048576K
}
Event: 596.949 GC heap before
{Heap before GC invocations=155 (full 3):
 PSYoungGen      total 17920K, used 17660K [0x00000000d5580000, 0x00000000d6800000, 0x0000000100000000)
  eden space 16896K, 100% used [0x00000000d5580000,0x00000000d6600000,0x00000000d6600000)
  from space 1024K, 74% used [0x00000000d6600000,0x00000000d66bf2c0,0x00000000d6700000)
  to   space 1024K, 0% used [0x00000000d6700000,0x00000000d6700000,0x00000000d6800000)
 ParOldGen       total 71680K, used 71267K [0x0000000080000000, 0x0000000084600000, 0x00000000d5580000)
  object space 71680K, 99% used [0x0000000080000000,0x0000000084598cf8,0x0000000084600000)
 Metaspace       used 69971K, committed 71744K, reserved 1114112K
  class space    used 8708K, committed 9472K, reserved 1048576K
}
Event: 596.987 GC heap after
{Heap after GC invocations=155 (full 3):
 PSYoungGen      total 16384K, used 995K [0x00000000d5580000, 0x00000000d6b00000, 0x0000000100000000)
  eden space 15360K, 0% used [0x00000000d5580000,0x00000000d5580000,0x00000000d6480000)
  from space 1024K, 97% used [0x00000000d6700000,0x00000000d67f8cb0,0x00000000d6800000)
  to   space 2560K, 0% used [0x00000000d6480000,0x00000000d6480000,0x00000000d6700000)
 ParOldGen       total 72192K, used 72144K [0x0000000080000000, 0x0000000084680000, 0x00000000d5580000)
  object space 72192K, 99% used [0x0000000080000000,0x0000000084674118,0x0000000084680000)
 Metaspace       used 69971K, committed 71744K, reserved 1114112K
  class space    used 8708K, committed 9472K, reserved 1048576K
}
Event: 601.515 GC heap before
{Heap before GC invocations=156 (full 3):
 PSYoungGen      total 16384K, used 16144K [0x00000000d5580000, 0x00000000d6b00000, 0x0000000100000000)
  eden space 15360K, 98% used [0x00000000d5580000,0x00000000d644b428,0x00000000d6480000)
  from space 1024K, 97% used [0x00000000d6700000,0x00000000d67f8cb0,0x00000000d6800000)
  to   space 2560K, 0% used [0x00000000d6480000,0x00000000d6480000,0x00000000d6700000)
 ParOldGen       total 72192K, used 72144K [0x0000000080000000, 0x0000000084680000, 0x00000000d5580000)
  object space 72192K, 99% used [0x0000000080000000,0x0000000084674118,0x0000000084680000)
 Metaspace       used 69979K, committed 71744K, reserved 1114112K
  class space    used 8708K, committed 9472K, reserved 1048576K
}
Event: 601.577 GC heap after
{Heap after GC invocations=156 (full 3):
 PSYoungGen      total 17408K, used 1742K [0x00000000d5580000, 0x00000000d6880000, 0x0000000100000000)
  eden space 15360K, 0% used [0x00000000d5580000,0x00000000d5580000,0x00000000d6480000)
  from space 2048K, 85% used [0x00000000d6480000,0x00000000d6633998,0x00000000d6680000)
  to   space 2048K, 0% used [0x00000000d6680000,0x00000000d6680000,0x00000000d6880000)
 ParOldGen       total 73216K, used 72884K [0x0000000080000000, 0x0000000084780000, 0x00000000d5580000)
  object space 73216K, 99% used [0x0000000080000000,0x000000008472d168,0x0000000084780000)
 Metaspace       used 69979K, committed 71744K, reserved 1114112K
  class space    used 8708K, committed 9472K, reserved 1048576K
}
Event: 608.801 GC heap before
{Heap before GC invocations=157 (full 3):
 PSYoungGen      total 17408K, used 17102K [0x00000000d5580000, 0x00000000d6880000, 0x0000000100000000)
  eden space 15360K, 99% used [0x00000000d5580000,0x00000000d647ffa8,0x00000000d6480000)
  from space 2048K, 85% used [0x00000000d6480000,0x00000000d6633998,0x00000000d6680000)
  to   space 2048K, 0% used [0x00000000d6680000,0x00000000d6680000,0x00000000d6880000)
 ParOldGen       total 73216K, used 72884K [0x0000000080000000, 0x0000000084780000, 0x00000000d5580000)
  object space 73216K, 99% used [0x0000000080000000,0x000000008472d168,0x0000000084780000)
 Metaspace       used 70227K, committed 71936K, reserved 1114112K
  class space    used 8743K, committed 9472K, reserved 1048576K
}
Event: 608.818 GC heap after
{Heap after GC invocations=157 (full 3):
 PSYoungGen      total 16896K, used 1392K [0x00000000d5580000, 0x00000000d6800000, 0x0000000100000000)
  eden space 15360K, 0% used [0x00000000d5580000,0x00000000d5580000,0x00000000d6480000)
  from space 1536K, 90% used [0x00000000d6680000,0x00000000d67dc010,0x00000000d6800000)
  to   space 1536K, 0% used [0x00000000d6500000,0x00000000d6500000,0x00000000d6680000)
 ParOldGen       total 73728K, used 73581K [0x0000000080000000, 0x0000000084800000, 0x00000000d5580000)
  object space 73728K, 99% used [0x0000000080000000,0x00000000847db580,0x0000000084800000)
 Metaspace       used 70227K, committed 71936K, reserved 1114112K
  class space    used 8743K, committed 9472K, reserved 1048576K
}
Event: 611.508 GC heap before
{Heap before GC invocations=158 (full 3):
 PSYoungGen      total 16896K, used 16752K [0x00000000d5580000, 0x00000000d6800000, 0x0000000100000000)
  eden space 15360K, 99% used [0x00000000d5580000,0x00000000d647fff8,0x00000000d6480000)
  from space 1536K, 90% used [0x00000000d6680000,0x00000000d67dc010,0x00000000d6800000)
  to   space 1536K, 0% used [0x00000000d6500000,0x00000000d6500000,0x00000000d6680000)
 ParOldGen       total 73728K, used 73581K [0x0000000080000000, 0x0000000084800000, 0x00000000d5580000)
  object space 73728K, 99% used [0x0000000080000000,0x00000000847db580,0x0000000084800000)
 Metaspace       used 70236K, committed 71936K, reserved 1114112K
  class space    used 8743K, committed 9472K, reserved 1048576K
}
Event: 611.563 GC heap after
{Heap after GC invocations=158 (full 3):
 PSYoungGen      total 15872K, used 256K [0x00000000d5580000, 0x00000000d6700000, 0x0000000100000000)
  eden space 15360K, 0% used [0x00000000d5580000,0x00000000d5580000,0x00000000d6480000)
  from space 512K, 50% used [0x00000000d6500000,0x00000000d6540000,0x00000000d6580000)
  to   space 1024K, 0% used [0x00000000d6600000,0x00000000d6600000,0x00000000d6700000)
 ParOldGen       total 75264K, used 74785K [0x0000000080000000, 0x0000000084980000, 0x00000000d5580000)
  object space 75264K, 99% used [0x0000000080000000,0x00000000849085b0,0x0000000084980000)
 Metaspace       used 70236K, committed 71936K, reserved 1114112K
  class space    used 8743K, committed 9472K, reserved 1048576K
}
Event: 615.710 GC heap before
{Heap before GC invocations=159 (full 3):
 PSYoungGen      total 15872K, used 15616K [0x00000000d5580000, 0x00000000d6700000, 0x0000000100000000)
  eden space 15360K, 100% used [0x00000000d5580000,0x00000000d6480000,0x00000000d6480000)
  from space 512K, 50% used [0x00000000d6500000,0x00000000d6540000,0x00000000d6580000)
  to   space 1024K, 0% used [0x00000000d6600000,0x00000000d6600000,0x00000000d6700000)
 ParOldGen       total 75264K, used 74785K [0x0000000080000000, 0x0000000084980000, 0x00000000d5580000)
  object space 75264K, 99% used [0x0000000080000000,0x00000000849085b0,0x0000000084980000)
 Metaspace       used 70240K, committed 71936K, reserved 1114112K
  class space    used 8743K, committed 9472K, reserved 1048576K
}
Event: 615.724 GC heap after
{Heap after GC invocations=159 (full 3):
 PSYoungGen      total 16384K, used 640K [0x00000000d5580000, 0x00000000d6700000, 0x0000000100000000)
  eden space 15360K, 0% used [0x00000000d5580000,0x00000000d5580000,0x00000000d6480000)
  from space 1024K, 62% used [0x00000000d6600000,0x00000000d66a0000,0x00000000d6700000)
  to   space 1024K, 0% used [0x00000000d6500000,0x00000000d6500000,0x00000000d6600000)
 ParOldGen       total 75264K, used 74913K [0x0000000080000000, 0x0000000084980000, 0x00000000d5580000)
  object space 75264K, 99% used [0x0000000080000000,0x00000000849285e0,0x0000000084980000)
 Metaspace       used 70240K, committed 71936K, reserved 1114112K
  class space    used 8743K, committed 9472K, reserved 1048576K
}
Event: 620.279 GC heap before
{Heap before GC invocations=160 (full 3):
 PSYoungGen      total 16384K, used 16000K [0x00000000d5580000, 0x00000000d6700000, 0x0000000100000000)
  eden space 15360K, 100% used [0x00000000d5580000,0x00000000d6480000,0x00000000d6480000)
  from space 1024K, 62% used [0x00000000d6600000,0x00000000d66a0000,0x00000000d6700000)
  to   space 1024K, 0% used [0x00000000d6500000,0x00000000d6500000,0x00000000d6600000)
 ParOldGen       total 75264K, used 74913K [0x0000000080000000, 0x0000000084980000, 0x00000000d5580000)
  object space 75264K, 99% used [0x0000000080000000,0x00000000849285e0,0x0000000084980000)
 Metaspace       used 70240K, committed 71936K, reserved 1114112K
  class space    used 8743K, committed 9472K, reserved 1048576K
}
Event: 620.291 GC heap after
{Heap after GC invocations=160 (full 3):
 PSYoungGen      total 16384K, used 768K [0x00000000d5580000, 0x00000000d6680000, 0x0000000100000000)
  eden space 15360K, 0% used [0x00000000d5580000,0x00000000d5580000,0x00000000d6480000)
  from space 1024K, 75% used [0x00000000d6500000,0x00000000d65c0000,0x00000000d6600000)
  to   space 512K, 0% used [0x00000000d6600000,0x00000000d6600000,0x00000000d6680000)
 ParOldGen       total 75264K, used 75021K [0x0000000080000000, 0x0000000084980000, 0x00000000d5580000)
  object space 75264K, 99% used [0x0000000080000000,0x00000000849435f0,0x0000000084980000)
 Metaspace       used 70240K, committed 71936K, reserved 1114112K
  class space    used 8743K, committed 9472K, reserved 1048576K
}
Event: 624.841 GC heap before
{Heap before GC invocations=161 (full 3):
 PSYoungGen      total 16384K, used 16128K [0x00000000d5580000, 0x00000000d6680000, 0x0000000100000000)
  eden space 15360K, 100% used [0x00000000d5580000,0x00000000d6480000,0x00000000d6480000)
  from space 1024K, 75% used [0x00000000d6500000,0x00000000d65c0000,0x00000000d6600000)
  to   space 512K, 0% used [0x00000000d6600000,0x00000000d6600000,0x00000000d6680000)
 ParOldGen       total 75264K, used 75021K [0x0000000080000000, 0x0000000084980000, 0x00000000d5580000)
  object space 75264K, 99% used [0x0000000080000000,0x00000000849435f0,0x0000000084980000)
 Metaspace       used 70240K, committed 71936K, reserved 1114112K
  class space    used 8743K, committed 9472K, reserved 1048576K
}
Event: 624.852 GC heap after
{Heap after GC invocations=161 (full 3):
 PSYoungGen      total 15872K, used 512K [0x00000000d5580000, 0x00000000d6680000, 0x0000000100000000)
  eden space 15360K, 0% used [0x00000000d5580000,0x00000000d5580000,0x00000000d6480000)
  from space 512K, 100% used [0x00000000d6600000,0x00000000d6680000,0x00000000d6680000)
  to   space 1024K, 0% used [0x00000000d6480000,0x00000000d6480000,0x00000000d6580000)
 ParOldGen       total 75264K, used 75248K [0x0000000080000000, 0x0000000084980000, 0x00000000d5580000)
  object space 75264K, 99% used [0x0000000080000000,0x000000008497c180,0x0000000084980000)
 Metaspace       used 70240K, committed 71936K, reserved 1114112K
  class space    used 8743K, committed 9472K, reserved 1048576K
}
Event: 630.763 GC heap before
{Heap before GC invocations=162 (full 3):
 PSYoungGen      total 15872K, used 15872K [0x00000000d5580000, 0x00000000d6680000, 0x0000000100000000)
  eden space 15360K, 100% used [0x00000000d5580000,0x00000000d6480000,0x00000000d6480000)
  from space 512K, 100% used [0x00000000d6600000,0x00000000d6680000,0x00000000d6680000)
  to   space 1024K, 0% used [0x00000000d6480000,0x00000000d6480000,0x00000000d6580000)
 ParOldGen       total 75264K, used 75248K [0x0000000080000000, 0x0000000084980000, 0x00000000d5580000)
  object space 75264K, 99% used [0x0000000080000000,0x000000008497c180,0x0000000084980000)
 Metaspace       used 70241K, committed 71936K, reserved 1114112K
  class space    used 8743K, committed 9472K, reserved 1048576K
}
Event: 630.823 GC heap after
{Heap after GC invocations=162 (full 3):
 PSYoungGen      total 16384K, used 860K [0x00000000d5580000, 0x00000000d6680000, 0x0000000100000000)
  eden space 15360K, 0% used [0x00000000d5580000,0x00000000d5580000,0x00000000d6480000)
  from space 1024K, 84% used [0x00000000d6480000,0x00000000d65572c0,0x00000000d6580000)
  to   space 1024K, 0% used [0x00000000d6580000,0x00000000d6580000,0x00000000d6680000)
 ParOldGen       total 75264K, used 75248K [0x0000000080000000, 0x0000000084980000, 0x00000000d5580000)
  object space 75264K, 99% used [0x0000000080000000,0x000000008497c180,0x0000000084980000)
 Metaspace       used 70241K, committed 71936K, reserved 1114112K
  class space    used 8743K, committed 9472K, reserved 1048576K
}
Event: 633.448 GC heap before
{Heap before GC invocations=163 (full 3):
 PSYoungGen      total 16384K, used 16220K [0x00000000d5580000, 0x00000000d6680000, 0x0000000100000000)
  eden space 15360K, 100% used [0x00000000d5580000,0x00000000d6480000,0x00000000d6480000)
  from space 1024K, 84% used [0x00000000d6480000,0x00000000d65572c0,0x00000000d6580000)
  to   space 1024K, 0% used [0x00000000d6580000,0x00000000d6580000,0x00000000d6680000)
 ParOldGen       total 75264K, used 75248K [0x0000000080000000, 0x0000000084980000, 0x00000000d5580000)
  object space 75264K, 99% used [0x0000000080000000,0x000000008497c180,0x0000000084980000)
 Metaspace       used 70286K, committed 72000K, reserved 1114112K
  class space    used 8750K, committed 9472K, reserved 1048576K
}
Event: 633.458 GC heap after
{Heap after GC invocations=163 (full 3):
 PSYoungGen      total 16384K, used 384K [0x00000000d5580000, 0x00000000d6680000, 0x0000000100000000)
  eden space 15360K, 0% used [0x00000000d5580000,0x00000000d5580000,0x00000000d6480000)
  from space 1024K, 37% used [0x00000000d6580000,0x00000000d65e0000,0x00000000d6680000)
  to   space 1024K, 0% used [0x00000000d6480000,0x00000000d6480000,0x00000000d6580000)
 ParOldGen       total 76288K, used 75805K [0x0000000080000000, 0x0000000084a80000, 0x00000000d5580000)
  object space 76288K, 99% used [0x0000000080000000,0x0000000084a07580,0x0000000084a80000)
 Metaspace       used 70286K, committed 72000K, reserved 1114112K
  class space    used 8750K, committed 9472K, reserved 1048576K
}

