# JRE version: OpenJDK Runtime Environment Temurin-21.0.12.1+1 (21.0.12.1+1) (build 21.0.12.1+1-LTS)
# Java VM: OpenJDK 64-Bit Server VM Temurin-21.0.12.1+1 (21.0.12.1+1-LTS, mixed mode, sharing, tiered, compressed oops, compressed class ptrs, g1 gc, windows-amd64)
GC Precious Log:
 CardTable entry size: 512
 Card Set container configuration: InlinePtr #cards 5 size 8 Array Of Cards #cards 12 size 40 Howl #buckets 4 coarsen threshold 1843 Howl Bitmap #cards 512 size 80 coarsen threshold 460 Card regions per heap region 1 cards per card region 2048
 CPUs: 8 total, 8 available
 Memory: 5965M
 Large Page Support: Disabled
 NUMA Support: Disabled
 Compressed Oops: Enabled (32-bit)
 Heap Region Size: 1M
 Heap Min Capacity: 8M
 Heap Initial Capacity: 94M
 Heap Max Capacity: 1G
 Pre-touch: Disabled
 Parallel Workers: 8
 Concurrent Workers: 2
 Concurrent Refinement Workers: 8
 Periodic GC: Disabled
Heap:
 garbage-first heap   total 86016K, used 62021K [0x00000000c0000000, 0x0000000100000000)
  region size 1024K, 31 young (31744K), 5 survivors (5120K)
 Metaspace       used 44635K, committed 46272K, reserved 1114112K
  class space    used 6460K, committed 7232K, reserved 1048576K
GC Heap History (20 events):
Event: 29.188 GC heap before
{Heap before GC invocations=1 (full 0):
 garbage-first heap   total 96256K, used 39552K [0x00000000c0000000, 0x0000000100000000)
  region size 1024K, 36 young (36864K), 2 survivors (2048K)
 Metaspace       used 4388K, committed 4544K, reserved 1114112K
  class space    used 556K, committed 640K, reserved 1048576K
}
Event: 29.391 GC heap after
{Heap after GC invocations=2 (full 0):
 garbage-first heap   total 96256K, used 10536K [0x00000000c0000000, 0x0000000100000000)
  region size 1024K, 5 young (5120K), 5 survivors (5120K)
 Metaspace       used 4388K, committed 4544K, reserved 1114112K
  class space    used 556K, committed 640K, reserved 1048576K
}
Event: 37.576 GC heap before
{Heap before GC invocations=2 (full 0):
 garbage-first heap   total 96256K, used 42280K [0x00000000c0000000, 0x0000000100000000)
  region size 1024K, 36 young (36864K), 5 survivors (5120K)
 Metaspace       used 4441K, committed 4608K, reserved 1114112K
  class space    used 556K, committed 640K, reserved 1048576K
}
Event: 37.590 GC heap after
{Heap after GC invocations=3 (full 0):
 garbage-first heap   total 96256K, used 11882K [0x00000000c0000000, 0x0000000100000000)
  region size 1024K, 1 young (1024K), 1 survivors (1024K)
 Metaspace       used 4441K, committed 4608K, reserved 1114112K
  class space    used 556K, committed 640K, reserved 1048576K
}
Event: 70.633 GC heap before
{Heap before GC invocations=3 (full 0):
 garbage-first heap   total 96256K, used 53866K [0x00000000c0000000, 0x0000000100000000)
  region size 1024K, 41 young (41984K), 1 survivors (1024K)
 Metaspace       used 10659K, committed 11072K, reserved 1114112K
  class space    used 1443K, committed 1664K, reserved 1048576K
}
Event: 70.831 GC heap after
{Heap after GC invocations=4 (full 0):
 garbage-first heap   total 96256K, used 19766K [0x00000000c0000000, 0x0000000100000000)
  region size 1024K, 6 young (6144K), 6 survivors (6144K)
 Metaspace       used 10659K, committed 11072K, reserved 1114112K
  class space    used 1443K, committed 1664K, reserved 1048576K
}
Event: 79.077 GC heap before
{Heap before GC invocations=4 (full 0):
 garbage-first heap   total 96256K, used 49462K [0x00000000c0000000, 0x0000000100000000)
  region size 1024K, 36 young (36864K), 6 survivors (6144K)
 Metaspace       used 16014K, committed 16448K, reserved 1114112K
  class space    used 2235K, committed 2432K, reserved 1048576K
}
Event: 79.089 GC heap after
{Heap after GC invocations=5 (full 0):
 garbage-first heap   total 96256K, used 21956K [0x00000000c0000000, 0x0000000100000000)
  region size 1024K, 2 young (2048K), 2 survivors (2048K)
 Metaspace       used 16014K, committed 16448K, reserved 1114112K
  class space    used 2235K, committed 2432K, reserved 1048576K
}
Event: 87.304 GC heap before
{Heap before GC invocations=5 (full 0):
 garbage-first heap   total 96256K, used 57796K [0x00000000c0000000, 0x0000000100000000)
  region size 1024K, 39 young (39936K), 2 survivors (2048K)
 Metaspace       used 20811K, committed 21504K, reserved 1114112K
  class space    used 3063K, committed 3392K, reserved 1048576K
}
Event: 87.317 GC heap after
{Heap after GC invocations=6 (full 0):
 garbage-first heap   total 96256K, used 24435K [0x00000000c0000000, 0x0000000100000000)
  region size 1024K, 5 young (5120K), 5 survivors (5120K)
 Metaspace       used 20811K, committed 21504K, reserved 1114112K
  class space    used 3063K, committed 3392K, reserved 1048576K
}
Event: 98.111 GC heap before
{Heap before GC invocations=7 (full 0):
 garbage-first heap   total 86016K, used 70515K [0x00000000c0000000, 0x0000000100000000)
  region size 1024K, 50 young (51200K), 5 survivors (5120K)
 Metaspace       used 27138K, committed 28160K, reserved 1114112K
  class space    used 4051K, committed 4544K, reserved 1048576K
}
Event: 98.123 GC heap after
{Heap after GC invocations=8 (full 0):
 garbage-first heap   total 86016K, used 27014K [0x00000000c0000000, 0x0000000100000000)
  region size 1024K, 6 young (6144K), 6 survivors (6144K)
 Metaspace       used 27138K, committed 28160K, reserved 1114112K
  class space    used 4051K, committed 4544K, reserved 1048576K
}
Event: 109.150 GC heap before
{Heap before GC invocations=8 (full 0):
 garbage-first heap   total 86016K, used 67974K [0x00000000c0000000, 0x0000000100000000)
  region size 1024K, 47 young (48128K), 6 survivors (6144K)
 Metaspace       used 32400K, committed 33344K, reserved 1114112K
  class space    used 4611K, committed 5056K, reserved 1048576K
}
Event: 109.173 GC heap after
{Heap after GC invocations=9 (full 0):
 garbage-first heap   total 86016K, used 31192K [0x00000000c0000000, 0x0000000100000000)
  region size 1024K, 6 young (6144K), 6 survivors (6144K)
 Metaspace       used 32400K, committed 33344K, reserved 1114112K
  class space    used 4611K, committed 5056K, reserved 1048576K
}
Event: 117.224 GC heap before
{Heap before GC invocations=9 (full 0):
 garbage-first heap   total 86016K, used 51672K [0x00000000c0000000, 0x0000000100000000)
  region size 1024K, 27 young (27648K), 6 survivors (6144K)
 Metaspace       used 34900K, committed 35968K, reserved 1114112K
  class space    used 5035K, committed 5568K, reserved 1048576K
}
Event: 117.236 GC heap after
{Heap after GC invocations=10 (full 0):
 garbage-first heap   total 86016K, used 33245K [0x00000000c0000000, 0x0000000100000000)
  region size 1024K, 2 young (2048K), 2 survivors (2048K)
 Metaspace       used 34900K, committed 35968K, reserved 1114112K
  class space    used 5035K, committed 5568K, reserved 1048576K
}
Event: 124.386 GC heap before
{Heap before GC invocations=11 (full 0):
 garbage-first heap   total 86016K, used 78301K [0x00000000c0000000, 0x0000000100000000)
  region size 1024K, 41 young (41984K), 2 survivors (2048K)
 Metaspace       used 39565K, committed 40960K, reserved 1114112K
  class space    used 5731K, committed 6400K, reserved 1048576K
}
Event: 124.393 GC heap after
{Heap after GC invocations=12 (full 0):
 garbage-first heap   total 86016K, used 35319K [0x00000000c0000000, 0x0000000100000000)
  region size 1024K, 4 young (4096K), 4 survivors (4096K)
 Metaspace       used 39565K, committed 40960K, reserved 1114112K
  class space    used 5731K, committed 6400K, reserved 1048576K
}
Event: 134.172 GC heap before
{Heap before GC invocations=12 (full 0):
 garbage-first heap   total 86016K, used 76279K [0x00000000c0000000, 0x0000000100000000)
  region size 1024K, 42 young (43008K), 4 survivors (4096K)
 Metaspace       used 43653K, committed 45184K, reserved 1114112K
  class space    used 6291K, committed 7040K, reserved 1048576K
}
Event: 134.245 GC heap after
{Heap after GC invocations=13 (full 0):
 garbage-first heap   total 86016K, used 36421K [0x00000000c0000000, 0x0000000100000000)
  region size 1024K, 5 young (5120K), 5 survivors (5120K)
 Metaspace       used 43653K, committed 45184K, reserved 1114112K
  class space    used 6291K, committed 7040K, reserved 1048576K
}

