# JRE version: OpenJDK Runtime Environment Temurin-21.0.12.1+1 (21.0.12.1+1) (build 21.0.12.1+1-LTS)
# Java VM: OpenJDK 64-Bit Server VM Temurin-21.0.12.1+1 (21.0.12.1+1-LTS, mixed mode, sharing, tiered, compressed oops, compressed class ptrs, g1 gc, windows-amd64)
GC Precious Log:
 CardTable entry size: 512
 Card Set container configuration: InlinePtr #cards 5 size 8 Array Of Cards #cards 12 size 40 Howl #buckets 4 coarsen threshold 1843 Howl Bitmap #cards 512 size 80 coarsen threshold 460 Card regions per heap region 1 cards per card region 2048
 CPUs: 8 total, 8 available
 Memory: 5965M
 Large Page Support: Disabled
 NUMA Support: Disabled
 Compressed Oops: Enabled (32-bit)
 Heap Region Size: 1M
 Heap Min Capacity: 8M
 Heap Initial Capacity: 94M
 Heap Max Capacity: 1G
 Pre-touch: Disabled
 Parallel Workers: 8
 Concurrent Workers: 2
 Concurrent Refinement Workers: 8
 Periodic GC: Disabled
Heap:
 garbage-first heap   total 203776K, used 173079K [0x00000000c0000000, 0x0000000100000000)
  region size 1024K, 46 young (47104K), 8 survivors (8192K)
 Metaspace       used 111571K, committed 114176K, reserved 1179648K
  class space    used 15700K, committed 17024K, reserved 1048576K
GC Heap History (20 events):
Event: 186.971 GC heap before
{Heap before GC invocations=43 (full 0):
 garbage-first heap   total 148480K, used 95406K [0x00000000c0000000, 0x0000000100000000)
  region size 1024K, 9 young (9216K), 7 survivors (7168K)
 Metaspace       used 94859K, committed 97152K, reserved 1179648K
  class space    used 13397K, committed 14528K, reserved 1048576K
}
Event: 186.996 GC heap after
{Heap after GC invocations=44 (full 0):
 garbage-first heap   total 148480K, used 95870K [0x00000000c0000000, 0x0000000100000000)
  region size 1024K, 2 young (2048K), 2 survivors (2048K)
 Metaspace       used 94859K, committed 97152K, reserved 1179648K
  class space    used 13397K, committed 14528K, reserved 1048576K
}
Event: 192.654 GC heap before
{Heap before GC invocations=45 (full 0):
 garbage-first heap   total 163840K, used 138878K [0x00000000c0000000, 0x0000000100000000)
  region size 1024K, 43 young (44032K), 2 survivors (2048K)
 Metaspace       used 96915K, committed 99264K, reserved 1179648K
  class space    used 13682K, committed 14848K, reserved 1048576K
}
Event: 192.726 GC heap after
{Heap after GC invocations=46 (full 0):
 garbage-first heap   total 163840K, used 99369K [0x00000000c0000000, 0x0000000100000000)
  region size 1024K, 4 young (4096K), 4 survivors (4096K)
 Metaspace       used 96915K, committed 99264K, reserved 1179648K
  class space    used 13682K, committed 14848K, reserved 1048576K
}
Event: 201.911 GC heap before
{Heap before GC invocations=46 (full 0):
 garbage-first heap   total 163840K, used 150569K [0x00000000c0000000, 0x0000000100000000)
  region size 1024K, 54 young (55296K), 4 survivors (4096K)
 Metaspace       used 99263K, committed 101568K, reserved 1179648K
  class space    used 13986K, committed 15104K, reserved 1048576K
}
Event: 201.932 GC heap after
{Heap after GC invocations=47 (full 0):
 garbage-first heap   total 163840K, used 104063K [0x00000000c0000000, 0x0000000100000000)
  region size 1024K, 7 young (7168K), 7 survivors (7168K)
 Metaspace       used 99263K, committed 101568K, reserved 1179648K
  class space    used 13986K, committed 15104K, reserved 1048576K
}
Event: 209.928 GC heap before
{Heap before GC invocations=47 (full 0):
 garbage-first heap   total 163840K, used 151167K [0x00000000c0000000, 0x0000000100000000)
  region size 1024K, 53 young (54272K), 7 survivors (7168K)
 Metaspace       used 101327K, committed 103616K, reserved 1179648K
  class space    used 14269K, committed 15424K, reserved 1048576K
}
Event: 209.958 GC heap after
{Heap after GC invocations=48 (full 0):
 garbage-first heap   total 164864K, used 108960K [0x00000000c0000000, 0x0000000100000000)
  region size 1024K, 5 young (5120K), 5 survivors (5120K)
 Metaspace       used 101327K, committed 103616K, reserved 1179648K
  class space    used 14269K, committed 15424K, reserved 1048576K
}
Event: 230.583 GC heap before
{Heap before GC invocations=49 (full 0):
 garbage-first heap   total 184320K, used 151968K [0x00000000c0000000, 0x0000000100000000)
  region size 1024K, 47 young (48128K), 5 survivors (5120K)
 Metaspace       used 103222K, committed 105536K, reserved 1179648K
  class space    used 14546K, committed 15680K, reserved 1048576K
}
Event: 230.614 GC heap after
{Heap after GC invocations=50 (full 0):
 garbage-first heap   total 184320K, used 113507K [0x00000000c0000000, 0x0000000100000000)
  region size 1024K, 4 young (4096K), 4 survivors (4096K)
 Metaspace       used 103222K, committed 105536K, reserved 1179648K
  class space    used 14546K, committed 15680K, reserved 1048576K
}
Event: 257.036 GC heap before
{Heap before GC invocations=50 (full 0):
 garbage-first heap   total 184320K, used 169827K [0x00000000c0000000, 0x0000000100000000)
  region size 1024K, 59 young (60416K), 4 survivors (4096K)
 Metaspace       used 103490K, committed 105792K, reserved 1179648K
  class space    used 14547K, committed 15680K, reserved 1048576K
}
Event: 257.214 GC heap after
{Heap after GC invocations=51 (full 0):
 garbage-first heap   total 184320K, used 115671K [0x00000000c0000000, 0x0000000100000000)
  region size 1024K, 7 young (7168K), 7 survivors (7168K)
 Metaspace       used 103490K, committed 105792K, reserved 1179648K
  class space    used 14547K, committed 15680K, reserved 1048576K
}
Event: 270.767 GC heap before
{Heap before GC invocations=51 (full 0):
 garbage-first heap   total 184320K, used 168919K [0x00000000c0000000, 0x0000000100000000)
  region size 1024K, 59 young (60416K), 7 survivors (7168K)
 Metaspace       used 103805K, committed 106176K, reserved 1179648K
  class space    used 14554K, committed 15744K, reserved 1048576K
}
Event: 270.845 GC heap after
{Heap after GC invocations=52 (full 0):
 garbage-first heap   total 184320K, used 121166K [0x00000000c0000000, 0x0000000100000000)
  region size 1024K, 8 young (8192K), 8 survivors (8192K)
 Metaspace       used 103805K, committed 106176K, reserved 1179648K
  class space    used 14554K, committed 15744K, reserved 1048576K
}
Event: 297.299 GC heap before
{Heap before GC invocations=53 (full 0):
 garbage-first heap   total 203776K, used 169294K [0x00000000c0000000, 0x0000000100000000)
  region size 1024K, 56 young (57344K), 8 survivors (8192K)
 Metaspace       used 105905K, committed 108352K, reserved 1179648K
  class space    used 14834K, committed 16064K, reserved 1048576K
}
Event: 297.362 GC heap after
{Heap after GC invocations=54 (full 0):
 garbage-first heap   total 203776K, used 128697K [0x00000000c0000000, 0x0000000100000000)
  region size 1024K, 7 young (7168K), 7 survivors (7168K)
 Metaspace       used 105905K, committed 108352K, reserved 1179648K
  class space    used 14834K, committed 16064K, reserved 1048576K
}
Event: 367.537 GC heap before
{Heap before GC invocations=54 (full 0):
 garbage-first heap   total 203776K, used 181945K [0x00000000c0000000, 0x0000000100000000)
  region size 1024K, 60 young (61440K), 7 survivors (7168K)
 Metaspace       used 110796K, committed 113344K, reserved 1179648K
  class space    used 15607K, committed 16896K, reserved 1048576K
}
Event: 367.617 GC heap after
{Heap after GC invocations=55 (full 0):
 garbage-first heap   total 203776K, used 132272K [0x00000000c0000000, 0x0000000100000000)
  region size 1024K, 5 young (5120K), 5 survivors (5120K)
 Metaspace       used 110796K, committed 113344K, reserved 1179648K
  class space    used 15607K, committed 16896K, reserved 1048576K
}
Event: 382.939 GC heap before
{Heap before GC invocations=55 (full 0):
 garbage-first heap   total 203776K, used 185520K [0x00000000c0000000, 0x0000000100000000)
  region size 1024K, 57 young (58368K), 5 survivors (5120K)
 Metaspace       used 111338K, committed 113920K, reserved 1179648K
  class space    used 15681K, committed 16960K, reserved 1048576K
}
Event: 382.967 GC heap after
{Heap after GC invocations=56 (full 0):
 garbage-first heap   total 203776K, used 136215K [0x00000000c0000000, 0x0000000100000000)
  region size 1024K, 8 young (8192K), 8 survivors (8192K)
 Metaspace       used 111338K, committed 113920K, reserved 1179648K
  class space    used 15681K, committed 16960K, reserved 1048576K
}

