# JRE version: OpenJDK Runtime Environment Temurin-21.0.12.1+1 (21.0.12.1+1) (build 21.0.12.1+1-LTS)
# Java VM: OpenJDK 64-Bit Server VM Temurin-21.0.12.1+1 (21.0.12.1+1-LTS, mixed mode, sharing, tiered, compressed oops, compressed class ptrs, g1 gc, windows-amd64)
GC Precious Log:
 CardTable entry size: 512
 Card Set container configuration: InlinePtr #cards 5 size 8 Array Of Cards #cards 12 size 40 Howl #buckets 4 coarsen threshold 1843 Howl Bitmap #cards 512 size 80 coarsen threshold 460 Card regions per heap region 1 cards per card region 2048
 CPUs: 8 total, 8 available
 Memory: 5965M
 Large Page Support: Disabled
 NUMA Support: Disabled
 Compressed Oops: Enabled (32-bit)
 Heap Region Size: 1M
 Heap Min Capacity: 8M
 Heap Initial Capacity: 94M
 Heap Max Capacity: 1G
 Pre-touch: Disabled
 Parallel Workers: 8
 Concurrent Workers: 2
 Concurrent Refinement Workers: 8
 Periodic GC: Disabled
Heap:
 garbage-first heap   total 189440K, used 157261K [0x00000000c0000000, 0x0000000100000000)
  region size 1024K, 48 young (49152K), 3 survivors (3072K)
 Metaspace       used 109648K, committed 112256K, reserved 1179648K
  class space    used 15537K, committed 16832K, reserved 1048576K
GC Heap History (20 events):
Event: 51.785 GC heap before
{Heap before GC invocations=35 (full 0):
 garbage-first heap   total 133120K, used 120804K [0x00000000c0000000, 0x0000000100000000)
  region size 1024K, 43 young (44032K), 6 survivors (6144K)
 Metaspace       used 80005K, committed 82112K, reserved 1179648K
  class space    used 11172K, committed 12224K, reserved 1048576K
}
Event: 51.792 GC heap after
{Heap after GC invocations=36 (full 0):
 garbage-first heap   total 133120K, used 86878K [0x00000000c0000000, 0x0000000100000000)
  region size 1024K, 3 young (3072K), 3 survivors (3072K)
 Metaspace       used 80005K, committed 82112K, reserved 1179648K
  class space    used 11172K, committed 12224K, reserved 1048576K
}
Event: 54.153 GC heap before
{Heap before GC invocations=37 (full 0):
 garbage-first heap   total 147456K, used 123742K [0x00000000c0000000, 0x0000000100000000)
  region size 1024K, 38 young (38912K), 3 survivors (3072K)
 Metaspace       used 82825K, committed 84992K, reserved 1179648K
  class space    used 11606K, committed 12672K, reserved 1048576K
}
Event: 54.157 GC heap after
{Heap after GC invocations=38 (full 0):
 garbage-first heap   total 147456K, used 87856K [0x00000000c0000000, 0x0000000100000000)
  region size 1024K, 4 young (4096K), 4 survivors (4096K)
 Metaspace       used 82825K, committed 84992K, reserved 1179648K
  class space    used 11606K, committed 12672K, reserved 1048576K
}
Event: 58.744 GC heap before
{Heap before GC invocations=38 (full 0):
 garbage-first heap   total 147456K, used 134960K [0x00000000c0000000, 0x0000000100000000)
  region size 1024K, 50 young (51200K), 4 survivors (4096K)
 Metaspace       used 86779K, committed 88960K, reserved 1179648K
  class space    used 12263K, committed 13376K, reserved 1048576K
}
Event: 58.758 GC heap after
{Heap after GC invocations=39 (full 0):
 garbage-first heap   total 147456K, used 87975K [0x00000000c0000000, 0x0000000100000000)
  region size 1024K, 6 young (6144K), 6 survivors (6144K)
 Metaspace       used 86779K, committed 88960K, reserved 1179648K
  class space    used 12263K, committed 13376K, reserved 1048576K
}
Event: 62.107 GC heap before
{Heap before GC invocations=39 (full 0):
 garbage-first heap   total 147456K, used 136103K [0x00000000c0000000, 0x0000000100000000)
  region size 1024K, 53 young (54272K), 6 survivors (6144K)
 Metaspace       used 89508K, committed 91840K, reserved 1179648K
  class space    used 12608K, committed 13760K, reserved 1048576K
}
Event: 62.121 GC heap after
{Heap after GC invocations=40 (full 0):
 garbage-first heap   total 147456K, used 90189K [0x00000000c0000000, 0x0000000100000000)
  region size 1024K, 5 young (5120K), 5 survivors (5120K)
 Metaspace       used 89508K, committed 91840K, reserved 1179648K
  class space    used 12608K, committed 13760K, reserved 1048576K
}
Event: 66.295 GC heap before
{Heap before GC invocations=41 (full 0):
 garbage-first heap   total 152576K, used 135245K [0x00000000c0000000, 0x0000000100000000)
  region size 1024K, 50 young (51200K), 5 survivors (5120K)
 Metaspace       used 92430K, committed 94784K, reserved 1179648K
  class space    used 13041K, committed 14208K, reserved 1048576K
}
Event: 66.305 GC heap after
{Heap after GC invocations=42 (full 0):
 garbage-first heap   total 152576K, used 94063K [0x00000000c0000000, 0x0000000100000000)
  region size 1024K, 6 young (6144K), 6 survivors (6144K)
 Metaspace       used 92430K, committed 94784K, reserved 1179648K
  class space    used 13041K, committed 14208K, reserved 1048576K
}
Event: 70.227 GC heap before
{Heap before GC invocations=42 (full 0):
 garbage-first heap   total 152576K, used 142191K [0x00000000c0000000, 0x0000000100000000)
  region size 1024K, 52 young (53248K), 6 survivors (6144K)
 Metaspace       used 95097K, committed 97408K, reserved 1179648K
  class space    used 13452K, committed 14592K, reserved 1048576K
}
Event: 70.239 GC heap after
{Heap after GC invocations=43 (full 0):
 garbage-first heap   total 153600K, used 97157K [0x00000000c0000000, 0x0000000100000000)
  region size 1024K, 7 young (7168K), 7 survivors (7168K)
 Metaspace       used 95097K, committed 97408K, reserved 1179648K
  class space    used 13452K, committed 14592K, reserved 1048576K
}
Event: 72.134 GC heap before
{Heap before GC invocations=43 (full 0):
 garbage-first heap   total 153600K, used 142213K [0x00000000c0000000, 0x0000000100000000)
  region size 1024K, 51 young (52224K), 7 survivors (7168K)
 Metaspace       used 97338K, committed 99648K, reserved 1179648K
  class space    used 13761K, committed 14912K, reserved 1048576K
}
Event: 72.148 GC heap after
{Heap after GC invocations=44 (full 0):
 garbage-first heap   total 154624K, used 101554K [0x00000000c0000000, 0x0000000100000000)
  region size 1024K, 4 young (4096K), 4 survivors (4096K)
 Metaspace       used 97338K, committed 99648K, reserved 1179648K
  class space    used 13761K, committed 14912K, reserved 1048576K
}
Event: 74.444 GC heap before
{Heap before GC invocations=45 (full 0):
 garbage-first heap   total 171008K, used 143538K [0x00000000c0000000, 0x0000000100000000)
  region size 1024K, 45 young (46080K), 4 survivors (4096K)
 Metaspace       used 99179K, committed 101504K, reserved 1179648K
  class space    used 13996K, committed 15168K, reserved 1048576K
}
Event: 74.456 GC heap after
{Heap after GC invocations=46 (full 0):
 garbage-first heap   total 171008K, used 106645K [0x00000000c0000000, 0x0000000100000000)
  region size 1024K, 5 young (5120K), 5 survivors (5120K)
 Metaspace       used 99179K, committed 101504K, reserved 1179648K
  class space    used 13996K, committed 15168K, reserved 1048576K
}
Event: 76.484 GC heap before
{Heap before GC invocations=46 (full 0):
 garbage-first heap   total 171008K, used 156821K [0x00000000c0000000, 0x0000000100000000)
  region size 1024K, 54 young (55296K), 5 survivors (5120K)
 Metaspace       used 101362K, committed 103744K, reserved 1179648K
  class space    used 14298K, committed 15488K, reserved 1048576K
}
Event: 76.497 GC heap after
{Heap after GC invocations=47 (full 0):
 garbage-first heap   total 171008K, used 110115K [0x00000000c0000000, 0x0000000100000000)
  region size 1024K, 5 young (5120K), 5 survivors (5120K)
 Metaspace       used 101362K, committed 103744K, reserved 1179648K
  class space    used 14298K, committed 15488K, reserved 1048576K
}
Event: 84.167 GC heap before
{Heap before GC invocations=47 (full 0):
 garbage-first heap   total 171008K, used 157219K [0x00000000c0000000, 0x0000000100000000)
  region size 1024K, 51 young (52224K), 5 survivors (5120K)
 Metaspace       used 105074K, committed 107520K, reserved 1179648K
  class space    used 14845K, committed 16064K, reserved 1048576K
}
Event: 84.177 GC heap after
{Heap after GC invocations=48 (full 0):
 garbage-first heap   total 171008K, used 113229K [0x00000000c0000000, 0x0000000100000000)
  region size 1024K, 3 young (3072K), 3 survivors (3072K)
 Metaspace       used 105074K, committed 107520K, reserved 1179648K
  class space    used 14845K, committed 16064K, reserved 1048576K
}

