# JRE version: OpenJDK Runtime Environment Temurin-21.0.12.1+1 (21.0.12.1+1) (build 21.0.12.1+1-LTS)
# Java VM: OpenJDK 64-Bit Server VM Temurin-21.0.12.1+1 (21.0.12.1+1-LTS, mixed mode, sharing, tiered, compressed oops, compressed class ptrs, g1 gc, windows-amd64)
GC Precious Log:
 CardTable entry size: 512
 Card Set container configuration: InlinePtr #cards 5 size 8 Array Of Cards #cards 12 size 40 Howl #buckets 4 coarsen threshold 1843 Howl Bitmap #cards 512 size 80 coarsen threshold 460 Card regions per heap region 1 cards per card region 2048
 CPUs: 8 total, 8 available
 Memory: 5965M
 Large Page Support: Disabled
 NUMA Support: Disabled
 Compressed Oops: Enabled (32-bit)
 Heap Region Size: 1M
 Heap Min Capacity: 8M
 Heap Initial Capacity: 94M
 Heap Max Capacity: 1G
 Pre-touch: Disabled
 Parallel Workers: 8
 Concurrent Workers: 2
 Concurrent Refinement Workers: 8
 Periodic GC: Disabled
Heap:
 garbage-first heap   total 117760K, used 99775K [0x00000000c0000000, 0x0000000100000000)
  region size 1024K, 27 young (27648K), 3 survivors (3072K)
 Metaspace       used 69327K, committed 71360K, reserved 1114112K
  class space    used 9707K, committed 10752K, reserved 1048576K
GC Heap History (20 events):
Event: 65.518 GC heap before
{Heap before GC invocations=15 (full 0):
 garbage-first heap   total 91136K, used 78411K [0x00000000c0000000, 0x0000000100000000)
  region size 1024K, 36 young (36864K), 5 survivors (5120K)
 Metaspace       used 51073K, committed 52800K, reserved 1114112K
  class space    used 7317K, committed 8192K, reserved 1048576K
}
Event: 65.524 GC heap after
{Heap after GC invocations=16 (full 0):
 garbage-first heap   total 91136K, used 49110K [0x00000000c0000000, 0x0000000100000000)
  region size 1024K, 4 young (4096K), 4 survivors (4096K)
 Metaspace       used 51073K, committed 52800K, reserved 1114112K
  class space    used 7317K, committed 8192K, reserved 1048576K
}
Event: 66.291 GC heap before
{Heap before GC invocations=17 (full 0):
 garbage-first heap   total 91136K, used 80854K [0x00000000c0000000, 0x0000000100000000)
  region size 1024K, 35 young (35840K), 4 survivors (4096K)
 Metaspace       used 51074K, committed 52800K, reserved 1114112K
  class space    used 7317K, committed 8192K, reserved 1048576K
}
Event: 66.296 GC heap after
{Heap after GC invocations=18 (full 0):
 garbage-first heap   total 91136K, used 50407K [0x00000000c0000000, 0x0000000100000000)
  region size 1024K, 4 young (4096K), 4 survivors (4096K)
 Metaspace       used 51074K, committed 52800K, reserved 1114112K
  class space    used 7317K, committed 8192K, reserved 1048576K
}
Event: 67.690 GC heap before
{Heap before GC invocations=18 (full 0):
 garbage-first heap   total 91136K, used 80103K [0x00000000c0000000, 0x0000000100000000)
  region size 1024K, 34 young (34816K), 4 survivors (4096K)
 Metaspace       used 53043K, committed 54784K, reserved 1114112K
  class space    used 7590K, committed 8448K, reserved 1048576K
}
Event: 67.693 GC heap after
{Heap after GC invocations=19 (full 0):
 garbage-first heap   total 91136K, used 48690K [0x00000000c0000000, 0x0000000100000000)
  region size 1024K, 2 young (2048K), 2 survivors (2048K)
 Metaspace       used 53043K, committed 54784K, reserved 1114112K
  class space    used 7590K, committed 8448K, reserved 1048576K
}
Event: 72.763 GC heap before
{Heap before GC invocations=19 (full 0):
 garbage-first heap   total 91136K, used 71218K [0x00000000c0000000, 0x0000000100000000)
  region size 1024K, 25 young (25600K), 2 survivors (2048K)
 Metaspace       used 55328K, committed 57088K, reserved 1114112K
  class space    used 7884K, committed 8768K, reserved 1048576K
}
Event: 72.767 GC heap after
{Heap after GC invocations=20 (full 0):
 garbage-first heap   total 91136K, used 50515K [0x00000000c0000000, 0x0000000100000000)
  region size 1024K, 4 young (4096K), 4 survivors (4096K)
 Metaspace       used 55328K, committed 57088K, reserved 1114112K
  class space    used 7884K, committed 8768K, reserved 1048576K
}
Event: 78.381 GC heap before
{Heap before GC invocations=21 (full 0):
 garbage-first heap   total 91136K, used 89427K [0x00000000c0000000, 0x0000000100000000)
  region size 1024K, 34 young (34816K), 4 survivors (4096K)
 Metaspace       used 55723K, committed 57472K, reserved 1114112K
  class space    used 7943K, committed 8832K, reserved 1048576K
}
Event: 78.389 GC heap after
{Heap after GC invocations=22 (full 0):
 garbage-first heap   total 103424K, used 67177K [0x00000000c0000000, 0x0000000100000000)
  region size 1024K, 5 young (5120K), 5 survivors (5120K)
 Metaspace       used 55723K, committed 57472K, reserved 1114112K
  class space    used 7943K, committed 8832K, reserved 1048576K
}
Event: 80.486 GC heap before
{Heap before GC invocations=22 (full 0):
 garbage-first heap   total 103424K, used 92777K [0x00000000c0000000, 0x0000000100000000)
  region size 1024K, 29 young (29696K), 5 survivors (5120K)
 Metaspace       used 57356K, committed 59200K, reserved 1114112K
  class space    used 8138K, committed 9024K, reserved 1048576K
}
Event: 80.490 GC heap after
{Heap after GC invocations=23 (full 0):
 garbage-first heap   total 103424K, used 69466K [0x00000000c0000000, 0x0000000100000000)
  region size 1024K, 2 young (2048K), 2 survivors (2048K)
 Metaspace       used 57356K, committed 59200K, reserved 1114112K
  class space    used 8138K, committed 9024K, reserved 1048576K
}
Event: 82.895 GC heap before
{Heap before GC invocations=23 (full 0):
 garbage-first heap   total 103424K, used 93018K [0x00000000c0000000, 0x0000000100000000)
  region size 1024K, 26 young (26624K), 2 survivors (2048K)
 Metaspace       used 59942K, committed 61824K, reserved 1114112K
  class space    used 8415K, committed 9344K, reserved 1048576K
}
Event: 82.900 GC heap after
{Heap after GC invocations=24 (full 0):
 garbage-first heap   total 103424K, used 70305K [0x00000000c0000000, 0x0000000100000000)
  region size 1024K, 3 young (3072K), 3 survivors (3072K)
 Metaspace       used 59942K, committed 61824K, reserved 1114112K
  class space    used 8415K, committed 9344K, reserved 1048576K
}
Event: 86.908 GC heap before
{Heap before GC invocations=25 (full 0):
 garbage-first heap   total 116736K, used 93857K [0x00000000c0000000, 0x0000000100000000)
  region size 1024K, 27 young (27648K), 3 survivors (3072K)
 Metaspace       used 62345K, committed 64384K, reserved 1114112K
  class space    used 8797K, committed 9792K, reserved 1048576K
}
Event: 86.913 GC heap after
{Heap after GC invocations=26 (full 0):
 garbage-first heap   total 116736K, used 70207K [0x00000000c0000000, 0x0000000100000000)
  region size 1024K, 2 young (2048K), 2 survivors (2048K)
 Metaspace       used 62345K, committed 64384K, reserved 1114112K
  class space    used 8797K, committed 9792K, reserved 1048576K
}
Event: 88.704 GC heap before
{Heap before GC invocations=26 (full 0):
 garbage-first heap   total 116736K, used 109119K [0x00000000c0000000, 0x0000000100000000)
  region size 1024K, 35 young (35840K), 2 survivors (2048K)
 Metaspace       used 64919K, committed 66880K, reserved 1114112K
  class space    used 9149K, committed 10112K, reserved 1048576K
}
Event: 88.710 GC heap after
{Heap after GC invocations=27 (full 0):
 garbage-first heap   total 117760K, used 73960K [0x00000000c0000000, 0x0000000100000000)
  region size 1024K, 5 young (5120K), 5 survivors (5120K)
 Metaspace       used 64919K, committed 66880K, reserved 1114112K
  class space    used 9149K, committed 10112K, reserved 1048576K
}
Event: 92.464 GC heap before
{Heap before GC invocations=27 (full 0):
 garbage-first heap   total 117760K, used 104680K [0x00000000c0000000, 0x0000000100000000)
  region size 1024K, 35 young (35840K), 5 survivors (5120K)
 Metaspace       used 67362K, committed 69376K, reserved 1114112K
  class space    used 9452K, committed 10432K, reserved 1048576K
}
Event: 92.475 GC heap after
{Heap after GC invocations=28 (full 0):
 garbage-first heap   total 117760K, used 76223K [0x00000000c0000000, 0x0000000100000000)
  region size 1024K, 3 young (3072K), 3 survivors (3072K)
 Metaspace       used 67362K, committed 69376K, reserved 1114112K
  class space    used 9452K, committed 10432K, reserved 1048576K
}

