# JRE version: OpenJDK Runtime Environment Temurin-21.0.12.1+1 (21.0.12.1+1) (build 21.0.12.1+1-LTS)
# Java VM: OpenJDK 64-Bit Server VM Temurin-21.0.12.1+1 (21.0.12.1+1-LTS, mixed mode, sharing, tiered, compressed oops, compressed class ptrs, g1 gc, windows-amd64)
GC Precious Log:
 CardTable entry size: 512
 Card Set container configuration: InlinePtr #cards 5 size 8 Array Of Cards #cards 12 size 40 Howl #buckets 4 coarsen threshold 1843 Howl Bitmap #cards 512 size 80 coarsen threshold 460 Card regions per heap region 1 cards per card region 2048
 CPUs: 8 total, 8 available
 Memory: 5965M
 Large Page Support: Disabled
 NUMA Support: Disabled
 Compressed Oops: Enabled (32-bit)
 Heap Region Size: 1M
 Heap Min Capacity: 8M
 Heap Initial Capacity: 94M
 Heap Max Capacity: 1G
 Pre-touch: Disabled
 Parallel Workers: 8
 Concurrent Workers: 2
 Concurrent Refinement Workers: 8
 Periodic GC: Disabled
Heap:
 garbage-first heap   total 135168K, used 91865K [0x00000000c0000000, 0x0000000100000000)
  region size 1024K, 15 young (15360K), 3 survivors (3072K)
 Metaspace       used 74976K, committed 76992K, reserved 1179648K
  class space    used 10510K, committed 11520K, reserved 1048576K
GC Heap History (20 events):
Event: 38.531 GC heap before
{Heap before GC invocations=14 (full 0):
 garbage-first heap   total 103424K, used 89185K [0x00000000c0000000, 0x0000000100000000)
  region size 1024K, 48 young (49152K), 5 survivors (5120K)
 Metaspace       used 51040K, committed 52736K, reserved 1114112K
  class space    used 7329K, committed 8192K, reserved 1048576K
}
Event: 38.536 GC heap after
{Heap after GC invocations=15 (full 0):
 garbage-first heap   total 103424K, used 47890K [0x00000000c0000000, 0x0000000100000000)
  region size 1024K, 4 young (4096K), 4 survivors (4096K)
 Metaspace       used 51040K, committed 52736K, reserved 1114112K
  class space    used 7329K, committed 8192K, reserved 1048576K
}
Event: 39.204 GC heap before
{Heap before GC invocations=15 (full 0):
 garbage-first heap   total 103424K, used 89874K [0x00000000c0000000, 0x0000000100000000)
  region size 1024K, 46 young (47104K), 4 survivors (4096K)
 Metaspace       used 51063K, committed 52800K, reserved 1114112K
  class space    used 7330K, committed 8192K, reserved 1048576K
}
Event: 39.207 GC heap after
{Heap after GC invocations=16 (full 0):
 garbage-first heap   total 103424K, used 49300K [0x00000000c0000000, 0x0000000100000000)
  region size 1024K, 4 young (4096K), 4 survivors (4096K)
 Metaspace       used 51063K, committed 52800K, reserved 1114112K
  class space    used 7330K, committed 8192K, reserved 1048576K
}
Event: 42.317 GC heap before
{Heap before GC invocations=16 (full 0):
 garbage-first heap   total 103424K, used 89236K [0x00000000c0000000, 0x0000000100000000)
  region size 1024K, 45 young (46080K), 4 survivors (4096K)
 Metaspace       used 55376K, committed 57152K, reserved 1114112K
  class space    used 7897K, committed 8768K, reserved 1048576K
}
Event: 42.332 GC heap after
{Heap after GC invocations=17 (full 0):
 garbage-first heap   total 103424K, used 50037K [0x00000000c0000000, 0x0000000100000000)
  region size 1024K, 3 young (3072K), 3 survivors (3072K)
 Metaspace       used 55376K, committed 57152K, reserved 1114112K
  class space    used 7897K, committed 8768K, reserved 1048576K
}
Event: 47.500 GC heap before
{Heap before GC invocations=18 (full 0):
 garbage-first heap   total 103424K, used 101237K [0x00000000c0000000, 0x0000000100000000)
  region size 1024K, 44 young (45056K), 3 survivors (3072K)
 Metaspace       used 56321K, committed 58048K, reserved 1114112K
  class space    used 8027K, committed 8896K, reserved 1048576K
}
Event: 47.510 GC heap after
{Heap after GC invocations=19 (full 0):
 garbage-first heap   total 115712K, used 69023K [0x00000000c0000000, 0x0000000100000000)
  region size 1024K, 6 young (6144K), 6 survivors (6144K)
 Metaspace       used 56321K, committed 58048K, reserved 1114112K
  class space    used 8027K, committed 8896K, reserved 1048576K
}
Event: 50.198 GC heap before
{Heap before GC invocations=19 (full 0):
 garbage-first heap   total 115712K, used 102815K [0x00000000c0000000, 0x0000000100000000)
  region size 1024K, 39 young (39936K), 6 survivors (6144K)
 Metaspace       used 59558K, committed 61376K, reserved 1114112K
  class space    used 8395K, committed 9280K, reserved 1048576K
}
Event: 50.209 GC heap after
{Heap after GC invocations=20 (full 0):
 garbage-first heap   total 115712K, used 70588K [0x00000000c0000000, 0x0000000100000000)
  region size 1024K, 2 young (2048K), 2 survivors (2048K)
 Metaspace       used 59558K, committed 61376K, reserved 1114112K
  class space    used 8395K, committed 9280K, reserved 1048576K
}
Event: 52.405 GC heap before
{Heap before GC invocations=20 (full 0):
 garbage-first heap   total 115712K, used 104380K [0x00000000c0000000, 0x0000000100000000)
  region size 1024K, 35 young (35840K), 2 survivors (2048K)
 Metaspace       used 62934K, committed 64896K, reserved 1114112K
  class space    used 8901K, committed 9856K, reserved 1048576K
}
Event: 52.421 GC heap after
{Heap after GC invocations=21 (full 0):
 garbage-first heap   total 115712K, used 71494K [0x00000000c0000000, 0x0000000100000000)
  region size 1024K, 3 young (3072K), 3 survivors (3072K)
 Metaspace       used 62934K, committed 64896K, reserved 1114112K
  class space    used 8901K, committed 9856K, reserved 1048576K
}
Event: 54.325 GC heap before
{Heap before GC invocations=22 (full 0):
 garbage-first heap   total 119808K, used 110406K [0x00000000c0000000, 0x0000000100000000)
  region size 1024K, 36 young (36864K), 3 survivors (3072K)
 Metaspace       used 65487K, committed 67456K, reserved 1114112K
  class space    used 9234K, committed 10176K, reserved 1048576K
}
Event: 54.342 GC heap after
{Heap after GC invocations=23 (full 0):
 garbage-first heap   total 119808K, used 76687K [0x00000000c0000000, 0x0000000100000000)
  region size 1024K, 5 young (5120K), 5 survivors (5120K)
 Metaspace       used 65487K, committed 67456K, reserved 1114112K
  class space    used 9234K, committed 10176K, reserved 1048576K
}
Event: 56.679 GC heap before
{Heap before GC invocations=23 (full 0):
 garbage-first heap   total 119808K, used 109455K [0x00000000c0000000, 0x0000000100000000)
  region size 1024K, 37 young (37888K), 5 survivors (5120K)
 Metaspace       used 67992K, committed 69952K, reserved 1114112K
  class space    used 9544K, committed 10496K, reserved 1048576K
}
Event: 56.690 GC heap after
{Heap after GC invocations=24 (full 0):
 garbage-first heap   total 119808K, used 78153K [0x00000000c0000000, 0x0000000100000000)
  region size 1024K, 3 young (3072K), 3 survivors (3072K)
 Metaspace       used 67992K, committed 69952K, reserved 1114112K
  class space    used 9544K, committed 10496K, reserved 1048576K
}
Event: 59.019 GC heap before
{Heap before GC invocations=24 (full 0):
 garbage-first heap   total 119808K, used 108873K [0x00000000c0000000, 0x0000000100000000)
  region size 1024K, 33 young (33792K), 3 survivors (3072K)
 Metaspace       used 71701K, committed 73664K, reserved 1114112K
  class space    used 10026K, committed 11008K, reserved 1048576K
}
Event: 59.024 GC heap after
{Heap after GC invocations=25 (full 0):
 garbage-first heap   total 119808K, used 79631K [0x00000000c0000000, 0x0000000100000000)
  region size 1024K, 4 young (4096K), 4 survivors (4096K)
 Metaspace       used 71701K, committed 73664K, reserved 1114112K
  class space    used 10026K, committed 11008K, reserved 1048576K
}
Event: 61.482 GC heap before
{Heap before GC invocations=26 (full 0):
 garbage-first heap   total 135168K, used 110351K [0x00000000c0000000, 0x0000000100000000)
  region size 1024K, 34 young (34816K), 4 survivors (4096K)
 Metaspace       used 74082K, committed 76032K, reserved 1114112K
  class space    used 10381K, committed 11328K, reserved 1048576K
}
Event: 61.488 GC heap after
{Heap after GC invocations=27 (full 0):
 garbage-first heap   total 135168K, used 80601K [0x00000000c0000000, 0x0000000100000000)
  region size 1024K, 3 young (3072K), 3 survivors (3072K)
 Metaspace       used 74082K, committed 76032K, reserved 1114112K
  class space    used 10381K, committed 11328K, reserved 1048576K
}

