# JRE version: OpenJDK Runtime Environment Temurin-21.0.12.1+1 (21.0.12.1+1) (build 21.0.12.1+1-LTS)
# Java VM: OpenJDK 64-Bit Server VM Temurin-21.0.12.1+1 (21.0.12.1+1-LTS, mixed mode, sharing, tiered, compressed oops, compressed class ptrs, g1 gc, windows-amd64)
GC Precious Log:
 CardTable entry size: 512
 Card Set container configuration: InlinePtr #cards 5 size 8 Array Of Cards #cards 12 size 40 Howl #buckets 4 coarsen threshold 1843 Howl Bitmap #cards 512 size 80 coarsen threshold 460 Card regions per heap region 1 cards per card region 2048
 CPUs: 8 total, 8 available
 Memory: 5965M
 Large Page Support: Disabled
 NUMA Support: Disabled
 Compressed Oops: Enabled (32-bit)
 Heap Region Size: 1M
 Heap Min Capacity: 8M
 Heap Initial Capacity: 94M
 Heap Max Capacity: 1G
 Pre-touch: Disabled
 Parallel Workers: 8
 Concurrent Workers: 2
 Concurrent Refinement Workers: 8
 Periodic GC: Disabled
Heap:
 garbage-first heap   total 112640K, used 87339K [0x00000000c0000000, 0x0000000100000000)
  region size 1024K, 24 young (24576K), 3 survivors (3072K)
 Metaspace       used 62724K, committed 64704K, reserved 1114112K
  class space    used 8847K, committed 9856K, reserved 1048576K
GC Heap History (20 events):
Event: 231.134 GC heap before
{Heap before GC invocations=15 (full 0):
 garbage-first heap   total 86016K, used 76080K [0x00000000c0000000, 0x0000000100000000)
  region size 1024K, 36 young (36864K), 2 survivors (2048K)
 Metaspace       used 50914K, committed 52672K, reserved 1114112K
  class space    used 7323K, committed 8192K, reserved 1048576K
}
Event: 231.209 GC heap after
{Heap after GC invocations=16 (full 0):
 garbage-first heap   total 86016K, used 44299K [0x00000000c0000000, 0x0000000100000000)
  region size 1024K, 4 young (4096K), 4 survivors (4096K)
 Metaspace       used 50914K, committed 52672K, reserved 1114112K
  class space    used 7323K, committed 8192K, reserved 1048576K
}
Event: 233.314 GC heap before
{Heap before GC invocations=17 (full 0):
 garbage-first heap   total 86016K, used 76043K [0x00000000c0000000, 0x0000000100000000)
  region size 1024K, 36 young (36864K), 4 survivors (4096K)
 Metaspace       used 51088K, committed 52800K, reserved 1114112K
  class space    used 7323K, committed 8192K, reserved 1048576K
}
Event: 233.352 GC heap after
{Heap after GC invocations=18 (full 0):
 garbage-first heap   total 86016K, used 46871K [0x00000000c0000000, 0x0000000100000000)
  region size 1024K, 5 young (5120K), 5 survivors (5120K)
 Metaspace       used 51088K, committed 52800K, reserved 1114112K
  class space    used 7323K, committed 8192K, reserved 1048576K
}
Event: 234.805 GC heap before
{Heap before GC invocations=18 (full 0):
 garbage-first heap   total 86016K, used 76567K [0x00000000c0000000, 0x0000000100000000)
  region size 1024K, 35 young (35840K), 5 survivors (5120K)
 Metaspace       used 51104K, committed 52864K, reserved 1114112K
  class space    used 7323K, committed 8192K, reserved 1048576K
}
Event: 234.829 GC heap after
{Heap after GC invocations=19 (full 0):
 garbage-first heap   total 86016K, used 47640K [0x00000000c0000000, 0x0000000100000000)
  region size 1024K, 3 young (3072K), 3 survivors (3072K)
 Metaspace       used 51104K, committed 52864K, reserved 1114112K
  class space    used 7323K, committed 8192K, reserved 1048576K
}
Event: 240.712 GC heap before
{Heap before GC invocations=19 (full 0):
 garbage-first heap   total 86016K, used 76312K [0x00000000c0000000, 0x0000000100000000)
  region size 1024K, 32 young (32768K), 3 survivors (3072K)
 Metaspace       used 51244K, committed 52992K, reserved 1114112K
  class space    used 7350K, committed 8192K, reserved 1048576K
}
Event: 240.719 GC heap after
{Heap after GC invocations=20 (full 0):
 garbage-first heap   total 86016K, used 46866K [0x00000000c0000000, 0x0000000100000000)
  region size 1024K, 2 young (2048K), 2 survivors (2048K)
 Metaspace       used 51244K, committed 52992K, reserved 1114112K
  class space    used 7350K, committed 8192K, reserved 1048576K
}
Event: 243.137 GC heap before
{Heap before GC invocations=21 (full 0):
 garbage-first heap   total 86016K, used 76562K [0x00000000c0000000, 0x0000000100000000)
  region size 1024K, 32 young (32768K), 2 survivors (2048K)
 Metaspace       used 55251K, committed 56960K, reserved 1114112K
  class space    used 7867K, committed 8704K, reserved 1048576K
}
Event: 243.142 GC heap after
{Heap after GC invocations=22 (full 0):
 garbage-first heap   total 86016K, used 47821K [0x00000000c0000000, 0x0000000100000000)
  region size 1024K, 3 young (3072K), 3 survivors (3072K)
 Metaspace       used 55251K, committed 56960K, reserved 1114112K
  class space    used 7867K, committed 8704K, reserved 1048576K
}
Event: 346.740 GC heap before
{Heap before GC invocations=22 (full 0):
 garbage-first heap   total 86016K, used 83661K [0x00000000c0000000, 0x0000000100000000)
  region size 1024K, 32 young (32768K), 3 survivors (3072K)
 Metaspace       used 55586K, committed 57344K, reserved 1114112K
  class space    used 7916K, committed 8768K, reserved 1048576K
}
Event: 346.798 GC heap after
{Heap after GC invocations=23 (full 0):
 garbage-first heap   total 94208K, used 58499K [0x00000000c0000000, 0x0000000100000000)
  region size 1024K, 5 young (5120K), 5 survivors (5120K)
 Metaspace       used 55586K, committed 57344K, reserved 1114112K
  class space    used 7916K, committed 8768K, reserved 1048576K
}
Event: 354.075 GC heap before
{Heap before GC invocations=23 (full 0):
 garbage-first heap   total 94208K, used 61571K [0x00000000c0000000, 0x0000000100000000)
  region size 1024K, 9 young (9216K), 5 survivors (5120K)
 Metaspace       used 55696K, committed 57472K, reserved 1114112K
  class space    used 7934K, committed 8832K, reserved 1048576K
}
Event: 354.124 GC heap after
{Heap after GC invocations=24 (full 0):
 garbage-first heap   total 94208K, used 59063K [0x00000000c0000000, 0x0000000100000000)
  region size 1024K, 1 young (1024K), 1 survivors (1024K)
 Metaspace       used 55696K, committed 57472K, reserved 1114112K
  class space    used 7934K, committed 8832K, reserved 1048576K
}
Event: 415.654 GC heap before
{Heap before GC invocations=25 (full 0):
 garbage-first heap   total 104448K, used 85687K [0x00000000c0000000, 0x0000000100000000)
  region size 1024K, 26 young (26624K), 1 survivors (1024K)
 Metaspace       used 55859K, committed 57600K, reserved 1114112K
  class space    used 7949K, committed 8832K, reserved 1048576K
}
Event: 416.010 GC heap after
{Heap after GC invocations=26 (full 0):
 garbage-first heap   total 104448K, used 65003K [0x00000000c0000000, 0x0000000100000000)
  region size 1024K, 4 young (4096K), 4 survivors (4096K)
 Metaspace       used 55859K, committed 57600K, reserved 1114112K
  class space    used 7949K, committed 8832K, reserved 1048576K
}
Event: 430.912 GC heap before
{Heap before GC invocations=26 (full 0):
 garbage-first heap   total 104448K, used 94699K [0x00000000c0000000, 0x0000000100000000)
  region size 1024K, 32 young (32768K), 4 survivors (4096K)
 Metaspace       used 57849K, committed 59648K, reserved 1114112K
  class space    used 8188K, committed 9088K, reserved 1048576K
}
Event: 430.981 GC heap after
{Heap after GC invocations=27 (full 0):
 garbage-first heap   total 104448K, used 66012K [0x00000000c0000000, 0x0000000100000000)
  region size 1024K, 3 young (3072K), 3 survivors (3072K)
 Metaspace       used 57849K, committed 59648K, reserved 1114112K
  class space    used 8188K, committed 9088K, reserved 1048576K
}
Event: 436.707 GC heap before
{Heap before GC invocations=27 (full 0):
 garbage-first heap   total 104448K, used 92636K [0x00000000c0000000, 0x0000000100000000)
  region size 1024K, 30 young (30720K), 3 survivors (3072K)
 Metaspace       used 60771K, committed 62592K, reserved 1114112K
  class space    used 8512K, committed 9408K, reserved 1048576K
}
Event: 436.727 GC heap after
{Heap after GC invocations=28 (full 0):
 garbage-first heap   total 104448K, used 66859K [0x00000000c0000000, 0x0000000100000000)
  region size 1024K, 3 young (3072K), 3 survivors (3072K)
 Metaspace       used 60771K, committed 62592K, reserved 1114112K
  class space    used 8512K, committed 9408K, reserved 1048576K
}

