# JRE version: OpenJDK Runtime Environment Temurin-21.0.12.1+1 (21.0.12.1+1) (build 21.0.12.1+1-LTS)
# Java VM: OpenJDK 64-Bit Server VM Temurin-21.0.12.1+1 (21.0.12.1+1-LTS, mixed mode, sharing, tiered, compressed oops, compressed class ptrs, g1 gc, windows-amd64)
GC Precious Log:
 CardTable entry size: 512
 Card Set container configuration: InlinePtr #cards 5 size 8 Array Of Cards #cards 12 size 40 Howl #buckets 4 coarsen threshold 1843 Howl Bitmap #cards 512 size 80 coarsen threshold 460 Card regions per heap region 1 cards per card region 2048
 CPUs: 8 total, 8 available
 Memory: 5965M
 Large Page Support: Disabled
 NUMA Support: Disabled
 Compressed Oops: Enabled (32-bit)
 Heap Region Size: 1M
 Heap Min Capacity: 8M
 Heap Initial Capacity: 94M
 Heap Max Capacity: 1G
 Pre-touch: Disabled
 Parallel Workers: 8
 Concurrent Workers: 2
 Concurrent Refinement Workers: 8
 Periodic GC: Disabled
Heap:
 garbage-first heap   total 86016K, used 58300K [0x00000000c0000000, 0x0000000100000000)
  region size 1024K, 25 young (25600K), 3 survivors (3072K)
 Metaspace       used 48763K, committed 50432K, reserved 1114112K
  class space    used 7107K, committed 7936K, reserved 1048576K
GC Heap History (20 events):
Event: 2.392 GC heap before
{Heap before GC invocations=1 (full 0):
 garbage-first heap   total 96256K, used 39424K [0x00000000c0000000, 0x0000000100000000)
  region size 1024K, 37 young (37888K), 2 survivors (2048K)
 Metaspace       used 4392K, committed 4544K, reserved 1114112K
  class space    used 558K, committed 640K, reserved 1048576K
}
Event: 2.402 GC heap after
{Heap after GC invocations=2 (full 0):
 garbage-first heap   total 96256K, used 10735K [0x00000000c0000000, 0x0000000100000000)
  region size 1024K, 5 young (5120K), 5 survivors (5120K)
 Metaspace       used 4392K, committed 4544K, reserved 1114112K
  class space    used 558K, committed 640K, reserved 1048576K
}
Event: 3.415 GC heap before
{Heap before GC invocations=2 (full 0):
 garbage-first heap   total 96256K, used 55791K [0x00000000c0000000, 0x0000000100000000)
  region size 1024K, 47 young (48128K), 5 survivors (5120K)
 Metaspace       used 4605K, committed 4864K, reserved 1114112K
  class space    used 581K, committed 704K, reserved 1048576K
}
Event: 3.428 GC heap after
{Heap after GC invocations=3 (full 0):
 garbage-first heap   total 96256K, used 16608K [0x00000000c0000000, 0x0000000100000000)
  region size 1024K, 5 young (5120K), 5 survivors (5120K)
 Metaspace       used 4605K, committed 4864K, reserved 1114112K
  class space    used 581K, committed 704K, reserved 1048576K
}
Event: 11.518 GC heap before
{Heap before GC invocations=3 (full 0):
 garbage-first heap   total 96256K, used 68832K [0x00000000c0000000, 0x0000000100000000)
  region size 1024K, 56 young (57344K), 5 survivors (5120K)
 Metaspace       used 14770K, committed 15168K, reserved 1114112K
  class space    used 2063K, committed 2240K, reserved 1048576K
}
Event: 11.664 GC heap after
{Heap after GC invocations=4 (full 0):
 garbage-first heap   total 96256K, used 21492K [0x00000000c0000000, 0x0000000100000000)
  region size 1024K, 6 young (6144K), 6 survivors (6144K)
 Metaspace       used 14770K, committed 15168K, reserved 1114112K
  class space    used 2063K, committed 2240K, reserved 1048576K
}
Event: 16.690 GC heap before
{Heap before GC invocations=4 (full 0):
 garbage-first heap   total 96256K, used 66548K [0x00000000c0000000, 0x0000000100000000)
  region size 1024K, 51 young (52224K), 6 survivors (6144K)
 Metaspace       used 20854K, committed 21504K, reserved 1114112K
  class space    used 3070K, committed 3392K, reserved 1048576K
}
Event: 16.700 GC heap after
{Heap after GC invocations=5 (full 0):
 garbage-first heap   total 96256K, used 24688K [0x00000000c0000000, 0x0000000100000000)
  region size 1024K, 4 young (4096K), 4 survivors (4096K)
 Metaspace       used 20854K, committed 21504K, reserved 1114112K
  class space    used 3070K, committed 3392K, reserved 1048576K
}
Event: 20.337 GC heap before
{Heap before GC invocations=6 (full 0):
 garbage-first heap   total 86016K, used 71792K [0x00000000c0000000, 0x0000000100000000)
  region size 1024K, 50 young (51200K), 4 survivors (4096K)
 Metaspace       used 27063K, committed 28096K, reserved 1114112K
  class space    used 4049K, committed 4544K, reserved 1048576K
}
Event: 20.350 GC heap after
{Heap after GC invocations=7 (full 0):
 garbage-first heap   total 86016K, used 26916K [0x00000000c0000000, 0x0000000100000000)
  region size 1024K, 6 young (6144K), 6 survivors (6144K)
 Metaspace       used 27063K, committed 28096K, reserved 1114112K
  class space    used 4049K, committed 4544K, reserved 1048576K
}
Event: 22.058 GC heap before
{Heap before GC invocations=7 (full 0):
 garbage-first heap   total 86016K, used 69924K [0x00000000c0000000, 0x0000000100000000)
  region size 1024K, 49 young (50176K), 6 survivors (6144K)
 Metaspace       used 32650K, committed 33664K, reserved 1114112K
  class space    used 4655K, committed 5120K, reserved 1048576K
}
Event: 22.076 GC heap after
{Heap after GC invocations=8 (full 0):
 garbage-first heap   total 86016K, used 31051K [0x00000000c0000000, 0x0000000100000000)
  region size 1024K, 7 young (7168K), 7 survivors (7168K)
 Metaspace       used 32650K, committed 33664K, reserved 1114112K
  class space    used 4655K, committed 5120K, reserved 1048576K
}
Event: 25.973 GC heap before
{Heap before GC invocations=8 (full 0):
 garbage-first heap   total 86016K, used 49483K [0x00000000c0000000, 0x0000000100000000)
  region size 1024K, 26 young (26624K), 7 survivors (7168K)
 Metaspace       used 34887K, committed 35968K, reserved 1114112K
  class space    used 5045K, committed 5568K, reserved 1048576K
}
Event: 25.982 GC heap after
{Heap after GC invocations=9 (full 0):
 garbage-first heap   total 86016K, used 31974K [0x00000000c0000000, 0x0000000100000000)
  region size 1024K, 2 young (2048K), 2 survivors (2048K)
 Metaspace       used 34887K, committed 35968K, reserved 1114112K
  class space    used 5045K, committed 5568K, reserved 1048576K
}
Event: 28.119 GC heap before
{Heap before GC invocations=10 (full 0):
 garbage-first heap   total 86016K, used 79078K [0x00000000c0000000, 0x0000000100000000)
  region size 1024K, 43 young (44032K), 2 survivors (2048K)
 Metaspace       used 39726K, committed 41152K, reserved 1114112K
  class space    used 5765K, committed 6464K, reserved 1048576K
}
Event: 28.125 GC heap after
{Heap after GC invocations=11 (full 0):
 garbage-first heap   total 86016K, used 34626K [0x00000000c0000000, 0x0000000100000000)
  region size 1024K, 5 young (5120K), 5 survivors (5120K)
 Metaspace       used 39726K, committed 41152K, reserved 1114112K
  class space    used 5765K, committed 6464K, reserved 1048576K
}
Event: 30.807 GC heap before
{Heap before GC invocations=11 (full 0):
 garbage-first heap   total 86016K, used 75586K [0x00000000c0000000, 0x0000000100000000)
  region size 1024K, 44 young (45056K), 5 survivors (5120K)
 Metaspace       used 43572K, committed 45120K, reserved 1114112K
  class space    used 6285K, committed 7040K, reserved 1048576K
}
Event: 30.815 GC heap after
{Heap after GC invocations=12 (full 0):
 garbage-first heap   total 86016K, used 35645K [0x00000000c0000000, 0x0000000100000000)
  region size 1024K, 5 young (5120K), 5 survivors (5120K)
 Metaspace       used 43572K, committed 45120K, reserved 1114112K
  class space    used 6285K, committed 7040K, reserved 1048576K
}
Event: 34.599 GC heap before
{Heap before GC invocations=12 (full 0):
 garbage-first heap   total 86016K, used 75581K [0x00000000c0000000, 0x0000000100000000)
  region size 1024K, 44 young (45056K), 5 survivors (5120K)
 Metaspace       used 46619K, committed 48320K, reserved 1114112K
  class space    used 6809K, committed 7616K, reserved 1048576K
}
Event: 34.608 GC heap after
{Heap after GC invocations=13 (full 0):
 garbage-first heap   total 86016K, used 36796K [0x00000000c0000000, 0x0000000100000000)
  region size 1024K, 3 young (3072K), 3 survivors (3072K)
 Metaspace       used 46619K, committed 48320K, reserved 1114112K
  class space    used 6809K, committed 7616K, reserved 1048576K
}

