# JRE version: OpenJDK Runtime Environment Temurin-21.0.12.1+1 (21.0.12.1+1) (build 21.0.12.1+1-LTS)
# Java VM: OpenJDK 64-Bit Server VM Temurin-21.0.12.1+1 (21.0.12.1+1-LTS, mixed mode, sharing, tiered, compressed oops, compressed class ptrs, g1 gc, windows-amd64)
GC Precious Log:
 CardTable entry size: 512
 Card Set container configuration: InlinePtr #cards 5 size 8 Array Of Cards #cards 12 size 40 Howl #buckets 4 coarsen threshold 1843 Howl Bitmap #cards 512 size 80 coarsen threshold 460 Card regions per heap region 1 cards per card region 2048
 CPUs: 8 total, 8 available
 Memory: 5965M
 Large Page Support: Disabled
 NUMA Support: Disabled
 Compressed Oops: Enabled (32-bit)
 Heap Region Size: 1M
 Heap Min Capacity: 8M
 Heap Initial Capacity: 94M
 Heap Max Capacity: 1G
 Pre-touch: Disabled
 Parallel Workers: 8
 Concurrent Workers: 2
 Concurrent Refinement Workers: 8
 Periodic GC: Disabled
Heap:
 garbage-first heap   total 86016K, used 55052K [0x00000000c0000000, 0x0000000100000000)
  region size 1024K, 23 young (23552K), 4 survivors (4096K)
 Metaspace       used 44975K, committed 46592K, reserved 1114112K
  class space    used 6523K, committed 7296K, reserved 1048576K
GC Heap History (20 events):
Event: 2.848 GC heap before
{Heap before GC invocations=0 (full 0):
 garbage-first heap   total 96256K, used 23552K [0x00000000c0000000, 0x0000000100000000)
  region size 1024K, 23 young (23552K), 0 survivors (0K)
 Metaspace       used 1056K, committed 1152K, reserved 1114112K
  class space    used 81K, committed 128K, reserved 1048576K
}
Event: 2.875 GC heap after
{Heap after GC invocations=1 (full 0):
 garbage-first heap   total 96256K, used 1664K [0x00000000c0000000, 0x0000000100000000)
  region size 1024K, 2 young (2048K), 2 survivors (2048K)
 Metaspace       used 1056K, committed 1152K, reserved 1114112K
  class space    used 81K, committed 128K, reserved 1048576K
}
Event: 23.229 GC heap before
{Heap before GC invocations=1 (full 0):
 garbage-first heap   total 96256K, used 40576K [0x00000000c0000000, 0x0000000100000000)
  region size 1024K, 37 young (37888K), 2 survivors (2048K)
 Metaspace       used 4428K, committed 4608K, reserved 1114112K
  class space    used 559K, committed 640K, reserved 1048576K
}
Event: 23.248 GC heap after
{Heap after GC invocations=2 (full 0):
 garbage-first heap   total 96256K, used 10836K [0x00000000c0000000, 0x0000000100000000)
  region size 1024K, 5 young (5120K), 5 survivors (5120K)
 Metaspace       used 4428K, committed 4608K, reserved 1114112K
  class space    used 559K, committed 640K, reserved 1048576K
}
Event: 25.919 GC heap before
{Heap before GC invocations=2 (full 0):
 garbage-first heap   total 96256K, used 54868K [0x00000000c0000000, 0x0000000100000000)
  region size 1024K, 47 young (48128K), 5 survivors (5120K)
 Metaspace       used 4651K, committed 4864K, reserved 1114112K
  class space    used 586K, committed 704K, reserved 1048576K
}
Event: 25.930 GC heap after
{Heap after GC invocations=3 (full 0):
 garbage-first heap   total 96256K, used 16413K [0x00000000c0000000, 0x0000000100000000)
  region size 1024K, 5 young (5120K), 5 survivors (5120K)
 Metaspace       used 4651K, committed 4864K, reserved 1114112K
  class space    used 586K, committed 704K, reserved 1048576K
}
Event: 35.937 GC heap before
{Heap before GC invocations=3 (full 0):
 garbage-first heap   total 96256K, used 68637K [0x00000000c0000000, 0x0000000100000000)
  region size 1024K, 56 young (57344K), 5 survivors (5120K)
 Metaspace       used 14785K, committed 15232K, reserved 1114112K
  class space    used 2064K, committed 2240K, reserved 1048576K
}
Event: 35.960 GC heap after
{Heap after GC invocations=4 (full 0):
 garbage-first heap   total 96256K, used 21255K [0x00000000c0000000, 0x0000000100000000)
  region size 1024K, 5 young (5120K), 5 survivors (5120K)
 Metaspace       used 14785K, committed 15232K, reserved 1114112K
  class space    used 2064K, committed 2240K, reserved 1048576K
}
Event: 40.293 GC heap before
{Heap before GC invocations=4 (full 0):
 garbage-first heap   total 96256K, used 67335K [0x00000000c0000000, 0x0000000100000000)
  region size 1024K, 51 young (52224K), 5 survivors (5120K)
 Metaspace       used 20853K, committed 21504K, reserved 1114112K
  class space    used 3081K, committed 3392K, reserved 1048576K
}
Event: 40.304 GC heap after
{Heap after GC invocations=5 (full 0):
 garbage-first heap   total 96256K, used 24569K [0x00000000c0000000, 0x0000000100000000)
  region size 1024K, 4 young (4096K), 4 survivors (4096K)
 Metaspace       used 20853K, committed 21504K, reserved 1114112K
  class space    used 3081K, committed 3392K, reserved 1048576K
}
Event: 44.414 GC heap before
{Heap before GC invocations=6 (full 0):
 garbage-first heap   total 86016K, used 71673K [0x00000000c0000000, 0x0000000100000000)
  region size 1024K, 50 young (51200K), 4 survivors (4096K)
 Metaspace       used 27365K, committed 28352K, reserved 1114112K
  class space    used 4082K, committed 4544K, reserved 1048576K
}
Event: 44.422 GC heap after
{Heap after GC invocations=7 (full 0):
 garbage-first heap   total 86016K, used 26748K [0x00000000c0000000, 0x0000000100000000)
  region size 1024K, 6 young (6144K), 6 survivors (6144K)
 Metaspace       used 27365K, committed 28352K, reserved 1114112K
  class space    used 4082K, committed 4544K, reserved 1048576K
}
Event: 46.391 GC heap before
{Heap before GC invocations=7 (full 0):
 garbage-first heap   total 86016K, used 69756K [0x00000000c0000000, 0x0000000100000000)
  region size 1024K, 49 young (50176K), 6 survivors (6144K)
 Metaspace       used 32857K, committed 33856K, reserved 1114112K
  class space    used 4698K, committed 5184K, reserved 1048576K
}
Event: 46.402 GC heap after
{Heap after GC invocations=8 (full 0):
 garbage-first heap   total 86016K, used 32100K [0x00000000c0000000, 0x0000000100000000)
  region size 1024K, 7 young (7168K), 7 survivors (7168K)
 Metaspace       used 32857K, committed 33856K, reserved 1114112K
  class space    used 4698K, committed 5184K, reserved 1048576K
}
Event: 53.092 GC heap before
{Heap before GC invocations=8 (full 0):
 garbage-first heap   total 86016K, used 64868K [0x00000000c0000000, 0x0000000100000000)
  region size 1024K, 35 young (35840K), 7 survivors (7168K)
 Metaspace       used 36340K, committed 37440K, reserved 1114112K
  class space    used 5192K, committed 5760K, reserved 1048576K
}
Event: 53.102 GC heap after
{Heap after GC invocations=9 (full 0):
 garbage-first heap   total 86016K, used 34159K [0x00000000c0000000, 0x0000000100000000)
  region size 1024K, 3 young (3072K), 3 survivors (3072K)
 Metaspace       used 36340K, committed 37440K, reserved 1114112K
  class space    used 5192K, committed 5760K, reserved 1048576K
}
Event: 56.275 GC heap before
{Heap before GC invocations=10 (full 0):
 garbage-first heap   total 86016K, used 74095K [0x00000000c0000000, 0x0000000100000000)
  region size 1024K, 42 young (43008K), 3 survivors (3072K)
 Metaspace       used 40747K, committed 42176K, reserved 1114112K
  class space    used 5943K, committed 6656K, reserved 1048576K
}
Event: 56.280 GC heap after
{Heap after GC invocations=11 (full 0):
 garbage-first heap   total 86016K, used 36049K [0x00000000c0000000, 0x0000000100000000)
  region size 1024K, 5 young (5120K), 5 survivors (5120K)
 Metaspace       used 40747K, committed 42176K, reserved 1114112K
  class space    used 5943K, committed 6656K, reserved 1048576K
}
Event: 62.402 GC heap before
{Heap before GC invocations=11 (full 0):
 garbage-first heap   total 86016K, used 77009K [0x00000000c0000000, 0x0000000100000000)
  region size 1024K, 43 young (44032K), 5 survivors (5120K)
 Metaspace       used 43593K, committed 45120K, reserved 1114112K
  class space    used 6297K, committed 7040K, reserved 1048576K
}
Event: 62.408 GC heap after
{Heap after GC invocations=12 (full 0):
 garbage-first heap   total 86016K, used 36620K [0x00000000c0000000, 0x0000000100000000)
  region size 1024K, 4 young (4096K), 4 survivors (4096K)
 Metaspace       used 43593K, committed 45120K, reserved 1114112K
  class space    used 6297K, committed 7040K, reserved 1048576K
}

