# JRE version: OpenJDK Runtime Environment Temurin-21.0.12.1+1 (21.0.12.1+1) (build 21.0.12.1+1-LTS)
# Java VM: OpenJDK 64-Bit Server VM Temurin-21.0.12.1+1 (21.0.12.1+1-LTS, mixed mode, tiered, compressed oops, compressed class ptrs, g1 gc, windows-amd64)
GC Precious Log:
 CardTable entry size: 512
 Card Set container configuration: InlinePtr #cards 5 size 8 Array Of Cards #cards 12 size 40 Howl #buckets 4 coarsen threshold 1843 Howl Bitmap #cards 512 size 80 coarsen threshold 460 Card regions per heap region 1 cards per card region 2048
 CPUs: 8 total, 8 available
 Memory: 5965M
 Large Page Support: Disabled
 NUMA Support: Disabled
 Compressed Oops: Enabled (32-bit)
 Heap Region Size: 1M
 Heap Min Capacity: 8M
 Heap Initial Capacity: 94M
 Heap Max Capacity: 1G
 Pre-touch: Disabled
 Parallel Workers: 8
 Concurrent Workers: 2
 Concurrent Refinement Workers: 8
 Periodic GC: Disabled
Heap:
 garbage-first heap   total 128000K, used 82868K [0x00000000c0000000, 0x0000000100000000)
  region size 1024K, 12 young (12288K), 2 survivors (2048K)
 Metaspace       used 75862K, committed 77888K, reserved 1179648K
  class space    used 10211K, committed 11200K, reserved 1048576K
GC Heap History (20 events):
Event: 276.700 GC heap before
{Heap before GC invocations=25 (full 0):
 garbage-first heap   total 86016K, used 70773K [0x00000000c0000000, 0x0000000100000000)
  region size 1024K, 24 young (24576K), 3 survivors (3072K)
 Metaspace       used 60336K, committed 62144K, reserved 1114112K
  class space    used 8184K, committed 9088K, reserved 1048576K
}
Event: 276.704 GC heap after
{Heap after GC invocations=26 (full 0):
 garbage-first heap   total 86016K, used 51436K [0x00000000c0000000, 0x0000000100000000)
  region size 1024K, 3 young (3072K), 3 survivors (3072K)
 Metaspace       used 60336K, committed 62144K, reserved 1114112K
  class space    used 8184K, committed 9088K, reserved 1048576K
}
Event: 288.117 GC heap before
{Heap before GC invocations=26 (full 0):
 garbage-first heap   total 86016K, used 74988K [0x00000000c0000000, 0x0000000100000000)
  region size 1024K, 27 young (27648K), 3 survivors (3072K)
 Metaspace       used 63134K, committed 64896K, reserved 1114112K
  class space    used 8555K, committed 9408K, reserved 1048576K
}
Event: 288.157 GC heap after
{Heap after GC invocations=27 (full 0):
 garbage-first heap   total 86016K, used 49513K [0x00000000c0000000, 0x0000000100000000)
  region size 1024K, 2 young (2048K), 2 survivors (2048K)
 Metaspace       used 63134K, committed 64896K, reserved 1114112K
  class space    used 8555K, committed 9408K, reserved 1048576K
}
Event: 316.729 GC heap before
{Heap before GC invocations=27 (full 0):
 garbage-first heap   total 86016K, used 67945K [0x00000000c0000000, 0x0000000100000000)
  region size 1024K, 22 young (22528K), 2 survivors (2048K)
 Metaspace       used 64665K, committed 66368K, reserved 1114112K
  class space    used 8749K, committed 9600K, reserved 1048576K
}
Event: 316.797 GC heap after
{Heap after GC invocations=28 (full 0):
 garbage-first heap   total 86016K, used 50418K [0x00000000c0000000, 0x0000000100000000)
  region size 1024K, 3 young (3072K), 3 survivors (3072K)
 Metaspace       used 64665K, committed 66368K, reserved 1114112K
  class space    used 8749K, committed 9600K, reserved 1048576K
}
Event: 349.220 GC heap before
{Heap before GC invocations=29 (full 0):
 garbage-first heap   total 87040K, used 85234K [0x00000000c0000000, 0x0000000100000000)
  region size 1024K, 29 young (29696K), 3 survivors (3072K)
 Metaspace       used 65061K, committed 66880K, reserved 1114112K
  class space    used 8809K, committed 9728K, reserved 1048576K
}
Event: 349.271 GC heap after
{Heap after GC invocations=30 (full 0):
 garbage-first heap   total 97280K, used 66338K [0x00000000c0000000, 0x0000000100000000)
  region size 1024K, 4 young (4096K), 4 survivors (4096K)
 Metaspace       used 65061K, committed 66880K, reserved 1114112K
  class space    used 8809K, committed 9728K, reserved 1048576K
}
Event: 357.606 GC heap before
{Heap before GC invocations=30 (full 0):
 garbage-first heap   total 97280K, used 88866K [0x00000000c0000000, 0x0000000100000000)
  region size 1024K, 25 young (25600K), 4 survivors (4096K)
 Metaspace       used 65827K, committed 67648K, reserved 1114112K
  class space    used 8892K, committed 9792K, reserved 1048576K
}
Event: 357.618 GC heap after
{Heap after GC invocations=31 (full 0):
 garbage-first heap   total 97280K, used 68003K [0x00000000c0000000, 0x0000000100000000)
  region size 1024K, 2 young (2048K), 2 survivors (2048K)
 Metaspace       used 65827K, committed 67648K, reserved 1114112K
  class space    used 8892K, committed 9792K, reserved 1048576K
}
Event: 371.317 GC heap before
{Heap before GC invocations=31 (full 0):
 garbage-first heap   total 97280K, used 87459K [0x00000000c0000000, 0x0000000100000000)
  region size 1024K, 22 young (22528K), 2 survivors (2048K)
 Metaspace       used 67669K, committed 69504K, reserved 1114112K
  class space    used 9129K, committed 10048K, reserved 1048576K
}
Event: 371.341 GC heap after
{Heap after GC invocations=32 (full 0):
 garbage-first heap   total 97280K, used 68843K [0x00000000c0000000, 0x0000000100000000)
  region size 1024K, 3 young (3072K), 3 survivors (3072K)
 Metaspace       used 67669K, committed 69504K, reserved 1114112K
  class space    used 9129K, committed 10048K, reserved 1048576K
}
Event: 377.947 GC heap before
{Heap before GC invocations=33 (full 0):
 garbage-first heap   total 116736K, used 88299K [0x00000000c0000000, 0x0000000100000000)
  region size 1024K, 23 young (23552K), 3 survivors (3072K)
 Metaspace       used 70089K, committed 72000K, reserved 1114112K
  class space    used 9386K, committed 10368K, reserved 1048576K
}
Event: 377.954 GC heap after
{Heap after GC invocations=34 (full 0):
 garbage-first heap   total 116736K, used 69251K [0x00000000c0000000, 0x0000000100000000)
  region size 1024K, 2 young (2048K), 2 survivors (2048K)
 Metaspace       used 70089K, committed 72000K, reserved 1114112K
  class space    used 9386K, committed 10368K, reserved 1048576K
}
Event: 394.990 GC heap before
{Heap before GC invocations=34 (full 0):
 garbage-first heap   total 116736K, used 102019K [0x00000000c0000000, 0x0000000100000000)
  region size 1024K, 34 young (34816K), 2 survivors (2048K)
 Metaspace       used 73777K, committed 75712K, reserved 1114112K
  class space    used 9921K, committed 10880K, reserved 1048576K
}
Event: 395.301 GC heap after
{Heap after GC invocations=35 (full 0):
 garbage-first heap   total 116736K, used 70849K [0x00000000c0000000, 0x0000000100000000)
  region size 1024K, 4 young (4096K), 4 survivors (4096K)
 Metaspace       used 73777K, committed 75712K, reserved 1114112K
  class space    used 9921K, committed 10880K, reserved 1048576K
}
Event: 396.109 GC heap before
{Heap before GC invocations=35 (full 0):
 garbage-first heap   total 116736K, used 73921K [0x00000000c0000000, 0x0000000100000000)
  region size 1024K, 8 young (8192K), 4 survivors (4096K)
 Metaspace       used 73777K, committed 75712K, reserved 1114112K
  class space    used 9921K, committed 10880K, reserved 1048576K
}
Event: 396.224 GC heap after
{Heap after GC invocations=36 (full 0):
 garbage-first heap   total 116736K, used 73583K [0x00000000c0000000, 0x0000000100000000)
  region size 1024K, 5 young (5120K), 5 survivors (5120K)
 Metaspace       used 73777K, committed 75712K, reserved 1114112K
  class space    used 9921K, committed 10880K, reserved 1048576K
}
Event: 410.547 GC heap before
{Heap before GC invocations=37 (full 0):
 garbage-first heap   total 128000K, used 102255K [0x00000000c0000000, 0x0000000100000000)
  region size 1024K, 28 young (28672K), 5 survivors (5120K)
 Metaspace       used 75100K, committed 77056K, reserved 1179648K
  class space    used 10110K, committed 11072K, reserved 1048576K
}
Event: 410.673 GC heap after
{Heap after GC invocations=38 (full 0):
 garbage-first heap   total 128000K, used 74676K [0x00000000c0000000, 0x0000000100000000)
  region size 1024K, 2 young (2048K), 2 survivors (2048K)
 Metaspace       used 75100K, committed 77056K, reserved 1179648K
  class space    used 10110K, committed 11072K, reserved 1048576K
}

