# JRE version: OpenJDK Runtime Environment Temurin-21.0.12.1+1 (21.0.12.1+1) (build 21.0.12.1+1-LTS)
# Java VM: OpenJDK 64-Bit Server VM Temurin-21.0.12.1+1 (21.0.12.1+1-LTS, mixed mode, sharing, tiered, compressed oops, compressed class ptrs, g1 gc, windows-amd64)
GC Precious Log:
 CardTable entry size: 512
 Card Set container configuration: InlinePtr #cards 5 size 8 Array Of Cards #cards 12 size 40 Howl #buckets 4 coarsen threshold 1843 Howl Bitmap #cards 512 size 80 coarsen threshold 460 Card regions per heap region 1 cards per card region 2048
 CPUs: 8 total, 8 available
 Memory: 5965M
 Large Page Support: Disabled
 NUMA Support: Disabled
 Compressed Oops: Enabled (32-bit)
 Heap Region Size: 1M
 Heap Min Capacity: 8M
 Heap Initial Capacity: 94M
 Heap Max Capacity: 1G
 Pre-touch: Disabled
 Parallel Workers: 8
 Concurrent Workers: 2
 Concurrent Refinement Workers: 8
 Periodic GC: Disabled
Heap:
 garbage-first heap   total 87040K, used 65152K [0x00000000c0000000, 0x0000000100000000)
  region size 1024K, 12 young (12288K), 2 survivors (2048K)
 Metaspace       used 55645K, committed 57472K, reserved 1114112K
  class space    used 7953K, committed 8832K, reserved 1048576K
GC Heap History (20 events):
Event: 76.022 GC heap before
{Heap before GC invocations=12 (full 0):
 garbage-first heap   total 81920K, used 71625K [0x00000000c0000000, 0x0000000100000000)
  region size 1024K, 38 young (38912K), 4 survivors (4096K)
 Metaspace       used 44529K, committed 46144K, reserved 1114112K
  class space    used 6445K, committed 7232K, reserved 1048576K
}
Event: 76.029 GC heap after
{Heap after GC invocations=13 (full 0):
 garbage-first heap   total 81920K, used 37815K [0x00000000c0000000, 0x0000000100000000)
  region size 1024K, 3 young (3072K), 3 survivors (3072K)
 Metaspace       used 44529K, committed 46144K, reserved 1114112K
  class space    used 6445K, committed 7232K, reserved 1048576K
}
Event: 79.069 GC heap before
{Heap before GC invocations=13 (full 0):
 garbage-first heap   total 81920K, used 72631K [0x00000000c0000000, 0x0000000100000000)
  region size 1024K, 37 young (37888K), 3 survivors (3072K)
 Metaspace       used 48441K, committed 50176K, reserved 1114112K
  class space    used 7057K, committed 7872K, reserved 1048576K
}
Event: 79.074 GC heap after
{Heap after GC invocations=14 (full 0):
 garbage-first heap   total 81920K, used 39201K [0x00000000c0000000, 0x0000000100000000)
  region size 1024K, 4 young (4096K), 4 survivors (4096K)
 Metaspace       used 48441K, committed 50176K, reserved 1114112K
  class space    used 7057K, committed 7872K, reserved 1048576K
}
Event: 84.536 GC heap before
{Heap before GC invocations=14 (full 0):
 garbage-first heap   total 81920K, used 74017K [0x00000000c0000000, 0x0000000100000000)
  region size 1024K, 38 young (38912K), 4 survivors (4096K)
 Metaspace       used 50480K, committed 52224K, reserved 1114112K
  class space    used 7335K, committed 8192K, reserved 1048576K
}
Event: 84.549 GC heap after
{Heap after GC invocations=15 (full 0):
 garbage-first heap   total 83968K, used 44330K [0x00000000c0000000, 0x0000000100000000)
  region size 1024K, 5 young (5120K), 5 survivors (5120K)
 Metaspace       used 50480K, committed 52224K, reserved 1114112K
  class space    used 7335K, committed 8192K, reserved 1048576K
}
Event: 90.451 GC heap before
{Heap before GC invocations=15 (full 0):
 garbage-first heap   total 83968K, used 73002K [0x00000000c0000000, 0x0000000100000000)
  region size 1024K, 34 young (34816K), 5 survivors (5120K)
 Metaspace       used 51015K, committed 52736K, reserved 1114112K
  class space    used 7361K, committed 8256K, reserved 1048576K
}
Event: 90.461 GC heap after
{Heap after GC invocations=16 (full 0):
 garbage-first heap   total 83968K, used 46747K [0x00000000c0000000, 0x0000000100000000)
  region size 1024K, 3 young (3072K), 3 survivors (3072K)
 Metaspace       used 51015K, committed 52736K, reserved 1114112K
  class space    used 7361K, committed 8256K, reserved 1048576K
}
Event: 91.737 GC heap before
{Heap before GC invocations=17 (full 0):
 garbage-first heap   total 83968K, used 73371K [0x00000000c0000000, 0x0000000100000000)
  region size 1024K, 30 young (30720K), 3 survivors (3072K)
 Metaspace       used 51149K, committed 52928K, reserved 1114112K
  class space    used 7361K, committed 8256K, reserved 1048576K
}
Event: 91.744 GC heap after
{Heap after GC invocations=18 (full 0):
 garbage-first heap   total 83968K, used 49340K [0x00000000c0000000, 0x0000000100000000)
  region size 1024K, 4 young (4096K), 4 survivors (4096K)
 Metaspace       used 51149K, committed 52928K, reserved 1114112K
  class space    used 7361K, committed 8256K, reserved 1048576K
}
Event: 92.430 GC heap before
{Heap before GC invocations=18 (full 0):
 garbage-first heap   total 83968K, used 73916K [0x00000000c0000000, 0x0000000100000000)
  region size 1024K, 29 young (29696K), 4 survivors (4096K)
 Metaspace       used 51197K, committed 52992K, reserved 1114112K
  class space    used 7362K, committed 8256K, reserved 1048576K
}
Event: 92.435 GC heap after
{Heap after GC invocations=19 (full 0):
 garbage-first heap   total 83968K, used 49896K [0x00000000c0000000, 0x0000000100000000)
  region size 1024K, 3 young (3072K), 3 survivors (3072K)
 Metaspace       used 51197K, committed 52992K, reserved 1114112K
  class space    used 7362K, committed 8256K, reserved 1048576K
}
Event: 92.702 GC heap before
{Heap before GC invocations=19 (full 0):
 garbage-first heap   total 83968K, used 74472K [0x00000000c0000000, 0x0000000100000000)
  region size 1024K, 28 young (28672K), 3 survivors (3072K)
 Metaspace       used 51204K, committed 52992K, reserved 1114112K
  class space    used 7362K, committed 8256K, reserved 1048576K
}
Event: 92.705 GC heap after
{Heap after GC invocations=20 (full 0):
 garbage-first heap   total 83968K, used 50985K [0x00000000c0000000, 0x0000000100000000)
  region size 1024K, 3 young (3072K), 3 survivors (3072K)
 Metaspace       used 51204K, committed 52992K, reserved 1114112K
  class space    used 7362K, committed 8256K, reserved 1048576K
}
Event: 93.489 GC heap before
{Heap before GC invocations=21 (full 0):
 garbage-first heap   total 86016K, used 74537K [0x00000000c0000000, 0x0000000100000000)
  region size 1024K, 27 young (27648K), 3 survivors (3072K)
 Metaspace       used 52151K, committed 53952K, reserved 1114112K
  class space    used 7486K, committed 8384K, reserved 1048576K
}
Event: 93.491 GC heap after
{Heap after GC invocations=22 (full 0):
 garbage-first heap   total 86016K, used 50172K [0x00000000c0000000, 0x0000000100000000)
  region size 1024K, 2 young (2048K), 2 survivors (2048K)
 Metaspace       used 52151K, committed 53952K, reserved 1114112K
  class space    used 7486K, committed 8384K, reserved 1048576K
}
Event: 97.684 GC heap before
{Heap before GC invocations=22 (full 0):
 garbage-first heap   total 86016K, used 76796K [0x00000000c0000000, 0x0000000100000000)
  region size 1024K, 29 young (29696K), 2 survivors (2048K)
 Metaspace       used 55486K, committed 57280K, reserved 1114112K
  class space    used 7927K, committed 8832K, reserved 1048576K
}
Event: 97.688 GC heap after
{Heap after GC invocations=23 (full 0):
 garbage-first heap   total 86016K, used 49666K [0x00000000c0000000, 0x0000000100000000)
  region size 1024K, 3 young (3072K), 3 survivors (3072K)
 Metaspace       used 55486K, committed 57280K, reserved 1114112K
  class space    used 7927K, committed 8832K, reserved 1048576K
}
Event: 99.464 GC heap before
{Heap before GC invocations=23 (full 0):
 garbage-first heap   total 86016K, used 53762K [0x00000000c0000000, 0x0000000100000000)
  region size 1024K, 8 young (8192K), 3 survivors (3072K)
 Metaspace       used 55506K, committed 57280K, reserved 1114112K
  class space    used 7928K, committed 8832K, reserved 1048576K
}
Event: 99.471 GC heap after
{Heap after GC invocations=24 (full 0):
 garbage-first heap   total 86016K, used 49792K [0x00000000c0000000, 0x0000000100000000)
  region size 1024K, 2 young (2048K), 2 survivors (2048K)
 Metaspace       used 55506K, committed 57280K, reserved 1114112K
  class space    used 7928K, committed 8832K, reserved 1048576K
}

