# JRE version: OpenJDK Runtime Environment Temurin-21.0.12.1+1 (21.0.12.1+1) (build 21.0.12.1+1-LTS)
# Java VM: OpenJDK 64-Bit Server VM Temurin-21.0.12.1+1 (21.0.12.1+1-LTS, mixed mode, sharing, tiered, compressed oops, compressed class ptrs, g1 gc, windows-amd64)
GC Precious Log:
 CardTable entry size: 512
 Card Set container configuration: InlinePtr #cards 5 size 8 Array Of Cards #cards 12 size 40 Howl #buckets 4 coarsen threshold 1843 Howl Bitmap #cards 512 size 80 coarsen threshold 460 Card regions per heap region 1 cards per card region 2048
 CPUs: 8 total, 8 available
 Memory: 5965M
 Large Page Support: Disabled
 NUMA Support: Disabled
 Compressed Oops: Enabled (32-bit)
 Heap Region Size: 1M
 Heap Min Capacity: 8M
 Heap Initial Capacity: 94M
 Heap Max Capacity: 1G
 Pre-touch: Disabled
 Parallel Workers: 8
 Concurrent Workers: 2
 Concurrent Refinement Workers: 8
 Periodic GC: Disabled
Heap:
 garbage-first heap   total 103424K, used 72108K [0x00000000c0000000, 0x0000000100000000)
  region size 1024K, 41 young (41984K), 6 survivors (6144K)
 Metaspace       used 47576K, committed 49216K, reserved 1114112K
  class space    used 6956K, committed 7744K, reserved 1048576K
GC Heap History (20 events):
Event: 0.865 GC heap before
{Heap before GC invocations=0 (full 0):
 garbage-first heap   total 96256K, used 22528K [0x00000000c0000000, 0x0000000100000000)
  region size 1024K, 23 young (23552K), 0 survivors (0K)
 Metaspace       used 932K, committed 1088K, reserved 1114112K
  class space    used 73K, committed 128K, reserved 1048576K
}
Event: 0.888 GC heap after
{Heap after GC invocations=1 (full 0):
 garbage-first heap   total 96256K, used 1536K [0x00000000c0000000, 0x0000000100000000)
  region size 1024K, 2 young (2048K), 2 survivors (2048K)
 Metaspace       used 932K, committed 1088K, reserved 1114112K
  class space    used 73K, committed 128K, reserved 1048576K
}
Event: 2.399 GC heap before
{Heap before GC invocations=1 (full 0):
 garbage-first heap   total 96256K, used 39424K [0x00000000c0000000, 0x0000000100000000)
  region size 1024K, 37 young (37888K), 2 survivors (2048K)
 Metaspace       used 4387K, committed 4544K, reserved 1114112K
  class space    used 558K, committed 640K, reserved 1048576K
}
Event: 2.409 GC heap after
{Heap after GC invocations=2 (full 0):
 garbage-first heap   total 96256K, used 10707K [0x00000000c0000000, 0x0000000100000000)
  region size 1024K, 5 young (5120K), 5 survivors (5120K)
 Metaspace       used 4387K, committed 4544K, reserved 1114112K
  class space    used 558K, committed 640K, reserved 1048576K
}
Event: 3.375 GC heap before
{Heap before GC invocations=2 (full 0):
 garbage-first heap   total 96256K, used 55763K [0x00000000c0000000, 0x0000000100000000)
  region size 1024K, 47 young (48128K), 5 survivors (5120K)
 Metaspace       used 4595K, committed 4864K, reserved 1114112K
  class space    used 581K, committed 704K, reserved 1048576K
}
Event: 3.386 GC heap after
{Heap after GC invocations=3 (full 0):
 garbage-first heap   total 96256K, used 16114K [0x00000000c0000000, 0x0000000100000000)
  region size 1024K, 4 young (4096K), 4 survivors (4096K)
 Metaspace       used 4595K, committed 4864K, reserved 1114112K
  class space    used 581K, committed 704K, reserved 1048576K
}
Event: 11.906 GC heap before
{Heap before GC invocations=3 (full 0):
 garbage-first heap   total 96256K, used 69362K [0x00000000c0000000, 0x0000000100000000)
  region size 1024K, 56 young (57344K), 4 survivors (4096K)
 Metaspace       used 14877K, committed 15296K, reserved 1114112K
  class space    used 2076K, committed 2240K, reserved 1048576K
}
Event: 12.187 GC heap after
{Heap after GC invocations=4 (full 0):
 garbage-first heap   total 96256K, used 21504K [0x00000000c0000000, 0x0000000100000000)
  region size 1024K, 5 young (5120K), 5 survivors (5120K)
 Metaspace       used 14877K, committed 15296K, reserved 1114112K
  class space    used 2076K, committed 2240K, reserved 1048576K
}
Event: 16.708 GC heap before
{Heap before GC invocations=4 (full 0):
 garbage-first heap   total 96256K, used 66560K [0x00000000c0000000, 0x0000000100000000)
  region size 1024K, 50 young (51200K), 5 survivors (5120K)
 Metaspace       used 20852K, committed 21504K, reserved 1114112K
  class space    used 3072K, committed 3392K, reserved 1048576K
}
Event: 16.719 GC heap after
{Heap after GC invocations=5 (full 0):
 garbage-first heap   total 96256K, used 24804K [0x00000000c0000000, 0x0000000100000000)
  region size 1024K, 3 young (3072K), 3 survivors (3072K)
 Metaspace       used 20852K, committed 21504K, reserved 1114112K
  class space    used 3072K, committed 3392K, reserved 1048576K
}
Event: 20.215 GC heap before
{Heap before GC invocations=6 (full 0):
 garbage-first heap   total 86016K, used 72932K [0x00000000c0000000, 0x0000000100000000)
  region size 1024K, 50 young (51200K), 3 survivors (3072K)
 Metaspace       used 27330K, committed 28288K, reserved 1114112K
  class space    used 4067K, committed 4544K, reserved 1048576K
}
Event: 20.233 GC heap after
{Heap after GC invocations=7 (full 0):
 garbage-first heap   total 86016K, used 27171K [0x00000000c0000000, 0x0000000100000000)
  region size 1024K, 6 young (6144K), 6 survivors (6144K)
 Metaspace       used 27330K, committed 28288K, reserved 1114112K
  class space    used 4067K, committed 4544K, reserved 1048576K
}
Event: 23.060 GC heap before
{Heap before GC invocations=7 (full 0):
 garbage-first heap   total 86016K, used 69155K [0x00000000c0000000, 0x0000000100000000)
  region size 1024K, 48 young (49152K), 6 survivors (6144K)
 Metaspace       used 32741K, committed 33664K, reserved 1114112K
  class space    used 4665K, committed 5120K, reserved 1048576K
}
Event: 23.071 GC heap after
{Heap after GC invocations=8 (full 0):
 garbage-first heap   total 86016K, used 31374K [0x00000000c0000000, 0x0000000100000000)
  region size 1024K, 6 young (6144K), 6 survivors (6144K)
 Metaspace       used 32741K, committed 33664K, reserved 1114112K
  class space    used 4665K, committed 5120K, reserved 1048576K
}
Event: 26.837 GC heap before
{Heap before GC invocations=8 (full 0):
 garbage-first heap   total 86016K, used 49806K [0x00000000c0000000, 0x0000000100000000)
  region size 1024K, 25 young (25600K), 6 survivors (6144K)
 Metaspace       used 34921K, committed 35968K, reserved 1114112K
  class space    used 5045K, committed 5568K, reserved 1048576K
}
Event: 26.845 GC heap after
{Heap after GC invocations=9 (full 0):
 garbage-first heap   total 86016K, used 33192K [0x00000000c0000000, 0x0000000100000000)
  region size 1024K, 2 young (2048K), 2 survivors (2048K)
 Metaspace       used 34921K, committed 35968K, reserved 1114112K
  class space    used 5045K, committed 5568K, reserved 1048576K
}
Event: 28.885 GC heap before
{Heap before GC invocations=10 (full 0):
 garbage-first heap   total 86016K, used 79272K [0x00000000c0000000, 0x0000000100000000)
  region size 1024K, 42 young (43008K), 2 survivors (2048K)
 Metaspace       used 39637K, committed 41024K, reserved 1114112K
  class space    used 5752K, committed 6400K, reserved 1048576K
}
Event: 28.891 GC heap after
{Heap after GC invocations=11 (full 0):
 garbage-first heap   total 103424K, used 35618K [0x00000000c0000000, 0x0000000100000000)
  region size 1024K, 4 young (4096K), 4 survivors (4096K)
 Metaspace       used 39637K, committed 41024K, reserved 1114112K
  class space    used 5752K, committed 6400K, reserved 1048576K
}
Event: 35.293 GC heap before
{Heap before GC invocations=11 (full 0):
 garbage-first heap   total 103424K, used 90914K [0x00000000c0000000, 0x0000000100000000)
  region size 1024K, 57 young (58368K), 4 survivors (4096K)
 Metaspace       used 43698K, committed 45248K, reserved 1114112K
  class space    used 6302K, committed 7040K, reserved 1048576K
}
Event: 35.304 GC heap after
{Heap after GC invocations=12 (full 0):
 garbage-first heap   total 103424K, used 37292K [0x00000000c0000000, 0x0000000100000000)
  region size 1024K, 6 young (6144K), 6 survivors (6144K)
 Metaspace       used 43698K, committed 45248K, reserved 1114112K
  class space    used 6302K, committed 7040K, reserved 1048576K
}

