# JRE version: OpenJDK Runtime Environment Temurin-21.0.12.1+1 (21.0.12.1+1) (build 21.0.12.1+1-LTS)
# Java VM: OpenJDK 64-Bit Server VM Temurin-21.0.12.1+1 (21.0.12.1+1-LTS, mixed mode, sharing, tiered, compressed oops, compressed class ptrs, g1 gc, windows-amd64)
GC Precious Log:
 CardTable entry size: 512
 Card Set container configuration: InlinePtr #cards 5 size 8 Array Of Cards #cards 12 size 40 Howl #buckets 4 coarsen threshold 1843 Howl Bitmap #cards 512 size 80 coarsen threshold 460 Card regions per heap region 1 cards per card region 2048
 CPUs: 8 total, 8 available
 Memory: 5965M
 Large Page Support: Disabled
 NUMA Support: Disabled
 Compressed Oops: Enabled (32-bit)
 Heap Region Size: 1M
 Heap Min Capacity: 8M
 Heap Initial Capacity: 94M
 Heap Max Capacity: 1G
 Pre-touch: Disabled
 Parallel Workers: 8
 Concurrent Workers: 2
 Concurrent Refinement Workers: 8
 Periodic GC: Disabled
Heap:
 garbage-first heap   total 86016K, used 50123K [0x00000000c0000000, 0x0000000100000000)
  region size 1024K, 26 young (26624K), 7 survivors (7168K)
 Metaspace       used 34934K, committed 35968K, reserved 1114112K
  class space    used 5048K, committed 5568K, reserved 1048576K
GC Heap History (14 events):
Event: 7.351 GC heap before
{Heap before GC invocations=0 (full 0):
 garbage-first heap   total 96256K, used 22528K [0x00000000c0000000, 0x0000000100000000)
  region size 1024K, 23 young (23552K), 0 survivors (0K)
 Metaspace       used 946K, committed 1088K, reserved 1114112K
  class space    used 73K, committed 128K, reserved 1048576K
}
Event: 7.507 GC heap after
{Heap after GC invocations=1 (full 0):
 garbage-first heap   total 96256K, used 1536K [0x00000000c0000000, 0x0000000100000000)
  region size 1024K, 2 young (2048K), 2 survivors (2048K)
 Metaspace       used 946K, committed 1088K, reserved 1114112K
  class space    used 73K, committed 128K, reserved 1048576K
}
Event: 15.385 GC heap before
{Heap before GC invocations=1 (full 0):
 garbage-first heap   total 96256K, used 39424K [0x00000000c0000000, 0x0000000100000000)
  region size 1024K, 37 young (37888K), 2 survivors (2048K)
 Metaspace       used 4398K, committed 4544K, reserved 1114112K
  class space    used 559K, committed 640K, reserved 1048576K
}
Event: 15.397 GC heap after
{Heap after GC invocations=2 (full 0):
 garbage-first heap   total 96256K, used 10755K [0x00000000c0000000, 0x0000000100000000)
  region size 1024K, 5 young (5120K), 5 survivors (5120K)
 Metaspace       used 4398K, committed 4544K, reserved 1114112K
  class space    used 559K, committed 640K, reserved 1048576K
}
Event: 19.318 GC heap before
{Heap before GC invocations=2 (full 0):
 garbage-first heap   total 96256K, used 55811K [0x00000000c0000000, 0x0000000100000000)
  region size 1024K, 47 young (48128K), 5 survivors (5120K)
 Metaspace       used 4618K, committed 4864K, reserved 1114112K
  class space    used 583K, committed 704K, reserved 1048576K
}
Event: 19.327 GC heap after
{Heap after GC invocations=3 (full 0):
 garbage-first heap   total 96256K, used 16097K [0x00000000c0000000, 0x0000000100000000)
  region size 1024K, 4 young (4096K), 4 survivors (4096K)
 Metaspace       used 4618K, committed 4864K, reserved 1114112K
  class space    used 583K, committed 704K, reserved 1048576K
}
Event: 37.673 GC heap before
{Heap before GC invocations=3 (full 0):
 garbage-first heap   total 96256K, used 69345K [0x00000000c0000000, 0x0000000100000000)
  region size 1024K, 56 young (57344K), 4 survivors (4096K)
 Metaspace       used 15053K, committed 15552K, reserved 1114112K
  class space    used 2094K, committed 2304K, reserved 1048576K
}
Event: 37.758 GC heap after
{Heap after GC invocations=4 (full 0):
 garbage-first heap   total 96256K, used 21467K [0x00000000c0000000, 0x0000000100000000)
  region size 1024K, 6 young (6144K), 6 survivors (6144K)
 Metaspace       used 15053K, committed 15552K, reserved 1114112K
  class space    used 2094K, committed 2304K, reserved 1048576K
}
Event: 51.936 GC heap before
{Heap before GC invocations=4 (full 0):
 garbage-first heap   total 96256K, used 65499K [0x00000000c0000000, 0x0000000100000000)
  region size 1024K, 50 young (51200K), 6 survivors (6144K)
 Metaspace       used 20855K, committed 21504K, reserved 1114112K
  class space    used 3068K, committed 3392K, reserved 1048576K
}
Event: 51.955 GC heap after
{Heap after GC invocations=5 (full 0):
 garbage-first heap   total 96256K, used 24688K [0x00000000c0000000, 0x0000000100000000)
  region size 1024K, 4 young (4096K), 4 survivors (4096K)
 Metaspace       used 20855K, committed 21504K, reserved 1114112K
  class space    used 3068K, committed 3392K, reserved 1048576K
}
Event: 60.396 GC heap before
{Heap before GC invocations=6 (full 0):
 garbage-first heap   total 86016K, used 71792K [0x00000000c0000000, 0x0000000100000000)
  region size 1024K, 50 young (51200K), 4 survivors (4096K)
 Metaspace       used 27112K, committed 28096K, reserved 1114112K
  class space    used 4053K, committed 4544K, reserved 1048576K
}
Event: 60.406 GC heap after
{Heap after GC invocations=7 (full 0):
 garbage-first heap   total 86016K, used 27015K [0x00000000c0000000, 0x0000000100000000)
  region size 1024K, 6 young (6144K), 6 survivors (6144K)
 Metaspace       used 27112K, committed 28096K, reserved 1114112K
  class space    used 4053K, committed 4544K, reserved 1048576K
}
Event: 65.958 GC heap before
{Heap before GC invocations=7 (full 0):
 garbage-first heap   total 86016K, used 70023K [0x00000000c0000000, 0x0000000100000000)
  region size 1024K, 49 young (50176K), 6 survivors (6144K)
 Metaspace       used 32657K, committed 33664K, reserved 1114112K
  class space    used 4655K, committed 5120K, reserved 1048576K
}
Event: 65.969 GC heap after
{Heap after GC invocations=8 (full 0):
 garbage-first heap   total 86016K, used 31691K [0x00000000c0000000, 0x0000000100000000)
  region size 1024K, 7 young (7168K), 7 survivors (7168K)
 Metaspace       used 32657K, committed 33664K, reserved 1114112K
  class space    used 4655K, committed 5120K, reserved 1048576K
}

