# JRE version: OpenJDK Runtime Environment Temurin-21.0.12.1+1 (21.0.12.1+1) (build 21.0.12.1+1-LTS)
# Java VM: OpenJDK 64-Bit Server VM Temurin-21.0.12.1+1 (21.0.12.1+1-LTS, mixed mode, sharing, tiered, compressed oops, compressed class ptrs, g1 gc, windows-amd64)
GC Precious Log:
 CardTable entry size: 512
 Card Set container configuration: InlinePtr #cards 5 size 8 Array Of Cards #cards 12 size 40 Howl #buckets 4 coarsen threshold 1843 Howl Bitmap #cards 512 size 80 coarsen threshold 460 Card regions per heap region 1 cards per card region 2048
 CPUs: 8 total, 8 available
 Memory: 5965M
 Large Page Support: Disabled
 NUMA Support: Disabled
 Compressed Oops: Enabled (32-bit)
 Heap Region Size: 1M
 Heap Min Capacity: 8M
 Heap Initial Capacity: 94M
 Heap Max Capacity: 1G
 Pre-touch: Disabled
 Parallel Workers: 8
 Concurrent Workers: 2
 Concurrent Refinement Workers: 8
 Periodic GC: Disabled
Heap:
 garbage-first heap   total 81920K, used 49308K [0x00000000c0000000, 0x0000000100000000)
  region size 1024K, 15 young (15360K), 2 survivors (2048K)
 Metaspace       used 44327K, committed 45952K, reserved 1114112K
  class space    used 6369K, committed 7168K, reserved 1048576K
GC Heap History (20 events):
Event: 9.015 GC heap before
{Heap before GC invocations=1 (full 0):
 garbage-first heap   total 96256K, used 39680K [0x00000000c0000000, 0x0000000100000000)
  region size 1024K, 37 young (37888K), 2 survivors (2048K)
 Metaspace       used 4421K, committed 4608K, reserved 1114112K
  class space    used 559K, committed 640K, reserved 1048576K
}
Event: 9.030 GC heap after
{Heap after GC invocations=2 (full 0):
 garbage-first heap   total 96256K, used 10901K [0x00000000c0000000, 0x0000000100000000)
  region size 1024K, 5 young (5120K), 5 survivors (5120K)
 Metaspace       used 4421K, committed 4608K, reserved 1114112K
  class space    used 559K, committed 640K, reserved 1048576K
}
Event: 12.968 GC heap before
{Heap before GC invocations=2 (full 0):
 garbage-first heap   total 96256K, used 55957K [0x00000000c0000000, 0x0000000100000000)
  region size 1024K, 47 young (48128K), 5 survivors (5120K)
 Metaspace       used 4636K, committed 4864K, reserved 1114112K
  class space    used 586K, committed 704K, reserved 1048576K
}
Event: 12.979 GC heap after
{Heap after GC invocations=3 (full 0):
 garbage-first heap   total 96256K, used 16481K [0x00000000c0000000, 0x0000000100000000)
  region size 1024K, 5 young (5120K), 5 survivors (5120K)
 Metaspace       used 4636K, committed 4864K, reserved 1114112K
  class space    used 586K, committed 704K, reserved 1048576K
}
Event: 25.076 GC heap before
{Heap before GC invocations=3 (full 0):
 garbage-first heap   total 96256K, used 68705K [0x00000000c0000000, 0x0000000100000000)
  region size 1024K, 56 young (57344K), 5 survivors (5120K)
 Metaspace       used 14777K, committed 15232K, reserved 1114112K
  class space    used 2062K, committed 2240K, reserved 1048576K
}
Event: 25.111 GC heap after
{Heap after GC invocations=4 (full 0):
 garbage-first heap   total 96256K, used 21253K [0x00000000c0000000, 0x0000000100000000)
  region size 1024K, 5 young (5120K), 5 survivors (5120K)
 Metaspace       used 14777K, committed 15232K, reserved 1114112K
  class space    used 2062K, committed 2240K, reserved 1048576K
}
Event: 44.622 GC heap before
{Heap before GC invocations=4 (full 0):
 garbage-first heap   total 96256K, used 66309K [0x00000000c0000000, 0x0000000100000000)
  region size 1024K, 50 young (51200K), 5 survivors (5120K)
 Metaspace       used 20796K, committed 21504K, reserved 1114112K
  class space    used 3061K, committed 3392K, reserved 1048576K
}
Event: 44.639 GC heap after
{Heap after GC invocations=5 (full 0):
 garbage-first heap   total 96256K, used 24360K [0x00000000c0000000, 0x0000000100000000)
  region size 1024K, 3 young (3072K), 3 survivors (3072K)
 Metaspace       used 20796K, committed 21504K, reserved 1114112K
  class space    used 3061K, committed 3392K, reserved 1048576K
}
Event: 53.008 GC heap before
{Heap before GC invocations=6 (full 0):
 garbage-first heap   total 81920K, used 70440K [0x00000000c0000000, 0x0000000100000000)
  region size 1024K, 48 young (49152K), 3 survivors (3072K)
 Metaspace       used 27217K, committed 28224K, reserved 1114112K
  class space    used 4050K, committed 4544K, reserved 1048576K
}
Event: 53.017 GC heap after
{Heap after GC invocations=7 (full 0):
 garbage-first heap   total 81920K, used 26805K [0x00000000c0000000, 0x0000000100000000)
  region size 1024K, 6 young (6144K), 6 survivors (6144K)
 Metaspace       used 27217K, committed 28224K, reserved 1114112K
  class space    used 4050K, committed 4544K, reserved 1048576K
}
Event: 69.369 GC heap before
{Heap before GC invocations=7 (full 0):
 garbage-first heap   total 81920K, used 66741K [0x00000000c0000000, 0x0000000100000000)
  region size 1024K, 46 young (47104K), 6 survivors (6144K)
 Metaspace       used 32368K, committed 33344K, reserved 1114112K
  class space    used 4601K, committed 5056K, reserved 1048576K
}
Event: 69.482 GC heap after
{Heap after GC invocations=8 (full 0):
 garbage-first heap   total 81920K, used 31192K [0x00000000c0000000, 0x0000000100000000)
  region size 1024K, 6 young (6144K), 6 survivors (6144K)
 Metaspace       used 32368K, committed 33344K, reserved 1114112K
  class space    used 4601K, committed 5056K, reserved 1048576K
}
Event: 111.120 GC heap before
{Heap before GC invocations=8 (full 0):
 garbage-first heap   total 81920K, used 56792K [0x00000000c0000000, 0x0000000100000000)
  region size 1024K, 32 young (32768K), 6 survivors (6144K)
 Metaspace       used 35069K, committed 36096K, reserved 1114112K
  class space    used 5051K, committed 5568K, reserved 1048576K
}
Event: 111.165 GC heap after
{Heap after GC invocations=9 (full 0):
 garbage-first heap   total 81920K, used 33494K [0x00000000c0000000, 0x0000000100000000)
  region size 1024K, 2 young (2048K), 2 survivors (2048K)
 Metaspace       used 35069K, committed 36096K, reserved 1114112K
  class space    used 5051K, committed 5568K, reserved 1048576K
}
Event: 123.141 GC heap before
{Heap before GC invocations=10 (full 0):
 garbage-first heap   total 81920K, used 74454K [0x00000000c0000000, 0x0000000100000000)
  region size 1024K, 37 young (37888K), 2 survivors (2048K)
 Metaspace       used 39272K, committed 40704K, reserved 1114112K
  class space    used 5661K, committed 6336K, reserved 1048576K
}
Event: 123.169 GC heap after
{Heap after GC invocations=11 (full 0):
 garbage-first heap   total 81920K, used 35348K [0x00000000c0000000, 0x0000000100000000)
  region size 1024K, 4 young (4096K), 4 survivors (4096K)
 Metaspace       used 39272K, committed 40704K, reserved 1114112K
  class space    used 5661K, committed 6336K, reserved 1048576K
}
Event: 164.082 GC heap before
{Heap before GC invocations=11 (full 0):
 garbage-first heap   total 81920K, used 71188K [0x00000000c0000000, 0x0000000100000000)
  region size 1024K, 38 young (38912K), 4 survivors (4096K)
 Metaspace       used 43684K, committed 45248K, reserved 1114112K
  class space    used 6281K, committed 7040K, reserved 1048576K
}
Event: 164.246 GC heap after
{Heap after GC invocations=12 (full 0):
 garbage-first heap   total 81920K, used 36613K [0x00000000c0000000, 0x0000000100000000)
  region size 1024K, 4 young (4096K), 4 survivors (4096K)
 Metaspace       used 43684K, committed 45248K, reserved 1114112K
  class space    used 6281K, committed 7040K, reserved 1048576K
}
Event: 300.917 GC heap before
{Heap before GC invocations=12 (full 0):
 garbage-first heap   total 81920K, used 72453K [0x00000000c0000000, 0x0000000100000000)
  region size 1024K, 39 young (39936K), 4 survivors (4096K)
 Metaspace       used 43830K, committed 45376K, reserved 1114112K
  class space    used 6290K, committed 7040K, reserved 1048576K
}
Event: 300.969 GC heap after
{Heap after GC invocations=13 (full 0):
 garbage-first heap   total 81920K, used 37020K [0x00000000c0000000, 0x0000000100000000)
  region size 1024K, 2 young (2048K), 2 survivors (2048K)
 Metaspace       used 43830K, committed 45376K, reserved 1114112K
  class space    used 6290K, committed 7040K, reserved 1048576K
}

