# JRE version: OpenJDK Runtime Environment Temurin-21.0.12.1+1 (21.0.12.1+1) (build 21.0.12.1+1-LTS)
# Java VM: OpenJDK 64-Bit Server VM Temurin-21.0.12.1+1 (21.0.12.1+1-LTS, mixed mode, sharing, tiered, compressed oops, compressed class ptrs, g1 gc, windows-amd64)
GC Precious Log:
 CardTable entry size: 512
 Card Set container configuration: InlinePtr #cards 5 size 8 Array Of Cards #cards 12 size 40 Howl #buckets 4 coarsen threshold 1843 Howl Bitmap #cards 512 size 80 coarsen threshold 460 Card regions per heap region 1 cards per card region 2048
 CPUs: 8 total, 8 available
 Memory: 5965M
 Large Page Support: Disabled
 NUMA Support: Disabled
 Compressed Oops: Enabled (32-bit)
 Heap Region Size: 1M
 Heap Min Capacity: 8M
 Heap Initial Capacity: 94M
 Heap Max Capacity: 1G
 Pre-touch: Disabled
 Parallel Workers: 8
 Concurrent Workers: 2
 Concurrent Refinement Workers: 8
 Periodic GC: Disabled
Heap:
 garbage-first heap   total 87040K, used 68311K [0x00000000c0000000, 0x0000000100000000)
  region size 1024K, 23 young (23552K), 2 survivors (2048K)
 Metaspace       used 55277K, committed 57024K, reserved 1114112K
  class space    used 7895K, committed 8768K, reserved 1048576K
GC Heap History (20 events):
Event: 23.259 GC heap before
{Heap before GC invocations=8 (full 0):
 garbage-first heap   total 86016K, used 55768K [0x00000000c0000000, 0x0000000100000000)
  region size 1024K, 27 young (27648K), 7 survivors (7168K)
 Metaspace       used 35429K, committed 36480K, reserved 1114112K
  class space    used 5071K, committed 5568K, reserved 1048576K
}
Event: 23.272 GC heap after
{Heap after GC invocations=9 (full 0):
 garbage-first heap   total 86016K, used 35347K [0x00000000c0000000, 0x0000000100000000)
  region size 1024K, 2 young (2048K), 2 survivors (2048K)
 Metaspace       used 35429K, committed 36480K, reserved 1114112K
  class space    used 5071K, committed 5568K, reserved 1048576K
}
Event: 24.966 GC heap before
{Heap before GC invocations=10 (full 0):
 garbage-first heap   total 86016K, used 74259K [0x00000000c0000000, 0x0000000100000000)
  region size 1024K, 40 young (40960K), 2 survivors (2048K)
 Metaspace       used 39679K, committed 41088K, reserved 1114112K
  class space    used 5760K, committed 6464K, reserved 1048576K
}
Event: 24.971 GC heap after
{Heap after GC invocations=11 (full 0):
 garbage-first heap   total 86016K, used 35632K [0x00000000c0000000, 0x0000000100000000)
  region size 1024K, 4 young (4096K), 4 survivors (4096K)
 Metaspace       used 39679K, committed 41088K, reserved 1114112K
  class space    used 5760K, committed 6464K, reserved 1048576K
}
Event: 26.285 GC heap before
{Heap before GC invocations=11 (full 0):
 garbage-first heap   total 86016K, used 76592K [0x00000000c0000000, 0x0000000100000000)
  region size 1024K, 43 young (44032K), 4 survivors (4096K)
 Metaspace       used 43515K, committed 45056K, reserved 1114112K
  class space    used 6281K, committed 7040K, reserved 1048576K
}
Event: 26.292 GC heap after
{Heap after GC invocations=12 (full 0):
 garbage-first heap   total 86016K, used 36381K [0x00000000c0000000, 0x0000000100000000)
  region size 1024K, 4 young (4096K), 4 survivors (4096K)
 Metaspace       used 43515K, committed 45056K, reserved 1114112K
  class space    used 6281K, committed 7040K, reserved 1048576K
}
Event: 28.130 GC heap before
{Heap before GC invocations=12 (full 0):
 garbage-first heap   total 86016K, used 76317K [0x00000000c0000000, 0x0000000100000000)
  region size 1024K, 43 young (44032K), 4 survivors (4096K)
 Metaspace       used 46551K, committed 48192K, reserved 1114112K
  class space    used 6796K, committed 7616K, reserved 1048576K
}
Event: 28.136 GC heap after
{Heap after GC invocations=13 (full 0):
 garbage-first heap   total 86016K, used 38591K [0x00000000c0000000, 0x0000000100000000)
  region size 1024K, 4 young (4096K), 4 survivors (4096K)
 Metaspace       used 46551K, committed 48192K, reserved 1114112K
  class space    used 6796K, committed 7616K, reserved 1048576K
}
Event: 31.256 GC heap before
{Heap before GC invocations=13 (full 0):
 garbage-first heap   total 86016K, used 76479K [0x00000000c0000000, 0x0000000100000000)
  region size 1024K, 41 young (41984K), 4 survivors (4096K)
 Metaspace       used 49636K, committed 51328K, reserved 1114112K
  class space    used 7207K, committed 8064K, reserved 1048576K
}
Event: 31.264 GC heap after
{Heap after GC invocations=14 (full 0):
 garbage-first heap   total 86016K, used 41304K [0x00000000c0000000, 0x0000000100000000)
  region size 1024K, 5 young (5120K), 5 survivors (5120K)
 Metaspace       used 49636K, committed 51328K, reserved 1114112K
  class space    used 7207K, committed 8064K, reserved 1048576K
}
Event: 34.349 GC heap before
{Heap before GC invocations=14 (full 0):
 garbage-first heap   total 86016K, used 75096K [0x00000000c0000000, 0x0000000100000000)
  region size 1024K, 39 young (39936K), 5 survivors (5120K)
 Metaspace       used 50536K, committed 52224K, reserved 1114112K
  class space    used 7303K, committed 8128K, reserved 1048576K
}
Event: 34.358 GC heap after
{Heap after GC invocations=15 (full 0):
 garbage-first heap   total 87040K, used 46329K [0x00000000c0000000, 0x0000000100000000)
  region size 1024K, 5 young (5120K), 5 survivors (5120K)
 Metaspace       used 50536K, committed 52224K, reserved 1114112K
  class space    used 7303K, committed 8128K, reserved 1048576K
}
Event: 34.865 GC heap before
{Heap before GC invocations=15 (full 0):
 garbage-first heap   total 87040K, used 76025K [0x00000000c0000000, 0x0000000100000000)
  region size 1024K, 35 young (35840K), 5 survivors (5120K)
 Metaspace       used 50901K, committed 52608K, reserved 1114112K
  class space    used 7329K, committed 8192K, reserved 1048576K
}
Event: 34.870 GC heap after
{Heap after GC invocations=16 (full 0):
 garbage-first heap   total 87040K, used 47588K [0x00000000c0000000, 0x0000000100000000)
  region size 1024K, 4 young (4096K), 4 survivors (4096K)
 Metaspace       used 50901K, committed 52608K, reserved 1114112K
  class space    used 7329K, committed 8192K, reserved 1048576K
}
Event: 35.266 GC heap before
{Heap before GC invocations=17 (full 0):
 garbage-first heap   total 87040K, used 77284K [0x00000000c0000000, 0x0000000100000000)
  region size 1024K, 33 young (33792K), 4 survivors (4096K)
 Metaspace       used 50990K, committed 52736K, reserved 1114112K
  class space    used 7329K, committed 8192K, reserved 1048576K
}
Event: 35.271 GC heap after
{Heap after GC invocations=18 (full 0):
 garbage-first heap   total 87040K, used 49032K [0x00000000c0000000, 0x0000000100000000)
  region size 1024K, 4 young (4096K), 4 survivors (4096K)
 Metaspace       used 50990K, committed 52736K, reserved 1114112K
  class space    used 7329K, committed 8192K, reserved 1048576K
}
Event: 35.434 GC heap before
{Heap before GC invocations=18 (full 0):
 garbage-first heap   total 87040K, used 76680K [0x00000000c0000000, 0x0000000100000000)
  region size 1024K, 32 young (32768K), 4 survivors (4096K)
 Metaspace       used 50998K, committed 52736K, reserved 1114112K
  class space    used 7329K, committed 8192K, reserved 1048576K
}
Event: 35.439 GC heap after
{Heap after GC invocations=19 (full 0):
 garbage-first heap   total 87040K, used 49314K [0x00000000c0000000, 0x0000000100000000)
  region size 1024K, 3 young (3072K), 3 survivors (3072K)
 Metaspace       used 50998K, committed 52736K, reserved 1114112K
  class space    used 7329K, committed 8192K, reserved 1048576K
}
Event: 36.236 GC heap before
{Heap before GC invocations=19 (full 0):
 garbage-first heap   total 87040K, used 76962K [0x00000000c0000000, 0x0000000100000000)
  region size 1024K, 31 young (31744K), 3 survivors (3072K)
 Metaspace       used 52762K, committed 54528K, reserved 1114112K
  class space    used 7573K, committed 8448K, reserved 1048576K
}
Event: 36.239 GC heap after
{Heap after GC invocations=20 (full 0):
 garbage-first heap   total 87040K, used 48855K [0x00000000c0000000, 0x0000000100000000)
  region size 1024K, 2 young (2048K), 2 survivors (2048K)
 Metaspace       used 52762K, committed 54528K, reserved 1114112K
  class space    used 7573K, committed 8448K, reserved 1048576K
}

