# JRE version: OpenJDK Runtime Environment Temurin-21.0.12.1+1 (21.0.12.1+1) (build 21.0.12.1+1-LTS)
# Java VM: OpenJDK 64-Bit Server VM Temurin-21.0.12.1+1 (21.0.12.1+1-LTS, mixed mode, sharing, tiered, compressed oops, compressed class ptrs, g1 gc, windows-amd64)
GC Precious Log:
 CardTable entry size: 512
 Card Set container configuration: InlinePtr #cards 5 size 8 Array Of Cards #cards 12 size 40 Howl #buckets 4 coarsen threshold 1843 Howl Bitmap #cards 512 size 80 coarsen threshold 460 Card regions per heap region 1 cards per card region 2048
 CPUs: 8 total, 8 available
 Memory: 5965M
 Large Page Support: Disabled
 NUMA Support: Disabled
 Compressed Oops: Enabled (32-bit)
 Heap Region Size: 1M
 Heap Min Capacity: 8M
 Heap Initial Capacity: 94M
 Heap Max Capacity: 1G
 Pre-touch: Disabled
 Parallel Workers: 8
 Concurrent Workers: 2
 Concurrent Refinement Workers: 8
 Periodic GC: Disabled
Heap:
 garbage-first heap   total 86016K, used 49785K [0x00000000c0000000, 0x0000000100000000)
  region size 1024K, 19 young (19456K), 5 survivors (5120K)
 Metaspace       used 43797K, committed 45312K, reserved 1114112K
  class space    used 6307K, committed 7040K, reserved 1048576K
GC Heap History (20 events):
Event: 2.461 GC heap before
{Heap before GC invocations=0 (full 0):
 garbage-first heap   total 96256K, used 23552K [0x00000000c0000000, 0x0000000100000000)
  region size 1024K, 23 young (23552K), 0 survivors (0K)
 Metaspace       used 1055K, committed 1152K, reserved 1114112K
  class space    used 81K, committed 128K, reserved 1048576K
}
Event: 2.513 GC heap after
{Heap after GC invocations=1 (full 0):
 garbage-first heap   total 96256K, used 1920K [0x00000000c0000000, 0x0000000100000000)
  region size 1024K, 2 young (2048K), 2 survivors (2048K)
 Metaspace       used 1055K, committed 1152K, reserved 1114112K
  class space    used 81K, committed 128K, reserved 1048576K
}
Event: 10.866 GC heap before
{Heap before GC invocations=1 (full 0):
 garbage-first heap   total 96256K, used 37760K [0x00000000c0000000, 0x0000000100000000)
  region size 1024K, 35 young (35840K), 2 survivors (2048K)
 Metaspace       used 4404K, committed 4608K, reserved 1114112K
  class space    used 557K, committed 640K, reserved 1048576K
}
Event: 10.880 GC heap after
{Heap after GC invocations=2 (full 0):
 garbage-first heap   total 96256K, used 10836K [0x00000000c0000000, 0x0000000100000000)
  region size 1024K, 5 young (5120K), 5 survivors (5120K)
 Metaspace       used 4404K, committed 4608K, reserved 1114112K
  class space    used 557K, committed 640K, reserved 1048576K
}
Event: 13.175 GC heap before
{Heap before GC invocations=2 (full 0):
 garbage-first heap   total 96256K, used 54868K [0x00000000c0000000, 0x0000000100000000)
  region size 1024K, 46 young (47104K), 5 survivors (5120K)
 Metaspace       used 4494K, committed 4672K, reserved 1114112K
  class space    used 559K, committed 640K, reserved 1048576K
}
Event: 13.188 GC heap after
{Heap after GC invocations=3 (full 0):
 garbage-first heap   total 96256K, used 16004K [0x00000000c0000000, 0x0000000100000000)
  region size 1024K, 4 young (4096K), 4 survivors (4096K)
 Metaspace       used 4494K, committed 4672K, reserved 1114112K
  class space    used 559K, committed 640K, reserved 1048576K
}
Event: 27.900 GC heap before
{Heap before GC invocations=3 (full 0):
 garbage-first heap   total 96256K, used 69252K [0x00000000c0000000, 0x0000000100000000)
  region size 1024K, 56 young (57344K), 4 survivors (4096K)
 Metaspace       used 14406K, committed 14912K, reserved 1114112K
  class space    used 2008K, committed 2240K, reserved 1048576K
}
Event: 28.014 GC heap after
{Heap after GC invocations=4 (full 0):
 garbage-first heap   total 96256K, used 21653K [0x00000000c0000000, 0x0000000100000000)
  region size 1024K, 6 young (6144K), 6 survivors (6144K)
 Metaspace       used 14406K, committed 14912K, reserved 1114112K
  class space    used 2008K, committed 2240K, reserved 1048576K
}
Event: 52.879 GC heap before
{Heap before GC invocations=4 (full 0):
 garbage-first heap   total 96256K, used 69781K [0x00000000c0000000, 0x0000000100000000)
  region size 1024K, 54 young (55296K), 6 survivors (6144K)
 Metaspace       used 20866K, committed 21504K, reserved 1114112K
  class space    used 3064K, committed 3392K, reserved 1048576K
}
Event: 52.926 GC heap after
{Heap after GC invocations=5 (full 0):
 garbage-first heap   total 96256K, used 25100K [0x00000000c0000000, 0x0000000100000000)
  region size 1024K, 4 young (4096K), 4 survivors (4096K)
 Metaspace       used 20866K, committed 21504K, reserved 1114112K
  class space    used 3064K, committed 3392K, reserved 1048576K
}
Event: 64.120 GC heap before
{Heap before GC invocations=6 (full 0):
 garbage-first heap   total 86016K, used 72204K [0x00000000c0000000, 0x0000000100000000)
  region size 1024K, 50 young (51200K), 4 survivors (4096K)
 Metaspace       used 27245K, committed 28224K, reserved 1114112K
  class space    used 4059K, committed 4544K, reserved 1048576K
}
Event: 64.131 GC heap after
{Heap after GC invocations=7 (full 0):
 garbage-first heap   total 86016K, used 27172K [0x00000000c0000000, 0x0000000100000000)
  region size 1024K, 6 young (6144K), 6 survivors (6144K)
 Metaspace       used 27245K, committed 28224K, reserved 1114112K
  class space    used 4059K, committed 4544K, reserved 1048576K
}
Event: 67.990 GC heap before
{Heap before GC invocations=7 (full 0):
 garbage-first heap   total 86016K, used 70180K [0x00000000c0000000, 0x0000000100000000)
  region size 1024K, 49 young (50176K), 6 survivors (6144K)
 Metaspace       used 32839K, committed 33792K, reserved 1114112K
  class space    used 4677K, committed 5120K, reserved 1048576K
}
Event: 68.003 GC heap after
{Heap after GC invocations=8 (full 0):
 garbage-first heap   total 86016K, used 32195K [0x00000000c0000000, 0x0000000100000000)
  region size 1024K, 7 young (7168K), 7 survivors (7168K)
 Metaspace       used 32839K, committed 33792K, reserved 1114112K
  class space    used 4677K, committed 5120K, reserved 1048576K
}
Event: 75.050 GC heap before
{Heap before GC invocations=8 (full 0):
 garbage-first heap   total 86016K, used 49603K [0x00000000c0000000, 0x0000000100000000)
  region size 1024K, 25 young (25600K), 7 survivors (7168K)
 Metaspace       used 34895K, committed 35968K, reserved 1114112K
  class space    used 5035K, committed 5568K, reserved 1048576K
}
Event: 75.064 GC heap after
{Heap after GC invocations=9 (full 0):
 garbage-first heap   total 86016K, used 33107K [0x00000000c0000000, 0x0000000100000000)
  region size 1024K, 2 young (2048K), 2 survivors (2048K)
 Metaspace       used 34895K, committed 35968K, reserved 1114112K
  class space    used 5035K, committed 5568K, reserved 1048576K
}
Event: 86.830 GC heap before
{Heap before GC invocations=10 (full 0):
 garbage-first heap   total 86016K, used 79187K [0x00000000c0000000, 0x0000000100000000)
  region size 1024K, 42 young (43008K), 2 survivors (2048K)
 Metaspace       used 39671K, committed 41088K, reserved 1114112K
  class space    used 5746K, committed 6400K, reserved 1048576K
}
Event: 86.855 GC heap after
{Heap after GC invocations=11 (full 0):
 garbage-first heap   total 86016K, used 35637K [0x00000000c0000000, 0x0000000100000000)
  region size 1024K, 4 young (4096K), 4 survivors (4096K)
 Metaspace       used 39671K, committed 41088K, reserved 1114112K
  class space    used 5746K, committed 6400K, reserved 1048576K
}
Event: 96.654 GC heap before
{Heap before GC invocations=11 (full 0):
 garbage-first heap   total 86016K, used 76597K [0x00000000c0000000, 0x0000000100000000)
  region size 1024K, 43 young (44032K), 4 survivors (4096K)
 Metaspace       used 43607K, committed 45120K, reserved 1114112K
  class space    used 6280K, committed 7040K, reserved 1048576K
}
Event: 96.680 GC heap after
{Heap after GC invocations=12 (full 0):
 garbage-first heap   total 86016K, used 36473K [0x00000000c0000000, 0x0000000100000000)
  region size 1024K, 5 young (5120K), 5 survivors (5120K)
 Metaspace       used 43607K, committed 45120K, reserved 1114112K
  class space    used 6280K, committed 7040K, reserved 1048576K
}

