# JRE version: OpenJDK Runtime Environment Temurin-21.0.12.1+1 (21.0.12.1+1) (build 21.0.12.1+1-LTS)
# Java VM: OpenJDK 64-Bit Server VM Temurin-21.0.12.1+1 (21.0.12.1+1-LTS, mixed mode, sharing, tiered, compressed oops, compressed class ptrs, g1 gc, windows-amd64)
GC Precious Log:
 CardTable entry size: 512
 Card Set container configuration: InlinePtr #cards 5 size 8 Array Of Cards #cards 12 size 40 Howl #buckets 4 coarsen threshold 1843 Howl Bitmap #cards 512 size 80 coarsen threshold 460 Card regions per heap region 1 cards per card region 2048
 CPUs: 8 total, 8 available
 Memory: 5965M
 Large Page Support: Disabled
 NUMA Support: Disabled
 Compressed Oops: Enabled (32-bit)
 Heap Region Size: 1M
 Heap Min Capacity: 8M
 Heap Initial Capacity: 94M
 Heap Max Capacity: 1G
 Pre-touch: Disabled
 Parallel Workers: 8
 Concurrent Workers: 2
 Concurrent Refinement Workers: 8
 Periodic GC: Disabled
Heap:
 garbage-first heap   total 98304K, used 64152K [0x00000000c0000000, 0x0000000100000000)
  region size 1024K, 32 young (32768K), 4 survivors (4096K)
 Metaspace       used 43219K, committed 44736K, reserved 1114112K
  class space    used 6211K, committed 6912K, reserved 1048576K
GC Heap History (20 events):
Event: 2.681 GC heap before
{Heap before GC invocations=0 (full 0):
 garbage-first heap   total 96256K, used 22528K [0x00000000c0000000, 0x0000000100000000)
  region size 1024K, 23 young (23552K), 0 survivors (0K)
 Metaspace       used 941K, committed 1088K, reserved 1114112K
  class space    used 73K, committed 128K, reserved 1048576K
}
Event: 2.736 GC heap after
{Heap after GC invocations=1 (full 0):
 garbage-first heap   total 96256K, used 1536K [0x00000000c0000000, 0x0000000100000000)
  region size 1024K, 2 young (2048K), 2 survivors (2048K)
 Metaspace       used 941K, committed 1088K, reserved 1114112K
  class space    used 73K, committed 128K, reserved 1048576K
}
Event: 6.833 GC heap before
{Heap before GC invocations=1 (full 0):
 garbage-first heap   total 96256K, used 35328K [0x00000000c0000000, 0x0000000100000000)
  region size 1024K, 33 young (33792K), 2 survivors (2048K)
 Metaspace       used 4385K, committed 4544K, reserved 1114112K
  class space    used 559K, committed 640K, reserved 1048576K
}
Event: 6.848 GC heap after
{Heap after GC invocations=2 (full 0):
 garbage-first heap   total 96256K, used 10820K [0x00000000c0000000, 0x0000000100000000)
  region size 1024K, 5 young (5120K), 5 survivors (5120K)
 Metaspace       used 4385K, committed 4544K, reserved 1114112K
  class space    used 559K, committed 640K, reserved 1048576K
}
Event: 9.459 GC heap before
{Heap before GC invocations=2 (full 0):
 garbage-first heap   total 96256K, used 49732K [0x00000000c0000000, 0x0000000100000000)
  region size 1024K, 41 young (41984K), 5 survivors (5120K)
 Metaspace       used 4457K, committed 4608K, reserved 1114112K
  class space    used 560K, committed 640K, reserved 1048576K
}
Event: 9.468 GC heap after
{Heap after GC invocations=3 (full 0):
 garbage-first heap   total 96256K, used 13318K [0x00000000c0000000, 0x0000000100000000)
  region size 1024K, 2 young (2048K), 2 survivors (2048K)
 Metaspace       used 4457K, committed 4608K, reserved 1114112K
  class space    used 560K, committed 640K, reserved 1048576K
}
Event: 18.149 GC heap before
{Heap before GC invocations=3 (full 0):
 garbage-first heap   total 96256K, used 68614K [0x00000000c0000000, 0x0000000100000000)
  region size 1024K, 56 young (57344K), 2 survivors (2048K)
 Metaspace       used 13565K, committed 13952K, reserved 1114112K
  class space    used 1867K, committed 2048K, reserved 1048576K
}
Event: 18.418 GC heap after
{Heap after GC invocations=4 (full 0):
 garbage-first heap   total 96256K, used 20247K [0x00000000c0000000, 0x0000000100000000)
  region size 1024K, 7 young (7168K), 7 survivors (7168K)
 Metaspace       used 13565K, committed 13952K, reserved 1114112K
  class space    used 1867K, committed 2048K, reserved 1048576K
}
Event: 59.607 GC heap before
{Heap before GC invocations=4 (full 0):
 garbage-first heap   total 96256K, used 70423K [0x00000000c0000000, 0x0000000100000000)
  region size 1024K, 56 young (57344K), 7 survivors (7168K)
 Metaspace       used 19971K, committed 20544K, reserved 1114112K
  class space    used 2907K, committed 3200K, reserved 1048576K
}
Event: 59.630 GC heap after
{Heap after GC invocations=5 (full 0):
 garbage-first heap   total 96256K, used 23781K [0x00000000c0000000, 0x0000000100000000)
  region size 1024K, 4 young (4096K), 4 survivors (4096K)
 Metaspace       used 19971K, committed 20544K, reserved 1114112K
  class space    used 2907K, committed 3200K, reserved 1048576K
}
Event: 60.555 GC heap before
{Heap before GC invocations=5 (full 0):
 garbage-first heap   total 96256K, used 30949K [0x00000000c0000000, 0x0000000100000000)
  region size 1024K, 12 young (12288K), 4 survivors (4096K)
 Metaspace       used 20911K, committed 21504K, reserved 1114112K
  class space    used 3057K, committed 3328K, reserved 1048576K
}
Event: 60.563 GC heap after
{Heap after GC invocations=6 (full 0):
 garbage-first heap   total 96256K, used 24129K [0x00000000c0000000, 0x0000000100000000)
  region size 1024K, 4 young (4096K), 4 survivors (4096K)
 Metaspace       used 20911K, committed 21504K, reserved 1114112K
  class space    used 3057K, committed 3328K, reserved 1048576K
}
Event: 64.470 GC heap before
{Heap before GC invocations=7 (full 0):
 garbage-first heap   total 81920K, used 69185K [0x00000000c0000000, 0x0000000100000000)
  region size 1024K, 48 young (49152K), 4 survivors (4096K)
 Metaspace       used 26922K, committed 27904K, reserved 1114112K
  class space    used 4013K, committed 4480K, reserved 1048576K
}
Event: 64.491 GC heap after
{Heap after GC invocations=8 (full 0):
 garbage-first heap   total 81920K, used 26869K [0x00000000c0000000, 0x0000000100000000)
  region size 1024K, 4 young (4096K), 4 survivors (4096K)
 Metaspace       used 26922K, committed 27904K, reserved 1114112K
  class space    used 4013K, committed 4480K, reserved 1048576K
}
Event: 68.368 GC heap before
{Heap before GC invocations=8 (full 0):
 garbage-first heap   total 81920K, used 67829K [0x00000000c0000000, 0x0000000100000000)
  region size 1024K, 45 young (46080K), 4 survivors (4096K)
 Metaspace       used 32398K, committed 33344K, reserved 1114112K
  class space    used 4599K, committed 5056K, reserved 1048576K
}
Event: 68.377 GC heap after
{Heap after GC invocations=9 (full 0):
 garbage-first heap   total 81920K, used 31192K [0x00000000c0000000, 0x0000000100000000)
  region size 1024K, 6 young (6144K), 6 survivors (6144K)
 Metaspace       used 32398K, committed 33344K, reserved 1114112K
  class space    used 4599K, committed 5056K, reserved 1048576K
}
Event: 166.745 GC heap before
{Heap before GC invocations=9 (full 0):
 garbage-first heap   total 81920K, used 62936K [0x00000000c0000000, 0x0000000100000000)
  region size 1024K, 38 young (38912K), 6 survivors (6144K)
 Metaspace       used 34942K, committed 35968K, reserved 1114112K
  class space    used 5021K, committed 5504K, reserved 1048576K
}
Event: 166.958 GC heap after
{Heap after GC invocations=10 (full 0):
 garbage-first heap   total 81920K, used 33239K [0x00000000c0000000, 0x0000000100000000)
  region size 1024K, 2 young (2048K), 2 survivors (2048K)
 Metaspace       used 34942K, committed 35968K, reserved 1114112K
  class space    used 5021K, committed 5504K, reserved 1048576K
}
Event: 175.849 GC heap before
{Heap before GC invocations=11 (full 0):
 garbage-first heap   total 81920K, used 75223K [0x00000000c0000000, 0x0000000100000000)
  region size 1024K, 38 young (38912K), 2 survivors (2048K)
 Metaspace       used 39305K, committed 40704K, reserved 1114112K
  class space    used 5655K, committed 6336K, reserved 1048576K
}
Event: 175.866 GC heap after
{Heap after GC invocations=12 (full 0):
 garbage-first heap   total 98304K, used 35480K [0x00000000c0000000, 0x0000000100000000)
  region size 1024K, 4 young (4096K), 4 survivors (4096K)
 Metaspace       used 39305K, committed 40704K, reserved 1114112K
  class space    used 5655K, committed 6336K, reserved 1048576K
}

