# JRE version: OpenJDK Runtime Environment Temurin-21.0.12.1+1 (21.0.12.1+1) (build 21.0.12.1+1-LTS)
# Java VM: OpenJDK 64-Bit Server VM Temurin-21.0.12.1+1 (21.0.12.1+1-LTS, mixed mode, sharing, tiered, compressed oops, compressed class ptrs, g1 gc, windows-amd64)
GC Precious Log:
 CardTable entry size: 512
 Card Set container configuration: InlinePtr #cards 5 size 8 Array Of Cards #cards 12 size 40 Howl #buckets 4 coarsen threshold 1843 Howl Bitmap #cards 512 size 80 coarsen threshold 460 Card regions per heap region 1 cards per card region 2048
 CPUs: 8 total, 8 available
 Memory: 5965M
 Large Page Support: Disabled
 NUMA Support: Disabled
 Compressed Oops: Enabled (32-bit)
 Heap Region Size: 1M
 Heap Min Capacity: 8M
 Heap Initial Capacity: 94M
 Heap Max Capacity: 1G
 Pre-touch: Disabled
 Parallel Workers: 8
 Concurrent Workers: 2
 Concurrent Refinement Workers: 8
 Periodic GC: Disabled
Heap:
 garbage-first heap   total 102400K, used 70718K [0x00000000c0000000, 0x0000000100000000)
  region size 1024K, 3 young (3072K), 2 survivors (2048K)
 Metaspace       used 58428K, committed 60288K, reserved 1114112K
  class space    used 8279K, committed 9152K, reserved 1048576K
GC Heap History (20 events):
Event: 35.824 GC heap before
{Heap before GC invocations=12 (full 0):
 garbage-first heap   total 89088K, used 77286K [0x00000000c0000000, 0x0000000100000000)
  region size 1024K, 45 young (46080K), 5 survivors (5120K)
 Metaspace       used 47020K, committed 48704K, reserved 1114112K
  class space    used 6860K, committed 7680K, reserved 1048576K
}
Event: 35.829 GC heap after
{Heap after GC invocations=13 (full 0):
 garbage-first heap   total 89088K, used 37866K [0x00000000c0000000, 0x0000000100000000)
  region size 1024K, 3 young (3072K), 3 survivors (3072K)
 Metaspace       used 47020K, committed 48704K, reserved 1114112K
  class space    used 6860K, committed 7680K, reserved 1048576K
}
Event: 39.270 GC heap before
{Heap before GC invocations=13 (full 0):
 garbage-first heap   total 89088K, used 79850K [0x00000000c0000000, 0x0000000100000000)
  region size 1024K, 44 young (45056K), 3 survivors (3072K)
 Metaspace       used 50125K, committed 51904K, reserved 1114112K
  class space    used 7267K, committed 8128K, reserved 1048576K
}
Event: 39.281 GC heap after
{Heap after GC invocations=14 (full 0):
 garbage-first heap   total 89088K, used 42504K [0x00000000c0000000, 0x0000000100000000)
  region size 1024K, 6 young (6144K), 6 survivors (6144K)
 Metaspace       used 50125K, committed 51904K, reserved 1114112K
  class space    used 7267K, committed 8128K, reserved 1048576K
}
Event: 41.074 GC heap before
{Heap before GC invocations=14 (full 0):
 garbage-first heap   total 89088K, used 77320K [0x00000000c0000000, 0x0000000100000000)
  region size 1024K, 41 young (41984K), 6 survivors (6144K)
 Metaspace       used 50773K, committed 52544K, reserved 1114112K
  class space    used 7316K, committed 8192K, reserved 1048576K
}
Event: 41.080 GC heap after
{Heap after GC invocations=15 (full 0):
 garbage-first heap   total 89088K, used 46467K [0x00000000c0000000, 0x0000000100000000)
  region size 1024K, 5 young (5120K), 5 survivors (5120K)
 Metaspace       used 50773K, committed 52544K, reserved 1114112K
  class space    used 7316K, committed 8192K, reserved 1048576K
}
Event: 41.986 GC heap before
{Heap before GC invocations=15 (full 0):
 garbage-first heap   total 89088K, used 77187K [0x00000000c0000000, 0x0000000100000000)
  region size 1024K, 36 young (36864K), 5 survivors (5120K)
 Metaspace       used 50983K, committed 52736K, reserved 1114112K
  class space    used 7316K, committed 8192K, reserved 1048576K
}
Event: 41.989 GC heap after
{Heap after GC invocations=16 (full 0):
 garbage-first heap   total 89088K, used 47609K [0x00000000c0000000, 0x0000000100000000)
  region size 1024K, 3 young (3072K), 3 survivors (3072K)
 Metaspace       used 50983K, committed 52736K, reserved 1114112K
  class space    used 7316K, committed 8192K, reserved 1048576K
}
Event: 42.415 GC heap before
{Heap before GC invocations=17 (full 0):
 garbage-first heap   total 89088K, used 78329K [0x00000000c0000000, 0x0000000100000000)
  region size 1024K, 34 young (34816K), 3 survivors (3072K)
 Metaspace       used 51011K, committed 52736K, reserved 1114112K
  class space    used 7316K, committed 8192K, reserved 1048576K
}
Event: 42.418 GC heap after
{Heap after GC invocations=18 (full 0):
 garbage-first heap   total 89088K, used 48961K [0x00000000c0000000, 0x0000000100000000)
  region size 1024K, 3 young (3072K), 3 survivors (3072K)
 Metaspace       used 51011K, committed 52736K, reserved 1114112K
  class space    used 7316K, committed 8192K, reserved 1048576K
}
Event: 42.938 GC heap before
{Heap before GC invocations=18 (full 0):
 garbage-first heap   total 89088K, used 78657K [0x00000000c0000000, 0x0000000100000000)
  region size 1024K, 33 young (33792K), 3 survivors (3072K)
 Metaspace       used 51557K, committed 53248K, reserved 1114112K
  class space    used 7398K, committed 8256K, reserved 1048576K
}
Event: 42.942 GC heap after
{Heap after GC invocations=19 (full 0):
 garbage-first heap   total 89088K, used 49868K [0x00000000c0000000, 0x0000000100000000)
  region size 1024K, 4 young (4096K), 4 survivors (4096K)
 Metaspace       used 51557K, committed 53248K, reserved 1114112K
  class space    used 7398K, committed 8256K, reserved 1048576K
}
Event: 46.392 GC heap before
{Heap before GC invocations=19 (full 0):
 garbage-first heap   total 89088K, used 78540K [0x00000000c0000000, 0x0000000100000000)
  region size 1024K, 33 young (33792K), 4 survivors (4096K)
 Metaspace       used 55241K, committed 56896K, reserved 1114112K
  class space    used 7883K, committed 8704K, reserved 1048576K
}
Event: 46.398 GC heap after
{Heap after GC invocations=20 (full 0):
 garbage-first heap   total 89088K, used 49223K [0x00000000c0000000, 0x0000000100000000)
  region size 1024K, 2 young (2048K), 2 survivors (2048K)
 Metaspace       used 55241K, committed 56896K, reserved 1114112K
  class space    used 7883K, committed 8704K, reserved 1048576K
}
Event: 51.515 GC heap before
{Heap before GC invocations=21 (full 0):
 garbage-first heap   total 89088K, used 87111K [0x00000000c0000000, 0x0000000100000000)
  region size 1024K, 31 young (31744K), 2 survivors (2048K)
 Metaspace       used 55672K, committed 57472K, reserved 1114112K
  class space    used 7944K, committed 8832K, reserved 1048576K
}
Event: 51.523 GC heap after
{Heap after GC invocations=22 (full 0):
 garbage-first heap   total 99328K, used 66305K [0x00000000c0000000, 0x0000000100000000)
  region size 1024K, 4 young (4096K), 4 survivors (4096K)
 Metaspace       used 55672K, committed 57472K, reserved 1114112K
  class space    used 7944K, committed 8832K, reserved 1048576K
}
Event: 52.469 GC heap before
{Heap before GC invocations=22 (full 0):
 garbage-first heap   total 99328K, used 88833K [0x00000000c0000000, 0x0000000100000000)
  region size 1024K, 25 young (25600K), 4 survivors (4096K)
 Metaspace       used 56620K, committed 58368K, reserved 1114112K
  class space    used 8044K, committed 8896K, reserved 1048576K
}
Event: 52.472 GC heap after
{Heap after GC invocations=23 (full 0):
 garbage-first heap   total 99328K, used 69747K [0x00000000c0000000, 0x0000000100000000)
  region size 1024K, 3 young (3072K), 3 survivors (3072K)
 Metaspace       used 56620K, committed 58368K, reserved 1114112K
  class space    used 8044K, committed 8896K, reserved 1048576K
}
Event: 53.795 GC heap before
{Heap before GC invocations=23 (full 0):
 garbage-first heap   total 99328K, used 89203K [0x00000000c0000000, 0x0000000100000000)
  region size 1024K, 22 young (22528K), 3 survivors (3072K)
 Metaspace       used 58341K, committed 60224K, reserved 1114112K
  class space    used 8268K, committed 9152K, reserved 1048576K
}
Event: 53.801 GC heap after
{Heap after GC invocations=24 (full 0):
 garbage-first heap   total 99328K, used 70718K [0x00000000c0000000, 0x0000000100000000)
  region size 1024K, 2 young (2048K), 2 survivors (2048K)
 Metaspace       used 58341K, committed 60224K, reserved 1114112K
  class space    used 8268K, committed 9152K, reserved 1048576K
}

