# JRE version: OpenJDK Runtime Environment Temurin-21.0.12.1+1 (21.0.12.1+1) (build 21.0.12.1+1-LTS)
# Java VM: OpenJDK 64-Bit Server VM Temurin-21.0.12.1+1 (21.0.12.1+1-LTS, mixed mode, sharing, tiered, compressed oops, compressed class ptrs, g1 gc, windows-amd64)
GC Precious Log:
 CardTable entry size: 512
 Card Set container configuration: InlinePtr #cards 5 size 8 Array Of Cards #cards 12 size 40 Howl #buckets 4 coarsen threshold 1843 Howl Bitmap #cards 512 size 80 coarsen threshold 460 Card regions per heap region 1 cards per card region 2048
 CPUs: 8 total, 8 available
 Memory: 5965M
 Large Page Support: Disabled
 NUMA Support: Disabled
 Compressed Oops: Enabled (32-bit)
 Heap Region Size: 1M
 Heap Min Capacity: 8M
 Heap Initial Capacity: 94M
 Heap Max Capacity: 1G
 Pre-touch: Disabled
 Parallel Workers: 8
 Concurrent Workers: 2
 Concurrent Refinement Workers: 8
 Periodic GC: Disabled
Heap:
 garbage-first heap   total 163840K, used 113354K [0x00000000c0000000, 0x0000000100000000)
  region size 1024K, 18 young (18432K), 4 survivors (4096K)
 Metaspace       used 97645K, committed 99968K, reserved 1179648K
  class space    used 13791K, committed 14912K, reserved 1048576K
GC Heap History (20 events):
Event: 58.451 GC heap before
{Heap before GC invocations=33 (full 0):
 garbage-first heap   total 132096K, used 111726K [0x00000000c0000000, 0x0000000100000000)
  region size 1024K, 37 young (37888K), 4 survivors (4096K)
 Metaspace       used 74739K, committed 76736K, reserved 1114112K
  class space    used 10453K, committed 11456K, reserved 1048576K
}
Event: 58.458 GC heap after
{Heap after GC invocations=34 (full 0):
 garbage-first heap   total 132096K, used 79166K [0x00000000c0000000, 0x0000000100000000)
  region size 1024K, 3 young (3072K), 3 survivors (3072K)
 Metaspace       used 74739K, committed 76736K, reserved 1114112K
  class space    used 10453K, committed 11456K, reserved 1048576K
}
Event: 62.782 GC heap before
{Heap before GC invocations=34 (full 0):
 garbage-first heap   total 132096K, used 121150K [0x00000000c0000000, 0x0000000100000000)
  region size 1024K, 44 young (45056K), 3 survivors (3072K)
 Metaspace       used 76615K, committed 78720K, reserved 1179648K
  class space    used 10738K, committed 11776K, reserved 1048576K
}
Event: 62.790 GC heap after
{Heap after GC invocations=35 (full 0):
 garbage-first heap   total 132096K, used 82449K [0x00000000c0000000, 0x0000000100000000)
  region size 1024K, 6 young (6144K), 6 survivors (6144K)
 Metaspace       used 76615K, committed 78720K, reserved 1179648K
  class space    used 10738K, committed 11776K, reserved 1048576K
}
Event: 64.500 GC heap before
{Heap before GC invocations=35 (full 0):
 garbage-first heap   total 132096K, used 119313K [0x00000000c0000000, 0x0000000100000000)
  region size 1024K, 43 young (44032K), 6 survivors (6144K)
 Metaspace       used 79492K, committed 81536K, reserved 1179648K
  class space    used 11068K, committed 12096K, reserved 1048576K
}
Event: 64.511 GC heap after
{Heap after GC invocations=36 (full 0):
 garbage-first heap   total 132096K, used 84152K [0x00000000c0000000, 0x0000000100000000)
  region size 1024K, 3 young (3072K), 3 survivors (3072K)
 Metaspace       used 79492K, committed 81536K, reserved 1179648K
  class space    used 11068K, committed 12096K, reserved 1048576K
}
Event: 66.838 GC heap before
{Heap before GC invocations=37 (full 0):
 garbage-first heap   total 142336K, used 122040K [0x00000000c0000000, 0x0000000100000000)
  region size 1024K, 39 young (39936K), 3 survivors (3072K)
 Metaspace       used 82281K, committed 84352K, reserved 1179648K
  class space    used 11490K, committed 12544K, reserved 1048576K
}
Event: 66.842 GC heap after
{Heap after GC invocations=38 (full 0):
 garbage-first heap   total 142336K, used 85233K [0x00000000c0000000, 0x0000000100000000)
  region size 1024K, 4 young (4096K), 4 survivors (4096K)
 Metaspace       used 82281K, committed 84352K, reserved 1179648K
  class space    used 11490K, committed 12544K, reserved 1048576K
}
Event: 70.434 GC heap before
{Heap before GC invocations=38 (full 0):
 garbage-first heap   total 142336K, used 131313K [0x00000000c0000000, 0x0000000100000000)
  region size 1024K, 49 young (50176K), 4 survivors (4096K)
 Metaspace       used 86120K, committed 88320K, reserved 1179648K
  class space    used 12161K, committed 13248K, reserved 1048576K
}
Event: 70.443 GC heap after
{Heap after GC invocations=39 (full 0):
 garbage-first heap   total 142336K, used 86349K [0x00000000c0000000, 0x0000000100000000)
  region size 1024K, 7 young (7168K), 7 survivors (7168K)
 Metaspace       used 86120K, committed 88320K, reserved 1179648K
  class space    used 12161K, committed 13248K, reserved 1048576K
}
Event: 73.724 GC heap before
{Heap before GC invocations=39 (full 0):
 garbage-first heap   total 142336K, used 131405K [0x00000000c0000000, 0x0000000100000000)
  region size 1024K, 51 young (52224K), 7 survivors (7168K)
 Metaspace       used 88799K, committed 91008K, reserved 1179648K
  class space    used 12495K, committed 13568K, reserved 1048576K
}
Event: 73.734 GC heap after
{Heap after GC invocations=40 (full 0):
 garbage-first heap   total 142336K, used 87984K [0x00000000c0000000, 0x0000000100000000)
  region size 1024K, 5 young (5120K), 5 survivors (5120K)
 Metaspace       used 88799K, committed 91008K, reserved 1179648K
  class space    used 12495K, committed 13568K, reserved 1048576K
}
Event: 82.893 GC heap before
{Heap before GC invocations=41 (full 0):
 garbage-first heap   total 148480K, used 133040K [0x00000000c0000000, 0x0000000100000000)
  region size 1024K, 49 young (50176K), 5 survivors (5120K)
 Metaspace       used 91820K, committed 94144K, reserved 1179648K
  class space    used 12934K, committed 14080K, reserved 1048576K
}
Event: 82.906 GC heap after
{Heap after GC invocations=42 (full 0):
 garbage-first heap   total 148480K, used 90698K [0x00000000c0000000, 0x0000000100000000)
  region size 1024K, 5 young (5120K), 5 survivors (5120K)
 Metaspace       used 91820K, committed 94144K, reserved 1179648K
  class space    used 12934K, committed 14080K, reserved 1048576K
}
Event: 87.133 GC heap before
{Heap before GC invocations=42 (full 0):
 garbage-first heap   total 148480K, used 137802K [0x00000000c0000000, 0x0000000100000000)
  region size 1024K, 51 young (52224K), 5 survivors (5120K)
 Metaspace       used 94467K, committed 96768K, reserved 1179648K
  class space    used 13322K, committed 14464K, reserved 1048576K
}
Event: 87.159 GC heap after
{Heap after GC invocations=43 (full 0):
 garbage-first heap   total 149504K, used 94801K [0x00000000c0000000, 0x0000000100000000)
  region size 1024K, 7 young (7168K), 7 survivors (7168K)
 Metaspace       used 94467K, committed 96768K, reserved 1179648K
  class space    used 13322K, committed 14464K, reserved 1048576K
}
Event: 87.782 GC heap before
{Heap before GC invocations=43 (full 0):
 garbage-first heap   total 149504K, used 102993K [0x00000000c0000000, 0x0000000100000000)
  region size 1024K, 16 young (16384K), 7 survivors (7168K)
 Metaspace       used 94945K, committed 97216K, reserved 1179648K
  class space    used 13409K, committed 14528K, reserved 1048576K
}
Event: 87.830 GC heap after
{Heap after GC invocations=44 (full 0):
 garbage-first heap   total 149504K, used 96269K [0x00000000c0000000, 0x0000000100000000)
  region size 1024K, 2 young (2048K), 2 survivors (2048K)
 Metaspace       used 94945K, committed 97216K, reserved 1179648K
  class space    used 13409K, committed 14528K, reserved 1048576K
}
Event: 91.720 GC heap before
{Heap before GC invocations=45 (full 0):
 garbage-first heap   total 163840K, used 140301K [0x00000000c0000000, 0x0000000100000000)
  region size 1024K, 44 young (45056K), 2 survivors (2048K)
 Metaspace       used 97026K, committed 99328K, reserved 1179648K
  class space    used 13703K, committed 14848K, reserved 1048576K
}
Event: 91.726 GC heap after
{Heap after GC invocations=46 (full 0):
 garbage-first heap   total 163840K, used 100042K [0x00000000c0000000, 0x0000000100000000)
  region size 1024K, 4 young (4096K), 4 survivors (4096K)
 Metaspace       used 97026K, committed 99328K, reserved 1179648K
  class space    used 13703K, committed 14848K, reserved 1048576K
}

