# JRE version: OpenJDK Runtime Environment Temurin-21.0.12.1+1 (21.0.12.1+1) (build 21.0.12.1+1-LTS)
# Java VM: OpenJDK 64-Bit Server VM Temurin-21.0.12.1+1 (21.0.12.1+1-LTS, mixed mode, sharing, tiered, compressed oops, compressed class ptrs, g1 gc, windows-amd64)
GC Precious Log:
 CardTable entry size: 512
 Card Set container configuration: InlinePtr #cards 5 size 8 Array Of Cards #cards 12 size 40 Howl #buckets 4 coarsen threshold 1843 Howl Bitmap #cards 512 size 80 coarsen threshold 460 Card regions per heap region 1 cards per card region 2048
 CPUs: 8 total, 8 available
 Memory: 5965M
 Large Page Support: Disabled
 NUMA Support: Disabled
 Compressed Oops: Enabled (32-bit)
 Heap Region Size: 1M
 Heap Min Capacity: 8M
 Heap Initial Capacity: 94M
 Heap Max Capacity: 1G
 Pre-touch: Disabled
 Parallel Workers: 8
 Concurrent Workers: 2
 Concurrent Refinement Workers: 8
 Periodic GC: Disabled
Heap:
 garbage-first heap   total 163840K, used 136270K [0x00000000c0000000, 0x0000000100000000)
  region size 1024K, 46 young (47104K), 7 survivors (7168K)
 Metaspace       used 97070K, committed 99328K, reserved 1179648K
  class space    used 13714K, committed 14848K, reserved 1048576K
GC Heap History (20 events):
Event: 156.025 GC heap before
{Heap before GC invocations=35 (full 0):
 garbage-first heap   total 132096K, used 111179K [0x00000000c0000000, 0x0000000100000000)
  region size 1024K, 36 young (36864K), 4 survivors (4096K)
 Metaspace       used 72010K, committed 74048K, reserved 1114112K
  class space    used 10059K, committed 11008K, reserved 1048576K
}
Event: 156.035 GC heap after
{Heap after GC invocations=36 (full 0):
 garbage-first heap   total 132096K, used 80303K [0x00000000c0000000, 0x0000000100000000)
  region size 1024K, 4 young (4096K), 4 survivors (4096K)
 Metaspace       used 72010K, committed 74048K, reserved 1114112K
  class space    used 10059K, committed 11008K, reserved 1048576K
}
Event: 159.792 GC heap before
{Heap before GC invocations=37 (full 0):
 garbage-first heap   total 133120K, used 113071K [0x00000000c0000000, 0x0000000100000000)
  region size 1024K, 37 young (37888K), 4 survivors (4096K)
 Metaspace       used 74632K, committed 76672K, reserved 1179648K
  class space    used 10447K, committed 11456K, reserved 1048576K
}
Event: 159.798 GC heap after
{Heap after GC invocations=38 (full 0):
 garbage-first heap   total 133120K, used 80488K [0x00000000c0000000, 0x0000000100000000)
  region size 1024K, 3 young (3072K), 3 survivors (3072K)
 Metaspace       used 74632K, committed 76672K, reserved 1179648K
  class space    used 10447K, committed 11456K, reserved 1048576K
}
Event: 166.570 GC heap before
{Heap before GC invocations=38 (full 0):
 garbage-first heap   total 133120K, used 117352K [0x00000000c0000000, 0x0000000100000000)
  region size 1024K, 39 young (39936K), 3 survivors (3072K)
 Metaspace       used 76838K, committed 78976K, reserved 1179648K
  class space    used 10773K, committed 11840K, reserved 1048576K
}
Event: 166.596 GC heap after
{Heap after GC invocations=39 (full 0):
 garbage-first heap   total 133120K, used 82789K [0x00000000c0000000, 0x0000000100000000)
  region size 1024K, 5 young (5120K), 5 survivors (5120K)
 Metaspace       used 76838K, committed 78976K, reserved 1179648K
  class space    used 10773K, committed 11840K, reserved 1048576K
}
Event: 185.239 GC heap before
{Heap before GC invocations=39 (full 0):
 garbage-first heap   total 133120K, used 117605K [0x00000000c0000000, 0x0000000100000000)
  region size 1024K, 40 young (40960K), 5 survivors (5120K)
 Metaspace       used 78629K, committed 80768K, reserved 1179648K
  class space    used 10957K, committed 12032K, reserved 1048576K
}
Event: 185.267 GC heap after
{Heap after GC invocations=40 (full 0):
 garbage-first heap   total 133120K, used 84479K [0x00000000c0000000, 0x0000000100000000)
  region size 1024K, 2 young (2048K), 2 survivors (2048K)
 Metaspace       used 78629K, committed 80768K, reserved 1179648K
  class space    used 10957K, committed 12032K, reserved 1048576K
}
Event: 193.094 GC heap before
{Heap before GC invocations=41 (full 0):
 garbage-first heap   total 140288K, used 119295K [0x00000000c0000000, 0x0000000100000000)
  region size 1024K, 37 young (37888K), 2 survivors (2048K)
 Metaspace       used 81426K, committed 83584K, reserved 1179648K
  class space    used 11359K, committed 12416K, reserved 1048576K
}
Event: 193.101 GC heap after
{Heap after GC invocations=42 (full 0):
 garbage-first heap   total 140288K, used 86291K [0x00000000c0000000, 0x0000000100000000)
  region size 1024K, 4 young (4096K), 4 survivors (4096K)
 Metaspace       used 81426K, committed 83584K, reserved 1179648K
  class space    used 11359K, committed 12416K, reserved 1048576K
}
Event: 201.139 GC heap before
{Heap before GC invocations=42 (full 0):
 garbage-first heap   total 140288K, used 126227K [0x00000000c0000000, 0x0000000100000000)
  region size 1024K, 43 young (44032K), 4 survivors (4096K)
 Metaspace       used 84777K, committed 86976K, reserved 1179648K
  class space    used 11946K, committed 13056K, reserved 1048576K
}
Event: 201.194 GC heap after
{Heap after GC invocations=43 (full 0):
 garbage-first heap   total 140288K, used 85723K [0x00000000c0000000, 0x0000000100000000)
  region size 1024K, 4 young (4096K), 4 survivors (4096K)
 Metaspace       used 84777K, committed 86976K, reserved 1179648K
  class space    used 11946K, committed 13056K, reserved 1048576K
}
Event: 208.874 GC heap before
{Heap before GC invocations=43 (full 0):
 garbage-first heap   total 140288K, used 127707K [0x00000000c0000000, 0x0000000100000000)
  region size 1024K, 45 young (46080K), 4 survivors (4096K)
 Metaspace       used 87630K, committed 89856K, reserved 1179648K
  class space    used 12325K, committed 13440K, reserved 1048576K
}
Event: 208.898 GC heap after
{Heap after GC invocations=44 (full 0):
 garbage-first heap   total 140288K, used 87699K [0x00000000c0000000, 0x0000000100000000)
  region size 1024K, 4 young (4096K), 4 survivors (4096K)
 Metaspace       used 87630K, committed 89856K, reserved 1179648K
  class space    used 12325K, committed 13440K, reserved 1048576K
}
Event: 216.305 GC heap before
{Heap before GC invocations=45 (full 0):
 garbage-first heap   total 148480K, used 128659K [0x00000000c0000000, 0x0000000100000000)
  region size 1024K, 44 young (45056K), 4 survivors (4096K)
 Metaspace       used 89839K, committed 92032K, reserved 1179648K
  class space    used 12659K, committed 13760K, reserved 1048576K
}
Event: 216.319 GC heap after
{Heap after GC invocations=46 (full 0):
 garbage-first heap   total 148480K, used 90147K [0x00000000c0000000, 0x0000000100000000)
  region size 1024K, 5 young (5120K), 5 survivors (5120K)
 Metaspace       used 89839K, committed 92032K, reserved 1179648K
  class space    used 12659K, committed 13760K, reserved 1048576K
}
Event: 229.061 GC heap before
{Heap before GC invocations=46 (full 0):
 garbage-first heap   total 148480K, used 136227K [0x00000000c0000000, 0x0000000100000000)
  region size 1024K, 50 young (51200K), 5 survivors (5120K)
 Metaspace       used 93276K, committed 95616K, reserved 1179648K
  class space    used 13157K, committed 14336K, reserved 1048576K
}
Event: 229.100 GC heap after
{Heap after GC invocations=47 (full 0):
 garbage-first heap   total 148480K, used 92574K [0x00000000c0000000, 0x0000000100000000)
  region size 1024K, 6 young (6144K), 6 survivors (6144K)
 Metaspace       used 93276K, committed 95616K, reserved 1179648K
  class space    used 13157K, committed 14336K, reserved 1048576K
}
Event: 241.417 GC heap before
{Heap before GC invocations=47 (full 0):
 garbage-first heap   total 148480K, used 129438K [0x00000000c0000000, 0x0000000100000000)
  region size 1024K, 43 young (44032K), 6 survivors (6144K)
 Metaspace       used 95160K, committed 97472K, reserved 1179648K
  class space    used 13441K, committed 14592K, reserved 1048576K
}
Event: 241.793 GC heap after
{Heap after GC invocations=48 (full 0):
 garbage-first heap   total 148480K, used 96334K [0x00000000c0000000, 0x0000000100000000)
  region size 1024K, 7 young (7168K), 7 survivors (7168K)
 Metaspace       used 95160K, committed 97472K, reserved 1179648K
  class space    used 13441K, committed 14592K, reserved 1048576K
}

