# JRE version: OpenJDK Runtime Environment Temurin-21.0.12.1+1 (21.0.12.1+1) (build 21.0.12.1+1-LTS)
# Java VM: OpenJDK 64-Bit Server VM Temurin-21.0.12.1+1 (21.0.12.1+1-LTS, mixed mode, sharing, tiered, compressed oops, compressed class ptrs, g1 gc, windows-amd64)
GC Precious Log:
 CardTable entry size: 512
 Card Set container configuration: InlinePtr #cards 5 size 8 Array Of Cards #cards 12 size 40 Howl #buckets 4 coarsen threshold 1843 Howl Bitmap #cards 512 size 80 coarsen threshold 460 Card regions per heap region 1 cards per card region 2048
 CPUs: 8 total, 8 available
 Memory: 5965M
 Large Page Support: Disabled
 NUMA Support: Disabled
 Compressed Oops: Enabled (32-bit)
 Heap Region Size: 1M
 Heap Min Capacity: 8M
 Heap Initial Capacity: 94M
 Heap Max Capacity: 1G
 Pre-touch: Disabled
 Parallel Workers: 8
 Concurrent Workers: 2
 Concurrent Refinement Workers: 8
 Periodic GC: Disabled
Heap:
 garbage-first heap   total 155648K, used 101793K [0x00000000c0000000, 0x0000000100000000)
  region size 1024K, 6 young (6144K), 4 survivors (4096K)
 Metaspace       used 97774K, committed 100096K, reserved 1179648K
  class space    used 13816K, committed 14976K, reserved 1048576K
GC Heap History (20 events):
Event: 113.245 GC heap before
{Heap before GC invocations=31 (full 0):
 garbage-first heap   total 128000K, used 114804K [0x00000000c0000000, 0x0000000100000000)
  region size 1024K, 40 young (40960K), 4 survivors (4096K)
 Metaspace       used 74045K, committed 76032K, reserved 1114112K
  class space    used 10370K, committed 11328K, reserved 1048576K
}
Event: 113.253 GC heap after
{Heap after GC invocations=32 (full 0):
 garbage-first heap   total 128000K, used 77694K [0x00000000c0000000, 0x0000000100000000)
  region size 1024K, 3 young (3072K), 3 survivors (3072K)
 Metaspace       used 74045K, committed 76032K, reserved 1114112K
  class space    used 10370K, committed 11328K, reserved 1048576K
}
Event: 120.491 GC heap before
{Heap before GC invocations=32 (full 0):
 garbage-first heap   total 128000K, used 116606K [0x00000000c0000000, 0x0000000100000000)
  region size 1024K, 41 young (41984K), 3 survivors (3072K)
 Metaspace       used 76726K, committed 78784K, reserved 1179648K
  class space    used 10755K, committed 11776K, reserved 1048576K
}
Event: 120.499 GC heap after
{Heap after GC invocations=33 (full 0):
 garbage-first heap   total 128000K, used 80547K [0x00000000c0000000, 0x0000000100000000)
  region size 1024K, 6 young (6144K), 6 survivors (6144K)
 Metaspace       used 76726K, committed 78784K, reserved 1179648K
  class space    used 10755K, committed 11776K, reserved 1048576K
}
Event: 122.022 GC heap before
{Heap before GC invocations=34 (full 0):
 garbage-first heap   total 135168K, used 117411K [0x00000000c0000000, 0x0000000100000000)
  region size 1024K, 42 young (43008K), 6 survivors (6144K)
 Metaspace       used 78366K, committed 80448K, reserved 1179648K
  class space    used 10935K, committed 11968K, reserved 1048576K
}
Event: 122.031 GC heap after
{Heap after GC invocations=35 (full 0):
 garbage-first heap   total 135168K, used 82091K [0x00000000c0000000, 0x0000000100000000)
  region size 1024K, 5 young (5120K), 5 survivors (5120K)
 Metaspace       used 78366K, committed 80448K, reserved 1179648K
  class space    used 10935K, committed 11968K, reserved 1048576K
}
Event: 124.813 GC heap before
{Heap before GC invocations=35 (full 0):
 garbage-first heap   total 135168K, used 124075K [0x00000000c0000000, 0x0000000100000000)
  region size 1024K, 45 young (46080K), 5 survivors (5120K)
 Metaspace       used 81623K, committed 83840K, reserved 1179648K
  class space    used 11378K, committed 12480K, reserved 1048576K
}
Event: 124.824 GC heap after
{Heap after GC invocations=36 (full 0):
 garbage-first heap   total 136192K, used 84529K [0x00000000c0000000, 0x0000000100000000)
  region size 1024K, 6 young (6144K), 6 survivors (6144K)
 Metaspace       used 81623K, committed 83840K, reserved 1179648K
  class space    used 11378K, committed 12480K, reserved 1048576K
}
Event: 128.669 GC heap before
{Heap before GC invocations=36 (full 0):
 garbage-first heap   total 136192K, used 124465K [0x00000000c0000000, 0x0000000100000000)
  region size 1024K, 45 young (46080K), 6 survivors (6144K)
 Metaspace       used 84987K, committed 87168K, reserved 1179648K
  class space    used 11989K, committed 13056K, reserved 1048576K
}
Event: 128.676 GC heap after
{Heap after GC invocations=37 (full 0):
 garbage-first heap   total 136192K, used 85290K [0x00000000c0000000, 0x0000000100000000)
  region size 1024K, 4 young (4096K), 4 survivors (4096K)
 Metaspace       used 84987K, committed 87168K, reserved 1179648K
  class space    used 11989K, committed 13056K, reserved 1048576K
}
Event: 131.647 GC heap before
{Heap before GC invocations=38 (full 0):
 garbage-first heap   total 143360K, used 126250K [0x00000000c0000000, 0x0000000100000000)
  region size 1024K, 44 young (45056K), 4 survivors (4096K)
 Metaspace       used 87330K, committed 89472K, reserved 1179648K
  class space    used 12319K, committed 13376K, reserved 1048576K
}
Event: 131.659 GC heap after
{Heap after GC invocations=39 (full 0):
 garbage-first heap   total 143360K, used 86934K [0x00000000c0000000, 0x0000000100000000)
  region size 1024K, 4 young (4096K), 4 survivors (4096K)
 Metaspace       used 87330K, committed 89472K, reserved 1179648K
  class space    used 12319K, committed 13376K, reserved 1048576K
}
Event: 135.895 GC heap before
{Heap before GC invocations=39 (full 0):
 garbage-first heap   total 143360K, used 131990K [0x00000000c0000000, 0x0000000100000000)
  region size 1024K, 48 young (49152K), 4 survivors (4096K)
 Metaspace       used 90281K, committed 92608K, reserved 1179648K
  class space    used 12735K, committed 13888K, reserved 1048576K
}
Event: 135.906 GC heap after
{Heap after GC invocations=40 (full 0):
 garbage-first heap   total 143360K, used 89010K [0x00000000c0000000, 0x0000000100000000)
  region size 1024K, 5 young (5120K), 5 survivors (5120K)
 Metaspace       used 90281K, committed 92608K, reserved 1179648K
  class space    used 12735K, committed 13888K, reserved 1048576K
}
Event: 139.011 GC heap before
{Heap before GC invocations=40 (full 0):
 garbage-first heap   total 143360K, used 133042K [0x00000000c0000000, 0x0000000100000000)
  region size 1024K, 48 young (49152K), 5 survivors (5120K)
 Metaspace       used 93450K, committed 95680K, reserved 1179648K
  class space    used 13181K, committed 14272K, reserved 1048576K
}
Event: 139.020 GC heap after
{Heap after GC invocations=41 (full 0):
 garbage-first heap   total 143360K, used 92939K [0x00000000c0000000, 0x0000000100000000)
  region size 1024K, 6 young (6144K), 6 survivors (6144K)
 Metaspace       used 93450K, committed 95680K, reserved 1179648K
  class space    used 13181K, committed 14272K, reserved 1048576K
}
Event: 141.335 GC heap before
{Heap before GC invocations=42 (full 0):
 garbage-first heap   total 155648K, used 134923K [0x00000000c0000000, 0x0000000100000000)
  region size 1024K, 46 young (47104K), 6 survivors (6144K)
 Metaspace       used 95435K, committed 97664K, reserved 1179648K
  class space    used 13496K, committed 14592K, reserved 1048576K
}
Event: 141.348 GC heap after
{Heap after GC invocations=43 (full 0):
 garbage-first heap   total 155648K, used 98155K [0x00000000c0000000, 0x0000000100000000)
  region size 1024K, 5 young (5120K), 5 survivors (5120K)
 Metaspace       used 95435K, committed 97664K, reserved 1179648K
  class space    used 13496K, committed 14592K, reserved 1048576K
}
Event: 144.058 GC heap before
{Heap before GC invocations=43 (full 0):
 garbage-first heap   total 155648K, used 143211K [0x00000000c0000000, 0x0000000100000000)
  region size 1024K, 49 young (50176K), 5 survivors (5120K)
 Metaspace       used 97673K, committed 100032K, reserved 1179648K
  class space    used 13805K, committed 14976K, reserved 1048576K
}
Event: 144.069 GC heap after
{Heap after GC invocations=44 (full 0):
 garbage-first heap   total 155648K, used 100769K [0x00000000c0000000, 0x0000000100000000)
  region size 1024K, 4 young (4096K), 4 survivors (4096K)
 Metaspace       used 97673K, committed 100032K, reserved 1179648K
  class space    used 13805K, committed 14976K, reserved 1048576K
}

