# JRE version: OpenJDK Runtime Environment Temurin-21.0.12.1+1 (21.0.12.1+1) (build 21.0.12.1+1-LTS)
# Java VM: OpenJDK 64-Bit Server VM Temurin-21.0.12.1+1 (21.0.12.1+1-LTS, mixed mode, sharing, tiered, compressed oops, compressed class ptrs, g1 gc, windows-amd64)
GC Precious Log:
 CardTable entry size: 512
 Card Set container configuration: InlinePtr #cards 5 size 8 Array Of Cards #cards 12 size 40 Howl #buckets 4 coarsen threshold 1843 Howl Bitmap #cards 512 size 80 coarsen threshold 460 Card regions per heap region 1 cards per card region 2048
 CPUs: 8 total, 8 available
 Memory: 5965M
 Large Page Support: Disabled
 NUMA Support: Disabled
 Compressed Oops: Enabled (32-bit)
 Heap Region Size: 1M
 Heap Min Capacity: 8M
 Heap Initial Capacity: 94M
 Heap Max Capacity: 1G
 Pre-touch: Disabled
 Parallel Workers: 8
 Concurrent Workers: 2
 Concurrent Refinement Workers: 8
 Periodic GC: Disabled
Heap:
 garbage-first heap   total 86016K, used 31130K [0x00000000c0000000, 0x0000000100000000)
  region size 1024K, 11 young (11264K), 6 survivors (6144K)
 Metaspace       used 28036K, committed 28992K, reserved 1114112K
  class space    used 4158K, committed 4608K, reserved 1048576K
GC Heap History (14 events):
Event: 3.088 GC heap before
{Heap before GC invocations=0 (full 0):
 garbage-first heap   total 96256K, used 22528K [0x00000000c0000000, 0x0000000100000000)
  region size 1024K, 23 young (23552K), 0 survivors (0K)
 Metaspace       used 944K, committed 1088K, reserved 1114112K
  class space    used 73K, committed 128K, reserved 1048576K
}
Event: 3.383 GC heap after
{Heap after GC invocations=1 (full 0):
 garbage-first heap   total 96256K, used 1536K [0x00000000c0000000, 0x0000000100000000)
  region size 1024K, 2 young (2048K), 2 survivors (2048K)
 Metaspace       used 944K, committed 1088K, reserved 1114112K
  class space    used 73K, committed 128K, reserved 1048576K
}
Event: 8.476 GC heap before
{Heap before GC invocations=1 (full 0):
 garbage-first heap   total 96256K, used 39424K [0x00000000c0000000, 0x0000000100000000)
  region size 1024K, 37 young (37888K), 2 survivors (2048K)
 Metaspace       used 4400K, committed 4544K, reserved 1114112K
  class space    used 558K, committed 640K, reserved 1048576K
}
Event: 8.488 GC heap after
{Heap after GC invocations=2 (full 0):
 garbage-first heap   total 96256K, used 10852K [0x00000000c0000000, 0x0000000100000000)
  region size 1024K, 5 young (5120K), 5 survivors (5120K)
 Metaspace       used 4400K, committed 4544K, reserved 1114112K
  class space    used 558K, committed 640K, reserved 1048576K
}
Event: 10.409 GC heap before
{Heap before GC invocations=2 (full 0):
 garbage-first heap   total 96256K, used 55908K [0x00000000c0000000, 0x0000000100000000)
  region size 1024K, 47 young (48128K), 5 survivors (5120K)
 Metaspace       used 4613K, committed 4864K, reserved 1114112K
  class space    used 582K, committed 704K, reserved 1048576K
}
Event: 10.422 GC heap after
{Heap after GC invocations=3 (full 0):
 garbage-first heap   total 96256K, used 16648K [0x00000000c0000000, 0x0000000100000000)
  region size 1024K, 5 young (5120K), 5 survivors (5120K)
 Metaspace       used 4613K, committed 4864K, reserved 1114112K
  class space    used 582K, committed 704K, reserved 1048576K
}
Event: 31.918 GC heap before
{Heap before GC invocations=3 (full 0):
 garbage-first heap   total 96256K, used 68872K [0x00000000c0000000, 0x0000000100000000)
  region size 1024K, 56 young (57344K), 5 survivors (5120K)
 Metaspace       used 14821K, committed 15232K, reserved 1114112K
  class space    used 2064K, committed 2240K, reserved 1048576K
}
Event: 32.055 GC heap after
{Heap after GC invocations=4 (full 0):
 garbage-first heap   total 96256K, used 21650K [0x00000000c0000000, 0x0000000100000000)
  region size 1024K, 6 young (6144K), 6 survivors (6144K)
 Metaspace       used 14821K, committed 15232K, reserved 1114112K
  class space    used 2064K, committed 2240K, reserved 1048576K
}
Event: 118.188 GC heap before
{Heap before GC invocations=4 (full 0):
 garbage-first heap   total 96256K, used 71826K [0x00000000c0000000, 0x0000000100000000)
  region size 1024K, 55 young (56320K), 6 survivors (6144K)
 Metaspace       used 20432K, committed 21120K, reserved 1114112K
  class space    used 2990K, committed 3328K, reserved 1048576K
}
Event: 118.224 GC heap after
{Heap after GC invocations=5 (full 0):
 garbage-first heap   total 96256K, used 24424K [0x00000000c0000000, 0x0000000100000000)
  region size 1024K, 3 young (3072K), 3 survivors (3072K)
 Metaspace       used 20432K, committed 21120K, reserved 1114112K
  class space    used 2990K, committed 3328K, reserved 1048576K
}
Event: 119.260 GC heap before
{Heap before GC invocations=5 (full 0):
 garbage-first heap   total 96256K, used 27496K [0x00000000c0000000, 0x0000000100000000)
  region size 1024K, 7 young (7168K), 3 survivors (3072K)
 Metaspace       used 20843K, committed 21504K, reserved 1114112K
  class space    used 3046K, committed 3392K, reserved 1048576K
}
Event: 119.273 GC heap after
{Heap after GC invocations=6 (full 0):
 garbage-first heap   total 96256K, used 24724K [0x00000000c0000000, 0x0000000100000000)
  region size 1024K, 4 young (4096K), 4 survivors (4096K)
 Metaspace       used 20843K, committed 21504K, reserved 1114112K
  class space    used 3046K, committed 3392K, reserved 1048576K
}
Event: 129.393 GC heap before
{Heap before GC invocations=7 (full 0):
 garbage-first heap   total 86016K, used 71828K [0x00000000c0000000, 0x0000000100000000)
  region size 1024K, 50 young (51200K), 4 survivors (4096K)
 Metaspace       used 27258K, committed 28224K, reserved 1114112K
  class space    used 4046K, committed 4480K, reserved 1048576K
}
Event: 129.413 GC heap after
{Heap after GC invocations=8 (full 0):
 garbage-first heap   total 86016K, used 27034K [0x00000000c0000000, 0x0000000100000000)
  region size 1024K, 6 young (6144K), 6 survivors (6144K)
 Metaspace       used 27258K, committed 28224K, reserved 1114112K
  class space    used 4046K, committed 4480K, reserved 1048576K
}

