# JRE version: OpenJDK Runtime Environment Temurin-21.0.12.1+1 (21.0.12.1+1) (build 21.0.12.1+1-LTS)
# Java VM: OpenJDK 64-Bit Server VM Temurin-21.0.12.1+1 (21.0.12.1+1-LTS, mixed mode, sharing, tiered, compressed oops, compressed class ptrs, g1 gc, windows-amd64)
GC Precious Log:
 CardTable entry size: 512
 Card Set container configuration: InlinePtr #cards 5 size 8 Array Of Cards #cards 12 size 40 Howl #buckets 4 coarsen threshold 1843 Howl Bitmap #cards 512 size 80 coarsen threshold 460 Card regions per heap region 1 cards per card region 2048
 CPUs: 8 total, 8 available
 Memory: 5965M
 Large Page Support: Disabled
 NUMA Support: Disabled
 Compressed Oops: Enabled (32-bit)
 Heap Region Size: 1M
 Heap Min Capacity: 8M
 Heap Initial Capacity: 94M
 Heap Max Capacity: 1G
 Pre-touch: Disabled
 Parallel Workers: 8
 Concurrent Workers: 2
 Concurrent Refinement Workers: 8
 Periodic GC: Disabled
Heap:
 garbage-first heap   total 81920K, used 58126K [0x00000000c0000000, 0x0000000100000000)
  region size 1024K, 27 young (27648K), 4 survivors (4096K)
 Metaspace       used 41876K, committed 43328K, reserved 1114112K
  class space    used 6100K, committed 6784K, reserved 1048576K
GC Heap History (20 events):
Event: 2.230 GC heap before
{Heap before GC invocations=0 (full 0):
 garbage-first heap   total 96256K, used 23552K [0x00000000c0000000, 0x0000000100000000)
  region size 1024K, 23 young (23552K), 0 survivors (0K)
 Metaspace       used 1048K, committed 1152K, reserved 1114112K
  class space    used 81K, committed 128K, reserved 1048576K
}
Event: 2.288 GC heap after
{Heap after GC invocations=1 (full 0):
 garbage-first heap   total 96256K, used 1664K [0x00000000c0000000, 0x0000000100000000)
  region size 1024K, 2 young (2048K), 2 survivors (2048K)
 Metaspace       used 1048K, committed 1152K, reserved 1114112K
  class space    used 81K, committed 128K, reserved 1048576K
}
Event: 12.021 GC heap before
{Heap before GC invocations=1 (full 0):
 garbage-first heap   total 96256K, used 39552K [0x00000000c0000000, 0x0000000100000000)
  region size 1024K, 37 young (37888K), 2 survivors (2048K)
 Metaspace       used 4403K, committed 4544K, reserved 1114112K
  class space    used 559K, committed 640K, reserved 1048576K
}
Event: 12.033 GC heap after
{Heap after GC invocations=2 (full 0):
 garbage-first heap   total 96256K, used 10884K [0x00000000c0000000, 0x0000000100000000)
  region size 1024K, 5 young (5120K), 5 survivors (5120K)
 Metaspace       used 4403K, committed 4544K, reserved 1114112K
  class space    used 559K, committed 640K, reserved 1048576K
}
Event: 18.012 GC heap before
{Heap before GC invocations=2 (full 0):
 garbage-first heap   total 96256K, used 54916K [0x00000000c0000000, 0x0000000100000000)
  region size 1024K, 47 young (48128K), 5 survivors (5120K)
 Metaspace       used 4620K, committed 4864K, reserved 1114112K
  class space    used 584K, committed 704K, reserved 1048576K
}
Event: 18.026 GC heap after
{Heap after GC invocations=3 (full 0):
 garbage-first heap   total 96256K, used 16548K [0x00000000c0000000, 0x0000000100000000)
  region size 1024K, 5 young (5120K), 5 survivors (5120K)
 Metaspace       used 4620K, committed 4864K, reserved 1114112K
  class space    used 584K, committed 704K, reserved 1048576K
}
Event: 54.848 GC heap before
{Heap before GC invocations=3 (full 0):
 garbage-first heap   total 96256K, used 68772K [0x00000000c0000000, 0x0000000100000000)
  region size 1024K, 56 young (57344K), 5 survivors (5120K)
 Metaspace       used 14689K, committed 15104K, reserved 1114112K
  class space    used 2045K, committed 2240K, reserved 1048576K
}
Event: 54.895 GC heap after
{Heap after GC invocations=4 (full 0):
 garbage-first heap   total 96256K, used 21393K [0x00000000c0000000, 0x0000000100000000)
  region size 1024K, 5 young (5120K), 5 survivors (5120K)
 Metaspace       used 14689K, committed 15104K, reserved 1114112K
  class space    used 2045K, committed 2240K, reserved 1048576K
}
Event: 154.116 GC heap before
{Heap before GC invocations=4 (full 0):
 garbage-first heap   total 96256K, used 72593K [0x00000000c0000000, 0x0000000100000000)
  region size 1024K, 55 young (56320K), 5 survivors (5120K)
 Metaspace       used 20353K, committed 21056K, reserved 1114112K
  class space    used 2975K, committed 3328K, reserved 1048576K
}
Event: 154.138 GC heap after
{Heap after GC invocations=5 (full 0):
 garbage-first heap   total 96256K, used 24365K [0x00000000c0000000, 0x0000000100000000)
  region size 1024K, 3 young (3072K), 3 survivors (3072K)
 Metaspace       used 20353K, committed 21056K, reserved 1114112K
  class space    used 2975K, committed 3328K, reserved 1048576K
}
Event: 155.045 GC heap before
{Heap before GC invocations=5 (full 0):
 garbage-first heap   total 96256K, used 28461K [0x00000000c0000000, 0x0000000100000000)
  region size 1024K, 8 young (8192K), 3 survivors (3072K)
 Metaspace       used 20851K, committed 21504K, reserved 1114112K
  class space    used 3050K, committed 3392K, reserved 1048576K
}
Event: 155.054 GC heap after
{Heap after GC invocations=6 (full 0):
 garbage-first heap   total 96256K, used 24520K [0x00000000c0000000, 0x0000000100000000)
  region size 1024K, 3 young (3072K), 3 survivors (3072K)
 Metaspace       used 20851K, committed 21504K, reserved 1114112K
  class space    used 3050K, committed 3392K, reserved 1048576K
}
Event: 163.498 GC heap before
{Heap before GC invocations=7 (full 0):
 garbage-first heap   total 81920K, used 70600K [0x00000000c0000000, 0x0000000100000000)
  region size 1024K, 48 young (49152K), 3 survivors (3072K)
 Metaspace       used 27137K, committed 28032K, reserved 1114112K
  class space    used 4034K, committed 4480K, reserved 1048576K
}
Event: 163.510 GC heap after
{Heap after GC invocations=8 (full 0):
 garbage-first heap   total 81920K, used 26920K [0x00000000c0000000, 0x0000000100000000)
  region size 1024K, 6 young (6144K), 6 survivors (6144K)
 Metaspace       used 27137K, committed 28032K, reserved 1114112K
  class space    used 4034K, committed 4480K, reserved 1048576K
}
Event: 166.935 GC heap before
{Heap before GC invocations=8 (full 0):
 garbage-first heap   total 81920K, used 67880K [0x00000000c0000000, 0x0000000100000000)
  region size 1024K, 47 young (48128K), 6 survivors (6144K)
 Metaspace       used 32478K, committed 33472K, reserved 1114112K
  class space    used 4606K, committed 5056K, reserved 1048576K
}
Event: 166.953 GC heap after
{Heap after GC invocations=9 (full 0):
 garbage-first heap   total 81920K, used 31420K [0x00000000c0000000, 0x0000000100000000)
  region size 1024K, 6 young (6144K), 6 survivors (6144K)
 Metaspace       used 32478K, committed 33472K, reserved 1114112K
  class space    used 4606K, committed 5056K, reserved 1048576K
}
Event: 265.392 GC heap before
{Heap before GC invocations=9 (full 0):
 garbage-first heap   total 81920K, used 61116K [0x00000000c0000000, 0x0000000100000000)
  region size 1024K, 36 young (36864K), 6 survivors (6144K)
 Metaspace       used 35001K, committed 35968K, reserved 1114112K
  class space    used 5026K, committed 5504K, reserved 1048576K
}
Event: 265.492 GC heap after
{Heap after GC invocations=10 (full 0):
 garbage-first heap   total 81920K, used 33630K [0x00000000c0000000, 0x0000000100000000)
  region size 1024K, 2 young (2048K), 2 survivors (2048K)
 Metaspace       used 35001K, committed 35968K, reserved 1114112K
  class space    used 5026K, committed 5504K, reserved 1048576K
}
Event: 290.334 GC heap before
{Heap before GC invocations=11 (full 0):
 garbage-first heap   total 81920K, used 73566K [0x00000000c0000000, 0x0000000100000000)
  region size 1024K, 37 young (37888K), 2 survivors (2048K)
 Metaspace       used 39232K, committed 40576K, reserved 1114112K
  class space    used 5641K, committed 6272K, reserved 1048576K
}
Event: 290.389 GC heap after
{Heap after GC invocations=12 (full 0):
 garbage-first heap   total 81920K, used 35598K [0x00000000c0000000, 0x0000000100000000)
  region size 1024K, 4 young (4096K), 4 survivors (4096K)
 Metaspace       used 39232K, committed 40576K, reserved 1114112K
  class space    used 5641K, committed 6272K, reserved 1048576K
}

