# JRE version: OpenJDK Runtime Environment Temurin-21.0.12.1+1 (21.0.12.1+1) (build 21.0.12.1+1-LTS)
# Java VM: OpenJDK 64-Bit Server VM Temurin-21.0.12.1+1 (21.0.12.1+1-LTS, mixed mode, sharing, tiered, compressed oops, compressed class ptrs, g1 gc, windows-amd64)
GC Precious Log:
 CardTable entry size: 512
 Card Set container configuration: InlinePtr #cards 5 size 8 Array Of Cards #cards 12 size 40 Howl #buckets 4 coarsen threshold 1843 Howl Bitmap #cards 512 size 80 coarsen threshold 460 Card regions per heap region 1 cards per card region 2048
 CPUs: 8 total, 8 available
 Memory: 5965M
 Large Page Support: Disabled
 NUMA Support: Disabled
 Compressed Oops: Enabled (32-bit)
 Heap Region Size: 1M
 Heap Min Capacity: 8M
 Heap Initial Capacity: 94M
 Heap Max Capacity: 1G
 Pre-touch: Disabled
 Parallel Workers: 8
 Concurrent Workers: 2
 Concurrent Refinement Workers: 8
 Periodic GC: Disabled
Heap:
 garbage-first heap   total 128000K, used 82091K [0x00000000c0000000, 0x0000000100000000)
  region size 1024K, 10 young (10240K), 3 survivors (3072K)
 Metaspace       used 69670K, committed 71680K, reserved 1114112K
  class space    used 9759K, committed 10752K, reserved 1048576K
GC Heap History (20 events):
Event: 68.686 GC heap before
{Heap before GC invocations=18 (full 0):
 garbage-first heap   total 88064K, used 77059K [0x00000000c0000000, 0x0000000100000000)
  region size 1024K, 33 young (33792K), 4 survivors (4096K)
 Metaspace       used 51136K, committed 52800K, reserved 1114112K
  class space    used 7341K, committed 8192K, reserved 1048576K
}
Event: 68.691 GC heap after
{Heap after GC invocations=19 (full 0):
 garbage-first heap   total 88064K, used 48756K [0x00000000c0000000, 0x0000000100000000)
  region size 1024K, 3 young (3072K), 3 survivors (3072K)
 Metaspace       used 51136K, committed 52800K, reserved 1114112K
  class space    used 7341K, committed 8192K, reserved 1048576K
}
Event: 72.634 GC heap before
{Heap before GC invocations=19 (full 0):
 garbage-first heap   total 88064K, used 78452K [0x00000000c0000000, 0x0000000100000000)
  region size 1024K, 33 young (33792K), 3 survivors (3072K)
 Metaspace       used 54684K, committed 56448K, reserved 1114112K
  class space    used 7820K, committed 8704K, reserved 1048576K
}
Event: 72.640 GC heap after
{Heap after GC invocations=20 (full 0):
 garbage-first heap   total 88064K, used 48199K [0x00000000c0000000, 0x0000000100000000)
  region size 1024K, 2 young (2048K), 2 survivors (2048K)
 Metaspace       used 54684K, committed 56448K, reserved 1114112K
  class space    used 7820K, committed 8704K, reserved 1048576K
}
Event: 78.046 GC heap before
{Heap before GC invocations=21 (full 0):
 garbage-first heap   total 88064K, used 86087K [0x00000000c0000000, 0x0000000100000000)
  region size 1024K, 31 young (31744K), 2 survivors (2048K)
 Metaspace       used 55751K, committed 57536K, reserved 1114112K
  class space    used 7964K, committed 8832K, reserved 1048576K
}
Event: 78.055 GC heap after
{Heap after GC invocations=22 (full 0):
 garbage-first heap   total 97280K, used 64244K [0x00000000c0000000, 0x0000000100000000)
  region size 1024K, 4 young (4096K), 4 survivors (4096K)
 Metaspace       used 55751K, committed 57536K, reserved 1114112K
  class space    used 7964K, committed 8832K, reserved 1048576K
}
Event: 100.967 GC heap before
{Heap before GC invocations=22 (full 0):
 garbage-first heap   total 97280K, used 85748K [0x00000000c0000000, 0x0000000100000000)
  region size 1024K, 25 young (25600K), 4 survivors (4096K)
 Metaspace       used 56004K, committed 57792K, reserved 1114112K
  class space    used 7992K, committed 8896K, reserved 1048576K
}
Event: 100.989 GC heap after
{Heap after GC invocations=23 (full 0):
 garbage-first heap   total 97280K, used 67302K [0x00000000c0000000, 0x0000000100000000)
  region size 1024K, 4 young (4096K), 4 survivors (4096K)
 Metaspace       used 56004K, committed 57792K, reserved 1114112K
  class space    used 7992K, committed 8896K, reserved 1048576K
}
Event: 101.487 GC heap before
{Heap before GC invocations=23 (full 0):
 garbage-first heap   total 97280K, used 72422K [0x00000000c0000000, 0x0000000100000000)
  region size 1024K, 11 young (11264K), 4 survivors (4096K)
 Metaspace       used 56489K, committed 58304K, reserved 1114112K
  class space    used 8039K, committed 8960K, reserved 1048576K
}
Event: 101.515 GC heap after
{Heap after GC invocations=24 (full 0):
 garbage-first heap   total 97280K, used 68480K [0x00000000c0000000, 0x0000000100000000)
  region size 1024K, 2 young (2048K), 2 survivors (2048K)
 Metaspace       used 56489K, committed 58304K, reserved 1114112K
  class space    used 8039K, committed 8960K, reserved 1048576K
}
Event: 104.214 GC heap before
{Heap before GC invocations=25 (full 0):
 garbage-first heap   total 117760K, used 86912K [0x00000000c0000000, 0x0000000100000000)
  region size 1024K, 20 young (20480K), 2 survivors (2048K)
 Metaspace       used 58087K, committed 59968K, reserved 1114112K
  class space    used 8252K, committed 9152K, reserved 1048576K
}
Event: 104.228 GC heap after
{Heap after GC invocations=26 (full 0):
 garbage-first heap   total 117760K, used 70182K [0x00000000c0000000, 0x0000000100000000)
  region size 1024K, 2 young (2048K), 2 survivors (2048K)
 Metaspace       used 58087K, committed 59968K, reserved 1114112K
  class space    used 8252K, committed 9152K, reserved 1048576K
}
Event: 108.309 GC heap before
{Heap before GC invocations=26 (full 0):
 garbage-first heap   total 117760K, used 103974K [0x00000000c0000000, 0x0000000100000000)
  region size 1024K, 36 young (36864K), 2 survivors (2048K)
 Metaspace       used 61721K, committed 63552K, reserved 1114112K
  class space    used 8685K, committed 9600K, reserved 1048576K
}
Event: 108.314 GC heap after
{Heap after GC invocations=27 (full 0):
 garbage-first heap   total 117760K, used 70550K [0x00000000c0000000, 0x0000000100000000)
  region size 1024K, 3 young (3072K), 3 survivors (3072K)
 Metaspace       used 61721K, committed 63552K, reserved 1114112K
  class space    used 8685K, committed 9600K, reserved 1048576K
}
Event: 110.206 GC heap before
{Heap before GC invocations=27 (full 0):
 garbage-first heap   total 117760K, used 88982K [0x00000000c0000000, 0x0000000100000000)
  region size 1024K, 22 young (22528K), 3 survivors (3072K)
 Metaspace       used 64272K, committed 66240K, reserved 1114112K
  class space    used 9048K, committed 9984K, reserved 1048576K
}
Event: 110.212 GC heap after
{Heap after GC invocations=28 (full 0):
 garbage-first heap   total 117760K, used 72769K [0x00000000c0000000, 0x0000000100000000)
  region size 1024K, 5 young (5120K), 5 survivors (5120K)
 Metaspace       used 64272K, committed 66240K, reserved 1114112K
  class space    used 9048K, committed 9984K, reserved 1048576K
}
Event: 112.250 GC heap before
{Heap before GC invocations=29 (full 0):
 garbage-first heap   total 128000K, used 111681K [0x00000000c0000000, 0x0000000100000000)
  region size 1024K, 38 young (38912K), 5 survivors (5120K)
 Metaspace       used 66094K, committed 68032K, reserved 1114112K
  class space    used 9311K, committed 10240K, reserved 1048576K
}
Event: 112.261 GC heap after
{Heap after GC invocations=30 (full 0):
 garbage-first heap   total 128000K, used 75720K [0x00000000c0000000, 0x0000000100000000)
  region size 1024K, 5 young (5120K), 5 survivors (5120K)
 Metaspace       used 66094K, committed 68032K, reserved 1114112K
  class space    used 9311K, committed 10240K, reserved 1048576K
}
Event: 115.754 GC heap before
{Heap before GC invocations=30 (full 0):
 garbage-first heap   total 128000K, used 112584K [0x00000000c0000000, 0x0000000100000000)
  region size 1024K, 41 young (41984K), 5 survivors (5120K)
 Metaspace       used 68954K, committed 70976K, reserved 1114112K
  class space    used 9676K, committed 10688K, reserved 1048576K
}
Event: 115.765 GC heap after
{Heap after GC invocations=31 (full 0):
 garbage-first heap   total 128000K, used 75947K [0x00000000c0000000, 0x0000000100000000)
  region size 1024K, 3 young (3072K), 3 survivors (3072K)
 Metaspace       used 68954K, committed 70976K, reserved 1114112K
  class space    used 9676K, committed 10688K, reserved 1048576K
}

