# JRE version: OpenJDK Runtime Environment Temurin-21.0.12.1+1 (21.0.12.1+1) (build 21.0.12.1+1-LTS)
# Java VM: OpenJDK 64-Bit Server VM Temurin-21.0.12.1+1 (21.0.12.1+1-LTS, mixed mode, sharing, tiered, compressed oops, compressed class ptrs, g1 gc, windows-amd64)
GC Precious Log:
 CardTable entry size: 512
 Card Set container configuration: InlinePtr #cards 5 size 8 Array Of Cards #cards 12 size 40 Howl #buckets 4 coarsen threshold 1843 Howl Bitmap #cards 512 size 80 coarsen threshold 460 Card regions per heap region 1 cards per card region 2048
 CPUs: 8 total, 8 available
 Memory: 5965M
 Large Page Support: Disabled
 NUMA Support: Disabled
 Compressed Oops: Enabled (32-bit)
 Heap Region Size: 1M
 Heap Min Capacity: 8M
 Heap Initial Capacity: 94M
 Heap Max Capacity: 1G
 Pre-touch: Disabled
 Parallel Workers: 8
 Concurrent Workers: 2
 Concurrent Refinement Workers: 8
 Periodic GC: Disabled
Heap:
 garbage-first heap   total 86016K, used 39042K [0x00000000c0000000, 0x0000000100000000)
  region size 1024K, 20 young (20480K), 6 survivors (6144K)
 Metaspace       used 30231K, committed 31232K, reserved 1114112K
  class space    used 4384K, committed 4864K, reserved 1048576K
GC Heap History (14 events):
Event: 9.288 GC heap before
{Heap before GC invocations=0 (full 0):
 garbage-first heap   total 96256K, used 23552K [0x00000000c0000000, 0x0000000100000000)
  region size 1024K, 23 young (23552K), 0 survivors (0K)
 Metaspace       used 1046K, committed 1152K, reserved 1114112K
  class space    used 81K, committed 128K, reserved 1048576K
}
Event: 9.317 GC heap after
{Heap after GC invocations=1 (full 0):
 garbage-first heap   total 96256K, used 1664K [0x00000000c0000000, 0x0000000100000000)
  region size 1024K, 2 young (2048K), 2 survivors (2048K)
 Metaspace       used 1046K, committed 1152K, reserved 1114112K
  class space    used 81K, committed 128K, reserved 1048576K
}
Event: 29.146 GC heap before
{Heap before GC invocations=1 (full 0):
 garbage-first heap   total 96256K, used 39552K [0x00000000c0000000, 0x0000000100000000)
  region size 1024K, 36 young (36864K), 2 survivors (2048K)
 Metaspace       used 4397K, committed 4544K, reserved 1114112K
  class space    used 557K, committed 640K, reserved 1048576K
}
Event: 29.455 GC heap after
{Heap after GC invocations=2 (full 0):
 garbage-first heap   total 96256K, used 10550K [0x00000000c0000000, 0x0000000100000000)
  region size 1024K, 5 young (5120K), 5 survivors (5120K)
 Metaspace       used 4397K, committed 4544K, reserved 1114112K
  class space    used 557K, committed 640K, reserved 1048576K
}
Event: 36.940 GC heap before
{Heap before GC invocations=2 (full 0):
 garbage-first heap   total 96256K, used 40246K [0x00000000c0000000, 0x0000000100000000)
  region size 1024K, 34 young (34816K), 5 survivors (5120K)
 Metaspace       used 4437K, committed 4608K, reserved 1114112K
  class space    used 559K, committed 640K, reserved 1048576K
}
Event: 36.957 GC heap after
{Heap after GC invocations=3 (full 0):
 garbage-first heap   total 96256K, used 12514K [0x00000000c0000000, 0x0000000100000000)
  region size 1024K, 2 young (2048K), 2 survivors (2048K)
 Metaspace       used 4437K, committed 4608K, reserved 1114112K
  class space    used 559K, committed 640K, reserved 1048576K
}
Event: 62.929 GC heap before
{Heap before GC invocations=3 (full 0):
 garbage-first heap   total 96256K, used 49378K [0x00000000c0000000, 0x0000000100000000)
  region size 1024K, 36 young (36864K), 2 survivors (2048K)
 Metaspace       used 8822K, committed 9152K, reserved 1114112K
  class space    used 1200K, committed 1344K, reserved 1048576K
}
Event: 63.338 GC heap after
{Heap after GC invocations=4 (full 0):
 garbage-first heap   total 96256K, used 19028K [0x00000000c0000000, 0x0000000100000000)
  region size 1024K, 5 young (5120K), 5 survivors (5120K)
 Metaspace       used 8822K, committed 9152K, reserved 1114112K
  class space    used 1200K, committed 1344K, reserved 1048576K
}
Event: 88.263 GC heap before
{Heap before GC invocations=4 (full 0):
 garbage-first heap   total 96256K, used 51796K [0x00000000c0000000, 0x0000000100000000)
  region size 1024K, 38 young (38912K), 5 survivors (5120K)
 Metaspace       used 15183K, committed 15616K, reserved 1114112K
  class space    used 2104K, committed 2304K, reserved 1048576K
}
Event: 88.294 GC heap after
{Heap after GC invocations=5 (full 0):
 garbage-first heap   total 96256K, used 21682K [0x00000000c0000000, 0x0000000100000000)
  region size 1024K, 3 young (3072K), 3 survivors (3072K)
 Metaspace       used 15183K, committed 15616K, reserved 1114112K
  class space    used 2104K, committed 2304K, reserved 1048576K
}
Event: 115.464 GC heap before
{Heap before GC invocations=5 (full 0):
 garbage-first heap   total 96256K, used 64690K [0x00000000c0000000, 0x0000000100000000)
  region size 1024K, 46 young (47104K), 3 survivors (3072K)
 Metaspace       used 20876K, committed 21504K, reserved 1114112K
  class space    used 3062K, committed 3392K, reserved 1048576K
}
Event: 115.497 GC heap after
{Heap after GC invocations=6 (full 0):
 garbage-first heap   total 96256K, used 24388K [0x00000000c0000000, 0x0000000100000000)
  region size 1024K, 6 young (6144K), 6 survivors (6144K)
 Metaspace       used 20876K, committed 21504K, reserved 1114112K
  class space    used 3062K, committed 3392K, reserved 1048576K
}
Event: 146.407 GC heap before
{Heap before GC invocations=7 (full 0):
 garbage-first heap   total 86016K, used 69444K [0x00000000c0000000, 0x0000000100000000)
  region size 1024K, 50 young (51200K), 6 survivors (6144K)
 Metaspace       used 26840K, committed 27840K, reserved 1114112K
  class space    used 4001K, committed 4480K, reserved 1048576K
}
Event: 146.531 GC heap after
{Heap after GC invocations=8 (full 0):
 garbage-first heap   total 86016K, used 26754K [0x00000000c0000000, 0x0000000100000000)
  region size 1024K, 6 young (6144K), 6 survivors (6144K)
 Metaspace       used 26840K, committed 27840K, reserved 1114112K
  class space    used 4001K, committed 4480K, reserved 1048576K
}

