# JRE version: OpenJDK Runtime Environment Temurin-21.0.12.1+1 (21.0.12.1+1) (build 21.0.12.1+1-LTS)
# Java VM: OpenJDK 64-Bit Server VM Temurin-21.0.12.1+1 (21.0.12.1+1-LTS, mixed mode, sharing, tiered, compressed oops, compressed class ptrs, g1 gc, windows-amd64)
GC Precious Log:
 CardTable entry size: 512
 Card Set container configuration: InlinePtr #cards 5 size 8 Array Of Cards #cards 12 size 40 Howl #buckets 4 coarsen threshold 1843 Howl Bitmap #cards 512 size 80 coarsen threshold 460 Card regions per heap region 1 cards per card region 2048
 CPUs: 8 total, 8 available
 Memory: 5965M
 Large Page Support: Disabled
 NUMA Support: Disabled
 Compressed Oops: Enabled (32-bit)
 Heap Region Size: 1M
 Heap Min Capacity: 8M
 Heap Initial Capacity: 94M
 Heap Max Capacity: 1G
 Pre-touch: Disabled
 Parallel Workers: 8
 Concurrent Workers: 2
 Concurrent Refinement Workers: 8
 Periodic GC: Disabled
Heap:
 garbage-first heap   total 86016K, used 39616K [0x00000000c0000000, 0x0000000100000000)
  region size 1024K, 15 young (15360K), 6 survivors (6144K)
 Metaspace       used 33853K, committed 34880K, reserved 1114112K
  class space    used 4868K, committed 5376K, reserved 1048576K
GC Heap History (14 events):
Event: 2.448 GC heap before
{Heap before GC invocations=0 (full 0):
 garbage-first heap   total 96256K, used 23552K [0x00000000c0000000, 0x0000000100000000)
  region size 1024K, 23 young (23552K), 0 survivors (0K)
 Metaspace       used 1052K, committed 1152K, reserved 1114112K
  class space    used 81K, committed 128K, reserved 1048576K
}
Event: 2.458 GC heap after
{Heap after GC invocations=1 (full 0):
 garbage-first heap   total 96256K, used 1792K [0x00000000c0000000, 0x0000000100000000)
  region size 1024K, 2 young (2048K), 2 survivors (2048K)
 Metaspace       used 1052K, committed 1152K, reserved 1114112K
  class space    used 81K, committed 128K, reserved 1048576K
}
Event: 8.956 GC heap before
{Heap before GC invocations=1 (full 0):
 garbage-first heap   total 96256K, used 39680K [0x00000000c0000000, 0x0000000100000000)
  region size 1024K, 37 young (37888K), 2 survivors (2048K)
 Metaspace       used 4380K, committed 4544K, reserved 1114112K
  class space    used 557K, committed 640K, reserved 1048576K
}
Event: 8.977 GC heap after
{Heap after GC invocations=2 (full 0):
 garbage-first heap   total 96256K, used 10900K [0x00000000c0000000, 0x0000000100000000)
  region size 1024K, 5 young (5120K), 5 survivors (5120K)
 Metaspace       used 4380K, committed 4544K, reserved 1114112K
  class space    used 557K, committed 640K, reserved 1048576K
}
Event: 11.663 GC heap before
{Heap before GC invocations=2 (full 0):
 garbage-first heap   total 96256K, used 55956K [0x00000000c0000000, 0x0000000100000000)
  region size 1024K, 47 young (48128K), 5 survivors (5120K)
 Metaspace       used 4613K, committed 4864K, reserved 1114112K
  class space    used 584K, committed 704K, reserved 1048576K
}
Event: 11.673 GC heap after
{Heap after GC invocations=3 (full 0):
 garbage-first heap   total 96256K, used 16966K [0x00000000c0000000, 0x0000000100000000)
  region size 1024K, 5 young (5120K), 5 survivors (5120K)
 Metaspace       used 4613K, committed 4864K, reserved 1114112K
  class space    used 584K, committed 704K, reserved 1048576K
}
Event: 20.438 GC heap before
{Heap before GC invocations=3 (full 0):
 garbage-first heap   total 96256K, used 69190K [0x00000000c0000000, 0x0000000100000000)
  region size 1024K, 56 young (57344K), 5 survivors (5120K)
 Metaspace       used 14879K, committed 15360K, reserved 1114112K
  class space    used 2074K, committed 2304K, reserved 1048576K
}
Event: 20.497 GC heap after
{Heap after GC invocations=4 (full 0):
 garbage-first heap   total 96256K, used 21747K [0x00000000c0000000, 0x0000000100000000)
  region size 1024K, 5 young (5120K), 5 survivors (5120K)
 Metaspace       used 14879K, committed 15360K, reserved 1114112K
  class space    used 2074K, committed 2304K, reserved 1048576K
}
Event: 25.949 GC heap before
{Heap before GC invocations=4 (full 0):
 garbage-first heap   total 96256K, used 66803K [0x00000000c0000000, 0x0000000100000000)
  region size 1024K, 50 young (51200K), 5 survivors (5120K)
 Metaspace       used 20873K, committed 21504K, reserved 1114112K
  class space    used 3072K, committed 3392K, reserved 1048576K
}
Event: 25.959 GC heap after
{Heap after GC invocations=5 (full 0):
 garbage-first heap   total 96256K, used 24918K [0x00000000c0000000, 0x0000000100000000)
  region size 1024K, 3 young (3072K), 3 survivors (3072K)
 Metaspace       used 20873K, committed 21504K, reserved 1114112K
  class space    used 3072K, committed 3392K, reserved 1048576K
}
Event: 33.798 GC heap before
{Heap before GC invocations=6 (full 0):
 garbage-first heap   total 86016K, used 73046K [0x00000000c0000000, 0x0000000100000000)
  region size 1024K, 50 young (51200K), 3 survivors (3072K)
 Metaspace       used 27321K, committed 28288K, reserved 1114112K
  class space    used 4073K, committed 4544K, reserved 1048576K
}
Event: 33.814 GC heap after
{Heap after GC invocations=7 (full 0):
 garbage-first heap   total 86016K, used 27202K [0x00000000c0000000, 0x0000000100000000)
  region size 1024K, 6 young (6144K), 6 survivors (6144K)
 Metaspace       used 27321K, committed 28288K, reserved 1114112K
  class space    used 4073K, committed 4544K, reserved 1048576K
}
Event: 39.339 GC heap before
{Heap before GC invocations=7 (full 0):
 garbage-first heap   total 86016K, used 69186K [0x00000000c0000000, 0x0000000100000000)
  region size 1024K, 48 young (49152K), 6 survivors (6144K)
 Metaspace       used 32682K, committed 33664K, reserved 1114112K
  class space    used 4656K, committed 5120K, reserved 1048576K
}
Event: 39.348 GC heap after
{Heap after GC invocations=8 (full 0):
 garbage-first heap   total 86016K, used 31424K [0x00000000c0000000, 0x0000000100000000)
  region size 1024K, 6 young (6144K), 6 survivors (6144K)
 Metaspace       used 32682K, committed 33664K, reserved 1114112K
  class space    used 4656K, committed 5120K, reserved 1048576K
}

