# JRE version: OpenJDK Runtime Environment Temurin-21.0.12.1+1 (21.0.12.1+1) (build 21.0.12.1+1-LTS)
# Java VM: OpenJDK 64-Bit Server VM Temurin-21.0.12.1+1 (21.0.12.1+1-LTS, mixed mode, sharing, tiered, compressed oops, compressed class ptrs, g1 gc, windows-amd64)
GC Precious Log:
 CardTable entry size: 512
 Card Set container configuration: InlinePtr #cards 5 size 8 Array Of Cards #cards 12 size 40 Howl #buckets 4 coarsen threshold 1843 Howl Bitmap #cards 512 size 80 coarsen threshold 460 Card regions per heap region 1 cards per card region 2048
 CPUs: 8 total, 8 available
 Memory: 5965M
 Large Page Support: Disabled
 NUMA Support: Disabled
 Compressed Oops: Enabled (32-bit)
 Heap Region Size: 1M
 Heap Min Capacity: 8M
 Heap Initial Capacity: 94M
 Heap Max Capacity: 1G
 Pre-touch: Disabled
 Parallel Workers: 8
 Concurrent Workers: 2
 Concurrent Refinement Workers: 8
 Periodic GC: Disabled
Heap:
 garbage-first heap   total 183296K, used 112469K [0x00000000c0000000, 0x0000000100000000)
  region size 1024K, 5 young (5120K), 4 survivors (4096K)
 Metaspace       used 104174K, committed 106624K, reserved 1179648K
  class space    used 14713K, committed 15936K, reserved 1048576K
GC Heap History (20 events):
Event: 40.953 GC heap before
{Heap before GC invocations=35 (full 0):
 garbage-first heap   total 133120K, used 120046K [0x00000000c0000000, 0x0000000100000000)
  region size 1024K, 43 young (44032K), 6 survivors (6144K)
 Metaspace       used 79974K, committed 82112K, reserved 1179648K
  class space    used 11165K, committed 12224K, reserved 1048576K
}
Event: 40.959 GC heap after
{Heap after GC invocations=36 (full 0):
 garbage-first heap   total 133120K, used 84922K [0x00000000c0000000, 0x0000000100000000)
  region size 1024K, 3 young (3072K), 3 survivors (3072K)
 Metaspace       used 79974K, committed 82112K, reserved 1179648K
  class space    used 11165K, committed 12224K, reserved 1048576K
}
Event: 42.197 GC heap before
{Heap before GC invocations=37 (full 0):
 garbage-first heap   total 143360K, used 121786K [0x00000000c0000000, 0x0000000100000000)
  region size 1024K, 39 young (39936K), 3 survivors (3072K)
 Metaspace       used 82874K, committed 85056K, reserved 1179648K
  class space    used 11619K, committed 12736K, reserved 1048576K
}
Event: 42.202 GC heap after
{Heap after GC invocations=38 (full 0):
 garbage-first heap   total 143360K, used 86022K [0x00000000c0000000, 0x0000000100000000)
  region size 1024K, 4 young (4096K), 4 survivors (4096K)
 Metaspace       used 82874K, committed 85056K, reserved 1179648K
  class space    used 11619K, committed 12736K, reserved 1048576K
}
Event: 44.081 GC heap before
{Heap before GC invocations=38 (full 0):
 garbage-first heap   total 143360K, used 131078K [0x00000000c0000000, 0x0000000100000000)
  region size 1024K, 48 young (49152K), 4 survivors (4096K)
 Metaspace       used 86630K, committed 88768K, reserved 1179648K
  class space    used 12246K, committed 13312K, reserved 1048576K
}
Event: 44.092 GC heap after
{Heap after GC invocations=39 (full 0):
 garbage-first heap   total 143360K, used 86576K [0x00000000c0000000, 0x0000000100000000)
  region size 1024K, 4 young (4096K), 4 survivors (4096K)
 Metaspace       used 86630K, committed 88768K, reserved 1179648K
  class space    used 12246K, committed 13312K, reserved 1048576K
}
Event: 45.832 GC heap before
{Heap before GC invocations=39 (full 0):
 garbage-first heap   total 143360K, used 131632K [0x00000000c0000000, 0x0000000100000000)
  region size 1024K, 48 young (49152K), 4 survivors (4096K)
 Metaspace       used 89170K, committed 91392K, reserved 1179648K
  class space    used 12564K, committed 13696K, reserved 1048576K
}
Event: 45.839 GC heap after
{Heap after GC invocations=40 (full 0):
 garbage-first heap   total 143360K, used 88550K [0x00000000c0000000, 0x0000000100000000)
  region size 1024K, 5 young (5120K), 5 survivors (5120K)
 Metaspace       used 89170K, committed 91392K, reserved 1179648K
  class space    used 12564K, committed 13696K, reserved 1048576K
}
Event: 48.326 GC heap before
{Heap before GC invocations=41 (full 0):
 garbage-first heap   total 148480K, used 133606K [0x00000000c0000000, 0x0000000100000000)
  region size 1024K, 49 young (50176K), 5 survivors (5120K)
 Metaspace       used 92123K, committed 94400K, reserved 1179648K
  class space    used 13001K, committed 14144K, reserved 1048576K
}
Event: 48.331 GC heap after
{Heap after GC invocations=42 (full 0):
 garbage-first heap   total 148480K, used 91729K [0x00000000c0000000, 0x0000000100000000)
  region size 1024K, 5 young (5120K), 5 survivors (5120K)
 Metaspace       used 92123K, committed 94400K, reserved 1179648K
  class space    used 13001K, committed 14144K, reserved 1048576K
}
Event: 50.209 GC heap before
{Heap before GC invocations=42 (full 0):
 garbage-first heap   total 148480K, used 137809K [0x00000000c0000000, 0x0000000100000000)
  region size 1024K, 50 young (51200K), 5 survivors (5120K)
 Metaspace       used 94700K, committed 97024K, reserved 1179648K
  class space    used 13402K, committed 14528K, reserved 1048576K
}
Event: 50.220 GC heap after
{Heap after GC invocations=43 (full 0):
 garbage-first heap   total 150528K, used 95499K [0x00000000c0000000, 0x0000000100000000)
  region size 1024K, 7 young (7168K), 7 survivors (7168K)
 Metaspace       used 94700K, committed 97024K, reserved 1179648K
  class space    used 13402K, committed 14528K, reserved 1048576K
}
Event: 50.350 GC heap before
{Heap before GC invocations=43 (full 0):
 garbage-first heap   total 150528K, used 97547K [0x00000000c0000000, 0x0000000100000000)
  region size 1024K, 10 young (10240K), 7 survivors (7168K)
 Metaspace       used 94820K, committed 97152K, reserved 1179648K
  class space    used 13418K, committed 14528K, reserved 1048576K
}
Event: 50.356 GC heap after
{Heap after GC invocations=44 (full 0):
 garbage-first heap   total 150528K, used 96884K [0x00000000c0000000, 0x0000000100000000)
  region size 1024K, 2 young (2048K), 2 survivors (2048K)
 Metaspace       used 94820K, committed 97152K, reserved 1179648K
  class space    used 13418K, committed 14528K, reserved 1048576K
}
Event: 52.259 GC heap before
{Heap before GC invocations=45 (full 0):
 garbage-first heap   total 165888K, used 136820K [0x00000000c0000000, 0x0000000100000000)
  region size 1024K, 40 young (40960K), 2 survivors (2048K)
 Metaspace       used 96778K, committed 99136K, reserved 1179648K
  class space    used 13692K, committed 14848K, reserved 1048576K
}
Event: 52.263 GC heap after
{Heap after GC invocations=46 (full 0):
 garbage-first heap   total 165888K, used 100255K [0x00000000c0000000, 0x0000000100000000)
  region size 1024K, 4 young (4096K), 4 survivors (4096K)
 Metaspace       used 96778K, committed 99136K, reserved 1179648K
  class space    used 13692K, committed 14848K, reserved 1048576K
}
Event: 54.390 GC heap before
{Heap before GC invocations=46 (full 0):
 garbage-first heap   total 165888K, used 149407K [0x00000000c0000000, 0x0000000100000000)
  region size 1024K, 52 young (53248K), 4 survivors (4096K)
 Metaspace       used 99033K, committed 101376K, reserved 1179648K
  class space    used 13980K, committed 15168K, reserved 1048576K
}
Event: 54.400 GC heap after
{Heap after GC invocations=47 (full 0):
 garbage-first heap   total 165888K, used 103905K [0x00000000c0000000, 0x0000000100000000)
  region size 1024K, 7 young (7168K), 7 survivors (7168K)
 Metaspace       used 99033K, committed 101376K, reserved 1179648K
  class space    used 13980K, committed 15168K, reserved 1048576K
}
Event: 55.981 GC heap before
{Heap before GC invocations=47 (full 0):
 garbage-first heap   total 165888K, used 151009K [0x00000000c0000000, 0x0000000100000000)
  region size 1024K, 53 young (54272K), 7 survivors (7168K)
 Metaspace       used 101074K, committed 103424K, reserved 1179648K
  class space    used 14253K, committed 15424K, reserved 1048576K
}
Event: 55.992 GC heap after
{Heap after GC invocations=48 (full 0):
 garbage-first heap   total 165888K, used 108991K [0x00000000c0000000, 0x0000000100000000)
  region size 1024K, 5 young (5120K), 5 survivors (5120K)
 Metaspace       used 101074K, committed 103424K, reserved 1179648K
  class space    used 14253K, committed 15424K, reserved 1048576K
}

