# JRE version: OpenJDK Runtime Environment Temurin-21.0.12.1+1 (21.0.12.1+1) (build 21.0.12.1+1-LTS)
# Java VM: OpenJDK 64-Bit Server VM Temurin-21.0.12.1+1 (21.0.12.1+1-LTS, mixed mode, sharing, tiered, compressed oops, compressed class ptrs, g1 gc, windows-amd64)
GC Precious Log:
 CardTable entry size: 512
 Card Set container configuration: InlinePtr #cards 5 size 8 Array Of Cards #cards 12 size 40 Howl #buckets 4 coarsen threshold 1843 Howl Bitmap #cards 512 size 80 coarsen threshold 460 Card regions per heap region 1 cards per card region 2048
 CPUs: 8 total, 8 available
 Memory: 5965M
 Large Page Support: Disabled
 NUMA Support: Disabled
 Compressed Oops: Enabled (32-bit)
 Heap Region Size: 1M
 Heap Min Capacity: 8M
 Heap Initial Capacity: 94M
 Heap Max Capacity: 1G
 Pre-touch: Disabled
 Parallel Workers: 8
 Concurrent Workers: 2
 Concurrent Refinement Workers: 8
 Periodic GC: Disabled
Heap:
 garbage-first heap   total 150528K, used 108279K [0x00000000c0000000, 0x0000000100000000)
  region size 1024K, 24 young (24576K), 5 survivors (5120K)
 Metaspace       used 90106K, committed 92352K, reserved 1179648K
  class space    used 12750K, committed 13888K, reserved 1048576K
GC Heap History (20 events):
Event: 79.283 GC heap before
{Heap before GC invocations=27 (full 0):
 garbage-first heap   total 116736K, used 102104K [0x00000000c0000000, 0x0000000100000000)
  region size 1024K, 35 young (35840K), 3 survivors (3072K)
 Metaspace       used 64220K, committed 66240K, reserved 1114112K
  class space    used 9070K, committed 10048K, reserved 1048576K
}
Event: 79.289 GC heap after
{Heap after GC invocations=28 (full 0):
 garbage-first heap   total 116736K, used 73597K [0x00000000c0000000, 0x0000000100000000)
  region size 1024K, 5 young (5120K), 5 survivors (5120K)
 Metaspace       used 64220K, committed 66240K, reserved 1114112K
  class space    used 9070K, committed 10048K, reserved 1048576K
}
Event: 80.719 GC heap before
{Heap before GC invocations=29 (full 0):
 garbage-first heap   total 122880K, used 111485K [0x00000000c0000000, 0x0000000100000000)
  region size 1024K, 36 young (36864K), 5 survivors (5120K)
 Metaspace       used 65863K, committed 67840K, reserved 1114112K
  class space    used 9303K, committed 10304K, reserved 1048576K
}
Event: 80.725 GC heap after
{Heap after GC invocations=30 (full 0):
 garbage-first heap   total 122880K, used 77594K [0x00000000c0000000, 0x0000000100000000)
  region size 1024K, 5 young (5120K), 5 survivors (5120K)
 Metaspace       used 65863K, committed 67840K, reserved 1114112K
  class space    used 9303K, committed 10304K, reserved 1048576K
}
Event: 85.184 GC heap before
{Heap before GC invocations=30 (full 0):
 garbage-first heap   total 122880K, used 110362K [0x00000000c0000000, 0x0000000100000000)
  region size 1024K, 37 young (37888K), 5 survivors (5120K)
 Metaspace       used 68289K, committed 70336K, reserved 1114112K
  class space    used 9605K, committed 10624K, reserved 1048576K
}
Event: 85.194 GC heap after
{Heap after GC invocations=31 (full 0):
 garbage-first heap   total 122880K, used 78584K [0x00000000c0000000, 0x0000000100000000)
  region size 1024K, 3 young (3072K), 3 survivors (3072K)
 Metaspace       used 68289K, committed 70336K, reserved 1114112K
  class space    used 9605K, committed 10624K, reserved 1048576K
}
Event: 88.828 GC heap before
{Heap before GC invocations=31 (full 0):
 garbage-first heap   total 122880K, used 110328K [0x00000000c0000000, 0x0000000100000000)
  region size 1024K, 34 young (34816K), 3 survivors (3072K)
 Metaspace       used 72143K, committed 74112K, reserved 1114112K
  class space    used 10129K, committed 11072K, reserved 1048576K
}
Event: 88.836 GC heap after
{Heap after GC invocations=32 (full 0):
 garbage-first heap   total 122880K, used 79707K [0x00000000c0000000, 0x0000000100000000)
  region size 1024K, 4 young (4096K), 4 survivors (4096K)
 Metaspace       used 72143K, committed 74112K, reserved 1114112K
  class space    used 10129K, committed 11072K, reserved 1048576K
}
Event: 90.976 GC heap before
{Heap before GC invocations=33 (full 0):
 garbage-first heap   total 135168K, used 112475K [0x00000000c0000000, 0x0000000100000000)
  region size 1024K, 36 young (36864K), 4 survivors (4096K)
 Metaspace       used 74657K, committed 76672K, reserved 1114112K
  class space    used 10484K, committed 11456K, reserved 1048576K
}
Event: 90.981 GC heap after
{Heap after GC invocations=34 (full 0):
 garbage-first heap   total 135168K, used 80746K [0x00000000c0000000, 0x0000000100000000)
  region size 1024K, 3 young (3072K), 3 survivors (3072K)
 Metaspace       used 74657K, committed 76672K, reserved 1114112K
  class space    used 10484K, committed 11456K, reserved 1048576K
}
Event: 93.727 GC heap before
{Heap before GC invocations=34 (full 0):
 garbage-first heap   total 135168K, used 123754K [0x00000000c0000000, 0x0000000100000000)
  region size 1024K, 45 young (46080K), 3 survivors (3072K)
 Metaspace       used 76659K, committed 78784K, reserved 1179648K
  class space    used 10781K, committed 11840K, reserved 1048576K
}
Event: 93.736 GC heap after
{Heap after GC invocations=35 (full 0):
 garbage-first heap   total 135168K, used 83718K [0x00000000c0000000, 0x0000000100000000)
  region size 1024K, 6 young (6144K), 6 survivors (6144K)
 Metaspace       used 76659K, committed 78784K, reserved 1179648K
  class space    used 10781K, committed 11840K, reserved 1048576K
}
Event: 96.326 GC heap before
{Heap before GC invocations=35 (full 0):
 garbage-first heap   total 135168K, used 122630K [0x00000000c0000000, 0x0000000100000000)
  region size 1024K, 45 young (46080K), 6 survivors (6144K)
 Metaspace       used 79638K, committed 81728K, reserved 1179648K
  class space    used 11123K, committed 12160K, reserved 1048576K
}
Event: 96.334 GC heap after
{Heap after GC invocations=36 (full 0):
 garbage-first heap   total 135168K, used 85979K [0x00000000c0000000, 0x0000000100000000)
  region size 1024K, 3 young (3072K), 3 survivors (3072K)
 Metaspace       used 79638K, committed 81728K, reserved 1179648K
  class space    used 11123K, committed 12160K, reserved 1048576K
}
Event: 99.364 GC heap before
{Heap before GC invocations=37 (full 0):
 garbage-first heap   total 145408K, used 123867K [0x00000000c0000000, 0x0000000100000000)
  region size 1024K, 40 young (40960K), 3 survivors (3072K)
 Metaspace       used 82639K, committed 84736K, reserved 1179648K
  class space    used 11586K, committed 12672K, reserved 1048576K
}
Event: 99.368 GC heap after
{Heap after GC invocations=38 (full 0):
 garbage-first heap   total 145408K, used 86697K [0x00000000c0000000, 0x0000000100000000)
  region size 1024K, 4 young (4096K), 4 survivors (4096K)
 Metaspace       used 82639K, committed 84736K, reserved 1179648K
  class space    used 11586K, committed 12672K, reserved 1048576K
}
Event: 105.124 GC heap before
{Heap before GC invocations=38 (full 0):
 garbage-first heap   total 145408K, used 132777K [0x00000000c0000000, 0x0000000100000000)
  region size 1024K, 49 young (50176K), 4 survivors (4096K)
 Metaspace       used 86542K, committed 88704K, reserved 1179648K
  class space    used 12249K, committed 13312K, reserved 1048576K
}
Event: 105.130 GC heap after
{Heap after GC invocations=39 (full 0):
 garbage-first heap   total 145408K, used 87830K [0x00000000c0000000, 0x0000000100000000)
  region size 1024K, 7 young (7168K), 7 survivors (7168K)
 Metaspace       used 86542K, committed 88704K, reserved 1179648K
  class space    used 12249K, committed 13312K, reserved 1048576K
}
Event: 110.851 GC heap before
{Heap before GC invocations=39 (full 0):
 garbage-first heap   total 145408K, used 133910K [0x00000000c0000000, 0x0000000100000000)
  region size 1024K, 52 young (53248K), 7 survivors (7168K)
 Metaspace       used 89218K, committed 91456K, reserved 1179648K
  class space    used 12584K, committed 13696K, reserved 1048576K
}
Event: 110.866 GC heap after
{Heap after GC invocations=40 (full 0):
 garbage-first heap   total 145408K, used 89847K [0x00000000c0000000, 0x0000000100000000)
  region size 1024K, 5 young (5120K), 5 survivors (5120K)
 Metaspace       used 89218K, committed 91456K, reserved 1179648K
  class space    used 12584K, committed 13696K, reserved 1048576K
}

