# JRE version: OpenJDK Runtime Environment Temurin-21.0.12.1+1 (21.0.12.1+1) (build 21.0.12.1+1-LTS)
# Java VM: OpenJDK 64-Bit Server VM Temurin-21.0.12.1+1 (21.0.12.1+1-LTS, mixed mode, tiered, compressed oops, compressed class ptrs, g1 gc, windows-amd64)
GC Precious Log:
 CardTable entry size: 512
 Card Set container configuration: InlinePtr #cards 5 size 8 Array Of Cards #cards 12 size 40 Howl #buckets 4 coarsen threshold 1843 Howl Bitmap #cards 512 size 80 coarsen threshold 460 Card regions per heap region 1 cards per card region 2048
 CPUs: 8 total, 8 available
 Memory: 5965M
 Large Page Support: Disabled
 NUMA Support: Disabled
 Compressed Oops: Enabled (32-bit)
 Heap Region Size: 1M
 Heap Min Capacity: 8M
 Heap Initial Capacity: 94M
 Heap Max Capacity: 1G
 Pre-touch: Disabled
 Parallel Workers: 8
 Concurrent Workers: 2
 Concurrent Refinement Workers: 8
 Periodic GC: Disabled
Heap:
 garbage-first heap   total 151552K, used 140080K [0x00000000c0000000, 0x0000000100000000)
  region size 1024K, 54 young (55296K), 7 survivors (7168K)
 Metaspace       used 103927K, committed 106112K, reserved 1179648K
  class space    used 14249K, committed 15360K, reserved 1048576K
GC Heap History (20 events):
Event: 64.605 GC heap after
{Heap after GC invocations=39 (full 0):
 garbage-first heap   total 121856K, used 76623K [0x00000000c0000000, 0x0000000100000000)
  region size 1024K, 5 young (5120K), 5 survivors (5120K)
 Metaspace       used 75130K, committed 77120K, reserved 1179648K
  class space    used 10148K, committed 11136K, reserved 1048576K
}
Event: 65.758 GC heap before
{Heap before GC invocations=39 (full 0):
 garbage-first heap   total 121856K, used 109391K [0x00000000c0000000, 0x0000000100000000)
  region size 1024K, 37 young (37888K), 5 survivors (5120K)
 Metaspace       used 77611K, committed 79616K, reserved 1179648K
  class space    used 10450K, committed 11456K, reserved 1048576K
}
Event: 65.765 GC heap after
{Heap after GC invocations=40 (full 0):
 garbage-first heap   total 121856K, used 77099K [0x00000000c0000000, 0x0000000100000000)
  region size 1024K, 3 young (3072K), 3 survivors (3072K)
 Metaspace       used 77611K, committed 79616K, reserved 1179648K
  class space    used 10450K, committed 11456K, reserved 1048576K
}
Event: 67.426 GC heap before
{Heap before GC invocations=40 (full 0):
 garbage-first heap   total 121856K, used 109867K [0x00000000c0000000, 0x0000000100000000)
  region size 1024K, 35 young (35840K), 3 survivors (3072K)
 Metaspace       used 81526K, committed 83456K, reserved 1179648K
  class space    used 10996K, committed 11968K, reserved 1048576K
}
Event: 67.435 GC heap after
{Heap after GC invocations=41 (full 0):
 garbage-first heap   total 121856K, used 78531K [0x00000000c0000000, 0x0000000100000000)
  region size 1024K, 4 young (4096K), 4 survivors (4096K)
 Metaspace       used 81526K, committed 83456K, reserved 1179648K
  class space    used 10996K, committed 11968K, reserved 1048576K
}
Event: 69.084 GC heap before
{Heap before GC invocations=42 (full 0):
 garbage-first heap   total 133120K, used 111299K [0x00000000c0000000, 0x0000000100000000)
  region size 1024K, 36 young (36864K), 4 survivors (4096K)
 Metaspace       used 84021K, committed 85952K, reserved 1179648K
  class space    used 11341K, committed 12288K, reserved 1048576K
}
Event: 69.090 GC heap after
{Heap after GC invocations=43 (full 0):
 garbage-first heap   total 133120K, used 79613K [0x00000000c0000000, 0x0000000100000000)
  region size 1024K, 3 young (3072K), 3 survivors (3072K)
 Metaspace       used 84021K, committed 85952K, reserved 1179648K
  class space    used 11341K, committed 12288K, reserved 1048576K
}
Event: 72.931 GC heap before
{Heap before GC invocations=43 (full 0):
 garbage-first heap   total 133120K, used 121597K [0x00000000c0000000, 0x0000000100000000)
  region size 1024K, 45 young (46080K), 3 survivors (3072K)
 Metaspace       used 85942K, committed 87936K, reserved 1179648K
  class space    used 11629K, committed 12608K, reserved 1048576K
}
Event: 72.940 GC heap after
{Heap after GC invocations=44 (full 0):
 garbage-first heap   total 133120K, used 83252K [0x00000000c0000000, 0x0000000100000000)
  region size 1024K, 6 young (6144K), 6 survivors (6144K)
 Metaspace       used 85942K, committed 87936K, reserved 1179648K
  class space    used 11629K, committed 12608K, reserved 1048576K
}
Event: 75.758 GC heap before
{Heap before GC invocations=44 (full 0):
 garbage-first heap   total 133120K, used 120116K [0x00000000c0000000, 0x0000000100000000)
  region size 1024K, 43 young (44032K), 6 survivors (6144K)
 Metaspace       used 88888K, committed 90880K, reserved 1179648K
  class space    used 11969K, committed 12928K, reserved 1048576K
}
Event: 75.769 GC heap after
{Heap after GC invocations=45 (full 0):
 garbage-first heap   total 133120K, used 84865K [0x00000000c0000000, 0x0000000100000000)
  region size 1024K, 3 young (3072K), 3 survivors (3072K)
 Metaspace       used 88888K, committed 90880K, reserved 1179648K
  class space    used 11969K, committed 12928K, reserved 1048576K
}
Event: 77.676 GC heap before
{Heap before GC invocations=46 (full 0):
 garbage-first heap   total 143360K, used 122753K [0x00000000c0000000, 0x0000000100000000)
  region size 1024K, 40 young (40960K), 3 survivors (3072K)
 Metaspace       used 91734K, committed 93888K, reserved 1179648K
  class space    used 12406K, committed 13504K, reserved 1048576K
}
Event: 77.680 GC heap after
{Heap after GC invocations=47 (full 0):
 garbage-first heap   total 143360K, used 86207K [0x00000000c0000000, 0x0000000100000000)
  region size 1024K, 4 young (4096K), 4 survivors (4096K)
 Metaspace       used 91734K, committed 93888K, reserved 1179648K
  class space    used 12406K, committed 13504K, reserved 1048576K
}
Event: 82.259 GC heap before
{Heap before GC invocations=47 (full 0):
 garbage-first heap   total 143360K, used 131263K [0x00000000c0000000, 0x0000000100000000)
  region size 1024K, 48 young (49152K), 4 survivors (4096K)
 Metaspace       used 95487K, committed 97600K, reserved 1179648K
  class space    used 13060K, committed 14144K, reserved 1048576K
}
Event: 82.270 GC heap after
{Heap after GC invocations=48 (full 0):
 garbage-first heap   total 143360K, used 87370K [0x00000000c0000000, 0x0000000100000000)
  region size 1024K, 5 young (5120K), 5 survivors (5120K)
 Metaspace       used 95487K, committed 97600K, reserved 1179648K
  class space    used 13060K, committed 14144K, reserved 1048576K
}
Event: 84.336 GC heap before
{Heap before GC invocations=48 (full 0):
 garbage-first heap   total 143360K, used 132426K [0x00000000c0000000, 0x0000000100000000)
  region size 1024K, 49 young (50176K), 5 survivors (5120K)
 Metaspace       used 98155K, committed 100352K, reserved 1179648K
  class space    used 13394K, committed 14528K, reserved 1048576K
}
Event: 84.344 GC heap after
{Heap after GC invocations=49 (full 0):
 garbage-first heap   total 143360K, used 89272K [0x00000000c0000000, 0x0000000100000000)
  region size 1024K, 5 young (5120K), 5 survivors (5120K)
 Metaspace       used 98155K, committed 100352K, reserved 1179648K
  class space    used 13394K, committed 14528K, reserved 1048576K
}
Event: 87.332 GC heap before
{Heap before GC invocations=50 (full 0):
 garbage-first heap   total 150528K, used 134328K [0x00000000c0000000, 0x0000000100000000)
  region size 1024K, 49 young (50176K), 5 survivors (5120K)
 Metaspace       used 101206K, committed 103488K, reserved 1179648K
  class space    used 13832K, committed 14976K, reserved 1048576K
}
Event: 87.340 GC heap after
{Heap after GC invocations=51 (full 0):
 garbage-first heap   total 150528K, used 91952K [0x00000000c0000000, 0x0000000100000000)
  region size 1024K, 5 young (5120K), 5 survivors (5120K)
 Metaspace       used 101206K, committed 103488K, reserved 1179648K
  class space    used 13832K, committed 14976K, reserved 1048576K
}
Event: 90.501 GC heap before
{Heap before GC invocations=51 (full 0):
 garbage-first heap   total 150528K, used 140080K [0x00000000c0000000, 0x0000000100000000)
  region size 1024K, 52 young (53248K), 5 survivors (5120K)
 Metaspace       used 103927K, committed 106112K, reserved 1179648K
  class space    used 14249K, committed 15360K, reserved 1048576K
}

