# JRE version: OpenJDK Runtime Environment Temurin-21.0.12.1+1 (21.0.12.1+1) (build 21.0.12.1+1-LTS)
# Java VM: OpenJDK 64-Bit Server VM Temurin-21.0.12.1+1 (21.0.12.1+1-LTS, mixed mode, sharing, tiered, compressed oops, compressed class ptrs, g1 gc, windows-amd64)
GC Precious Log:
 CardTable entry size: 512
 Card Set container configuration: InlinePtr #cards 5 size 8 Array Of Cards #cards 12 size 40 Howl #buckets 4 coarsen threshold 1843 Howl Bitmap #cards 512 size 80 coarsen threshold 460 Card regions per heap region 1 cards per card region 2048
 CPUs: 8 total, 8 available
 Memory: 5965M
 Large Page Support: Disabled
 NUMA Support: Disabled
 Compressed Oops: Enabled (32-bit)
 Heap Region Size: 1M
 Heap Min Capacity: 8M
 Heap Initial Capacity: 94M
 Heap Max Capacity: 1G
 Pre-touch: Disabled
 Parallel Workers: 8
 Concurrent Workers: 2
 Concurrent Refinement Workers: 8
 Periodic GC: Disabled
Heap:
 garbage-first heap   total 86016K, used 40155K [0x00000000c0000000, 0x0000000100000000)
  region size 1024K, 7 young (7168K), 3 survivors (3072K)
 Metaspace       used 47042K, committed 48768K, reserved 1114112K
  class space    used 6862K, committed 7680K, reserved 1048576K
GC Heap History (20 events):
Event: 2.537 GC heap before
{Heap before GC invocations=1 (full 0):
 garbage-first heap   total 96256K, used 40192K [0x00000000c0000000, 0x0000000100000000)
  region size 1024K, 38 young (38912K), 3 survivors (3072K)
 Metaspace       used 4399K, committed 4544K, reserved 1114112K
  class space    used 559K, committed 640K, reserved 1048576K
}
Event: 2.548 GC heap after
{Heap after GC invocations=2 (full 0):
 garbage-first heap   total 96256K, used 10714K [0x00000000c0000000, 0x0000000100000000)
  region size 1024K, 5 young (5120K), 5 survivors (5120K)
 Metaspace       used 4399K, committed 4544K, reserved 1114112K
  class space    used 559K, committed 640K, reserved 1048576K
}
Event: 3.867 GC heap before
{Heap before GC invocations=2 (full 0):
 garbage-first heap   total 96256K, used 55770K [0x00000000c0000000, 0x0000000100000000)
  region size 1024K, 47 young (48128K), 5 survivors (5120K)
 Metaspace       used 4644K, committed 4864K, reserved 1114112K
  class space    used 593K, committed 704K, reserved 1048576K
}
Event: 3.881 GC heap after
{Heap after GC invocations=3 (full 0):
 garbage-first heap   total 96256K, used 16388K [0x00000000c0000000, 0x0000000100000000)
  region size 1024K, 5 young (5120K), 5 survivors (5120K)
 Metaspace       used 4644K, committed 4864K, reserved 1114112K
  class space    used 593K, committed 704K, reserved 1048576K
}
Event: 9.655 GC heap before
{Heap before GC invocations=3 (full 0):
 garbage-first heap   total 96256K, used 68612K [0x00000000c0000000, 0x0000000100000000)
  region size 1024K, 56 young (57344K), 5 survivors (5120K)
 Metaspace       used 14743K, committed 15232K, reserved 1114112K
  class space    used 2062K, committed 2304K, reserved 1048576K
}
Event: 9.695 GC heap after
{Heap after GC invocations=4 (full 0):
 garbage-first heap   total 96256K, used 21395K [0x00000000c0000000, 0x0000000100000000)
  region size 1024K, 5 young (5120K), 5 survivors (5120K)
 Metaspace       used 14743K, committed 15232K, reserved 1114112K
  class space    used 2062K, committed 2304K, reserved 1048576K
}
Event: 14.644 GC heap before
{Heap before GC invocations=4 (full 0):
 garbage-first heap   total 96256K, used 66451K [0x00000000c0000000, 0x0000000100000000)
  region size 1024K, 51 young (52224K), 5 survivors (5120K)
 Metaspace       used 20857K, committed 21504K, reserved 1114112K
  class space    used 3076K, committed 3392K, reserved 1048576K
}
Event: 14.652 GC heap after
{Heap after GC invocations=5 (full 0):
 garbage-first heap   total 96256K, used 24867K [0x00000000c0000000, 0x0000000100000000)
  region size 1024K, 4 young (4096K), 4 survivors (4096K)
 Metaspace       used 20857K, committed 21504K, reserved 1114112K
  class space    used 3076K, committed 3392K, reserved 1048576K
}
Event: 18.069 GC heap before
{Heap before GC invocations=6 (full 0):
 garbage-first heap   total 86016K, used 71971K [0x00000000c0000000, 0x0000000100000000)
  region size 1024K, 50 young (51200K), 4 survivors (4096K)
 Metaspace       used 26983K, committed 27968K, reserved 1114112K
  class space    used 4032K, committed 4480K, reserved 1048576K
}
Event: 18.076 GC heap after
{Heap after GC invocations=7 (full 0):
 garbage-first heap   total 86016K, used 27309K [0x00000000c0000000, 0x0000000100000000)
  region size 1024K, 6 young (6144K), 6 survivors (6144K)
 Metaspace       used 26983K, committed 27968K, reserved 1114112K
  class space    used 4032K, committed 4480K, reserved 1048576K
}
Event: 20.086 GC heap before
{Heap before GC invocations=7 (full 0):
 garbage-first heap   total 86016K, used 70317K [0x00000000c0000000, 0x0000000100000000)
  region size 1024K, 49 young (50176K), 6 survivors (6144K)
 Metaspace       used 32603K, committed 33600K, reserved 1114112K
  class space    used 4648K, committed 5120K, reserved 1048576K
}
Event: 20.099 GC heap after
{Heap after GC invocations=8 (full 0):
 garbage-first heap   total 86016K, used 30788K [0x00000000c0000000, 0x0000000100000000)
  region size 1024K, 7 young (7168K), 7 survivors (7168K)
 Metaspace       used 32603K, committed 33600K, reserved 1114112K
  class space    used 4648K, committed 5120K, reserved 1048576K
}
Event: 26.838 GC heap before
{Heap before GC invocations=8 (full 0):
 garbage-first heap   total 86016K, used 50244K [0x00000000c0000000, 0x0000000100000000)
  region size 1024K, 27 young (27648K), 7 survivors (7168K)
 Metaspace       used 34936K, committed 35968K, reserved 1114112K
  class space    used 5048K, committed 5568K, reserved 1048576K
}
Event: 26.861 GC heap after
{Heap after GC invocations=9 (full 0):
 garbage-first heap   total 86016K, used 32195K [0x00000000c0000000, 0x0000000100000000)
  region size 1024K, 2 young (2048K), 2 survivors (2048K)
 Metaspace       used 34936K, committed 35968K, reserved 1114112K
  class space    used 5048K, committed 5568K, reserved 1048576K
}
Event: 29.904 GC heap before
{Heap before GC invocations=10 (full 0):
 garbage-first heap   total 86016K, used 78275K [0x00000000c0000000, 0x0000000100000000)
  region size 1024K, 43 young (44032K), 2 survivors (2048K)
 Metaspace       used 39773K, committed 41216K, reserved 1114112K
  class space    used 5770K, committed 6464K, reserved 1048576K
}
Event: 29.910 GC heap after
{Heap after GC invocations=11 (full 0):
 garbage-first heap   total 86016K, used 34686K [0x00000000c0000000, 0x0000000100000000)
  region size 1024K, 5 young (5120K), 5 survivors (5120K)
 Metaspace       used 39773K, committed 41216K, reserved 1114112K
  class space    used 5770K, committed 6464K, reserved 1048576K
}
Event: 34.728 GC heap before
{Heap before GC invocations=11 (full 0):
 garbage-first heap   total 86016K, used 75646K [0x00000000c0000000, 0x0000000100000000)
  region size 1024K, 44 young (45056K), 5 survivors (5120K)
 Metaspace       used 43568K, committed 45056K, reserved 1114112K
  class space    used 6283K, committed 7040K, reserved 1048576K
}
Event: 34.734 GC heap after
{Heap after GC invocations=12 (full 0):
 garbage-first heap   total 86016K, used 35675K [0x00000000c0000000, 0x0000000100000000)
  region size 1024K, 5 young (5120K), 5 survivors (5120K)
 Metaspace       used 43568K, committed 45056K, reserved 1114112K
  class space    used 6283K, committed 7040K, reserved 1048576K
}
Event: 37.895 GC heap before
{Heap before GC invocations=12 (full 0):
 garbage-first heap   total 86016K, used 74587K [0x00000000c0000000, 0x0000000100000000)
  region size 1024K, 44 young (45056K), 5 survivors (5120K)
 Metaspace       used 46667K, committed 48384K, reserved 1114112K
  class space    used 6808K, committed 7616K, reserved 1048576K
}
Event: 37.901 GC heap after
{Heap after GC invocations=13 (full 0):
 garbage-first heap   total 86016K, used 37083K [0x00000000c0000000, 0x0000000100000000)
  region size 1024K, 3 young (3072K), 3 survivors (3072K)
 Metaspace       used 46667K, committed 48384K, reserved 1114112K
  class space    used 6808K, committed 7616K, reserved 1048576K
}

