# JRE version: OpenJDK Runtime Environment Temurin-21.0.12.1+1 (21.0.12.1+1) (build 21.0.12.1+1-LTS)
# Java VM: OpenJDK 64-Bit Server VM Temurin-21.0.12.1+1 (21.0.12.1+1-LTS, mixed mode, sharing, tiered, compressed oops, compressed class ptrs, g1 gc, windows-amd64)
GC Precious Log:
 CardTable entry size: 512
 Card Set container configuration: InlinePtr #cards 5 size 8 Array Of Cards #cards 12 size 40 Howl #buckets 4 coarsen threshold 1843 Howl Bitmap #cards 512 size 80 coarsen threshold 460 Card regions per heap region 1 cards per card region 2048
 CPUs: 8 total, 8 available
 Memory: 5965M
 Large Page Support: Disabled
 NUMA Support: Disabled
 Compressed Oops: Enabled (32-bit)
 Heap Region Size: 1M
 Heap Min Capacity: 8M
 Heap Initial Capacity: 94M
 Heap Max Capacity: 1G
 Pre-touch: Disabled
 Parallel Workers: 8
 Concurrent Workers: 2
 Concurrent Refinement Workers: 8
 Periodic GC: Disabled
Heap:
 garbage-first heap   total 112640K, used 69290K [0x00000000c0000000, 0x0000000100000000)
  region size 1024K, 4 young (4096K), 3 survivors (3072K)
 Metaspace       used 60763K, committed 62656K, reserved 1114112K
  class space    used 8554K, committed 9472K, reserved 1048576K
GC Heap History (20 events):
Event: 48.825 GC heap before
{Heap before GC invocations=13 (full 0):
 garbage-first heap   total 86016K, used 75408K [0x00000000c0000000, 0x0000000100000000)
  region size 1024K, 41 young (41984K), 3 survivors (3072K)
 Metaspace       used 49717K, committed 51456K, reserved 1114112K
  class space    used 7220K, committed 8128K, reserved 1048576K
}
Event: 48.833 GC heap after
{Heap after GC invocations=14 (full 0):
 garbage-first heap   total 86016K, used 41940K [0x00000000c0000000, 0x0000000100000000)
  region size 1024K, 6 young (6144K), 6 survivors (6144K)
 Metaspace       used 49717K, committed 51456K, reserved 1114112K
  class space    used 7220K, committed 8128K, reserved 1048576K
}
Event: 51.018 GC heap before
{Heap before GC invocations=14 (full 0):
 garbage-first heap   total 86016K, used 75732K [0x00000000c0000000, 0x0000000100000000)
  region size 1024K, 40 young (40960K), 6 survivors (6144K)
 Metaspace       used 50720K, committed 52480K, reserved 1114112K
  class space    used 7339K, committed 8192K, reserved 1048576K
}
Event: 51.030 GC heap after
{Heap after GC invocations=15 (full 0):
 garbage-first heap   total 88064K, used 46350K [0x00000000c0000000, 0x0000000100000000)
  region size 1024K, 5 young (5120K), 5 survivors (5120K)
 Metaspace       used 50720K, committed 52480K, reserved 1114112K
  class space    used 7339K, committed 8192K, reserved 1048576K
}
Event: 52.382 GC heap before
{Heap before GC invocations=15 (full 0):
 garbage-first heap   total 88064K, used 76046K [0x00000000c0000000, 0x0000000100000000)
  region size 1024K, 35 young (35840K), 5 survivors (5120K)
 Metaspace       used 51103K, committed 52864K, reserved 1114112K
  class space    used 7365K, committed 8256K, reserved 1048576K
}
Event: 52.387 GC heap after
{Heap after GC invocations=16 (full 0):
 garbage-first heap   total 88064K, used 47324K [0x00000000c0000000, 0x0000000100000000)
  region size 1024K, 4 young (4096K), 4 survivors (4096K)
 Metaspace       used 51103K, committed 52864K, reserved 1114112K
  class space    used 7365K, committed 8256K, reserved 1048576K
}
Event: 53.037 GC heap before
{Heap before GC invocations=17 (full 0):
 garbage-first heap   total 88064K, used 75996K [0x00000000c0000000, 0x0000000100000000)
  region size 1024K, 33 young (33792K), 4 survivors (4096K)
 Metaspace       used 51129K, committed 52928K, reserved 1114112K
  class space    used 7365K, committed 8256K, reserved 1048576K
}
Event: 53.041 GC heap after
{Heap after GC invocations=18 (full 0):
 garbage-first heap   total 88064K, used 48529K [0x00000000c0000000, 0x0000000100000000)
  region size 1024K, 3 young (3072K), 3 survivors (3072K)
 Metaspace       used 51129K, committed 52928K, reserved 1114112K
  class space    used 7365K, committed 8256K, reserved 1048576K
}
Event: 53.462 GC heap before
{Heap before GC invocations=18 (full 0):
 garbage-first heap   total 88064K, used 77201K [0x00000000c0000000, 0x0000000100000000)
  region size 1024K, 32 young (32768K), 3 survivors (3072K)
 Metaspace       used 51135K, committed 52928K, reserved 1114112K
  class space    used 7365K, committed 8256K, reserved 1048576K
}
Event: 53.466 GC heap after
{Heap after GC invocations=19 (full 0):
 garbage-first heap   total 88064K, used 49037K [0x00000000c0000000, 0x0000000100000000)
  region size 1024K, 3 young (3072K), 3 survivors (3072K)
 Metaspace       used 51135K, committed 52928K, reserved 1114112K
  class space    used 7365K, committed 8256K, reserved 1048576K
}
Event: 56.547 GC heap before
{Heap before GC invocations=19 (full 0):
 garbage-first heap   total 88064K, used 78733K [0x00000000c0000000, 0x0000000100000000)
  region size 1024K, 33 young (33792K), 3 survivors (3072K)
 Metaspace       used 53633K, committed 55360K, reserved 1114112K
  class space    used 7705K, committed 8576K, reserved 1048576K
}
Event: 56.550 GC heap after
{Heap after GC invocations=20 (full 0):
 garbage-first heap   total 88064K, used 48311K [0x00000000c0000000, 0x0000000100000000)
  region size 1024K, 2 young (2048K), 2 survivors (2048K)
 Metaspace       used 53633K, committed 55360K, reserved 1114112K
  class space    used 7705K, committed 8576K, reserved 1048576K
}
Event: 62.372 GC heap before
{Heap before GC invocations=21 (full 0):
 garbage-first heap   total 88064K, used 85175K [0x00000000c0000000, 0x0000000100000000)
  region size 1024K, 32 young (32768K), 2 survivors (2048K)
 Metaspace       used 55562K, committed 57344K, reserved 1114112K
  class space    used 7956K, committed 8832K, reserved 1048576K
}
Event: 62.377 GC heap after
{Heap after GC invocations=22 (full 0):
 garbage-first heap   total 94208K, used 60339K [0x00000000c0000000, 0x0000000100000000)
  region size 1024K, 4 young (4096K), 4 survivors (4096K)
 Metaspace       used 55562K, committed 57344K, reserved 1114112K
  class space    used 7956K, committed 8832K, reserved 1048576K
}
Event: 68.467 GC heap before
{Heap before GC invocations=22 (full 0):
 garbage-first heap   total 94208K, used 84915K [0x00000000c0000000, 0x0000000100000000)
  region size 1024K, 27 young (27648K), 4 survivors (4096K)
 Metaspace       used 55857K, committed 57664K, reserved 1114112K
  class space    used 7993K, committed 8896K, reserved 1048576K
}
Event: 68.474 GC heap after
{Heap after GC invocations=23 (full 0):
 garbage-first heap   total 95232K, used 65087K [0x00000000c0000000, 0x0000000100000000)
  region size 1024K, 4 young (4096K), 4 survivors (4096K)
 Metaspace       used 55857K, committed 57664K, reserved 1114112K
  class space    used 7993K, committed 8896K, reserved 1048576K
}
Event: 68.515 GC heap before
{Heap before GC invocations=23 (full 0):
 garbage-first heap   total 95232K, used 65087K [0x00000000c0000000, 0x0000000100000000)
  region size 1024K, 5 young (5120K), 4 survivors (4096K)
 Metaspace       used 55873K, committed 57664K, reserved 1114112K
  class space    used 7996K, committed 8896K, reserved 1048576K
}
Event: 68.520 GC heap after
{Heap after GC invocations=24 (full 0):
 garbage-first heap   total 95232K, used 66013K [0x00000000c0000000, 0x0000000100000000)
  region size 1024K, 1 young (1024K), 1 survivors (1024K)
 Metaspace       used 55873K, committed 57664K, reserved 1114112K
  class space    used 7996K, committed 8896K, reserved 1048576K
}
Event: 69.736 GC heap before
{Heap before GC invocations=25 (full 0):
 garbage-first heap   total 112640K, used 87517K [0x00000000c0000000, 0x0000000100000000)
  region size 1024K, 21 young (21504K), 1 survivors (1024K)
 Metaspace       used 57386K, committed 59200K, reserved 1114112K
  class space    used 8167K, committed 9088K, reserved 1048576K
}
Event: 69.740 GC heap after
{Heap after GC invocations=26 (full 0):
 garbage-first heap   total 112640K, used 69209K [0x00000000c0000000, 0x0000000100000000)
  region size 1024K, 2 young (2048K), 2 survivors (2048K)
 Metaspace       used 57386K, committed 59200K, reserved 1114112K
  class space    used 8167K, committed 9088K, reserved 1048576K
}

