# JRE version: OpenJDK Runtime Environment Temurin-21.0.12.1+1 (21.0.12.1+1) (build 21.0.12.1+1-LTS)
# Java VM: OpenJDK 64-Bit Server VM Temurin-21.0.12.1+1 (21.0.12.1+1-LTS, mixed mode, sharing, tiered, compressed oops, compressed class ptrs, g1 gc, windows-amd64)
GC Precious Log:
 CardTable entry size: 512
 Card Set container configuration: InlinePtr #cards 5 size 8 Array Of Cards #cards 12 size 40 Howl #buckets 4 coarsen threshold 1843 Howl Bitmap #cards 512 size 80 coarsen threshold 460 Card regions per heap region 1 cards per card region 2048
 CPUs: 8 total, 8 available
 Memory: 5965M
 Large Page Support: Disabled
 NUMA Support: Disabled
 Compressed Oops: Enabled (32-bit)
 Heap Region Size: 1M
 Heap Min Capacity: 8M
 Heap Initial Capacity: 94M
 Heap Max Capacity: 1G
 Pre-touch: Disabled
 Parallel Workers: 8
 Concurrent Workers: 2
 Concurrent Refinement Workers: 8
 Periodic GC: Disabled
Heap:
 garbage-first heap   total 156672K, used 126803K [0x00000000c0000000, 0x0000000100000000)
  region size 1024K, 27 young (27648K), 3 survivors (3072K)
 Metaspace       used 98801K, committed 101120K, reserved 1179648K
  class space    used 13921K, committed 15104K, reserved 1048576K
GC Heap History (20 events):
Event: 232.452 GC heap before
{Heap before GC invocations=33 (full 0):
 garbage-first heap   total 138240K, used 121394K [0x00000000c0000000, 0x0000000100000000)
  region size 1024K, 45 young (46080K), 3 survivors (3072K)
 Metaspace       used 73361K, committed 75392K, reserved 1114112K
  class space    used 10257K, committed 11264K, reserved 1048576K
}
Event: 232.763 GC heap after
{Heap after GC invocations=34 (full 0):
 garbage-first heap   total 138240K, used 80020K [0x00000000c0000000, 0x0000000100000000)
  region size 1024K, 5 young (5120K), 5 survivors (5120K)
 Metaspace       used 73361K, committed 75392K, reserved 1114112K
  class space    used 10257K, committed 11264K, reserved 1048576K
}
Event: 266.452 GC heap before
{Heap before GC invocations=35 (full 0):
 garbage-first heap   total 138240K, used 123028K [0x00000000c0000000, 0x0000000100000000)
  region size 1024K, 47 young (48128K), 5 survivors (5120K)
 Metaspace       used 76321K, committed 78464K, reserved 1179648K
  class space    used 10695K, committed 11776K, reserved 1048576K
}
Event: 266.516 GC heap after
{Heap after GC invocations=36 (full 0):
 garbage-first heap   total 138240K, used 81708K [0x00000000c0000000, 0x0000000100000000)
  region size 1024K, 4 young (4096K), 4 survivors (4096K)
 Metaspace       used 76321K, committed 78464K, reserved 1179648K
  class space    used 10695K, committed 11776K, reserved 1048576K
}
Event: 294.458 GC heap before
{Heap before GC invocations=36 (full 0):
 garbage-first heap   total 138240K, used 123692K [0x00000000c0000000, 0x0000000100000000)
  region size 1024K, 46 young (47104K), 4 survivors (4096K)
 Metaspace       used 78048K, committed 80128K, reserved 1179648K
  class space    used 10878K, committed 11904K, reserved 1048576K
}
Event: 294.722 GC heap after
{Heap after GC invocations=37 (full 0):
 garbage-first heap   total 138240K, used 83352K [0x00000000c0000000, 0x0000000100000000)
  region size 1024K, 5 young (5120K), 5 survivors (5120K)
 Metaspace       used 78048K, committed 80128K, reserved 1179648K
  class space    used 10878K, committed 11904K, reserved 1048576K
}
Event: 319.475 GC heap before
{Heap before GC invocations=37 (full 0):
 garbage-first heap   total 138240K, used 123288K [0x00000000c0000000, 0x0000000100000000)
  region size 1024K, 45 young (46080K), 5 survivors (5120K)
 Metaspace       used 81322K, committed 83520K, reserved 1179648K
  class space    used 11331K, committed 12416K, reserved 1048576K
}
Event: 319.530 GC heap after
{Heap after GC invocations=38 (full 0):
 garbage-first heap   total 138240K, used 85698K [0x00000000c0000000, 0x0000000100000000)
  region size 1024K, 5 young (5120K), 5 survivors (5120K)
 Metaspace       used 81322K, committed 83520K, reserved 1179648K
  class space    used 11331K, committed 12416K, reserved 1048576K
}
Event: 341.792 GC heap before
{Heap before GC invocations=39 (full 0):
 garbage-first heap   total 145408K, used 128706K [0x00000000c0000000, 0x0000000100000000)
  region size 1024K, 46 young (47104K), 5 survivors (5120K)
 Metaspace       used 84803K, committed 86976K, reserved 1179648K
  class space    used 11946K, committed 13056K, reserved 1048576K
}
Event: 341.942 GC heap after
{Heap after GC invocations=40 (full 0):
 garbage-first heap   total 145408K, used 87217K [0x00000000c0000000, 0x0000000100000000)
  region size 1024K, 4 young (4096K), 4 survivors (4096K)
 Metaspace       used 84803K, committed 86976K, reserved 1179648K
  class space    used 11946K, committed 13056K, reserved 1048576K
}
Event: 372.970 GC heap before
{Heap before GC invocations=40 (full 0):
 garbage-first heap   total 145408K, used 134321K [0x00000000c0000000, 0x0000000100000000)
  region size 1024K, 50 young (51200K), 4 survivors (4096K)
 Metaspace       used 87714K, committed 89920K, reserved 1179648K
  class space    used 12332K, committed 13440K, reserved 1048576K
}
Event: 373.049 GC heap after
{Heap after GC invocations=41 (full 0):
 garbage-first heap   total 145408K, used 88024K [0x00000000c0000000, 0x0000000100000000)
  region size 1024K, 6 young (6144K), 6 survivors (6144K)
 Metaspace       used 87714K, committed 89920K, reserved 1179648K
  class space    used 12332K, committed 13440K, reserved 1048576K
}
Event: 396.243 GC heap before
{Heap before GC invocations=41 (full 0):
 garbage-first heap   total 145408K, used 135128K [0x00000000c0000000, 0x0000000100000000)
  region size 1024K, 52 young (53248K), 6 survivors (6144K)
 Metaspace       used 90751K, committed 92992K, reserved 1179648K
  class space    used 12760K, committed 13888K, reserved 1048576K
}
Event: 396.325 GC heap after
{Heap after GC invocations=42 (full 0):
 garbage-first heap   total 145408K, used 91273K [0x00000000c0000000, 0x0000000100000000)
  region size 1024K, 7 young (7168K), 7 survivors (7168K)
 Metaspace       used 90751K, committed 92992K, reserved 1179648K
  class space    used 12760K, committed 13888K, reserved 1048576K
}
Event: 444.047 GC heap before
{Heap before GC invocations=43 (full 0):
 garbage-first heap   total 153600K, used 135305K [0x00000000c0000000, 0x0000000100000000)
  region size 1024K, 50 young (51200K), 7 survivors (7168K)
 Metaspace       used 93637K, committed 95936K, reserved 1179648K
  class space    used 13197K, committed 14336K, reserved 1048576K
}
Event: 444.224 GC heap after
{Heap after GC invocations=44 (full 0):
 garbage-first heap   total 153600K, used 95313K [0x00000000c0000000, 0x0000000100000000)
  region size 1024K, 7 young (7168K), 7 survivors (7168K)
 Metaspace       used 93637K, committed 95936K, reserved 1179648K
  class space    used 13197K, committed 14336K, reserved 1048576K
}
Event: 477.450 GC heap before
{Heap before GC invocations=44 (full 0):
 garbage-first heap   total 153600K, used 143441K [0x00000000c0000000, 0x0000000100000000)
  region size 1024K, 53 young (54272K), 7 survivors (7168K)
 Metaspace       used 95892K, committed 98240K, reserved 1179648K
  class space    used 13555K, committed 14720K, reserved 1048576K
}
Event: 477.797 GC heap after
{Heap after GC invocations=45 (full 0):
 garbage-first heap   total 156672K, used 100591K [0x00000000c0000000, 0x0000000100000000)
  region size 1024K, 5 young (5120K), 5 survivors (5120K)
 Metaspace       used 95892K, committed 98240K, reserved 1179648K
  class space    used 13555K, committed 14720K, reserved 1048576K
}
Event: 493.660 GC heap before
{Heap before GC invocations=45 (full 0):
 garbage-first heap   total 156672K, used 136431K [0x00000000c0000000, 0x0000000100000000)
  region size 1024K, 40 young (40960K), 5 survivors (5120K)
 Metaspace       used 97624K, committed 99904K, reserved 1179648K
  class space    used 13776K, committed 14912K, reserved 1048576K
}
Event: 493.939 GC heap after
{Heap after GC invocations=46 (full 0):
 garbage-first heap   total 156672K, used 103251K [0x00000000c0000000, 0x0000000100000000)
  region size 1024K, 3 young (3072K), 3 survivors (3072K)
 Metaspace       used 97624K, committed 99904K, reserved 1179648K
  class space    used 13776K, committed 14912K, reserved 1048576K
}

