# JRE version: OpenJDK Runtime Environment Temurin-21.0.12.1+1 (21.0.12.1+1) (build 21.0.12.1+1-LTS)
# Java VM: OpenJDK 64-Bit Server VM Temurin-21.0.12.1+1 (21.0.12.1+1-LTS, mixed mode, sharing, tiered, compressed oops, compressed class ptrs, g1 gc, windows-amd64)
GC Precious Log:
 CardTable entry size: 512
 Card Set container configuration: InlinePtr #cards 5 size 8 Array Of Cards #cards 12 size 40 Howl #buckets 4 coarsen threshold 1843 Howl Bitmap #cards 512 size 80 coarsen threshold 460 Card regions per heap region 1 cards per card region 2048
 CPUs: 8 total, 8 available
 Memory: 5965M
 Large Page Support: Disabled
 NUMA Support: Disabled
 Compressed Oops: Enabled (32-bit)
 Heap Region Size: 1M
 Heap Min Capacity: 8M
 Heap Initial Capacity: 94M
 Heap Max Capacity: 1G
 Pre-touch: Disabled
 Parallel Workers: 8
 Concurrent Workers: 2
 Concurrent Refinement Workers: 8
 Periodic GC: Disabled
Heap:
 garbage-first heap   total 86016K, used 60179K [0x00000000c0000000, 0x0000000100000000)
  region size 1024K, 29 young (29696K), 5 survivors (5120K)
 Metaspace       used 44804K, committed 46464K, reserved 1114112K
  class space    used 6504K, committed 7296K, reserved 1048576K
GC Heap History (20 events):
Event: 2.441 GC heap before
{Heap before GC invocations=0 (full 0):
 garbage-first heap   total 96256K, used 22528K [0x00000000c0000000, 0x0000000100000000)
  region size 1024K, 23 young (23552K), 0 survivors (0K)
 Metaspace       used 934K, committed 1088K, reserved 1114112K
  class space    used 73K, committed 128K, reserved 1048576K
}
Event: 2.472 GC heap after
{Heap after GC invocations=1 (full 0):
 garbage-first heap   total 96256K, used 1536K [0x00000000c0000000, 0x0000000100000000)
  region size 1024K, 2 young (2048K), 2 survivors (2048K)
 Metaspace       used 934K, committed 1088K, reserved 1114112K
  class space    used 73K, committed 128K, reserved 1048576K
}
Event: 4.293 GC heap before
{Heap before GC invocations=1 (full 0):
 garbage-first heap   total 96256K, used 39424K [0x00000000c0000000, 0x0000000100000000)
  region size 1024K, 37 young (37888K), 2 survivors (2048K)
 Metaspace       used 4385K, committed 4544K, reserved 1114112K
  class space    used 559K, committed 640K, reserved 1048576K
}
Event: 4.305 GC heap after
{Heap after GC invocations=2 (full 0):
 garbage-first heap   total 96256K, used 10997K [0x00000000c0000000, 0x0000000100000000)
  region size 1024K, 5 young (5120K), 5 survivors (5120K)
 Metaspace       used 4385K, committed 4544K, reserved 1114112K
  class space    used 559K, committed 640K, reserved 1048576K
}
Event: 5.380 GC heap before
{Heap before GC invocations=2 (full 0):
 garbage-first heap   total 96256K, used 56053K [0x00000000c0000000, 0x0000000100000000)
  region size 1024K, 47 young (48128K), 5 survivors (5120K)
 Metaspace       used 4597K, committed 4800K, reserved 1114112K
  class space    used 584K, committed 704K, reserved 1048576K
}
Event: 5.389 GC heap after
{Heap after GC invocations=3 (full 0):
 garbage-first heap   total 96256K, used 16167K [0x00000000c0000000, 0x0000000100000000)
  region size 1024K, 4 young (4096K), 4 survivors (4096K)
 Metaspace       used 4597K, committed 4800K, reserved 1114112K
  class space    used 584K, committed 704K, reserved 1048576K
}
Event: 8.256 GC heap before
{Heap before GC invocations=3 (full 0):
 garbage-first heap   total 96256K, used 69415K [0x00000000c0000000, 0x0000000100000000)
  region size 1024K, 56 young (57344K), 4 survivors (4096K)
 Metaspace       used 14846K, committed 15360K, reserved 1114112K
  class space    used 2078K, committed 2304K, reserved 1048576K
}
Event: 8.263 GC heap after
{Heap after GC invocations=4 (full 0):
 garbage-first heap   total 96256K, used 21615K [0x00000000c0000000, 0x0000000100000000)
  region size 1024K, 6 young (6144K), 6 survivors (6144K)
 Metaspace       used 14846K, committed 15360K, reserved 1114112K
  class space    used 2078K, committed 2304K, reserved 1048576K
}
Event: 10.007 GC heap before
{Heap before GC invocations=4 (full 0):
 garbage-first heap   total 96256K, used 66671K [0x00000000c0000000, 0x0000000100000000)
  region size 1024K, 51 young (52224K), 6 survivors (6144K)
 Metaspace       used 20821K, committed 21504K, reserved 1114112K
  class space    used 3078K, committed 3392K, reserved 1048576K
}
Event: 10.014 GC heap after
{Heap after GC invocations=5 (full 0):
 garbage-first heap   total 96256K, used 24570K [0x00000000c0000000, 0x0000000100000000)
  region size 1024K, 4 young (4096K), 4 survivors (4096K)
 Metaspace       used 20821K, committed 21504K, reserved 1114112K
  class space    used 3078K, committed 3392K, reserved 1048576K
}
Event: 12.476 GC heap before
{Heap before GC invocations=6 (full 0):
 garbage-first heap   total 86016K, used 71674K [0x00000000c0000000, 0x0000000100000000)
  region size 1024K, 50 young (51200K), 4 survivors (4096K)
 Metaspace       used 27464K, committed 28480K, reserved 1114112K
  class space    used 4102K, committed 4608K, reserved 1048576K
}
Event: 12.484 GC heap after
{Heap after GC invocations=7 (full 0):
 garbage-first heap   total 86016K, used 27139K [0x00000000c0000000, 0x0000000100000000)
  region size 1024K, 6 young (6144K), 6 survivors (6144K)
 Metaspace       used 27464K, committed 28480K, reserved 1114112K
  class space    used 4102K, committed 4608K, reserved 1048576K
}
Event: 14.004 GC heap before
{Heap before GC invocations=7 (full 0):
 garbage-first heap   total 86016K, used 69123K [0x00000000c0000000, 0x0000000100000000)
  region size 1024K, 48 young (49152K), 6 survivors (6144K)
 Metaspace       used 32845K, committed 33856K, reserved 1114112K
  class space    used 4696K, committed 5184K, reserved 1048576K
}
Event: 14.012 GC heap after
{Heap after GC invocations=8 (full 0):
 garbage-first heap   total 86016K, used 31078K [0x00000000c0000000, 0x0000000100000000)
  region size 1024K, 6 young (6144K), 6 survivors (6144K)
 Metaspace       used 32845K, committed 33856K, reserved 1114112K
  class space    used 4696K, committed 5184K, reserved 1048576K
}
Event: 14.896 GC heap before
{Heap before GC invocations=8 (full 0):
 garbage-first heap   total 86016K, used 48486K [0x00000000c0000000, 0x0000000100000000)
  region size 1024K, 24 young (24576K), 6 survivors (6144K)
 Metaspace       used 34893K, committed 35968K, reserved 1114112K
  class space    used 5048K, committed 5568K, reserved 1048576K
}
Event: 14.903 GC heap after
{Heap after GC invocations=9 (full 0):
 garbage-first heap   total 86016K, used 33251K [0x00000000c0000000, 0x0000000100000000)
  region size 1024K, 2 young (2048K), 2 survivors (2048K)
 Metaspace       used 34893K, committed 35968K, reserved 1114112K
  class space    used 5048K, committed 5568K, reserved 1048576K
}
Event: 17.360 GC heap before
{Heap before GC invocations=10 (full 0):
 garbage-first heap   total 86016K, used 79331K [0x00000000c0000000, 0x0000000100000000)
  region size 1024K, 42 young (43008K), 2 survivors (2048K)
 Metaspace       used 39674K, committed 41088K, reserved 1114112K
  class space    used 5766K, committed 6464K, reserved 1048576K
}
Event: 17.367 GC heap after
{Heap after GC invocations=11 (full 0):
 garbage-first heap   total 86016K, used 35606K [0x00000000c0000000, 0x0000000100000000)
  region size 1024K, 5 young (5120K), 5 survivors (5120K)
 Metaspace       used 39674K, committed 41088K, reserved 1114112K
  class space    used 5766K, committed 6464K, reserved 1048576K
}
Event: 19.355 GC heap before
{Heap before GC invocations=11 (full 0):
 garbage-first heap   total 86016K, used 76566K [0x00000000c0000000, 0x0000000100000000)
  region size 1024K, 43 young (44032K), 5 survivors (5120K)
 Metaspace       used 43576K, committed 45120K, reserved 1114112K
  class space    used 6295K, committed 7040K, reserved 1048576K
}
Event: 19.362 GC heap after
{Heap after GC invocations=12 (full 0):
 garbage-first heap   total 86016K, used 36627K [0x00000000c0000000, 0x0000000100000000)
  region size 1024K, 5 young (5120K), 5 survivors (5120K)
 Metaspace       used 43576K, committed 45120K, reserved 1114112K
  class space    used 6295K, committed 7040K, reserved 1048576K
}

