# JRE version: OpenJDK Runtime Environment Temurin-21.0.12.1+1 (21.0.12.1+1) (build 21.0.12.1+1-LTS)
# Java VM: OpenJDK 64-Bit Server VM Temurin-21.0.12.1+1 (21.0.12.1+1-LTS, mixed mode, sharing, tiered, compressed oops, compressed class ptrs, g1 gc, windows-amd64)
GC Precious Log:
 CardTable entry size: 512
 Card Set container configuration: InlinePtr #cards 5 size 8 Array Of Cards #cards 12 size 40 Howl #buckets 4 coarsen threshold 1843 Howl Bitmap #cards 512 size 80 coarsen threshold 460 Card regions per heap region 1 cards per card region 2048
 CPUs: 8 total, 8 available
 Memory: 5965M
 Large Page Support: Disabled
 NUMA Support: Disabled
 Compressed Oops: Enabled (32-bit)
 Heap Region Size: 1M
 Heap Min Capacity: 8M
 Heap Initial Capacity: 94M
 Heap Max Capacity: 1G
 Pre-touch: Disabled
 Parallel Workers: 8
 Concurrent Workers: 2
 Concurrent Refinement Workers: 8
 Periodic GC: Disabled
Heap:
 garbage-first heap   total 148480K, used 91669K [0x00000000c0000000, 0x0000000100000000)
  region size 1024K, 7 young (7168K), 5 survivors (5120K)
 Metaspace       used 92359K, committed 94656K, reserved 1179648K
  class space    used 13041K, committed 14208K, reserved 1048576K
GC Heap History (20 events):
Event: 56.659 GC heap before
{Heap before GC invocations=29 (full 0):
 garbage-first heap   total 126976K, used 108261K [0x00000000c0000000, 0x0000000100000000)
  region size 1024K, 37 young (37888K), 5 survivors (5120K)
 Metaspace       used 66099K, committed 68096K, reserved 1114112K
  class space    used 9321K, committed 10304K, reserved 1048576K
}
Event: 56.666 GC heap after
{Heap after GC invocations=30 (full 0):
 garbage-first heap   total 126976K, used 73420K [0x00000000c0000000, 0x0000000100000000)
  region size 1024K, 5 young (5120K), 5 survivors (5120K)
 Metaspace       used 66099K, committed 68096K, reserved 1114112K
  class space    used 9321K, committed 10304K, reserved 1048576K
}
Event: 58.378 GC heap before
{Heap before GC invocations=30 (full 0):
 garbage-first heap   total 126976K, used 111308K [0x00000000c0000000, 0x0000000100000000)
  region size 1024K, 42 young (43008K), 5 survivors (5120K)
 Metaspace       used 69029K, committed 71040K, reserved 1114112K
  class space    used 9705K, committed 10752K, reserved 1048576K
}
Event: 58.387 GC heap after
{Heap after GC invocations=31 (full 0):
 garbage-first heap   total 126976K, used 75242K [0x00000000c0000000, 0x0000000100000000)
  region size 1024K, 3 young (3072K), 3 survivors (3072K)
 Metaspace       used 69029K, committed 71040K, reserved 1114112K
  class space    used 9705K, committed 10752K, reserved 1048576K
}
Event: 60.579 GC heap before
{Heap before GC invocations=31 (full 0):
 garbage-first heap   total 126976K, used 113130K [0x00000000c0000000, 0x0000000100000000)
  region size 1024K, 40 young (40960K), 3 survivors (3072K)
 Metaspace       used 73299K, committed 75328K, reserved 1114112K
  class space    used 10290K, committed 11264K, reserved 1048576K
}
Event: 60.584 GC heap after
{Heap after GC invocations=32 (full 0):
 garbage-first heap   total 126976K, used 76611K [0x00000000c0000000, 0x0000000100000000)
  region size 1024K, 4 young (4096K), 4 survivors (4096K)
 Metaspace       used 73299K, committed 75328K, reserved 1114112K
  class space    used 10290K, committed 11264K, reserved 1048576K
}
Event: 63.681 GC heap before
{Heap before GC invocations=33 (full 0):
 garbage-first heap   total 130048K, used 114499K [0x00000000c0000000, 0x0000000100000000)
  region size 1024K, 41 young (41984K), 4 survivors (4096K)
 Metaspace       used 75998K, committed 78080K, reserved 1179648K
  class space    used 10694K, committed 11712K, reserved 1048576K
}
Event: 63.688 GC heap after
{Heap after GC invocations=34 (full 0):
 garbage-first heap   total 130048K, used 78264K [0x00000000c0000000, 0x0000000100000000)
  region size 1024K, 4 young (4096K), 4 survivors (4096K)
 Metaspace       used 75998K, committed 78080K, reserved 1179648K
  class space    used 10694K, committed 11712K, reserved 1048576K
}
Event: 70.269 GC heap before
{Heap before GC invocations=34 (full 0):
 garbage-first heap   total 130048K, used 117176K [0x00000000c0000000, 0x0000000100000000)
  region size 1024K, 43 young (44032K), 4 survivors (4096K)
 Metaspace       used 77146K, committed 79296K, reserved 1179648K
  class space    used 10827K, committed 11904K, reserved 1048576K
}
Event: 70.281 GC heap after
{Heap after GC invocations=35 (full 0):
 garbage-first heap   total 130048K, used 80470K [0x00000000c0000000, 0x0000000100000000)
  region size 1024K, 6 young (6144K), 6 survivors (6144K)
 Metaspace       used 77146K, committed 79296K, reserved 1179648K
  class space    used 10827K, committed 11904K, reserved 1048576K
}
Event: 73.500 GC heap before
{Heap before GC invocations=35 (full 0):
 garbage-first heap   total 130048K, used 119382K [0x00000000c0000000, 0x0000000100000000)
  region size 1024K, 44 young (45056K), 6 survivors (6144K)
 Metaspace       used 80761K, committed 82880K, reserved 1179648K
  class space    used 11293K, committed 12352K, reserved 1048576K
}
Event: 73.519 GC heap after
{Heap after GC invocations=36 (full 0):
 garbage-first heap   total 130048K, used 82624K [0x00000000c0000000, 0x0000000100000000)
  region size 1024K, 5 young (5120K), 5 survivors (5120K)
 Metaspace       used 80761K, committed 82880K, reserved 1179648K
  class space    used 11293K, committed 12352K, reserved 1048576K
}
Event: 75.991 GC heap before
{Heap before GC invocations=37 (full 0):
 garbage-first heap   total 138240K, used 120512K [0x00000000c0000000, 0x0000000100000000)
  region size 1024K, 42 young (43008K), 5 survivors (5120K)
 Metaspace       used 83984K, committed 86144K, reserved 1179648K
  class space    used 11837K, committed 12928K, reserved 1048576K
}
Event: 75.997 GC heap after
{Heap after GC invocations=38 (full 0):
 garbage-first heap   total 138240K, used 83515K [0x00000000c0000000, 0x0000000100000000)
  region size 1024K, 4 young (4096K), 4 survivors (4096K)
 Metaspace       used 83984K, committed 86144K, reserved 1179648K
  class space    used 11837K, committed 12928K, reserved 1048576K
}
Event: 78.652 GC heap before
{Heap before GC invocations=38 (full 0):
 garbage-first heap   total 138240K, used 126523K [0x00000000c0000000, 0x0000000100000000)
  region size 1024K, 46 young (47104K), 4 survivors (4096K)
 Metaspace       used 87329K, committed 89536K, reserved 1179648K
  class space    used 12326K, committed 13440K, reserved 1048576K
}
Event: 78.662 GC heap after
{Heap after GC invocations=39 (full 0):
 garbage-first heap   total 138240K, used 85888K [0x00000000c0000000, 0x0000000100000000)
  region size 1024K, 6 young (6144K), 6 survivors (6144K)
 Metaspace       used 87329K, committed 89536K, reserved 1179648K
  class space    used 12326K, committed 13440K, reserved 1048576K
}
Event: 80.851 GC heap before
{Heap before GC invocations=39 (full 0):
 garbage-first heap   total 138240K, used 127872K [0x00000000c0000000, 0x0000000100000000)
  region size 1024K, 47 young (48128K), 6 survivors (6144K)
 Metaspace       used 89616K, committed 91904K, reserved 1179648K
  class space    used 12632K, committed 13760K, reserved 1048576K
}
Event: 80.861 GC heap after
{Heap after GC invocations=40 (full 0):
 garbage-first heap   total 138240K, used 87999K [0x00000000c0000000, 0x0000000100000000)
  region size 1024K, 5 young (5120K), 5 survivors (5120K)
 Metaspace       used 89616K, committed 91904K, reserved 1179648K
  class space    used 12632K, committed 13760K, reserved 1048576K
}
Event: 87.262 GC heap before
{Heap before GC invocations=41 (full 0):
 garbage-first heap   total 148480K, used 128959K [0x00000000c0000000, 0x0000000100000000)
  region size 1024K, 45 young (46080K), 5 survivors (5120K)
 Metaspace       used 92305K, committed 94656K, reserved 1179648K
  class space    used 13035K, committed 14208K, reserved 1048576K
}
Event: 87.274 GC heap after
{Heap after GC invocations=42 (full 0):
 garbage-first heap   total 148480K, used 90645K [0x00000000c0000000, 0x0000000100000000)
  region size 1024K, 5 young (5120K), 5 survivors (5120K)
 Metaspace       used 92305K, committed 94656K, reserved 1179648K
  class space    used 13035K, committed 14208K, reserved 1048576K
}

