# JRE version: OpenJDK Runtime Environment Temurin-21.0.12.1+1 (21.0.12.1+1) (build 21.0.12.1+1-LTS)
# Java VM: OpenJDK 64-Bit Server VM Temurin-21.0.12.1+1 (21.0.12.1+1-LTS, mixed mode, sharing, tiered, compressed oops, compressed class ptrs, g1 gc, windows-amd64)
GC Precious Log:
 CardTable entry size: 512
 Card Set container configuration: InlinePtr #cards 5 size 8 Array Of Cards #cards 12 size 40 Howl #buckets 4 coarsen threshold 1843 Howl Bitmap #cards 512 size 80 coarsen threshold 460 Card regions per heap region 1 cards per card region 2048
 CPUs: 8 total, 8 available
 Memory: 5965M
 Large Page Support: Disabled
 NUMA Support: Disabled
 Compressed Oops: Enabled (32-bit)
 Heap Region Size: 1M
 Heap Min Capacity: 8M
 Heap Initial Capacity: 94M
 Heap Max Capacity: 1G
 Pre-touch: Disabled
 Parallel Workers: 8
 Concurrent Workers: 2
 Concurrent Refinement Workers: 8
 Periodic GC: Disabled
Heap:
 garbage-first heap   total 183296K, used 113100K [0x00000000c0000000, 0x0000000100000000)
  region size 1024K, 6 young (6144K), 4 survivors (4096K)
 Metaspace       used 103691K, committed 106112K, reserved 1179648K
  class space    used 14650K, committed 15872K, reserved 1048576K
GC Heap History (20 events):
Event: 66.551 GC heap before
{Heap before GC invocations=28 (full 0):
 garbage-first heap   total 132096K, used 120559K [0x00000000c0000000, 0x0000000100000000)
  region size 1024K, 46 young (47104K), 6 survivors (6144K)
 Metaspace       used 78989K, committed 81024K, reserved 1179648K
  class space    used 11021K, committed 12032K, reserved 1048576K
}
Event: 66.574 GC heap after
{Heap after GC invocations=29 (full 0):
 garbage-first heap   total 132096K, used 82146K [0x00000000c0000000, 0x0000000100000000)
  region size 1024K, 3 young (3072K), 3 survivors (3072K)
 Metaspace       used 78989K, committed 81024K, reserved 1179648K
  class space    used 11021K, committed 12032K, reserved 1048576K
}
Event: 68.862 GC heap before
{Heap before GC invocations=30 (full 0):
 garbage-first heap   total 138240K, used 122082K [0x00000000c0000000, 0x0000000100000000)
  region size 1024K, 42 young (43008K), 3 survivors (3072K)
 Metaspace       used 82048K, committed 84224K, reserved 1179648K
  class space    used 11451K, committed 12544K, reserved 1048576K
}
Event: 68.867 GC heap after
{Heap after GC invocations=31 (full 0):
 garbage-first heap   total 138240K, used 83585K [0x00000000c0000000, 0x0000000100000000)
  region size 1024K, 4 young (4096K), 4 survivors (4096K)
 Metaspace       used 82048K, committed 84224K, reserved 1179648K
  class space    used 11451K, committed 12544K, reserved 1048576K
}
Event: 72.609 GC heap before
{Heap before GC invocations=31 (full 0):
 garbage-first heap   total 138240K, used 127617K [0x00000000c0000000, 0x0000000100000000)
  region size 1024K, 47 young (48128K), 4 survivors (4096K)
 Metaspace       used 85807K, committed 87936K, reserved 1179648K
  class space    used 12128K, committed 13184K, reserved 1048576K
}
Event: 72.617 GC heap after
{Heap after GC invocations=32 (full 0):
 garbage-first heap   total 138240K, used 85328K [0x00000000c0000000, 0x0000000100000000)
  region size 1024K, 5 young (5120K), 5 survivors (5120K)
 Metaspace       used 85807K, committed 87936K, reserved 1179648K
  class space    used 12128K, committed 13184K, reserved 1048576K
}
Event: 75.536 GC heap before
{Heap before GC invocations=32 (full 0):
 garbage-first heap   total 138240K, used 128336K [0x00000000c0000000, 0x0000000100000000)
  region size 1024K, 47 young (48128K), 5 survivors (5120K)
 Metaspace       used 88425K, committed 90688K, reserved 1179648K
  class space    used 12448K, committed 13568K, reserved 1048576K
}
Event: 75.543 GC heap after
{Heap after GC invocations=33 (full 0):
 garbage-first heap   total 138240K, used 87005K [0x00000000c0000000, 0x0000000100000000)
  region size 1024K, 4 young (4096K), 4 survivors (4096K)
 Metaspace       used 88425K, committed 90688K, reserved 1179648K
  class space    used 12448K, committed 13568K, reserved 1048576K
}
Event: 79.916 GC heap before
{Heap before GC invocations=34 (full 0):
 garbage-first heap   total 145408K, used 128989K [0x00000000c0000000, 0x0000000100000000)
  region size 1024K, 46 young (47104K), 4 survivors (4096K)
 Metaspace       used 90988K, committed 93248K, reserved 1179648K
  class space    used 12833K, committed 13952K, reserved 1048576K
}
Event: 79.925 GC heap after
{Heap after GC invocations=35 (full 0):
 garbage-first heap   total 145408K, used 90323K [0x00000000c0000000, 0x0000000100000000)
  region size 1024K, 5 young (5120K), 5 survivors (5120K)
 Metaspace       used 90988K, committed 93248K, reserved 1179648K
  class space    used 12833K, committed 13952K, reserved 1048576K
}
Event: 83.921 GC heap before
{Heap before GC invocations=35 (full 0):
 garbage-first heap   total 145408K, used 135379K [0x00000000c0000000, 0x0000000100000000)
  region size 1024K, 49 young (50176K), 5 survivors (5120K)
 Metaspace       used 93841K, committed 96192K, reserved 1179648K
  class space    used 13260K, committed 14400K, reserved 1048576K
}
Event: 83.947 GC heap after
{Heap after GC invocations=36 (full 0):
 garbage-first heap   total 146432K, used 93765K [0x00000000c0000000, 0x0000000100000000)
  region size 1024K, 7 young (7168K), 7 survivors (7168K)
 Metaspace       used 93841K, committed 96192K, reserved 1179648K
  class space    used 13260K, committed 14400K, reserved 1048576K
}
Event: 85.114 GC heap before
{Heap before GC invocations=36 (full 0):
 garbage-first heap   total 146432K, used 113221K [0x00000000c0000000, 0x0000000100000000)
  region size 1024K, 27 young (27648K), 7 survivors (7168K)
 Metaspace       used 95029K, committed 97344K, reserved 1179648K
  class space    used 13438K, committed 14528K, reserved 1048576K
}
Event: 85.145 GC heap after
{Heap after GC invocations=37 (full 0):
 garbage-first heap   total 146432K, used 95903K [0x00000000c0000000, 0x0000000100000000)
  region size 1024K, 2 young (2048K), 2 survivors (2048K)
 Metaspace       used 95029K, committed 97344K, reserved 1179648K
  class space    used 13438K, committed 14528K, reserved 1048576K
}
Event: 88.345 GC heap before
{Heap before GC invocations=38 (full 0):
 garbage-first heap   total 162816K, used 135839K [0x00000000c0000000, 0x0000000100000000)
  region size 1024K, 40 young (40960K), 2 survivors (2048K)
 Metaspace       used 96965K, committed 99264K, reserved 1179648K
  class space    used 13712K, committed 14848K, reserved 1048576K
}
Event: 88.350 GC heap after
{Heap after GC invocations=39 (full 0):
 garbage-first heap   total 162816K, used 99860K [0x00000000c0000000, 0x0000000100000000)
  region size 1024K, 5 young (5120K), 5 survivors (5120K)
 Metaspace       used 96965K, committed 99264K, reserved 1179648K
  class space    used 13712K, committed 14848K, reserved 1048576K
}
Event: 90.972 GC heap before
{Heap before GC invocations=39 (full 0):
 garbage-first heap   total 162816K, used 149012K [0x00000000c0000000, 0x0000000100000000)
  region size 1024K, 53 young (54272K), 5 survivors (5120K)
 Metaspace       used 99213K, committed 101568K, reserved 1179648K
  class space    used 14002K, committed 15168K, reserved 1048576K
}
Event: 91.003 GC heap after
{Heap after GC invocations=40 (full 0):
 garbage-first heap   total 162816K, used 103219K [0x00000000c0000000, 0x0000000100000000)
  region size 1024K, 7 young (7168K), 7 survivors (7168K)
 Metaspace       used 99213K, committed 101568K, reserved 1179648K
  class space    used 14002K, committed 15168K, reserved 1048576K
}
Event: 92.541 GC heap before
{Heap before GC invocations=40 (full 0):
 garbage-first heap   total 162816K, used 149299K [0x00000000c0000000, 0x0000000100000000)
  region size 1024K, 52 young (53248K), 7 survivors (7168K)
 Metaspace       used 101199K, committed 103488K, reserved 1179648K
  class space    used 14268K, committed 15424K, reserved 1048576K
}
Event: 92.551 GC heap after
{Heap after GC invocations=41 (full 0):
 garbage-first heap   total 162816K, used 108912K [0x00000000c0000000, 0x0000000100000000)
  region size 1024K, 5 young (5120K), 5 survivors (5120K)
 Metaspace       used 101199K, committed 103488K, reserved 1179648K
  class space    used 14268K, committed 15424K, reserved 1048576K
}

