# JRE version: OpenJDK Runtime Environment Temurin-21.0.12.1+1 (21.0.12.1+1) (build 21.0.12.1+1-LTS)
# Java VM: OpenJDK 64-Bit Server VM Temurin-21.0.12.1+1 (21.0.12.1+1-LTS, mixed mode, sharing, tiered, compressed oops, compressed class ptrs, g1 gc, windows-amd64)
GC Precious Log:
 CardTable entry size: 512
 Card Set container configuration: InlinePtr #cards 5 size 8 Array Of Cards #cards 12 size 40 Howl #buckets 4 coarsen threshold 1843 Howl Bitmap #cards 512 size 80 coarsen threshold 460 Card regions per heap region 1 cards per card region 2048
 CPUs: 8 total, 8 available
 Memory: 5965M
 Large Page Support: Disabled
 NUMA Support: Disabled
 Compressed Oops: Enabled (32-bit)
 Heap Region Size: 1M
 Heap Min Capacity: 8M
 Heap Initial Capacity: 94M
 Heap Max Capacity: 1G
 Pre-touch: Disabled
 Parallel Workers: 8
 Concurrent Workers: 2
 Concurrent Refinement Workers: 8
 Periodic GC: Disabled
Heap:
 garbage-first heap   total 137216K, used 99751K [0x00000000c0000000, 0x0000000100000000)
  region size 1024K, 22 young (22528K), 5 survivors (5120K)
 Metaspace       used 82983K, committed 85120K, reserved 1179648K
  class space    used 11605K, committed 12672K, reserved 1048576K
GC Heap History (20 events):
Event: 213.648 GC heap before
{Heap before GC invocations=25 (full 0):
 garbage-first heap   total 107520K, used 83704K [0x00000000c0000000, 0x0000000100000000)
  region size 1024K, 21 young (21504K), 1 survivors (1024K)
 Metaspace       used 57460K, committed 59264K, reserved 1114112K
  class space    used 8152K, committed 9024K, reserved 1048576K
}
Event: 213.652 GC heap after
{Heap after GC invocations=26 (full 0):
 garbage-first heap   total 107520K, used 65429K [0x00000000c0000000, 0x0000000100000000)
  region size 1024K, 2 young (2048K), 2 survivors (2048K)
 Metaspace       used 57460K, committed 59264K, reserved 1114112K
  class space    used 8152K, committed 9024K, reserved 1048576K
}
Event: 219.166 GC heap before
{Heap before GC invocations=26 (full 0):
 garbage-first heap   total 107520K, used 94101K [0x00000000c0000000, 0x0000000100000000)
  region size 1024K, 31 young (31744K), 2 survivors (2048K)
 Metaspace       used 60640K, committed 62464K, reserved 1114112K
  class space    used 8513K, committed 9408K, reserved 1048576K
}
Event: 219.180 GC heap after
{Heap after GC invocations=27 (full 0):
 garbage-first heap   total 107520K, used 65457K [0x00000000c0000000, 0x0000000100000000)
  region size 1024K, 3 young (3072K), 3 survivors (3072K)
 Metaspace       used 60640K, committed 62464K, reserved 1114112K
  class space    used 8513K, committed 9408K, reserved 1048576K
}
Event: 226.383 GC heap before
{Heap before GC invocations=27 (full 0):
 garbage-first heap   total 107520K, used 96177K [0x00000000c0000000, 0x0000000100000000)
  region size 1024K, 34 young (34816K), 3 survivors (3072K)
 Metaspace       used 64343K, committed 66304K, reserved 1114112K
  class space    used 9051K, committed 9984K, reserved 1048576K
}
Event: 226.397 GC heap after
{Heap after GC invocations=28 (full 0):
 garbage-first heap   total 107520K, used 68059K [0x00000000c0000000, 0x0000000100000000)
  region size 1024K, 5 young (5120K), 5 survivors (5120K)
 Metaspace       used 64343K, committed 66304K, reserved 1114112K
  class space    used 9051K, committed 9984K, reserved 1048576K
}
Event: 229.192 GC heap before
{Heap before GC invocations=29 (full 0):
 garbage-first heap   total 114688K, used 102875K [0x00000000c0000000, 0x0000000100000000)
  region size 1024K, 34 young (34816K), 5 survivors (5120K)
 Metaspace       used 65764K, committed 67712K, reserved 1114112K
  class space    used 9258K, committed 10176K, reserved 1048576K
}
Event: 229.200 GC heap after
{Heap after GC invocations=30 (full 0):
 garbage-first heap   total 114688K, used 72414K [0x00000000c0000000, 0x0000000100000000)
  region size 1024K, 5 young (5120K), 5 survivors (5120K)
 Metaspace       used 65764K, committed 67712K, reserved 1114112K
  class space    used 9258K, committed 10176K, reserved 1048576K
}
Event: 233.250 GC heap before
{Heap before GC invocations=30 (full 0):
 garbage-first heap   total 114688K, used 103134K [0x00000000c0000000, 0x0000000100000000)
  region size 1024K, 35 young (35840K), 5 survivors (5120K)
 Metaspace       used 68127K, committed 70144K, reserved 1114112K
  class space    used 9552K, committed 10560K, reserved 1048576K
}
Event: 233.262 GC heap after
{Heap after GC invocations=31 (full 0):
 garbage-first heap   total 114688K, used 74010K [0x00000000c0000000, 0x0000000100000000)
  region size 1024K, 2 young (2048K), 2 survivors (2048K)
 Metaspace       used 68127K, committed 70144K, reserved 1114112K
  class space    used 9552K, committed 10560K, reserved 1048576K
}
Event: 242.538 GC heap before
{Heap before GC invocations=31 (full 0):
 garbage-first heap   total 114688K, used 104730K [0x00000000c0000000, 0x0000000100000000)
  region size 1024K, 32 young (32768K), 2 survivors (2048K)
 Metaspace       used 71833K, committed 73792K, reserved 1114112K
  class space    used 10024K, committed 11008K, reserved 1048576K
}
Event: 242.564 GC heap after
{Heap after GC invocations=32 (full 0):
 garbage-first heap   total 114688K, used 75274K [0x00000000c0000000, 0x0000000100000000)
  region size 1024K, 4 young (4096K), 4 survivors (4096K)
 Metaspace       used 71833K, committed 73792K, reserved 1114112K
  class space    used 10024K, committed 11008K, reserved 1048576K
}
Event: 246.159 GC heap before
{Heap before GC invocations=33 (full 0):
 garbage-first heap   total 128000K, used 104970K [0x00000000c0000000, 0x0000000100000000)
  region size 1024K, 33 young (33792K), 4 survivors (4096K)
 Metaspace       used 74116K, committed 76160K, reserved 1114112K
  class space    used 10376K, committed 11392K, reserved 1048576K
}
Event: 246.167 GC heap after
{Heap after GC invocations=34 (full 0):
 garbage-first heap   total 128000K, used 76429K [0x00000000c0000000, 0x0000000100000000)
  region size 1024K, 3 young (3072K), 3 survivors (3072K)
 Metaspace       used 74116K, committed 76160K, reserved 1114112K
  class space    used 10376K, committed 11392K, reserved 1048576K
}
Event: 250.835 GC heap before
{Heap before GC invocations=34 (full 0):
 garbage-first heap   total 128000K, used 117389K [0x00000000c0000000, 0x0000000100000000)
  region size 1024K, 43 young (44032K), 3 survivors (3072K)
 Metaspace       used 76753K, committed 78848K, reserved 1179648K
  class space    used 10758K, committed 11776K, reserved 1048576K
}
Event: 250.846 GC heap after
{Heap after GC invocations=35 (full 0):
 garbage-first heap   total 128000K, used 79790K [0x00000000c0000000, 0x0000000100000000)
  region size 1024K, 6 young (6144K), 6 survivors (6144K)
 Metaspace       used 76753K, committed 78848K, reserved 1179648K
  class space    used 10758K, committed 11776K, reserved 1048576K
}
Event: 254.804 GC heap before
{Heap before GC invocations=35 (full 0):
 garbage-first heap   total 128000K, used 117678K [0x00000000c0000000, 0x0000000100000000)
  region size 1024K, 43 young (44032K), 6 survivors (6144K)
 Metaspace       used 78729K, committed 80832K, reserved 1179648K
  class space    used 10968K, committed 12032K, reserved 1048576K
}
Event: 254.819 GC heap after
{Heap after GC invocations=36 (full 0):
 garbage-first heap   total 128000K, used 80802K [0x00000000c0000000, 0x0000000100000000)
  region size 1024K, 3 young (3072K), 3 survivors (3072K)
 Metaspace       used 78729K, committed 80832K, reserved 1179648K
  class space    used 10968K, committed 12032K, reserved 1048576K
}
Event: 261.006 GC heap before
{Heap before GC invocations=37 (full 0):
 garbage-first heap   total 137216K, used 118690K [0x00000000c0000000, 0x0000000100000000)
  region size 1024K, 39 young (39936K), 3 survivors (3072K)
 Metaspace       used 81620K, committed 83776K, reserved 1179648K
  class space    used 11377K, committed 12480K, reserved 1048576K
}
Event: 261.022 GC heap after
{Heap after GC invocations=38 (full 0):
 garbage-first heap   total 137216K, used 83367K [0x00000000c0000000, 0x0000000100000000)
  region size 1024K, 5 young (5120K), 5 survivors (5120K)
 Metaspace       used 81620K, committed 83776K, reserved 1179648K
  class space    used 11377K, committed 12480K, reserved 1048576K
}

