# JRE version: OpenJDK Runtime Environment Temurin-21.0.12.1+1 (21.0.12.1+1) (build 21.0.12.1+1-LTS)
# Java VM: OpenJDK 64-Bit Server VM Temurin-21.0.12.1+1 (21.0.12.1+1-LTS, mixed mode, sharing, tiered, compressed oops, compressed class ptrs, g1 gc, windows-amd64)
GC Precious Log:
 CardTable entry size: 512
 Card Set container configuration: InlinePtr #cards 5 size 8 Array Of Cards #cards 12 size 40 Howl #buckets 4 coarsen threshold 1843 Howl Bitmap #cards 512 size 80 coarsen threshold 460 Card regions per heap region 1 cards per card region 2048
 CPUs: 8 total, 8 available
 Memory: 5965M
 Large Page Support: Disabled
 NUMA Support: Disabled
 Compressed Oops: Enabled (32-bit)
 Heap Region Size: 1M
 Heap Min Capacity: 8M
 Heap Initial Capacity: 94M
 Heap Max Capacity: 1G
 Pre-touch: Disabled
 Parallel Workers: 8
 Concurrent Workers: 2
 Concurrent Refinement Workers: 8
 Periodic GC: Disabled
Heap:
 garbage-first heap   total 116736K, used 87238K [0x00000000c0000000, 0x0000000100000000)
  region size 1024K, 22 young (22528K), 2 survivors (2048K)
 Metaspace       used 60493K, committed 62336K, reserved 1114112K
  class space    used 8509K, committed 9408K, reserved 1048576K
GC Heap History (20 events):
Event: 30.981 GC heap before
{Heap before GC invocations=13 (full 0):
 garbage-first heap   total 87040K, used 77755K [0x00000000c0000000, 0x0000000100000000)
  region size 1024K, 43 young (44032K), 5 survivors (5120K)
 Metaspace       used 49633K, committed 51328K, reserved 1114112K
  class space    used 7216K, committed 8064K, reserved 1048576K
}
Event: 30.988 GC heap after
{Heap after GC invocations=14 (full 0):
 garbage-first heap   total 87040K, used 42419K [0x00000000c0000000, 0x0000000100000000)
  region size 1024K, 6 young (6144K), 6 survivors (6144K)
 Metaspace       used 49633K, committed 51328K, reserved 1114112K
  class space    used 7216K, committed 8064K, reserved 1048576K
}
Event: 32.017 GC heap before
{Heap before GC invocations=14 (full 0):
 garbage-first heap   total 87040K, used 76211K [0x00000000c0000000, 0x0000000100000000)
  region size 1024K, 40 young (40960K), 6 survivors (6144K)
 Metaspace       used 50589K, committed 52352K, reserved 1114112K
  class space    used 7312K, committed 8192K, reserved 1048576K
}
Event: 32.023 GC heap after
{Heap after GC invocations=15 (full 0):
 garbage-first heap   total 88064K, used 46705K [0x00000000c0000000, 0x0000000100000000)
  region size 1024K, 5 young (5120K), 5 survivors (5120K)
 Metaspace       used 50589K, committed 52352K, reserved 1114112K
  class space    used 7312K, committed 8192K, reserved 1048576K
}
Event: 32.468 GC heap before
{Heap before GC invocations=15 (full 0):
 garbage-first heap   total 88064K, used 77425K [0x00000000c0000000, 0x0000000100000000)
  region size 1024K, 36 young (36864K), 5 survivors (5120K)
 Metaspace       used 50921K, committed 52608K, reserved 1114112K
  class space    used 7335K, committed 8192K, reserved 1048576K
}
Event: 32.472 GC heap after
{Heap after GC invocations=16 (full 0):
 garbage-first heap   total 88064K, used 47644K [0x00000000c0000000, 0x0000000100000000)
  region size 1024K, 4 young (4096K), 4 survivors (4096K)
 Metaspace       used 50921K, committed 52608K, reserved 1114112K
  class space    used 7335K, committed 8192K, reserved 1048576K
}
Event: 32.755 GC heap before
{Heap before GC invocations=17 (full 0):
 garbage-first heap   total 88064K, used 76316K [0x00000000c0000000, 0x0000000100000000)
  region size 1024K, 33 young (33792K), 4 survivors (4096K)
 Metaspace       used 50980K, committed 52736K, reserved 1114112K
  class space    used 7335K, committed 8192K, reserved 1048576K
}
Event: 32.759 GC heap after
{Heap after GC invocations=18 (full 0):
 garbage-first heap   total 88064K, used 48682K [0x00000000c0000000, 0x0000000100000000)
  region size 1024K, 3 young (3072K), 3 survivors (3072K)
 Metaspace       used 50980K, committed 52736K, reserved 1114112K
  class space    used 7335K, committed 8192K, reserved 1048576K
}
Event: 32.968 GC heap before
{Heap before GC invocations=18 (full 0):
 garbage-first heap   total 88064K, used 78378K [0x00000000c0000000, 0x0000000100000000)
  region size 1024K, 33 young (33792K), 3 survivors (3072K)
 Metaspace       used 50983K, committed 52736K, reserved 1114112K
  class space    used 7335K, committed 8192K, reserved 1048576K
}
Event: 32.972 GC heap after
{Heap after GC invocations=19 (full 0):
 garbage-first heap   total 88064K, used 49076K [0x00000000c0000000, 0x0000000100000000)
  region size 1024K, 3 young (3072K), 3 survivors (3072K)
 Metaspace       used 50983K, committed 52736K, reserved 1114112K
  class space    used 7335K, committed 8192K, reserved 1048576K
}
Event: 34.237 GC heap before
{Heap before GC invocations=19 (full 0):
 garbage-first heap   total 88064K, used 78772K [0x00000000c0000000, 0x0000000100000000)
  region size 1024K, 33 young (33792K), 3 survivors (3072K)
 Metaspace       used 54219K, committed 55936K, reserved 1114112K
  class space    used 7767K, committed 8640K, reserved 1048576K
}
Event: 34.246 GC heap after
{Heap after GC invocations=20 (full 0):
 garbage-first heap   total 88064K, used 48457K [0x00000000c0000000, 0x0000000100000000)
  region size 1024K, 2 young (2048K), 2 survivors (2048K)
 Metaspace       used 54219K, committed 55936K, reserved 1114112K
  class space    used 7767K, committed 8640K, reserved 1048576K
}
Event: 38.022 GC heap before
{Heap before GC invocations=21 (full 0):
 garbage-first heap   total 88064K, used 87369K [0x00000000c0000000, 0x0000000100000000)
  region size 1024K, 31 young (31744K), 2 survivors (2048K)
 Metaspace       used 55630K, committed 57408K, reserved 1114112K
  class space    used 7960K, committed 8832K, reserved 1048576K
}
Event: 38.028 GC heap after
{Heap after GC invocations=22 (full 0):
 garbage-first heap   total 96256K, used 63195K [0x00000000c0000000, 0x0000000100000000)
  region size 1024K, 5 young (5120K), 5 survivors (5120K)
 Metaspace       used 55630K, committed 57408K, reserved 1114112K
  class space    used 7960K, committed 8832K, reserved 1048576K
}
Event: 39.549 GC heap before
{Heap before GC invocations=22 (full 0):
 garbage-first heap   total 96256K, used 85723K [0x00000000c0000000, 0x0000000100000000)
  region size 1024K, 27 young (27648K), 5 survivors (5120K)
 Metaspace       used 55992K, committed 57792K, reserved 1114112K
  class space    used 7995K, committed 8896K, reserved 1048576K
}
Event: 39.555 GC heap after
{Heap after GC invocations=23 (full 0):
 garbage-first heap   total 98304K, used 68027K [0x00000000c0000000, 0x0000000100000000)
  region size 1024K, 4 young (4096K), 4 survivors (4096K)
 Metaspace       used 55992K, committed 57792K, reserved 1114112K
  class space    used 7995K, committed 8896K, reserved 1048576K
}
Event: 39.679 GC heap before
{Heap before GC invocations=23 (full 0):
 garbage-first heap   total 98304K, used 73147K [0x00000000c0000000, 0x0000000100000000)
  region size 1024K, 11 young (11264K), 4 survivors (4096K)
 Metaspace       used 56456K, committed 58240K, reserved 1114112K
  class space    used 8040K, committed 8960K, reserved 1048576K
}
Event: 39.682 GC heap after
{Heap after GC invocations=24 (full 0):
 garbage-first heap   total 98304K, used 67033K [0x00000000c0000000, 0x0000000100000000)
  region size 1024K, 2 young (2048K), 2 survivors (2048K)
 Metaspace       used 56456K, committed 58240K, reserved 1114112K
  class space    used 8040K, committed 8960K, reserved 1048576K
}
Event: 40.423 GC heap before
{Heap before GC invocations=25 (full 0):
 garbage-first heap   total 116736K, used 87513K [0x00000000c0000000, 0x0000000100000000)
  region size 1024K, 22 young (22528K), 2 survivors (2048K)
 Metaspace       used 58297K, committed 60160K, reserved 1114112K
  class space    used 8279K, committed 9216K, reserved 1048576K
}
Event: 40.426 GC heap after
{Heap after GC invocations=26 (full 0):
 garbage-first heap   total 116736K, used 68806K [0x00000000c0000000, 0x0000000100000000)
  region size 1024K, 2 young (2048K), 2 survivors (2048K)
 Metaspace       used 58297K, committed 60160K, reserved 1114112K
  class space    used 8279K, committed 9216K, reserved 1048576K
}

