# JRE version: OpenJDK Runtime Environment Temurin-21.0.12.1+1 (21.0.12.1+1) (build 21.0.12.1+1-LTS)
# Java VM: OpenJDK 64-Bit Server VM Temurin-21.0.12.1+1 (21.0.12.1+1-LTS, mixed mode, sharing, tiered, compressed oops, compressed class ptrs, g1 gc, windows-amd64)
GC Precious Log:
 CardTable entry size: 512
 Card Set container configuration: InlinePtr #cards 5 size 8 Array Of Cards #cards 12 size 40 Howl #buckets 4 coarsen threshold 1843 Howl Bitmap #cards 512 size 80 coarsen threshold 460 Card regions per heap region 1 cards per card region 2048
 CPUs: 8 total, 8 available
 Memory: 5965M
 Large Page Support: Disabled
 NUMA Support: Disabled
 Compressed Oops: Enabled (32-bit)
 Heap Region Size: 1M
 Heap Min Capacity: 8M
 Heap Initial Capacity: 94M
 Heap Max Capacity: 1G
 Pre-touch: Disabled
 Parallel Workers: 8
 Concurrent Workers: 2
 Concurrent Refinement Workers: 8
 Periodic GC: Disabled
Heap:
 garbage-first heap   total 145408K, used 116565K [0x00000000c0000000, 0x0000000100000000)
  region size 1024K, 31 young (31744K), 2 survivors (2048K)
 Metaspace       used 91463K, committed 93760K, reserved 1179648K
  class space    used 12870K, committed 14016K, reserved 1048576K
GC Heap History (20 events):
Event: 628.818 GC heap before
{Heap before GC invocations=36 (full 0):
 garbage-first heap   total 122880K, used 104829K [0x00000000c0000000, 0x0000000100000000)
  region size 1024K, 36 young (36864K), 4 survivors (4096K)
 Metaspace       used 68448K, committed 70400K, reserved 1114112K
  class space    used 9589K, committed 10560K, reserved 1048576K
}
Event: 628.836 GC heap after
{Heap after GC invocations=37 (full 0):
 garbage-first heap   total 122880K, used 74819K [0x00000000c0000000, 0x0000000100000000)
  region size 1024K, 3 young (3072K), 3 survivors (3072K)
 Metaspace       used 68448K, committed 70400K, reserved 1114112K
  class space    used 9589K, committed 10560K, reserved 1048576K
}
Event: 640.019 GC heap before
{Heap before GC invocations=37 (full 0):
 garbage-first heap   total 122880K, used 107587K [0x00000000c0000000, 0x0000000100000000)
  region size 1024K, 35 young (35840K), 3 survivors (3072K)
 Metaspace       used 72337K, committed 74368K, reserved 1114112K
  class space    used 10107K, committed 11072K, reserved 1048576K
}
Event: 640.056 GC heap after
{Heap after GC invocations=38 (full 0):
 garbage-first heap   total 122880K, used 76416K [0x00000000c0000000, 0x0000000100000000)
  region size 1024K, 4 young (4096K), 4 survivors (4096K)
 Metaspace       used 72337K, committed 74368K, reserved 1114112K
  class space    used 10107K, committed 11072K, reserved 1048576K
}
Event: 651.713 GC heap before
{Heap before GC invocations=39 (full 0):
 garbage-first heap   total 128000K, used 110208K [0x00000000c0000000, 0x0000000100000000)
  region size 1024K, 37 young (37888K), 4 survivors (4096K)
 Metaspace       used 74911K, committed 76928K, reserved 1179648K
  class space    used 10475K, committed 11456K, reserved 1048576K
}
Event: 651.770 GC heap after
{Heap after GC invocations=40 (full 0):
 garbage-first heap   total 128000K, used 77332K [0x00000000c0000000, 0x0000000100000000)
  region size 1024K, 3 young (3072K), 3 survivors (3072K)
 Metaspace       used 74911K, committed 76928K, reserved 1179648K
  class space    used 10475K, committed 11456K, reserved 1048576K
}
Event: 683.563 GC heap before
{Heap before GC invocations=40 (full 0):
 garbage-first heap   total 128000K, used 115220K [0x00000000c0000000, 0x0000000100000000)
  region size 1024K, 40 young (40960K), 3 survivors (3072K)
 Metaspace       used 76950K, committed 79040K, reserved 1179648K
  class space    used 10776K, committed 11840K, reserved 1048576K
}
Event: 683.752 GC heap after
{Heap after GC invocations=41 (full 0):
 garbage-first heap   total 128000K, used 80934K [0x00000000c0000000, 0x0000000100000000)
  region size 1024K, 5 young (5120K), 5 survivors (5120K)
 Metaspace       used 76950K, committed 79040K, reserved 1179648K
  class space    used 10776K, committed 11840K, reserved 1048576K
}
Event: 711.434 GC heap before
{Heap before GC invocations=41 (full 0):
 garbage-first heap   total 128000K, used 114726K [0x00000000c0000000, 0x0000000100000000)
  region size 1024K, 38 young (38912K), 5 survivors (5120K)
 Metaspace       used 78118K, committed 80192K, reserved 1179648K
  class space    used 10887K, committed 11904K, reserved 1048576K
}
Event: 711.507 GC heap after
{Heap after GC invocations=42 (full 0):
 garbage-first heap   total 128000K, used 82879K [0x00000000c0000000, 0x0000000100000000)
  region size 1024K, 2 young (2048K), 2 survivors (2048K)
 Metaspace       used 78118K, committed 80192K, reserved 1179648K
  class space    used 10887K, committed 11904K, reserved 1048576K
}
Event: 740.777 GC heap before
{Heap before GC invocations=43 (full 0):
 garbage-first heap   total 137216K, used 116671K [0x00000000c0000000, 0x0000000100000000)
  region size 1024K, 36 young (36864K), 2 survivors (2048K)
 Metaspace       used 80899K, committed 83008K, reserved 1179648K
  class space    used 11280K, committed 12352K, reserved 1048576K
}
Event: 740.894 GC heap after
{Heap after GC invocations=44 (full 0):
 garbage-first heap   total 137216K, used 83293K [0x00000000c0000000, 0x0000000100000000)
  region size 1024K, 4 young (4096K), 4 survivors (4096K)
 Metaspace       used 80899K, committed 83008K, reserved 1179648K
  class space    used 11280K, committed 12352K, reserved 1048576K
}
Event: 763.815 GC heap before
{Heap before GC invocations=44 (full 0):
 garbage-first heap   total 137216K, used 124253K [0x00000000c0000000, 0x0000000100000000)
  region size 1024K, 44 young (45056K), 4 survivors (4096K)
 Metaspace       used 84335K, committed 86464K, reserved 1179648K
  class space    used 11854K, committed 12928K, reserved 1048576K
}
Event: 763.854 GC heap after
{Heap after GC invocations=45 (full 0):
 garbage-first heap   total 137216K, used 83524K [0x00000000c0000000, 0x0000000100000000)
  region size 1024K, 3 young (3072K), 3 survivors (3072K)
 Metaspace       used 84335K, committed 86464K, reserved 1179648K
  class space    used 11854K, committed 12928K, reserved 1048576K
}
Event: 794.135 GC heap before
{Heap before GC invocations=45 (full 0):
 garbage-first heap   total 137216K, used 125508K [0x00000000c0000000, 0x0000000100000000)
  region size 1024K, 44 young (45056K), 3 survivors (3072K)
 Metaspace       used 87590K, committed 89792K, reserved 1179648K
  class space    used 12323K, committed 13376K, reserved 1048576K
}
Event: 794.454 GC heap after
{Heap after GC invocations=46 (full 0):
 garbage-first heap   total 137216K, used 85988K [0x00000000c0000000, 0x0000000100000000)
  region size 1024K, 6 young (6144K), 6 survivors (6144K)
 Metaspace       used 87590K, committed 89792K, reserved 1179648K
  class space    used 12323K, committed 13376K, reserved 1048576K
}
Event: 795.497 GC heap before
{Heap before GC invocations=46 (full 0):
 garbage-first heap   total 137216K, used 89060K [0x00000000c0000000, 0x0000000100000000)
  region size 1024K, 9 young (9216K), 6 survivors (6144K)
 Metaspace       used 87646K, committed 89792K, reserved 1179648K
  class space    used 12323K, committed 13376K, reserved 1048576K
}
Event: 795.526 GC heap after
{Heap after GC invocations=47 (full 0):
 garbage-first heap   total 137216K, used 86559K [0x00000000c0000000, 0x0000000100000000)
  region size 1024K, 1 young (1024K), 1 survivors (1024K)
 Metaspace       used 87646K, committed 89792K, reserved 1179648K
  class space    used 12323K, committed 13376K, reserved 1048576K
}
Event: 826.686 GC heap before
{Heap before GC invocations=48 (full 0):
 garbage-first heap   total 145408K, used 126495K [0x00000000c0000000, 0x0000000100000000)
  region size 1024K, 41 young (41984K), 1 survivors (1024K)
 Metaspace       used 89588K, committed 91840K, reserved 1179648K
  class space    used 12629K, committed 13760K, reserved 1048576K
}
Event: 826.886 GC heap after
{Heap after GC invocations=49 (full 0):
 garbage-first heap   total 145408K, used 87893K [0x00000000c0000000, 0x0000000100000000)
  region size 1024K, 2 young (2048K), 2 survivors (2048K)
 Metaspace       used 89588K, committed 91840K, reserved 1179648K
  class space    used 12629K, committed 13760K, reserved 1048576K
}

