# JRE version: OpenJDK Runtime Environment Temurin-21.0.12.1+1 (21.0.12.1+1) (build 21.0.12.1+1-LTS)
# Java VM: OpenJDK 64-Bit Server VM Temurin-21.0.12.1+1 (21.0.12.1+1-LTS, mixed mode, sharing, tiered, compressed oops, compressed class ptrs, g1 gc, windows-amd64)
GC Precious Log:
 CardTable entry size: 512
 Card Set container configuration: InlinePtr #cards 5 size 8 Array Of Cards #cards 12 size 40 Howl #buckets 4 coarsen threshold 1843 Howl Bitmap #cards 512 size 80 coarsen threshold 460 Card regions per heap region 1 cards per card region 2048
 CPUs: 8 total, 8 available
 Memory: 5965M
 Large Page Support: Disabled
 NUMA Support: Disabled
 Compressed Oops: Enabled (32-bit)
 Heap Region Size: 1M
 Heap Min Capacity: 8M
 Heap Initial Capacity: 94M
 Heap Max Capacity: 1G
 Pre-touch: Disabled
 Parallel Workers: 8
 Concurrent Workers: 2
 Concurrent Refinement Workers: 8
 Periodic GC: Disabled
Heap:
 garbage-first heap   total 142336K, used 86753K [0x00000000c0000000, 0x0000000100000000)
  region size 1024K, 5 young (5120K), 4 survivors (4096K)
 Metaspace       used 86738K, committed 88896K, reserved 1179648K
  class space    used 12283K, committed 13376K, reserved 1048576K
GC Heap History (20 events):
Event: 52.404 GC heap after
{Heap after GC invocations=26 (full 0):
 garbage-first heap   total 116736K, used 70060K [0x00000000c0000000, 0x0000000100000000)
  region size 1024K, 2 young (2048K), 2 survivors (2048K)
 Metaspace       used 58012K, committed 59776K, reserved 1114112K
  class space    used 8275K, committed 9152K, reserved 1048576K
}
Event: 53.344 GC heap before
{Heap before GC invocations=26 (full 0):
 garbage-first heap   total 116736K, used 95660K [0x00000000c0000000, 0x0000000100000000)
  region size 1024K, 28 young (28672K), 2 survivors (2048K)
 Metaspace       used 60834K, committed 62656K, reserved 1114112K
  class space    used 8582K, committed 9472K, reserved 1048576K
}
Event: 53.349 GC heap after
{Heap after GC invocations=27 (full 0):
 garbage-first heap   total 116736K, used 70044K [0x00000000c0000000, 0x0000000100000000)
  region size 1024K, 3 young (3072K), 3 survivors (3072K)
 Metaspace       used 60834K, committed 62656K, reserved 1114112K
  class space    used 8582K, committed 9472K, reserved 1048576K
}
Event: 55.003 GC heap before
{Heap before GC invocations=27 (full 0):
 garbage-first heap   total 116736K, used 97692K [0x00000000c0000000, 0x0000000100000000)
  region size 1024K, 31 young (31744K), 3 survivors (3072K)
 Metaspace       used 64357K, committed 66304K, reserved 1114112K
  class space    used 9092K, committed 10048K, reserved 1048576K
}
Event: 55.009 GC heap after
{Heap after GC invocations=28 (full 0):
 garbage-first heap   total 116736K, used 71844K [0x00000000c0000000, 0x0000000100000000)
  region size 1024K, 4 young (4096K), 4 survivors (4096K)
 Metaspace       used 64357K, committed 66304K, reserved 1114112K
  class space    used 9092K, committed 10048K, reserved 1048576K
}
Event: 55.938 GC heap before
{Heap before GC invocations=29 (full 0):
 garbage-first heap   total 130048K, used 106660K [0x00000000c0000000, 0x0000000100000000)
  region size 1024K, 33 young (33792K), 4 survivors (4096K)
 Metaspace       used 65762K, committed 67776K, reserved 1114112K
  class space    used 9296K, committed 10304K, reserved 1048576K
}
Event: 55.944 GC heap after
{Heap after GC invocations=30 (full 0):
 garbage-first heap   total 130048K, used 76624K [0x00000000c0000000, 0x0000000100000000)
  region size 1024K, 5 young (5120K), 5 survivors (5120K)
 Metaspace       used 65762K, committed 67776K, reserved 1114112K
  class space    used 9296K, committed 10304K, reserved 1048576K
}
Event: 57.322 GC heap before
{Heap before GC invocations=30 (full 0):
 garbage-first heap   total 130048K, used 112464K [0x00000000c0000000, 0x0000000100000000)
  region size 1024K, 40 young (40960K), 5 survivors (5120K)
 Metaspace       used 68469K, committed 70528K, reserved 1114112K
  class space    used 9625K, committed 10624K, reserved 1048576K
}
Event: 57.329 GC heap after
{Heap after GC invocations=31 (full 0):
 garbage-first heap   total 130048K, used 78190K [0x00000000c0000000, 0x0000000100000000)
  region size 1024K, 3 young (3072K), 3 survivors (3072K)
 Metaspace       used 68469K, committed 70528K, reserved 1114112K
  class space    used 9625K, committed 10624K, reserved 1048576K
}
Event: 59.073 GC heap before
{Heap before GC invocations=31 (full 0):
 garbage-first heap   total 130048K, used 114030K [0x00000000c0000000, 0x0000000100000000)
  region size 1024K, 38 young (38912K), 3 survivors (3072K)
 Metaspace       used 72642K, committed 74624K, reserved 1114112K
  class space    used 10211K, committed 11200K, reserved 1048576K
}
Event: 59.079 GC heap after
{Heap after GC invocations=32 (full 0):
 garbage-first heap   total 130048K, used 79516K [0x00000000c0000000, 0x0000000100000000)
  region size 1024K, 4 young (4096K), 4 survivors (4096K)
 Metaspace       used 72642K, committed 74624K, reserved 1114112K
  class space    used 10211K, committed 11200K, reserved 1048576K
}
Event: 60.532 GC heap before
{Heap before GC invocations=33 (full 0):
 garbage-first heap   total 133120K, used 116380K [0x00000000c0000000, 0x0000000100000000)
  region size 1024K, 40 young (40960K), 4 survivors (4096K)
 Metaspace       used 75375K, committed 77440K, reserved 1179648K
  class space    used 10593K, committed 11584K, reserved 1048576K
}
Event: 60.539 GC heap after
{Heap after GC invocations=34 (full 0):
 garbage-first heap   total 133120K, used 80950K [0x00000000c0000000, 0x0000000100000000)
  region size 1024K, 3 young (3072K), 3 survivors (3072K)
 Metaspace       used 75375K, committed 77440K, reserved 1179648K
  class space    used 10593K, committed 11584K, reserved 1048576K
}
Event: 64.809 GC heap before
{Heap before GC invocations=34 (full 0):
 garbage-first heap   total 133120K, used 120886K [0x00000000c0000000, 0x0000000100000000)
  region size 1024K, 42 young (43008K), 3 survivors (3072K)
 Metaspace       used 76691K, committed 78720K, reserved 1179648K
  class space    used 10794K, committed 11840K, reserved 1048576K
}
Event: 64.817 GC heap after
{Heap after GC invocations=35 (full 0):
 garbage-first heap   total 133120K, used 82722K [0x00000000c0000000, 0x0000000100000000)
  region size 1024K, 6 young (6144K), 6 survivors (6144K)
 Metaspace       used 76691K, committed 78720K, reserved 1179648K
  class space    used 10794K, committed 11840K, reserved 1048576K
}
Event: 66.868 GC heap before
{Heap before GC invocations=35 (full 0):
 garbage-first heap   total 133120K, used 120610K [0x00000000c0000000, 0x0000000100000000)
  region size 1024K, 43 young (44032K), 6 survivors (6144K)
 Metaspace       used 79959K, committed 82048K, reserved 1179648K
  class space    used 11187K, committed 12224K, reserved 1048576K
}
Event: 66.877 GC heap after
{Heap after GC invocations=36 (full 0):
 garbage-first heap   total 133120K, used 84702K [0x00000000c0000000, 0x0000000100000000)
  region size 1024K, 3 young (3072K), 3 survivors (3072K)
 Metaspace       used 79959K, committed 82048K, reserved 1179648K
  class space    used 11187K, committed 12224K, reserved 1048576K
}
Event: 68.711 GC heap before
{Heap before GC invocations=37 (full 0):
 garbage-first heap   total 142336K, used 122590K [0x00000000c0000000, 0x0000000100000000)
  region size 1024K, 39 young (39936K), 3 survivors (3072K)
 Metaspace       used 82893K, committed 85056K, reserved 1179648K
  class space    used 11639K, committed 12736K, reserved 1048576K
}
Event: 68.716 GC heap after
{Heap after GC invocations=38 (full 0):
 garbage-first heap   total 142336K, used 85428K [0x00000000c0000000, 0x0000000100000000)
  region size 1024K, 4 young (4096K), 4 survivors (4096K)
 Metaspace       used 82893K, committed 85056K, reserved 1179648K
  class space    used 11639K, committed 12736K, reserved 1048576K
}
Event: 72.448 GC heap before
{Heap before GC invocations=38 (full 0):
 garbage-first heap   total 142336K, used 130484K [0x00000000c0000000, 0x0000000100000000)
  region size 1024K, 48 young (49152K), 4 survivors (4096K)
 Metaspace       used 86671K, committed 88832K, reserved 1179648K
  class space    used 12275K, committed 13376K, reserved 1048576K
}

