# JRE version: OpenJDK Runtime Environment Temurin-21.0.12.1+1 (21.0.12.1+1) (build 21.0.12.1+1-LTS)
# Java VM: OpenJDK 64-Bit Server VM Temurin-21.0.12.1+1 (21.0.12.1+1-LTS, mixed mode, sharing, tiered, compressed oops, compressed class ptrs, g1 gc, windows-amd64)
GC Precious Log:
 CardTable entry size: 512
 Card Set container configuration: InlinePtr #cards 5 size 8 Array Of Cards #cards 12 size 40 Howl #buckets 4 coarsen threshold 1843 Howl Bitmap #cards 512 size 80 coarsen threshold 460 Card regions per heap region 1 cards per card region 2048
 CPUs: 8 total, 8 available
 Memory: 5965M
 Large Page Support: Disabled
 NUMA Support: Disabled
 Compressed Oops: Enabled (32-bit)
 Heap Region Size: 1M
 Heap Min Capacity: 8M
 Heap Initial Capacity: 94M
 Heap Max Capacity: 1G
 Pre-touch: Disabled
 Parallel Workers: 8
 Concurrent Workers: 2
 Concurrent Refinement Workers: 8
 Periodic GC: Disabled
Heap:
 garbage-first heap   total 121856K, used 89187K [0x00000000c0000000, 0x0000000100000000)
  region size 1024K, 18 young (18432K), 5 survivors (5120K)
 Metaspace       used 64560K, committed 66432K, reserved 1114112K
  class space    used 9084K, committed 9984K, reserved 1048576K
GC Heap History (20 events):
Event: 320.560 GC heap before
{Heap before GC invocations=16 (full 0):
 garbage-first heap   total 88064K, used 78059K [0x00000000c0000000, 0x0000000100000000)
  region size 1024K, 36 young (36864K), 2 survivors (2048K)
 Metaspace       used 51381K, committed 53120K, reserved 1114112K
  class space    used 7350K, committed 8192K, reserved 1048576K
}
Event: 320.683 GC heap after
{Heap after GC invocations=17 (full 0):
 garbage-first heap   total 88064K, used 48301K [0x00000000c0000000, 0x0000000100000000)
  region size 1024K, 5 young (5120K), 5 survivors (5120K)
 Metaspace       used 51381K, committed 53120K, reserved 1114112K
  class space    used 7350K, committed 8192K, reserved 1048576K
}
Event: 323.231 GC heap before
{Heap before GC invocations=18 (full 0):
 garbage-first heap   total 88064K, used 76973K [0x00000000c0000000, 0x0000000100000000)
  region size 1024K, 34 young (34816K), 5 survivors (5120K)
 Metaspace       used 51395K, committed 53120K, reserved 1114112K
  class space    used 7350K, committed 8192K, reserved 1048576K
}
Event: 323.238 GC heap after
{Heap after GC invocations=19 (full 0):
 garbage-first heap   total 88064K, used 49664K [0x00000000c0000000, 0x0000000100000000)
  region size 1024K, 4 young (4096K), 4 survivors (4096K)
 Metaspace       used 51395K, committed 53120K, reserved 1114112K
  class space    used 7350K, committed 8192K, reserved 1048576K
}
Event: 324.577 GC heap before
{Heap before GC invocations=19 (full 0):
 garbage-first heap   total 88064K, used 77312K [0x00000000c0000000, 0x0000000100000000)
  region size 1024K, 32 young (32768K), 4 survivors (4096K)
 Metaspace       used 51398K, committed 53120K, reserved 1114112K
  class space    used 7351K, committed 8192K, reserved 1048576K
}
Event: 324.581 GC heap after
{Heap after GC invocations=20 (full 0):
 garbage-first heap   total 88064K, used 50155K [0x00000000c0000000, 0x0000000100000000)
  region size 1024K, 4 young (4096K), 4 survivors (4096K)
 Metaspace       used 51398K, committed 53120K, reserved 1114112K
  class space    used 7351K, committed 8192K, reserved 1048576K
}
Event: 341.227 GC heap before
{Heap before GC invocations=20 (full 0):
 garbage-first heap   total 88064K, used 77803K [0x00000000c0000000, 0x0000000100000000)
  region size 1024K, 32 young (32768K), 4 survivors (4096K)
 Metaspace       used 53833K, committed 55552K, reserved 1114112K
  class space    used 7688K, committed 8576K, reserved 1048576K
}
Event: 341.250 GC heap after
{Heap after GC invocations=21 (full 0):
 garbage-first heap   total 88064K, used 48807K [0x00000000c0000000, 0x0000000100000000)
  region size 1024K, 2 young (2048K), 2 survivors (2048K)
 Metaspace       used 53833K, committed 55552K, reserved 1114112K
  class space    used 7688K, committed 8576K, reserved 1048576K
}
Event: 391.966 GC heap before
{Heap before GC invocations=22 (full 0):
 garbage-first heap   total 88064K, used 82599K [0x00000000c0000000, 0x0000000100000000)
  region size 1024K, 31 young (31744K), 2 survivors (2048K)
 Metaspace       used 55653K, committed 57408K, reserved 1114112K
  class space    used 7918K, committed 8768K, reserved 1048576K
}
Event: 392.130 GC heap after
{Heap after GC invocations=23 (full 0):
 garbage-first heap   total 90112K, used 57310K [0x00000000c0000000, 0x0000000100000000)
  region size 1024K, 4 young (4096K), 4 survivors (4096K)
 Metaspace       used 55653K, committed 57408K, reserved 1114112K
  class space    used 7918K, committed 8768K, reserved 1048576K
}
Event: 406.083 GC heap before
{Heap before GC invocations=23 (full 0):
 garbage-first heap   total 90112K, used 83934K [0x00000000c0000000, 0x0000000100000000)
  region size 1024K, 27 young (27648K), 4 survivors (4096K)
 Metaspace       used 56023K, committed 57856K, reserved 1114112K
  class space    used 7977K, committed 8896K, reserved 1048576K
}
Event: 406.106 GC heap after
{Heap after GC invocations=24 (full 0):
 garbage-first heap   total 96256K, used 65107K [0x00000000c0000000, 0x0000000100000000)
  region size 1024K, 4 young (4096K), 4 survivors (4096K)
 Metaspace       used 56023K, committed 57856K, reserved 1114112K
  class space    used 7977K, committed 8896K, reserved 1048576K
}
Event: 406.726 GC heap before
{Heap before GC invocations=24 (full 0):
 garbage-first heap   total 96256K, used 72275K [0x00000000c0000000, 0x0000000100000000)
  region size 1024K, 13 young (13312K), 4 survivors (4096K)
 Metaspace       used 56058K, committed 57920K, reserved 1114112K
  class space    used 7985K, committed 8896K, reserved 1048576K
}
Event: 406.751 GC heap after
{Heap after GC invocations=25 (full 0):
 garbage-first heap   total 96256K, used 65669K [0x00000000c0000000, 0x0000000100000000)
  region size 1024K, 1 young (1024K), 1 survivors (1024K)
 Metaspace       used 56058K, committed 57920K, reserved 1114112K
  class space    used 7985K, committed 8896K, reserved 1048576K
}
Event: 409.584 GC heap before
{Heap before GC invocations=26 (full 0):
 garbage-first heap   total 112640K, used 87173K [0x00000000c0000000, 0x0000000100000000)
  region size 1024K, 21 young (21504K), 1 survivors (1024K)
 Metaspace       used 57591K, committed 59456K, reserved 1114112K
  class space    used 8159K, committed 9088K, reserved 1048576K
}
Event: 409.589 GC heap after
{Heap after GC invocations=27 (full 0):
 garbage-first heap   total 112640K, used 68918K [0x00000000c0000000, 0x0000000100000000)
  region size 1024K, 2 young (2048K), 2 survivors (2048K)
 Metaspace       used 57591K, committed 59456K, reserved 1114112K
  class space    used 8159K, committed 9088K, reserved 1048576K
}
Event: 414.886 GC heap before
{Heap before GC invocations=27 (full 0):
 garbage-first heap   total 112640K, used 98614K [0x00000000c0000000, 0x0000000100000000)
  region size 1024K, 32 young (32768K), 2 survivors (2048K)
 Metaspace       used 60858K, committed 62720K, reserved 1114112K
  class space    used 8531K, committed 9472K, reserved 1048576K
}
Event: 414.920 GC heap after
{Heap after GC invocations=28 (full 0):
 garbage-first heap   total 112640K, used 68177K [0x00000000c0000000, 0x0000000100000000)
  region size 1024K, 3 young (3072K), 3 survivors (3072K)
 Metaspace       used 60858K, committed 62720K, reserved 1114112K
  class space    used 8531K, committed 9472K, reserved 1048576K
}
Event: 423.813 GC heap before
{Heap before GC invocations=28 (full 0):
 garbage-first heap   total 112640K, used 97873K [0x00000000c0000000, 0x0000000100000000)
  region size 1024K, 34 young (34816K), 3 survivors (3072K)
 Metaspace       used 64468K, committed 66432K, reserved 1114112K
  class space    used 9057K, committed 9984K, reserved 1048576K
}
Event: 423.827 GC heap after
{Heap after GC invocations=29 (full 0):
 garbage-first heap   total 112640K, used 70755K [0x00000000c0000000, 0x0000000100000000)
  region size 1024K, 5 young (5120K), 5 survivors (5120K)
 Metaspace       used 64468K, committed 66432K, reserved 1114112K
  class space    used 9057K, committed 9984K, reserved 1048576K
}

