# JRE version: OpenJDK Runtime Environment Temurin-21.0.12.1+1 (21.0.12.1+1) (build 21.0.12.1+1-LTS)
# Java VM: OpenJDK 64-Bit Server VM Temurin-21.0.12.1+1 (21.0.12.1+1-LTS, mixed mode, sharing, tiered, compressed oops, compressed class ptrs, g1 gc, windows-amd64)
GC Precious Log:
 CardTable entry size: 512
 Card Set container configuration: InlinePtr #cards 5 size 8 Array Of Cards #cards 12 size 40 Howl #buckets 4 coarsen threshold 1843 Howl Bitmap #cards 512 size 80 coarsen threshold 460 Card regions per heap region 1 cards per card region 2048
 CPUs: 8 total, 8 available
 Memory: 5965M
 Large Page Support: Disabled
 NUMA Support: Disabled
 Compressed Oops: Enabled (32-bit)
 Heap Region Size: 1M
 Heap Min Capacity: 8M
 Heap Initial Capacity: 94M
 Heap Max Capacity: 1G
 Pre-touch: Disabled
 Parallel Workers: 8
 Concurrent Workers: 2
 Concurrent Refinement Workers: 8
 Periodic GC: Disabled
Heap:
 garbage-first heap   total 111616K, used 85273K [0x00000000c0000000, 0x0000000100000000)
  region size 1024K, 21 young (21504K), 1 survivors (1024K)
 Metaspace       used 57394K, committed 59200K, reserved 1114112K
  class space    used 8159K, committed 9088K, reserved 1048576K
GC Heap History (20 events):
Event: 105.604 GC heap before
{Heap before GC invocations=12 (full 0):
 garbage-first heap   total 86016K, used 75633K [0x00000000c0000000, 0x0000000100000000)
  region size 1024K, 43 young (44032K), 5 survivors (5120K)
 Metaspace       used 46304K, committed 48000K, reserved 1114112K
  class space    used 6745K, committed 7552K, reserved 1048576K
}
Event: 105.629 GC heap after
{Heap after GC invocations=13 (full 0):
 garbage-first heap   total 86016K, used 37614K [0x00000000c0000000, 0x0000000100000000)
  region size 1024K, 3 young (3072K), 3 survivors (3072K)
 Metaspace       used 46304K, committed 48000K, reserved 1114112K
  class space    used 6745K, committed 7552K, reserved 1048576K
}
Event: 112.069 GC heap before
{Heap before GC invocations=13 (full 0):
 garbage-first heap   total 86016K, used 76526K [0x00000000c0000000, 0x0000000100000000)
  region size 1024K, 41 young (41984K), 3 survivors (3072K)
 Metaspace       used 49766K, committed 51520K, reserved 1114112K
  class space    used 7223K, committed 8128K, reserved 1048576K
}
Event: 112.081 GC heap after
{Heap after GC invocations=14 (full 0):
 garbage-first heap   total 86016K, used 41608K [0x00000000c0000000, 0x0000000100000000)
  region size 1024K, 6 young (6144K), 6 survivors (6144K)
 Metaspace       used 49766K, committed 51520K, reserved 1114112K
  class space    used 7223K, committed 8128K, reserved 1048576K
}
Event: 126.402 GC heap before
{Heap before GC invocations=14 (full 0):
 garbage-first heap   total 86016K, used 75400K [0x00000000c0000000, 0x0000000100000000)
  region size 1024K, 40 young (40960K), 6 survivors (6144K)
 Metaspace       used 50703K, committed 52480K, reserved 1114112K
  class space    used 7332K, committed 8192K, reserved 1048576K
}
Event: 126.581 GC heap after
{Heap after GC invocations=15 (full 0):
 garbage-first heap   total 88064K, used 46112K [0x00000000c0000000, 0x0000000100000000)
  region size 1024K, 5 young (5120K), 5 survivors (5120K)
 Metaspace       used 50703K, committed 52480K, reserved 1114112K
  class space    used 7332K, committed 8192K, reserved 1048576K
}
Event: 142.521 GC heap before
{Heap before GC invocations=15 (full 0):
 garbage-first heap   total 88064K, used 76832K [0x00000000c0000000, 0x0000000100000000)
  region size 1024K, 36 young (36864K), 5 survivors (5120K)
 Metaspace       used 51119K, committed 52800K, reserved 1114112K
  class space    used 7357K, committed 8192K, reserved 1048576K
}
Event: 142.667 GC heap after
{Heap after GC invocations=16 (full 0):
 garbage-first heap   total 88064K, used 47257K [0x00000000c0000000, 0x0000000100000000)
  region size 1024K, 5 young (5120K), 5 survivors (5120K)
 Metaspace       used 51119K, committed 52800K, reserved 1114112K
  class space    used 7357K, committed 8192K, reserved 1048576K
}
Event: 148.172 GC heap before
{Heap before GC invocations=17 (full 0):
 garbage-first heap   total 88064K, used 75929K [0x00000000c0000000, 0x0000000100000000)
  region size 1024K, 34 young (34816K), 5 survivors (5120K)
 Metaspace       used 51176K, committed 52928K, reserved 1114112K
  class space    used 7357K, committed 8192K, reserved 1048576K
}
Event: 148.181 GC heap after
{Heap after GC invocations=18 (full 0):
 garbage-first heap   total 88064K, used 48106K [0x00000000c0000000, 0x0000000100000000)
  region size 1024K, 4 young (4096K), 4 survivors (4096K)
 Metaspace       used 51176K, committed 52928K, reserved 1114112K
  class space    used 7357K, committed 8192K, reserved 1048576K
}
Event: 153.305 GC heap before
{Heap before GC invocations=18 (full 0):
 garbage-first heap   total 88064K, used 75754K [0x00000000c0000000, 0x0000000100000000)
  region size 1024K, 32 young (32768K), 4 survivors (4096K)
 Metaspace       used 51190K, committed 52928K, reserved 1114112K
  class space    used 7358K, committed 8192K, reserved 1048576K
}
Event: 153.315 GC heap after
{Heap after GC invocations=19 (full 0):
 garbage-first heap   total 88064K, used 45240K [0x00000000c0000000, 0x0000000100000000)
  region size 1024K, 2 young (2048K), 2 survivors (2048K)
 Metaspace       used 51190K, committed 52928K, reserved 1114112K
  class space    used 7358K, committed 8192K, reserved 1048576K
}
Event: 158.950 GC heap before
{Heap before GC invocations=19 (full 0):
 garbage-first heap   total 88064K, used 76984K [0x00000000c0000000, 0x0000000100000000)
  region size 1024K, 34 young (34816K), 2 survivors (2048K)
 Metaspace       used 52297K, committed 54080K, reserved 1114112K
  class space    used 7514K, committed 8384K, reserved 1048576K
}
Event: 158.962 GC heap after
{Heap after GC invocations=20 (full 0):
 garbage-first heap   total 88064K, used 45941K [0x00000000c0000000, 0x0000000100000000)
  region size 1024K, 2 young (2048K), 2 survivors (2048K)
 Metaspace       used 52297K, committed 54080K, reserved 1114112K
  class space    used 7514K, committed 8384K, reserved 1048576K
}
Event: 168.743 GC heap before
{Heap before GC invocations=21 (full 0):
 garbage-first heap   total 88064K, used 83829K [0x00000000c0000000, 0x0000000100000000)
  region size 1024K, 35 young (35840K), 2 survivors (2048K)
 Metaspace       used 55487K, committed 57216K, reserved 1114112K
  class space    used 7927K, committed 8768K, reserved 1048576K
}
Event: 168.753 GC heap after
{Heap after GC invocations=22 (full 0):
 garbage-first heap   total 90112K, used 54045K [0x00000000c0000000, 0x0000000100000000)
  region size 1024K, 5 young (5120K), 5 survivors (5120K)
 Metaspace       used 55487K, committed 57216K, reserved 1114112K
  class space    used 7927K, committed 8768K, reserved 1048576K
}
Event: 190.769 GC heap before
{Heap before GC invocations=22 (full 0):
 garbage-first heap   total 90112K, used 84765K [0x00000000c0000000, 0x0000000100000000)
  region size 1024K, 32 young (32768K), 5 survivors (5120K)
 Metaspace       used 55898K, committed 57728K, reserved 1114112K
  class space    used 7987K, committed 8896K, reserved 1048576K
}
Event: 190.802 GC heap after
{Heap after GC invocations=23 (full 0):
 garbage-first heap   total 100352K, used 63548K [0x00000000c0000000, 0x0000000100000000)
  region size 1024K, 4 young (4096K), 4 survivors (4096K)
 Metaspace       used 55898K, committed 57728K, reserved 1114112K
  class space    used 7987K, committed 8896K, reserved 1048576K
}
Event: 191.241 GC heap before
{Heap before GC invocations=23 (full 0):
 garbage-first heap   total 100352K, used 66620K [0x00000000c0000000, 0x0000000100000000)
  region size 1024K, 9 young (9216K), 4 survivors (4096K)
 Metaspace       used 55934K, committed 57792K, reserved 1114112K
  class space    used 7995K, committed 8896K, reserved 1048576K
}
Event: 191.261 GC heap after
{Heap after GC invocations=24 (full 0):
 garbage-first heap   total 100352K, used 64793K [0x00000000c0000000, 0x0000000100000000)
  region size 1024K, 1 young (1024K), 1 survivors (1024K)
 Metaspace       used 55934K, committed 57792K, reserved 1114112K
  class space    used 7995K, committed 8896K, reserved 1048576K
}

