# JRE version: OpenJDK Runtime Environment Temurin-25.0.3+9 (25.0.3+9) (build 25.0.3+9-LTS)
# Java VM: OpenJDK 64-Bit Server VM Temurin-25.0.3+9 (25.0.3+9-LTS, mixed mode, sharing, tiered, compressed oops, compressed class ptrs, g1 gc, windows-amd64)
GC Precious Log:
 CardTable entry size: 512
 Card Set container configuration: InlinePtr #cards 5 size 8 Array Of Cards #cards 10 size 36 Howl #buckets 4 coarsen threshold 1843 Howl Bitmap #cards 512 size 80 coarsen threshold 460 Card regions per heap region 1 cards per card region 2048
 CPUs: 8 total, 8 available
 Memory: 5965M
 Large Page Support: Disabled
 NUMA Support: Disabled
 Compressed Oops: Enabled (32-bit)
 Heap Region Size: 1M
 Heap Min Capacity: 8M
 Heap Initial Capacity: 94M
 Heap Max Capacity: 1G
 Pre-touch: Disabled
 Parallel Workers: 8
 Concurrent Workers: 2
 Concurrent Refinement Workers: 8
 Periodic GC: Disabled
Heap:
 garbage-first heap   total reserved 1048576K, committed 89088K, used 42791K [0x00000000c0000000, 0x0000000100000000)
  region size 1024K, 15 young (15360K), 3 survivors (3072K)
GC Heap Usage History (14 events):
Event: 3.507 {heap Before GC invocations=0 (full 0):
 garbage-first heap   total reserved 1048576K, committed 98304K, used 52370K [0x00000000c0000000, 0x0000000100000000)
  region size 1024K, 47 young (48128K), 0 survivors (0K)
}
Event: 4.504 {heap After GC invocations=1 (full 0):
 garbage-first heap   total reserved 1048576K, committed 98304K, used 11282K [0x00000000c0000000, 0x0000000100000000)
  region size 1024K, 6 young (6144K), 6 survivors (6144K)
}
Event: 7.320 {heap Before GC invocations=1 (full 0):
 garbage-first heap   total reserved 1048576K, committed 98304K, used 48146K [0x00000000c0000000, 0x0000000100000000)
  region size 1024K, 42 young (43008K), 6 survivors (6144K)
}
Event: 7.352 {heap After GC invocations=2 (full 0):
 garbage-first heap   total reserved 1048576K, committed 98304K, used 13163K [0x00000000c0000000, 0x0000000100000000)
  region size 1024K, 2 young (2048K), 2 survivors (2048K)
}
Event: 18.289 {heap Before GC invocations=2 (full 0):
 garbage-first heap   total reserved 1048576K, committed 98304K, used 61291K [0x00000000c0000000, 0x0000000100000000)
  region size 1024K, 47 young (48128K), 2 survivors (2048K)
}
Event: 18.780 {heap After GC invocations=3 (full 0):
 garbage-first heap   total reserved 1048576K, committed 98304K, used 20699K [0x00000000c0000000, 0x0000000100000000)
  region size 1024K, 6 young (6144K), 6 survivors (6144K)
}
Event: 30.222 {heap Before GC invocations=3 (full 0):
 garbage-first heap   total reserved 1048576K, committed 98304K, used 64731K [0x00000000c0000000, 0x0000000100000000)
  region size 1024K, 50 young (51200K), 6 survivors (6144K)
}
Event: 30.241 {heap After GC invocations=4 (full 0):
 garbage-first heap   total reserved 1048576K, committed 98304K, used 23528K [0x00000000c0000000, 0x0000000100000000)
  region size 1024K, 3 young (3072K), 3 survivors (3072K)
}
Event: 33.549 {heap Before GC invocations=4 (full 0):
 garbage-first heap   total reserved 1048576K, committed 98304K, used 46056K [0x00000000c0000000, 0x0000000100000000)
  region size 1024K, 26 young (26624K), 3 survivors (3072K)
}
Event: 33.558 {heap After GC invocations=5 (full 0):
 garbage-first heap   total reserved 1048576K, committed 98304K, used 24968K [0x00000000c0000000, 0x0000000100000000)
  region size 1024K, 4 young (4096K), 4 survivors (4096K)
}
Event: 45.496 {heap Before GC invocations=6 (full 0):
 garbage-first heap   total reserved 1048576K, committed 89088K, used 73096K [0x00000000c0000000, 0x0000000100000000)
  region size 1024K, 52 young (53248K), 4 survivors (4096K)
}
Event: 45.521 {heap After GC invocations=7 (full 0):
 garbage-first heap   total reserved 1048576K, committed 89088K, used 28721K [0x00000000c0000000, 0x0000000100000000)
  region size 1024K, 6 young (6144K), 6 survivors (6144K)
}
Event: 60.076 {heap Before GC invocations=7 (full 0):
 garbage-first heap   total reserved 1048576K, committed 89088K, used 68657K [0x00000000c0000000, 0x0000000100000000)
  region size 1024K, 46 young (47104K), 6 survivors (6144K)
}
Event: 60.123 {heap After GC invocations=8 (full 0):
 garbage-first heap   total reserved 1048576K, committed 89088K, used 31527K [0x00000000c0000000, 0x0000000100000000)
  region size 1024K, 3 young (3072K), 3 survivors (3072K)
}

