# JRE version: OpenJDK Runtime Environment Temurin-21.0.12.1+1 (21.0.12.1+1) (build 21.0.12.1+1-LTS)
# Java VM: OpenJDK 64-Bit Server VM Temurin-21.0.12.1+1 (21.0.12.1+1-LTS, mixed mode, sharing, tiered, compressed oops, compressed class ptrs, g1 gc, windows-amd64)
GC Precious Log:
 CardTable entry size: 512
 Card Set container configuration: InlinePtr #cards 5 size 8 Array Of Cards #cards 12 size 40 Howl #buckets 4 coarsen threshold 1843 Howl Bitmap #cards 512 size 80 coarsen threshold 460 Card regions per heap region 1 cards per card region 2048
 CPUs: 8 total, 8 available
 Memory: 5965M
 Large Page Support: Disabled
 NUMA Support: Disabled
 Compressed Oops: Enabled (32-bit)
 Heap Region Size: 1M
 Heap Min Capacity: 8M
 Heap Initial Capacity: 94M
 Heap Max Capacity: 1G
 Pre-touch: Disabled
 Parallel Workers: 8
 Concurrent Workers: 2
 Concurrent Refinement Workers: 8
 Periodic GC: Disabled
Heap:
 garbage-first heap   total 171008K, used 118449K [0x00000000c0000000, 0x0000000100000000)
  region size 1024K, 21 young (21504K), 4 survivors (4096K)
 Metaspace       used 98557K, committed 100864K, reserved 1179648K
  class space    used 13912K, committed 15040K, reserved 1048576K
GC Heap History (20 events):
Event: 72.548 GC heap before
{Heap before GC invocations=31 (full 0):
 garbage-first heap   total 130048K, used 115230K [0x00000000c0000000, 0x0000000100000000)
  region size 1024K, 40 young (40960K), 3 survivors (3072K)
 Metaspace       used 73345K, committed 75392K, reserved 1114112K
  class space    used 10276K, committed 11264K, reserved 1048576K
}
Event: 72.554 GC heap after
{Heap after GC invocations=32 (full 0):
 garbage-first heap   total 130048K, used 78856K [0x00000000c0000000, 0x0000000100000000)
  region size 1024K, 4 young (4096K), 4 survivors (4096K)
 Metaspace       used 73345K, committed 75392K, reserved 1114112K
  class space    used 10276K, committed 11264K, reserved 1048576K
}
Event: 75.162 GC heap before
{Heap before GC invocations=33 (full 0):
 garbage-first heap   total 133120K, used 117768K [0x00000000c0000000, 0x0000000100000000)
  region size 1024K, 42 young (43008K), 4 survivors (4096K)
 Metaspace       used 76097K, committed 78144K, reserved 1179648K
  class space    used 10681K, committed 11712K, reserved 1048576K
}
Event: 75.170 GC heap after
{Heap after GC invocations=34 (full 0):
 garbage-first heap   total 133120K, used 80706K [0x00000000c0000000, 0x0000000100000000)
  region size 1024K, 4 young (4096K), 4 survivors (4096K)
 Metaspace       used 76097K, committed 78144K, reserved 1179648K
  class space    used 10681K, committed 11712K, reserved 1048576K
}
Event: 78.816 GC heap before
{Heap before GC invocations=34 (full 0):
 garbage-first heap   total 133120K, used 119618K [0x00000000c0000000, 0x0000000100000000)
  region size 1024K, 43 young (44032K), 4 survivors (4096K)
 Metaspace       used 77466K, committed 79616K, reserved 1179648K
  class space    used 10835K, committed 11904K, reserved 1048576K
}
Event: 78.829 GC heap after
{Heap after GC invocations=35 (full 0):
 garbage-first heap   total 133120K, used 82188K [0x00000000c0000000, 0x0000000100000000)
  region size 1024K, 5 young (5120K), 5 survivors (5120K)
 Metaspace       used 77466K, committed 79616K, reserved 1179648K
  class space    used 10835K, committed 11904K, reserved 1048576K
}
Event: 85.717 GC heap before
{Heap before GC invocations=35 (full 0):
 garbage-first heap   total 133120K, used 122124K [0x00000000c0000000, 0x0000000100000000)
  region size 1024K, 44 young (45056K), 5 survivors (5120K)
 Metaspace       used 80972K, committed 83072K, reserved 1179648K
  class space    used 11302K, committed 12352K, reserved 1048576K
}
Event: 85.732 GC heap after
{Heap after GC invocations=36 (full 0):
 garbage-first heap   total 133120K, used 84522K [0x00000000c0000000, 0x0000000100000000)
  region size 1024K, 5 young (5120K), 5 survivors (5120K)
 Metaspace       used 80972K, committed 83072K, reserved 1179648K
  class space    used 11302K, committed 12352K, reserved 1048576K
}
Event: 101.458 GC heap before
{Heap before GC invocations=37 (full 0):
 garbage-first heap   total 142336K, used 124458K [0x00000000c0000000, 0x0000000100000000)
  region size 1024K, 43 young (44032K), 5 survivors (5120K)
 Metaspace       used 84219K, committed 86336K, reserved 1179648K
  class space    used 11868K, committed 12928K, reserved 1048576K
}
Event: 101.484 GC heap after
{Heap after GC invocations=38 (full 0):
 garbage-first heap   total 142336K, used 85624K [0x00000000c0000000, 0x0000000100000000)
  region size 1024K, 4 young (4096K), 4 survivors (4096K)
 Metaspace       used 84219K, committed 86336K, reserved 1179648K
  class space    used 11868K, committed 12928K, reserved 1048576K
}
Event: 118.191 GC heap before
{Heap before GC invocations=38 (full 0):
 garbage-first heap   total 142336K, used 130680K [0x00000000c0000000, 0x0000000100000000)
  region size 1024K, 48 young (49152K), 4 survivors (4096K)
 Metaspace       used 87370K, committed 89536K, reserved 1179648K
  class space    used 12305K, committed 13376K, reserved 1048576K
}
Event: 118.211 GC heap after
{Heap after GC invocations=39 (full 0):
 garbage-first heap   total 142336K, used 87159K [0x00000000c0000000, 0x0000000100000000)
  region size 1024K, 6 young (6144K), 6 survivors (6144K)
 Metaspace       used 87370K, committed 89536K, reserved 1179648K
  class space    used 12305K, committed 13376K, reserved 1048576K
}
Event: 127.074 GC heap before
{Heap before GC invocations=39 (full 0):
 garbage-first heap   total 142336K, used 132215K [0x00000000c0000000, 0x0000000100000000)
  region size 1024K, 50 young (51200K), 6 survivors (6144K)
 Metaspace       used 90002K, committed 92224K, reserved 1179648K
  class space    used 12663K, committed 13760K, reserved 1048576K
}
Event: 127.092 GC heap after
{Heap after GC invocations=40 (full 0):
 garbage-first heap   total 142336K, used 89807K [0x00000000c0000000, 0x0000000100000000)
  region size 1024K, 6 young (6144K), 6 survivors (6144K)
 Metaspace       used 90002K, committed 92224K, reserved 1179648K
  class space    used 12663K, committed 13760K, reserved 1048576K
}
Event: 143.959 GC heap before
{Heap before GC invocations=41 (full 0):
 garbage-first heap   total 150528K, used 133839K [0x00000000c0000000, 0x0000000100000000)
  region size 1024K, 49 young (50176K), 6 survivors (6144K)
 Metaspace       used 93035K, committed 95360K, reserved 1179648K
  class space    used 13137K, committed 14272K, reserved 1048576K
}
Event: 143.988 GC heap after
{Heap after GC invocations=42 (full 0):
 garbage-first heap   total 150528K, used 93065K [0x00000000c0000000, 0x0000000100000000)
  region size 1024K, 6 young (6144K), 6 survivors (6144K)
 Metaspace       used 93035K, committed 95360K, reserved 1179648K
  class space    used 13137K, committed 14272K, reserved 1048576K
}
Event: 150.956 GC heap before
{Heap before GC invocations=42 (full 0):
 garbage-first heap   total 150528K, used 141193K [0x00000000c0000000, 0x0000000100000000)
  region size 1024K, 52 young (53248K), 6 survivors (6144K)
 Metaspace       used 95371K, committed 97664K, reserved 1179648K
  class space    used 13487K, committed 14592K, reserved 1048576K
}
Event: 150.975 GC heap after
{Heap after GC invocations=43 (full 0):
 garbage-first heap   total 154624K, used 97678K [0x00000000c0000000, 0x0000000100000000)
  region size 1024K, 7 young (7168K), 7 survivors (7168K)
 Metaspace       used 95371K, committed 97664K, reserved 1179648K
  class space    used 13487K, committed 14592K, reserved 1048576K
}
Event: 165.001 GC heap before
{Heap before GC invocations=43 (full 0):
 garbage-first heap   total 154624K, used 143758K [0x00000000c0000000, 0x0000000100000000)
  region size 1024K, 52 young (53248K), 7 survivors (7168K)
 Metaspace       used 97625K, committed 99968K, reserved 1179648K
  class space    used 13798K, committed 14976K, reserved 1048576K
}
Event: 165.042 GC heap after
{Heap after GC invocations=44 (full 0):
 garbage-first heap   total 155648K, used 102065K [0x00000000c0000000, 0x0000000100000000)
  region size 1024K, 4 young (4096K), 4 survivors (4096K)
 Metaspace       used 97625K, committed 99968K, reserved 1179648K
  class space    used 13798K, committed 14976K, reserved 1048576K
}

